<?xml version="1.0" ?>
<!DOCTYPE coverage SYSTEM "http://cobertura.sourceforge.net/xml/coverage-04.dtd">
<coverage lines-valid="2495" lines-covered="189" line-rate="0.0757" branches-valid="1111" branches-covered="63" branch-rate="0.0567" timestamp="1786173335952" complexity="0" version="0.1">
  <sources>
    <source>/Users/akilanlingam/hackathon-platform/apps/api</source>
  </sources>
  <packages>
    <package name="src" line-rate="0.713" branch-rate="0.375">
      <classes>
        <class name="global-exception.filter.ts" filename="src/global-exception.filter.ts" line-rate="0.65" branch-rate="0.44439999999999996">
          <methods>
            <method name="(anonymous_1)" hits="8" signature="()V">
              <lines>
                <line number="16" hits="8"/>
              </lines>
            </method>
          </methods>
          <lines>
            <line number="1" hits="1" branch="false"/>
            <line number="9" hits="1" branch="false"/>
            <line number="13" hits="1" branch="false"/>
            <line number="14" hits="8" branch="false"/>
            <line number="18" hits="8" branch="true" condition-coverage="0% (0/1)"/>
            <line number="19" hits="0" branch="false"/>
            <line number="20" hits="0" branch="false"/>
            <line number="21" hits="0" branch="true" condition-coverage="0% (0/2)"/>
            <line number="25" hits="0" branch="false"/>
            <line number="31" hits="0" branch="false"/>
            <line number="35" hits="8" branch="false"/>
            <line number="36" hits="8" branch="false"/>
            <line number="37" hits="8" branch="false"/>
            <line number="39" hits="8" branch="true" condition-coverage="66.66666666666666% (2/3)"/>
            <line number="40" hits="0" branch="false"/>
            <line number="41" hits="0" branch="false"/>
            <line number="44" hits="8" branch="true" condition-coverage="100% (2/2)"/>
            <line number="48" hits="8" branch="true" condition-coverage="100% (2/2)"/>
            <line number="53" hits="8" branch="false"/>
            <line number="58" hits="8" branch="false"/>
          </lines>
        </class>
        <class name="health.controller.ts" filename="src/health.controller.ts" line-rate="0.9695999999999999" branch-rate="0.4">
          <methods>
            <method name="(anonymous_2)" hits="7" signature="()V">
              <lines>
                <line number="8" hits="7"/>
              </lines>
            </method>
            <method name="(anonymous_3)" hits="4" signature="()V">
              <lines>
                <line number="11" hits="4"/>
              </lines>
            </method>
            <method name="(anonymous_4)" hits="0" signature="()V">
              <lines>
                <line number="32" hits="0"/>
              </lines>
            </method>
            <method name="(anonymous_5)" hits="2" signature="()V">
              <lines>
                <line number="56" hits="2"/>
              </lines>
            </method>
            <method name="(anonymous_6)" hits="1" signature="()V">
              <lines>
                <line number="66" hits="1"/>
              </lines>
            </method>
          </methods>
          <lines>
            <line number="1" hits="1" branch="false"/>
            <line number="2" hits="1" branch="false"/>
            <line number="3" hits="1" branch="false"/>
            <line number="7" hits="1" branch="false"/>
            <line number="8" hits="7" branch="false"/>
            <line number="11" hits="1" branch="false"/>
            <line number="12" hits="4" branch="false"/>
            <line number="19" hits="4" branch="false"/>
            <line number="20" hits="4" branch="false"/>
            <line number="21" hits="4" branch="false"/>
            <line number="22" hits="3" branch="false"/>
            <line number="24" hits="1" branch="false"/>
            <line number="25" hits="1" branch="false"/>
            <line number="29" hits="4" branch="false"/>
            <line number="30" hits="4" branch="true" condition-coverage="50% (1/2)"/>
            <line number="31" hits="4" branch="false"/>
            <line number="32" hits="4" branch="false"/>
            <line number="33" hits="4" branch="false"/>
            <line number="34" hits="4" branch="false"/>
            <line number="35" hits="4" branch="false"/>
            <line number="36" hits="4" branch="true" condition-coverage="50% (1/2)"/>
            <line number="38" hits="0" branch="false"/>
            <line number="43" hits="4" branch="false"/>
            <line number="44" hits="4" branch="false"/>
            <line number="50" hits="4" branch="true" condition-coverage="0% (0/1)"/>
            <line number="52" hits="4" branch="false"/>
            <line number="56" hits="1" branch="false"/>
            <line number="57" hits="2" branch="false"/>
            <line number="58" hits="2" branch="false"/>
            <line number="59" hits="1" branch="false"/>
            <line number="61" hits="1" branch="false"/>
            <line number="66" hits="1" branch="false"/>
            <line number="67" hits="1" branch="false"/>
          </lines>
        </class>
        <class name="health.resolver.ts" filename="src/health.resolver.ts" line-rate="0" branch-rate="1">
          <methods>
            <method name="(anonymous_2)" hits="0" signature="()V">
              <lines>
                <line number="8" hits="0"/>
              </lines>
            </method>
            <method name="(anonymous_3)" hits="0" signature="()V">
              <lines>
                <line number="7" hits="0"/>
              </lines>
            </method>
          </methods>
          <lines>
            <line number="1" hits="0" branch="false"/>
            <line number="2" hits="0" branch="false"/>
            <line number="5" hits="0" branch="false"/>
            <line number="7" hits="0" branch="false"/>
            <line number="8" hits="0" branch="false"/>
            <line number="9" hits="0" branch="false"/>
          </lines>
        </class>
        <class name="logging.interceptor.ts" filename="src/logging.interceptor.ts" line-rate="0.5769" branch-rate="0.1666">
          <methods>
            <method name="(anonymous_1)" hits="3" signature="()V">
              <lines>
                <line number="16" hits="3"/>
              </lines>
            </method>
            <method name="(anonymous_2)" hits="0" signature="()V">
              <lines>
                <line number="27" hits="0"/>
              </lines>
            </method>
            <method name="(anonymous_3)" hits="0" signature="()V">
              <lines>
                <line number="33" hits="0"/>
              </lines>
            </method>
            <method name="(anonymous_4)" hits="1" signature="()V">
              <lines>
                <line number="48" hits="1"/>
              </lines>
            </method>
            <method name="(anonymous_5)" hits="1" signature="()V">
              <lines>
                <line number="54" hits="1"/>
              </lines>
            </method>
          </methods>
          <lines>
            <line number="1" hits="1" branch="false"/>
            <line number="8" hits="1" branch="false"/>
            <line number="10" hits="1" branch="false"/>
            <line number="13" hits="1" branch="false"/>
            <line number="14" hits="4" branch="false"/>
            <line number="17" hits="3" branch="false"/>
            <line number="19" hits="3" branch="true" condition-coverage="0% (0/1)"/>
            <line number="20" hits="0" branch="false"/>
            <line number="21" hits="0" branch="false"/>
            <line number="22" hits="0" branch="true" condition-coverage="0% (0/2)"/>
            <line number="23" hits="0" branch="false"/>
            <line number="25" hits="0" branch="false"/>
            <line number="28" hits="0" branch="false"/>
            <line number="29" hits="0" branch="true" condition-coverage="0% (0/1)"/>
            <line number="30" hits="0" branch="false"/>
            <line number="34" hits="0" branch="false"/>
            <line number="35" hits="0" branch="false"/>
            <line number="41" hits="3" branch="false"/>
            <line number="42" hits="3" branch="true" condition-coverage="100% (1/1)"/>
            <line number="44" hits="2" branch="false"/>
            <line number="46" hits="2" branch="false"/>
            <line number="49" hits="1" branch="false"/>
            <line number="50" hits="1" branch="true" condition-coverage="0% (0/1)"/>
            <line number="51" hits="0" branch="false"/>
            <line number="55" hits="1" branch="false"/>
            <line number="56" hits="1" branch="false"/>
          </lines>
        </class>
        <class name="timeout.interceptor.ts" filename="src/timeout.interceptor.ts" line-rate="0.826" branch-rate="0.44439999999999996">
          <methods>
            <method name="(anonymous_2)" hits="7" signature="()V">
              <lines>
                <line number="56" hits="7"/>
              </lines>
            </method>
            <method name="(anonymous_3)" hits="3" signature="()V">
              <lines>
                <line number="60" hits="3"/>
              </lines>
            </method>
            <method name="(anonymous_4)" hits="1" signature="()V">
              <lines>
                <line number="65" hits="1"/>
              </lines>
            </method>
            <method name="(anonymous_5)" hits="1" signature="()V">
              <lines>
                <line number="68" hits="1"/>
              </lines>
            </method>
            <method name="(anonymous_6)" hits="0" signature="()V">
              <lines>
                <line number="74" hits="0"/>
              </lines>
            </method>
            <method name="(anonymous_7)" hits="3" signature="()V">
              <lines>
                <line number="79" hits="3"/>
              </lines>
            </method>
            <method name="(anonymous_8)" hits="6" signature="()V">
              <lines>
                <line number="87" hits="6"/>
              </lines>
            </method>
            <method name="(anonymous_9)" hits="0" signature="()V">
              <lines>
                <line number="88" hits="0"/>
              </lines>
            </method>
          </methods>
          <lines>
            <line number="1" hits="1" branch="false"/>
            <line number="8" hits="1" branch="false"/>
            <line number="9" hits="1" branch="false"/>
            <line number="10" hits="1" branch="false"/>
            <line number="30" hits="1" branch="false"/>
            <line number="45" hits="1" branch="false"/>
            <line number="50" hits="1" branch="false"/>
            <line number="53" hits="1" branch="false"/>
            <line number="57" hits="7" branch="false"/>
            <line number="61" hits="3" branch="false"/>
            <line number="63" hits="3" branch="false"/>
            <line number="66" hits="1" branch="true" condition-coverage="100% (1/1)"/>
            <line number="67" hits="1" branch="false"/>
            <line number="69" hits="1" branch="false"/>
            <line number="74" hits="0" branch="false"/>
            <line number="80" hits="3" branch="true" condition-coverage="0% (0/1)"/>
            <line number="81" hits="0" branch="false"/>
            <line number="82" hits="0" branch="true" condition-coverage="0% (0/2)"/>
            <line number="85" hits="3" branch="true" condition-coverage="50% (1/2)"/>
            <line number="86" hits="3" branch="false"/>
            <line number="87" hits="6" branch="false"/>
            <line number="88" hits="0" branch="false"/>
            <line number="90" hits="3" branch="true" condition-coverage="50% (1/2)"/>
          </lines>
        </class>
        <class name="validation.pipe.ts" filename="src/validation.pipe.ts" line-rate="0.4285" branch-rate="0">
          <methods>
            <method name="createValidationPipe" hits="6" signature="()V">
              <lines>
                <line number="7" hits="6"/>
              </lines>
            </method>
            <method name="(anonymous_1)" hits="0" signature="()V">
              <lines>
                <line number="15" hits="0"/>
              </lines>
            </method>
            <method name="(anonymous_2)" hits="0" signature="()V">
              <lines>
                <line number="16" hits="0"/>
              </lines>
            </method>
          </methods>
          <lines>
            <line number="1" hits="1" branch="false"/>
            <line number="7" hits="1" branch="false"/>
            <line number="8" hits="6" branch="false"/>
            <line number="16" hits="0" branch="false"/>
            <line number="17" hits="0" branch="true" condition-coverage="0% (0/2)"/>
            <line number="20" hits="0" branch="false"/>
            <line number="22" hits="0" branch="false"/>
          </lines>
        </class>
      </classes>
    </package>
    <package name="src.audit" line-rate="0.1578" branch-rate="0">
      <classes>
        <class name="audit.resolver.ts" filename="src/audit/audit.resolver.ts" line-rate="0" branch-rate="1">
          <methods>
            <method name="(anonymous_4)" hits="0" signature="()V">
              <lines>
                <line number="8" hits="0"/>
              </lines>
            </method>
            <method name="(anonymous_5)" hits="0" signature="()V">
              <lines>
                <line number="12" hits="0"/>
              </lines>
            </method>
            <method name="(anonymous_6)" hits="0" signature="()V">
              <lines>
                <line number="22" hits="0"/>
              </lines>
            </method>
            <method name="(anonymous_7)" hits="0" signature="()V">
              <lines>
                <line number="11" hits="0"/>
              </lines>
            </method>
            <method name="(anonymous_8)" hits="0" signature="()V">
              <lines>
                <line number="21" hits="0"/>
              </lines>
            </method>
          </methods>
          <lines>
            <line number="1" hits="0" branch="false"/>
            <line number="2" hits="0" branch="false"/>
            <line number="3" hits="0" branch="false"/>
            <line number="4" hits="0" branch="false"/>
            <line number="7" hits="0" branch="false"/>
            <line number="8" hits="0" branch="false"/>
            <line number="11" hits="0" branch="false"/>
            <line number="12" hits="0" branch="false"/>
            <line number="17" hits="0" branch="false"/>
            <line number="21" hits="0" branch="false"/>
            <line number="22" hits="0" branch="false"/>
            <line number="26" hits="0" branch="false"/>
          </lines>
        </class>
        <class name="audit.service.ts" filename="src/audit/audit.service.ts" line-rate="0.4285" branch-rate="0">
          <methods>
            <method name="(anonymous_2)" hits="0" signature="()V">
              <lines>
                <line number="7" hits="0"/>
              </lines>
            </method>
            <method name="(anonymous_3)" hits="0" signature="()V">
              <lines>
                <line number="9" hits="0"/>
              </lines>
            </method>
            <method name="(anonymous_4)" hits="0" signature="()V">
              <lines>
                <line number="33" hits="0"/>
              </lines>
            </method>
            <method name="(anonymous_5)" hits="0" signature="()V">
              <lines>
                <line number="43" hits="0"/>
              </lines>
            </method>
          </methods>
          <lines>
            <line number="1" hits="1" branch="false"/>
            <line number="2" hits="1" branch="false"/>
            <line number="6" hits="1" branch="false"/>
            <line number="7" hits="0" branch="false"/>
            <line number="19" hits="0" branch="false"/>
            <line number="34" hits="0" branch="false"/>
            <line number="44" hits="0" branch="false"/>
          </lines>
        </class>
      </classes>
    </package>
    <package name="src.auth" line-rate="0.024300000000000002" branch-rate="0">
      <classes>
        <class name="auth.resolver.ts" filename="src/auth/auth.resolver.ts" line-rate="0" branch-rate="1">
          <methods>
            <method name="(anonymous_4)" hits="0" signature="()V">
              <lines>
                <line number="13" hits="0"/>
              </lines>
            </method>
            <method name="(anonymous_5)" hits="0" signature="()V">
              <lines>
                <line number="17" hits="0"/>
              </lines>
            </method>
            <method name="(anonymous_6)" hits="0" signature="()V">
              <lines>
                <line number="23" hits="0"/>
              </lines>
            </method>
            <method name="(anonymous_7)" hits="0" signature="()V">
              <lines>
                <line number="31" hits="0"/>
              </lines>
            </method>
            <method name="(anonymous_8)" hits="0" signature="()V">
              <lines>
                <line number="16" hits="0"/>
              </lines>
            </method>
            <method name="(anonymous_9)" hits="0" signature="()V">
              <lines>
                <line number="22" hits="0"/>
              </lines>
            </method>
            <method name="(anonymous_10)" hits="0" signature="()V">
              <lines>
                <line number="30" hits="0"/>
              </lines>
            </method>
          </methods>
          <lines>
            <line number="1" hits="0" branch="false"/>
            <line number="3" hits="0" branch="false"/>
            <line number="4" hits="0" branch="false"/>
            <line number="7" hits="0" branch="false"/>
            <line number="8" hits="0" branch="false"/>
            <line number="9" hits="0" branch="false"/>
            <line number="12" hits="0" branch="false"/>
            <line number="13" hits="0" branch="false"/>
            <line number="16" hits="0" branch="false"/>
            <line number="17" hits="0" branch="false"/>
            <line number="18" hits="0" branch="false"/>
            <line number="22" hits="0" branch="false"/>
            <line number="23" hits="0" branch="false"/>
            <line number="27" hits="0" branch="false"/>
            <line number="30" hits="0" branch="false"/>
            <line number="31" hits="0" branch="false"/>
            <line number="32" hits="0" branch="false"/>
          </lines>
        </class>
        <class name="auth.service.ts" filename="src/auth/auth.service.ts" line-rate="0" branch-rate="0">
          <methods>
            <method name="(anonymous_2)" hits="0" signature="()V">
              <lines>
                <line number="9" hits="0"/>
              </lines>
            </method>
            <method name="(anonymous_3)" hits="0" signature="()V">
              <lines>
                <line number="14" hits="0"/>
              </lines>
            </method>
            <method name="(anonymous_4)" hits="0" signature="()V">
              <lines>
                <line number="32" hits="0"/>
              </lines>
            </method>
            <method name="(anonymous_5)" hits="0" signature="()V">
              <lines>
                <line number="51" hits="0"/>
              </lines>
            </method>
          </methods>
          <lines>
            <line number="1" hits="0" branch="false"/>
            <line number="2" hits="0" branch="false"/>
            <line number="3" hits="0" branch="false"/>
            <line number="4" hits="0" branch="false"/>
            <line number="5" hits="0" branch="false"/>
            <line number="8" hits="0" branch="false"/>
            <line number="10" hits="0" branch="false"/>
            <line number="11" hits="0" branch="false"/>
            <line number="15" hits="0" branch="false"/>
            <line number="16" hits="0" branch="true" condition-coverage="0% (0/1)"/>
            <line number="17" hits="0" branch="false"/>
            <line number="20" hits="0" branch="false"/>
            <line number="21" hits="0" branch="true" condition-coverage="0% (0/1)"/>
            <line number="22" hits="0" branch="false"/>
            <line number="25" hits="0" branch="false"/>
            <line number="26" hits="0" branch="false"/>
            <line number="34" hits="0" branch="true" condition-coverage="0% (0/1)"/>
            <line number="35" hits="0" branch="false"/>
            <line number="38" hits="0" branch="false"/>
            <line number="39" hits="0" branch="true" condition-coverage="0% (0/1)"/>
            <line number="40" hits="0" branch="false"/>
            <line number="43" hits="0" branch="false"/>
            <line number="44" hits="0" branch="false"/>
            <line number="48" hits="0" branch="false"/>
            <line number="52" hits="0" branch="false"/>
            <line number="53" hits="0" branch="true" condition-coverage="0% (0/1)"/>
            <line number="54" hits="0" branch="false"/>
          </lines>
        </class>
        <class name="current-user.decorator.ts" filename="src/auth/current-user.decorator.ts" line-rate="0" branch-rate="1">
          <methods>
            <method name="(anonymous_0)" hits="0" signature="()V">
              <lines>
                <line number="5" hits="0"/>
              </lines>
            </method>
          </methods>
          <lines>
            <line number="1" hits="0" branch="false"/>
            <line number="2" hits="0" branch="false"/>
            <line number="4" hits="0" branch="false"/>
            <line number="6" hits="0" branch="false"/>
            <line number="7" hits="0" branch="false"/>
          </lines>
        </class>
        <class name="event-scope.guard.ts" filename="src/auth/event-scope.guard.ts" line-rate="0" branch-rate="0">
          <methods>
            <method name="(anonymous_2)" hits="0" signature="()V">
              <lines>
                <line number="40" hits="0"/>
              </lines>
            </method>
            <method name="(anonymous_3)" hits="0" signature="()V">
              <lines>
                <line number="45" hits="0"/>
              </lines>
            </method>
            <method name="(anonymous_4)" hits="0" signature="()V">
              <lines>
                <line number="92" hits="0"/>
              </lines>
            </method>
          </methods>
          <lines>
            <line number="1" hits="0" branch="false"/>
            <line number="7" hits="0" branch="false"/>
            <line number="8" hits="0" branch="false"/>
            <line number="9" hits="0" branch="false"/>
            <line number="10" hits="0" branch="false"/>
            <line number="39" hits="0" branch="false"/>
            <line number="41" hits="0" branch="false"/>
            <line number="42" hits="0" branch="false"/>
            <line number="46" hits="0" branch="false"/>
            <line number="50" hits="0" branch="true" condition-coverage="0% (0/1)"/>
            <line number="53" hits="0" branch="true" condition-coverage="0% (0/1)"/>
            <line number="55" hits="0" branch="false"/>
            <line number="56" hits="0" branch="false"/>
            <line number="57" hits="0" branch="true" condition-coverage="0% (0/1)"/>
            <line number="60" hits="0" branch="true" condition-coverage="0% (0/1)"/>
            <line number="62" hits="0" branch="false"/>
            <line number="63" hits="0" branch="true" condition-coverage="0% (0/1)"/>
            <line number="65" hits="0" branch="false"/>
            <line number="70" hits="0" branch="true" condition-coverage="0% (0/1)"/>
            <line number="72" hits="0" branch="false"/>
            <line number="77" hits="0" branch="true" condition-coverage="0% (0/1)"/>
            <line number="78" hits="0" branch="false"/>
            <line number="83" hits="0" branch="false"/>
            <line number="93" hits="0" branch="true" condition-coverage="0% (0/1)"/>
            <line number="94" hits="0" branch="true" condition-coverage="0% (0/1)"/>
            <line number="95" hits="0" branch="false"/>
          </lines>
        </class>
        <class name="jwt-auth.guard.ts" filename="src/auth/jwt-auth.guard.ts" line-rate="0" branch-rate="0">
          <methods>
            <method name="(anonymous_2)" hits="0" signature="()V">
              <lines>
                <line number="9" hits="0"/>
              </lines>
            </method>
            <method name="(anonymous_3)" hits="0" signature="()V">
              <lines>
                <line number="13" hits="0"/>
              </lines>
            </method>
            <method name="(anonymous_4)" hits="0" signature="()V">
              <lines>
                <line number="22" hits="0"/>
              </lines>
            </method>
          </methods>
          <lines>
            <line number="1" hits="0" branch="false"/>
            <line number="2" hits="0" branch="false"/>
            <line number="3" hits="0" branch="false"/>
            <line number="4" hits="0" branch="false"/>
            <line number="5" hits="0" branch="false"/>
            <line number="8" hits="0" branch="false"/>
            <line number="9" hits="0" branch="false"/>
            <line number="10" hits="0" branch="false"/>
            <line number="14" hits="0" branch="false"/>
            <line number="18" hits="0" branch="true" condition-coverage="0% (0/1)"/>
            <line number="19" hits="0" branch="false"/>
            <line number="23" hits="0" branch="false"/>
            <line number="24" hits="0" branch="false"/>
          </lines>
        </class>
        <class name="jwt.strategy.ts" filename="src/auth/jwt.strategy.ts" line-rate="0" branch-rate="1">
          <methods>
            <method name="(anonymous_2)" hits="0" signature="()V">
              <lines>
                <line number="8" hits="0"/>
              </lines>
            </method>
            <method name="(anonymous_3)" hits="0" signature="()V">
              <lines>
                <line number="16" hits="0"/>
              </lines>
            </method>
          </methods>
          <lines>
            <line number="1" hits="0" branch="false"/>
            <line number="2" hits="0" branch="false"/>
            <line number="3" hits="0" branch="false"/>
            <line number="4" hits="0" branch="false"/>
            <line number="7" hits="0" branch="false"/>
            <line number="9" hits="0" branch="false"/>
            <line number="17" hits="0" branch="false"/>
          </lines>
        </class>
        <class name="public.decorator.ts" filename="src/auth/public.decorator.ts" line-rate="1" branch-rate="1">
          <methods>
            <method name="(anonymous_0)" hits="1" signature="()V">
              <lines>
                <line number="4" hits="1"/>
              </lines>
            </method>
          </methods>
          <lines>
            <line number="1" hits="1" branch="false"/>
            <line number="3" hits="1" branch="false"/>
            <line number="4" hits="1" branch="false"/>
          </lines>
        </class>
        <class name="roles.decorator.ts" filename="src/auth/roles.decorator.ts" line-rate="0" branch-rate="1">
          <methods>
            <method name="(anonymous_0)" hits="0" signature="()V">
              <lines>
                <line number="4" hits="0"/>
              </lines>
            </method>
          </methods>
          <lines>
            <line number="1" hits="0" branch="false"/>
            <line number="3" hits="0" branch="false"/>
            <line number="4" hits="0" branch="false"/>
          </lines>
        </class>
        <class name="roles.guard.ts" filename="src/auth/roles.guard.ts" line-rate="0" branch-rate="0">
          <methods>
            <method name="(anonymous_2)" hits="0" signature="()V">
              <lines>
                <line number="20" hits="0"/>
              </lines>
            </method>
            <method name="(anonymous_3)" hits="0" signature="()V">
              <lines>
                <line number="22" hits="0"/>
              </lines>
            </method>
            <method name="(anonymous_4)" hits="0" signature="()V">
              <lines>
                <line number="56" hits="0"/>
              </lines>
            </method>
          </methods>
          <lines>
            <line number="1" hits="0" branch="false"/>
            <line number="2" hits="0" branch="false"/>
            <line number="3" hits="0" branch="false"/>
            <line number="4" hits="0" branch="false"/>
            <line number="5" hits="0" branch="false"/>
            <line number="14" hits="0" branch="false"/>
            <line number="19" hits="0" branch="false"/>
            <line number="20" hits="0" branch="false"/>
            <line number="23" hits="0" branch="false"/>
            <line number="27" hits="0" branch="true" condition-coverage="0% (0/1)"/>
            <line number="29" hits="0" branch="false"/>
            <line number="33" hits="0" branch="true" condition-coverage="0% (0/1)"/>
            <line number="35" hits="0" branch="false"/>
            <line number="36" hits="0" branch="true" condition-coverage="0% (0/1)"/>
            <line number="40" hits="0" branch="false"/>
            <line number="41" hits="0" branch="true" condition-coverage="0% (0/1)"/>
            <line number="43" hits="0" branch="true" condition-coverage="0% (0/1)"/>
            <line number="45" hits="0" branch="false"/>
            <line number="57" hits="0" branch="true" condition-coverage="0% (0/1)"/>
            <line number="58" hits="0" branch="false"/>
            <line number="59" hits="0" branch="true" condition-coverage="0% (0/2)"/>
            <line number="62" hits="0" branch="true" condition-coverage="0% (0/2)"/>
          </lines>
        </class>
      </classes>
    </package>
    <package name="src.common" line-rate="0" branch-rate="0">
      <classes>
        <class name="event-time.ts" filename="src/common/event-time.ts" line-rate="0" branch-rate="0">
          <methods>
            <method name="localHour" hits="0" signature="()V">
              <lines>
                <line number="30" hits="0"/>
              </lines>
            </method>
            <method name="localDate" hits="0" signature="()V">
              <lines>
                <line number="41" hits="0"/>
              </lines>
            </method>
            <method name="isMorning" hits="0" signature="()V">
              <lines>
                <line number="52" hits="0"/>
              </lines>
            </method>
            <method name="halfDay" hits="0" signature="()V">
              <lines>
                <line number="57" hits="0"/>
              </lines>
            </method>
            <method name="zonedTimeToUtc" hits="0" signature="()V">
              <lines>
                <line number="71" hits="0"/>
              </lines>
            </method>
            <method name="offsetMinutes" hits="0" signature="()V">
              <lines>
                <line number="87" hits="0"/>
              </lines>
            </method>
            <method name="(anonymous_6)" hits="0" signature="()V">
              <lines>
                <line number="95" hits="0"/>
              </lines>
            </method>
            <method name="(anonymous_7)" hits="0" signature="()V">
              <lines>
                <line number="95" hits="0"/>
              </lines>
            </method>
            <method name="halfDayWindow" hits="0" signature="()V">
              <lines>
                <line number="111" hits="0"/>
              </lines>
            </method>
            <method name="eventTimezone" hits="0" signature="()V">
              <lines>
                <line number="141" hits="0"/>
              </lines>
            </method>
          </methods>
          <lines>
            <line number="22" hits="0" branch="false"/>
            <line number="30" hits="0" branch="false"/>
            <line number="31" hits="0" branch="true" condition-coverage="0% (0/2)"/>
            <line number="32" hits="0" branch="false"/>
            <line number="37" hits="0" branch="false"/>
            <line number="41" hits="0" branch="false"/>
            <line number="42" hits="0" branch="true" condition-coverage="0% (0/2)"/>
            <line number="43" hits="0" branch="false"/>
            <line number="52" hits="0" branch="false"/>
            <line number="53" hits="0" branch="false"/>
            <line number="57" hits="0" branch="false"/>
            <line number="58" hits="0" branch="true" condition-coverage="0% (0/2)"/>
            <line number="71" hits="0" branch="false"/>
            <line number="77" hits="0" branch="false"/>
            <line number="81" hits="0" branch="false"/>
            <line number="82" hits="0" branch="false"/>
            <line number="83" hits="0" branch="false"/>
            <line number="88" hits="0" branch="false"/>
            <line number="95" hits="0" branch="true" condition-coverage="0% (0/2)"/>
            <line number="96" hits="0" branch="false"/>
            <line number="101" hits="0" branch="false"/>
            <line number="111" hits="0" branch="false"/>
            <line number="116" hits="0" branch="true" condition-coverage="0% (0/1)"/>
            <line number="117" hits="0" branch="false"/>
            <line number="122" hits="0" branch="true" condition-coverage="0% (0/1)"/>
            <line number="123" hits="0" branch="false"/>
            <line number="128" hits="0" branch="false"/>
            <line number="141" hits="0" branch="false"/>
            <line number="142" hits="0" branch="false"/>
            <line number="143" hits="0" branch="true" condition-coverage="0% (0/3)"/>
            <line number="144" hits="0" branch="false"/>
          </lines>
        </class>
        <class name="spreadsheet.ts" filename="src/common/spreadsheet.ts" line-rate="0" branch-rate="0">
          <methods>
            <method name="normaliseHeader" hits="0" signature="()V">
              <lines>
                <line number="24" hits="0"/>
              </lines>
            </method>
            <method name="parseSpreadsheet" hits="0" signature="()V">
              <lines>
                <line number="32" hits="0"/>
              </lines>
            </method>
            <method name="parseExcel" hits="0" signature="()V">
              <lines>
                <line number="53" hits="0"/>
              </lines>
            </method>
            <method name="(anonymous_3)" hits="0" signature="()V">
              <lines>
                <line number="76" hits="0"/>
              </lines>
            </method>
            <method name="(anonymous_4)" hits="0" signature="()V">
              <lines>
                <line number="88" hits="0"/>
              </lines>
            </method>
            <method name="(anonymous_5)" hits="0" signature="()V">
              <lines>
                <line number="88" hits="0"/>
              </lines>
            </method>
            <method name="parseCsv" hits="0" signature="()V">
              <lines>
                <line number="91" hits="0"/>
              </lines>
            </method>
            <method name="(anonymous_7)" hits="0" signature="()V">
              <lines>
                <line number="104" hits="0"/>
              </lines>
            </method>
            <method name="(anonymous_8)" hits="0" signature="()V">
              <lines>
                <line number="117" hits="0"/>
              </lines>
            </method>
            <method name="(anonymous_9)" hits="0" signature="()V">
              <lines>
                <line number="117" hits="0"/>
              </lines>
            </method>
          </methods>
          <lines>
            <line number="1" hits="0" branch="false"/>
            <line number="2" hits="0" branch="false"/>
            <line number="3" hits="0" branch="false"/>
            <line number="25" hits="0" branch="true" condition-coverage="0% (0/2)"/>
            <line number="32" hits="0" branch="false"/>
            <line number="33" hits="0" branch="true" condition-coverage="0% (0/1)"/>
            <line number="34" hits="0" branch="false"/>
            <line number="37" hits="0" branch="true" condition-coverage="0% (0/2)"/>
            <line number="38" hits="0" branch="true" condition-coverage="0% (0/4)"/>
            <line number="42" hits="0" branch="true" condition-coverage="0% (0/2)"/>
            <line number="44" hits="0" branch="true" condition-coverage="0% (0/1)"/>
            <line number="45" hits="0" branch="false"/>
            <line number="50" hits="0" branch="false"/>
            <line number="55" hits="0" branch="false"/>
            <line number="56" hits="0" branch="false"/>
            <line number="58" hits="0" branch="false"/>
            <line number="66" hits="0" branch="false"/>
            <line number="67" hits="0" branch="true" condition-coverage="0% (0/1)"/>
            <line number="69" hits="0" branch="false"/>
            <line number="74" hits="0" branch="false"/>
            <line number="76" hits="0" branch="false"/>
            <line number="77" hits="0" branch="false"/>
            <line number="78" hits="0" branch="false"/>
            <line number="79" hits="0" branch="false"/>
            <line number="80" hits="0" branch="true" condition-coverage="0% (0/1)"/>
            <line number="83" hits="0" branch="true" condition-coverage="0% (0/2)"/>
            <line number="87" hits="0" branch="false"/>
            <line number="88" hits="0" branch="false"/>
            <line number="92" hits="0" branch="false"/>
            <line number="94" hits="0" branch="false"/>
            <line number="103" hits="0" branch="true" condition-coverage="0% (0/2)"/>
            <line number="104" hits="0" branch="true" condition-coverage="0% (0/3)"/>
            <line number="107" hits="0" branch="true" condition-coverage="0% (0/1)"/>
            <line number="108" hits="0" branch="false"/>
            <line number="109" hits="0" branch="false"/>
            <line number="116" hits="0" branch="false"/>
            <line number="117" hits="0" branch="true" condition-coverage="0% (0/4)"/>
          </lines>
        </class>
      </classes>
    </package>
    <package name="src.conflicts" line-rate="0" branch-rate="0">
      <classes>
        <class name="conflicts.resolver.ts" filename="src/conflicts/conflicts.resolver.ts" line-rate="0" branch-rate="1">
          <methods>
            <method name="(anonymous_4)" hits="0" signature="()V">
              <lines>
                <line number="9" hits="0"/>
              </lines>
            </method>
            <method name="(anonymous_5)" hits="0" signature="()V">
              <lines>
                <line number="13" hits="0"/>
              </lines>
            </method>
            <method name="(anonymous_6)" hits="0" signature="()V">
              <lines>
                <line number="22" hits="0"/>
              </lines>
            </method>
            <method name="(anonymous_7)" hits="0" signature="()V">
              <lines>
                <line number="30" hits="0"/>
              </lines>
            </method>
            <method name="(anonymous_8)" hits="0" signature="()V">
              <lines>
                <line number="35" hits="0"/>
              </lines>
            </method>
            <method name="(anonymous_9)" hits="0" signature="()V">
              <lines>
                <line number="40" hits="0"/>
              </lines>
            </method>
            <method name="(anonymous_10)" hits="0" signature="()V">
              <lines>
                <line number="12" hits="0"/>
              </lines>
            </method>
            <method name="(anonymous_11)" hits="0" signature="()V">
              <lines>
                <line number="21" hits="0"/>
              </lines>
            </method>
            <method name="(anonymous_12)" hits="0" signature="()V">
              <lines>
                <line number="29" hits="0"/>
              </lines>
            </method>
            <method name="(anonymous_13)" hits="0" signature="()V">
              <lines>
                <line number="34" hits="0"/>
              </lines>
            </method>
            <method name="(anonymous_14)" hits="0" signature="()V">
              <lines>
                <line number="39" hits="0"/>
              </lines>
            </method>
            <method name="(anonymous_15)" hits="0" signature="()V">
              <lines>
                <line number="7" hits="0"/>
              </lines>
            </method>
          </methods>
          <lines>
            <line number="1" hits="0" branch="false"/>
            <line number="2" hits="0" branch="false"/>
            <line number="3" hits="0" branch="false"/>
            <line number="4" hits="0" branch="false"/>
            <line number="5" hits="0" branch="false"/>
            <line number="7" hits="0" branch="false"/>
            <line number="8" hits="0" branch="false"/>
            <line number="9" hits="0" branch="false"/>
            <line number="12" hits="0" branch="false"/>
            <line number="13" hits="0" branch="false"/>
            <line number="17" hits="0" branch="false"/>
            <line number="21" hits="0" branch="false"/>
            <line number="22" hits="0" branch="false"/>
            <line number="26" hits="0" branch="false"/>
            <line number="29" hits="0" branch="false"/>
            <line number="30" hits="0" branch="false"/>
            <line number="31" hits="0" branch="false"/>
            <line number="34" hits="0" branch="false"/>
            <line number="35" hits="0" branch="false"/>
            <line number="36" hits="0" branch="false"/>
            <line number="39" hits="0" branch="false"/>
            <line number="40" hits="0" branch="false"/>
            <line number="41" hits="0" branch="false"/>
          </lines>
        </class>
        <class name="conflicts.service.ts" filename="src/conflicts/conflicts.service.ts" line-rate="0" branch-rate="0">
          <methods>
            <method name="(anonymous_2)" hits="0" signature="()V">
              <lines>
                <line number="9" hits="0"/>
              </lines>
            </method>
            <method name="(anonymous_3)" hits="0" signature="()V">
              <lines>
                <line number="14" hits="0"/>
              </lines>
            </method>
            <method name="(anonymous_4)" hits="0" signature="()V">
              <lines>
                <line number="24" hits="0"/>
              </lines>
            </method>
            <method name="(anonymous_5)" hits="0" signature="()V">
              <lines>
                <line number="70" hits="0"/>
              </lines>
            </method>
            <method name="(anonymous_6)" hits="0" signature="()V">
              <lines>
                <line number="98" hits="0"/>
              </lines>
            </method>
            <method name="(anonymous_7)" hits="0" signature="()V">
              <lines>
                <line number="109" hits="0"/>
              </lines>
            </method>
            <method name="(anonymous_8)" hits="0" signature="()V">
              <lines>
                <line number="112" hits="0"/>
              </lines>
            </method>
            <method name="(anonymous_9)" hits="0" signature="()V">
              <lines>
                <line number="123" hits="0"/>
              </lines>
            </method>
            <method name="(anonymous_10)" hits="0" signature="()V">
              <lines>
                <line number="126" hits="0"/>
              </lines>
            </method>
            <method name="(anonymous_11)" hits="0" signature="()V">
              <lines>
                <line number="137" hits="0"/>
              </lines>
            </method>
          </methods>
          <lines>
            <line number="1" hits="0" branch="false"/>
            <line number="2" hits="0" branch="false"/>
            <line number="3" hits="0" branch="false"/>
            <line number="4" hits="0" branch="false"/>
            <line number="8" hits="0" branch="false"/>
            <line number="10" hits="0" branch="false"/>
            <line number="11" hits="0" branch="false"/>
            <line number="15" hits="0" branch="false"/>
            <line number="26" hits="0" branch="false"/>
            <line number="35" hits="0" branch="true" condition-coverage="0% (0/1)"/>
            <line number="37" hits="0" branch="false"/>
            <line number="38" hits="0" branch="true" condition-coverage="0% (0/1)"/>
            <line number="40" hits="0" branch="false"/>
            <line number="41" hits="0" branch="true" condition-coverage="0% (0/1)"/>
            <line number="43" hits="0" branch="false"/>
            <line number="60" hits="0" branch="false"/>
            <line number="67" hits="0" branch="false"/>
            <line number="71" hits="0" branch="false"/>
            <line number="72" hits="0" branch="true" condition-coverage="0% (0/1)"/>
            <line number="74" hits="0" branch="false"/>
            <line number="89" hits="0" branch="false"/>
            <line number="95" hits="0" branch="false"/>
            <line number="99" hits="0" branch="false"/>
            <line number="109" hits="0" branch="false"/>
            <line number="113" hits="0" branch="false"/>
            <line number="123" hits="0" branch="false"/>
            <line number="127" hits="0" branch="false"/>
            <line number="137" hits="0" branch="false"/>
          </lines>
        </class>
      </classes>
    </package>
    <package name="src.events" line-rate="0" branch-rate="0">
      <classes>
        <class name="events.resolver.ts" filename="src/events/events.resolver.ts" line-rate="0" branch-rate="1">
          <methods>
            <method name="(anonymous_4)" hits="0" signature="()V">
              <lines>
                <line number="14" hits="0"/>
              </lines>
            </method>
            <method name="(anonymous_5)" hits="0" signature="()V">
              <lines>
                <line number="16" hits="0"/>
              </lines>
            </method>
            <method name="(anonymous_6)" hits="0" signature="()V">
              <lines>
                <line number="17" hits="0"/>
              </lines>
            </method>
            <method name="(anonymous_7)" hits="0" signature="()V">
              <lines>
                <line number="18" hits="0"/>
              </lines>
            </method>
            <method name="(anonymous_8)" hits="0" signature="()V">
              <lines>
                <line number="23" hits="0"/>
              </lines>
            </method>
            <method name="(anonymous_9)" hits="0" signature="()V">
              <lines>
                <line number="30" hits="0"/>
              </lines>
            </method>
            <method name="(anonymous_10)" hits="0" signature="()V">
              <lines>
                <line number="36" hits="0"/>
              </lines>
            </method>
            <method name="(anonymous_11)" hits="0" signature="()V">
              <lines>
                <line number="42" hits="0"/>
              </lines>
            </method>
            <method name="(anonymous_12)" hits="0" signature="()V">
              <lines>
                <line number="48" hits="0"/>
              </lines>
            </method>
            <method name="(anonymous_13)" hits="0" signature="()V">
              <lines>
                <line number="54" hits="0"/>
              </lines>
            </method>
            <method name="(anonymous_14)" hits="0" signature="()V">
              <lines>
                <line number="60" hits="0"/>
              </lines>
            </method>
            <method name="(anonymous_15)" hits="0" signature="()V">
              <lines>
                <line number="29" hits="0"/>
              </lines>
            </method>
            <method name="(anonymous_16)" hits="0" signature="()V">
              <lines>
                <line number="35" hits="0"/>
              </lines>
            </method>
            <method name="(anonymous_17)" hits="0" signature="()V">
              <lines>
                <line number="41" hits="0"/>
              </lines>
            </method>
            <method name="(anonymous_18)" hits="0" signature="()V">
              <lines>
                <line number="47" hits="0"/>
              </lines>
            </method>
            <method name="(anonymous_19)" hits="0" signature="()V">
              <lines>
                <line number="53" hits="0"/>
              </lines>
            </method>
            <method name="(anonymous_20)" hits="0" signature="()V">
              <lines>
                <line number="59" hits="0"/>
              </lines>
            </method>
            <method name="(anonymous_21)" hits="0" signature="()V">
              <lines>
                <line number="21" hits="0"/>
              </lines>
            </method>
          </methods>
          <lines>
            <line number="1" hits="0" branch="false"/>
            <line number="2" hits="0" branch="false"/>
            <line number="3" hits="0" branch="false"/>
            <line number="4" hits="0" branch="false"/>
            <line number="5" hits="0" branch="false"/>
            <line number="6" hits="0" branch="false"/>
            <line number="7" hits="0" branch="false"/>
            <line number="10" hits="0" branch="false"/>
            <line number="11" hits="0" branch="false"/>
            <line number="12" hits="0" branch="false"/>
            <line number="13" hits="0" branch="false"/>
            <line number="14" hits="0" branch="false"/>
            <line number="15" hits="0" branch="false"/>
            <line number="16" hits="0" branch="false"/>
            <line number="17" hits="0" branch="false"/>
            <line number="18" hits="0" branch="false"/>
            <line number="21" hits="0" branch="false"/>
            <line number="22" hits="0" branch="false"/>
            <line number="24" hits="0" branch="false"/>
            <line number="25" hits="0" branch="false"/>
            <line number="29" hits="0" branch="false"/>
            <line number="30" hits="0" branch="false"/>
            <line number="31" hits="0" branch="false"/>
            <line number="35" hits="0" branch="false"/>
            <line number="36" hits="0" branch="false"/>
            <line number="37" hits="0" branch="false"/>
            <line number="41" hits="0" branch="false"/>
            <line number="42" hits="0" branch="false"/>
            <line number="43" hits="0" branch="false"/>
            <line number="47" hits="0" branch="false"/>
            <line number="48" hits="0" branch="false"/>
            <line number="49" hits="0" branch="false"/>
            <line number="53" hits="0" branch="false"/>
            <line number="54" hits="0" branch="false"/>
            <line number="55" hits="0" branch="false"/>
            <line number="59" hits="0" branch="false"/>
            <line number="60" hits="0" branch="false"/>
            <line number="61" hits="0" branch="false"/>
          </lines>
        </class>
        <class name="events.service.ts" filename="src/events/events.service.ts" line-rate="0" branch-rate="0">
          <methods>
            <method name="(anonymous_2)" hits="0" signature="()V">
              <lines>
                <line number="9" hits="0"/>
              </lines>
            </method>
            <method name="(anonymous_3)" hits="0" signature="()V">
              <lines>
                <line number="14" hits="0"/>
              </lines>
            </method>
            <method name="(anonymous_4)" hits="0" signature="()V">
              <lines>
                <line number="29" hits="0"/>
              </lines>
            </method>
            <method name="(anonymous_5)" hits="0" signature="()V">
              <lines>
                <line number="51" hits="0"/>
              </lines>
            </method>
            <method name="(anonymous_6)" hits="0" signature="()V">
              <lines>
                <line number="67" hits="0"/>
              </lines>
            </method>
            <method name="(anonymous_7)" hits="0" signature="()V">
              <lines>
                <line number="84" hits="0"/>
              </lines>
            </method>
            <method name="(anonymous_8)" hits="0" signature="()V">
              <lines>
                <line number="89" hits="0"/>
              </lines>
            </method>
          </methods>
          <lines>
            <line number="1" hits="0" branch="false"/>
            <line number="2" hits="0" branch="false"/>
            <line number="3" hits="0" branch="false"/>
            <line number="4" hits="0" branch="false"/>
            <line number="8" hits="0" branch="false"/>
            <line number="10" hits="0" branch="false"/>
            <line number="11" hits="0" branch="false"/>
            <line number="15" hits="0" branch="false"/>
            <line number="17" hits="0" branch="false"/>
            <line number="26" hits="0" branch="false"/>
            <line number="30" hits="0" branch="false"/>
            <line number="31" hits="0" branch="true" condition-coverage="0% (0/1)"/>
            <line number="33" hits="0" branch="false"/>
            <line number="38" hits="0" branch="false"/>
            <line number="48" hits="0" branch="false"/>
            <line number="52" hits="0" branch="false"/>
            <line number="53" hits="0" branch="true" condition-coverage="0% (0/1)"/>
            <line number="54" hits="0" branch="false"/>
            <line number="68" hits="0" branch="false"/>
            <line number="70" hits="0" branch="true" condition-coverage="0% (0/3)"/>
            <line number="71" hits="0" branch="false"/>
            <line number="74" hits="0" branch="false"/>
            <line number="79" hits="0" branch="true" condition-coverage="0% (0/1)"/>
            <line number="80" hits="0" branch="false"/>
            <line number="83" hits="0" branch="false"/>
            <line number="84" hits="0" branch="false"/>
            <line number="90" hits="0" branch="false"/>
            <line number="91" hits="0" branch="true" condition-coverage="0% (0/1)"/>
            <line number="93" hits="0" branch="false"/>
            <line number="98" hits="0" branch="false"/>
            <line number="107" hits="0" branch="false"/>
          </lines>
        </class>
      </classes>
    </package>
    <package name="src.export" line-rate="0" branch-rate="0">
      <classes>
        <class name="export.controller.ts" filename="src/export/export.controller.ts" line-rate="0" branch-rate="0">
          <methods>
            <method name="(anonymous_4)" hits="0" signature="()V">
              <lines>
                <line number="16" hits="0"/>
              </lines>
            </method>
            <method name="(anonymous_5)" hits="0" signature="()V">
              <lines>
                <line number="20" hits="0"/>
              </lines>
            </method>
            <method name="(anonymous_6)" hits="0" signature="()V">
              <lines>
                <line number="36" hits="0"/>
              </lines>
            </method>
            <method name="(anonymous_7)" hits="0" signature="()V">
              <lines>
                <line number="55" hits="0"/>
              </lines>
            </method>
            <method name="(anonymous_8)" hits="0" signature="()V">
              <lines>
                <line number="95" hits="0"/>
              </lines>
            </method>
            <method name="(anonymous_9)" hits="0" signature="()V">
              <lines>
                <line number="115" hits="0"/>
              </lines>
            </method>
            <method name="(anonymous_10)" hits="0" signature="()V">
              <lines>
                <line number="116" hits="0"/>
              </lines>
            </method>
            <method name="(anonymous_11)" hits="0" signature="()V">
              <lines>
                <line number="119" hits="0"/>
              </lines>
            </method>
            <method name="(anonymous_12)" hits="0" signature="()V">
              <lines>
                <line number="120" hits="0"/>
              </lines>
            </method>
            <method name="(anonymous_13)" hits="0" signature="()V">
              <lines>
                <line number="121" hits="0"/>
              </lines>
            </method>
            <method name="(anonymous_14)" hits="0" signature="()V">
              <lines>
                <line number="127" hits="0"/>
              </lines>
            </method>
            <method name="(anonymous_15)" hits="0" signature="()V">
              <lines>
                <line number="145" hits="0"/>
              </lines>
            </method>
            <method name="(anonymous_16)" hits="0" signature="()V">
              <lines>
                <line number="166" hits="0"/>
              </lines>
            </method>
            <method name="(anonymous_17)" hits="0" signature="()V">
              <lines>
                <line number="169" hits="0"/>
              </lines>
            </method>
            <method name="(anonymous_18)" hits="0" signature="()V">
              <lines>
                <line number="170" hits="0"/>
              </lines>
            </method>
            <method name="(anonymous_19)" hits="0" signature="()V">
              <lines>
                <line number="173" hits="0"/>
              </lines>
            </method>
            <method name="(anonymous_20)" hits="0" signature="()V">
              <lines>
                <line number="174" hits="0"/>
              </lines>
            </method>
            <method name="(anonymous_21)" hits="0" signature="()V">
              <lines>
                <line number="174" hits="0"/>
              </lines>
            </method>
            <method name="(anonymous_22)" hits="0" signature="()V">
              <lines>
                <line number="174" hits="0"/>
              </lines>
            </method>
            <method name="(anonymous_23)" hits="0" signature="()V">
              <lines>
                <line number="176" hits="0"/>
              </lines>
            </method>
            <method name="(anonymous_24)" hits="0" signature="()V">
              <lines>
                <line number="179" hits="0"/>
              </lines>
            </method>
            <method name="(anonymous_25)" hits="0" signature="()V">
              <lines>
                <line number="183" hits="0"/>
              </lines>
            </method>
            <method name="(anonymous_26)" hits="0" signature="()V">
              <lines>
                <line number="183" hits="0"/>
              </lines>
            </method>
            <method name="(anonymous_27)" hits="0" signature="()V">
              <lines>
                <line number="186" hits="0"/>
              </lines>
            </method>
            <method name="(anonymous_28)" hits="0" signature="()V">
              <lines>
                <line number="190" hits="0"/>
              </lines>
            </method>
            <method name="(anonymous_29)" hits="0" signature="()V">
              <lines>
                <line number="209" hits="0"/>
              </lines>
            </method>
            <method name="(anonymous_30)" hits="0" signature="()V">
              <lines>
                <line number="229" hits="0"/>
              </lines>
            </method>
            <method name="(anonymous_31)" hits="0" signature="()V">
              <lines>
                <line number="232" hits="0"/>
              </lines>
            </method>
            <method name="(anonymous_32)" hits="0" signature="()V">
              <lines>
                <line number="232" hits="0"/>
              </lines>
            </method>
            <method name="(anonymous_33)" hits="0" signature="()V">
              <lines>
                <line number="233" hits="0"/>
              </lines>
            </method>
            <method name="(anonymous_34)" hits="0" signature="()V">
              <lines>
                <line number="235" hits="0"/>
              </lines>
            </method>
            <method name="(anonymous_35)" hits="0" signature="()V">
              <lines>
                <line number="236" hits="0"/>
              </lines>
            </method>
            <method name="(anonymous_36)" hits="0" signature="()V">
              <lines>
                <line number="238" hits="0"/>
              </lines>
            </method>
            <method name="(anonymous_37)" hits="0" signature="()V">
              <lines>
                <line number="241" hits="0"/>
              </lines>
            </method>
            <method name="(anonymous_38)" hits="0" signature="()V">
              <lines>
                <line number="241" hits="0"/>
              </lines>
            </method>
            <method name="(anonymous_39)" hits="0" signature="()V">
              <lines>
                <line number="242" hits="0"/>
              </lines>
            </method>
            <method name="(anonymous_40)" hits="0" signature="()V">
              <lines>
                <line number="243" hits="0"/>
              </lines>
            </method>
            <method name="(anonymous_41)" hits="0" signature="()V">
              <lines>
                <line number="244" hits="0"/>
              </lines>
            </method>
            <method name="(anonymous_42)" hits="0" signature="()V">
              <lines>
                <line number="246" hits="0"/>
              </lines>
            </method>
            <method name="(anonymous_43)" hits="0" signature="()V">
              <lines>
                <line number="247" hits="0"/>
              </lines>
            </method>
            <method name="(anonymous_44)" hits="0" signature="()V">
              <lines>
                <line number="251" hits="0"/>
              </lines>
            </method>
            <method name="(anonymous_45)" hits="0" signature="()V">
              <lines>
                <line number="252" hits="0"/>
              </lines>
            </method>
            <method name="(anonymous_46)" hits="0" signature="()V">
              <lines>
                <line number="252" hits="0"/>
              </lines>
            </method>
            <method name="(anonymous_47)" hits="0" signature="()V">
              <lines>
                <line number="252" hits="0"/>
              </lines>
            </method>
            <method name="(anonymous_48)" hits="0" signature="()V">
              <lines>
                <line number="254" hits="0"/>
              </lines>
            </method>
            <method name="(anonymous_49)" hits="0" signature="()V">
              <lines>
                <line number="255" hits="0"/>
              </lines>
            </method>
            <method name="(anonymous_50)" hits="0" signature="()V">
              <lines>
                <line number="272" hits="0"/>
              </lines>
            </method>
            <method name="(anonymous_51)" hits="0" signature="()V">
              <lines>
                <line number="292" hits="0"/>
              </lines>
            </method>
            <method name="(anonymous_52)" hits="0" signature="()V">
              <lines>
                <line number="298" hits="0"/>
              </lines>
            </method>
            <method name="(anonymous_53)" hits="0" signature="()V">
              <lines>
                <line number="299" hits="0"/>
              </lines>
            </method>
            <method name="(anonymous_54)" hits="0" signature="()V">
              <lines>
                <line number="302" hits="0"/>
              </lines>
            </method>
            <method name="(anonymous_55)" hits="0" signature="()V">
              <lines>
                <line number="303" hits="0"/>
              </lines>
            </method>
            <method name="(anonymous_56)" hits="0" signature="()V">
              <lines>
                <line number="304" hits="0"/>
              </lines>
            </method>
            <method name="(anonymous_57)" hits="0" signature="()V">
              <lines>
                <line number="305" hits="0"/>
              </lines>
            </method>
            <method name="(anonymous_58)" hits="0" signature="()V">
              <lines>
                <line number="306" hits="0"/>
              </lines>
            </method>
            <method name="(anonymous_59)" hits="0" signature="()V">
              <lines>
                <line number="306" hits="0"/>
              </lines>
            </method>
            <method name="(anonymous_60)" hits="0" signature="()V">
              <lines>
                <line number="306" hits="0"/>
              </lines>
            </method>
            <method name="(anonymous_61)" hits="0" signature="()V">
              <lines>
                <line number="307" hits="0"/>
              </lines>
            </method>
            <method name="(anonymous_62)" hits="0" signature="()V">
              <lines>
                <line number="324" hits="0"/>
              </lines>
            </method>
          </methods>
          <lines>
            <line number="1" hits="0" branch="false"/>
            <line number="3" hits="0" branch="false"/>
            <line number="4" hits="0" branch="false"/>
            <line number="5" hits="0" branch="false"/>
            <line number="7" hits="0" branch="false"/>
            <line number="15" hits="0" branch="false"/>
            <line number="16" hits="0" branch="false"/>
            <line number="20" hits="0" branch="false"/>
            <line number="21" hits="0" branch="false"/>
            <line number="22" hits="0" branch="true" condition-coverage="0% (0/1)"/>
            <line number="24" hits="0" branch="false"/>
            <line number="35" hits="0" branch="false"/>
            <line number="36" hits="0" branch="false"/>
            <line number="37" hits="0" branch="true" condition-coverage="0% (0/2)"/>
            <line number="38" hits="0" branch="true" condition-coverage="0% (0/2)"/>
            <line number="39" hits="0" branch="true" condition-coverage="0% (0/2)"/>
            <line number="40" hits="0" branch="false"/>
            <line number="41" hits="0" branch="false"/>
            <line number="42" hits="0" branch="false"/>
            <line number="43" hits="0" branch="true" condition-coverage="0% (0/2)"/>
            <line number="44" hits="0" branch="true" condition-coverage="0% (0/2)"/>
            <line number="45" hits="0" branch="true" condition-coverage="0% (0/2)"/>
            <line number="47" hits="0" branch="true" condition-coverage="0% (0/6)"/>
            <line number="50" hits="0" branch="false"/>
            <line number="55" hits="0" branch="false"/>
            <line number="56" hits="0" branch="false"/>
            <line number="57" hits="0" branch="true" condition-coverage="0% (0/1)"/>
            <line number="59" hits="0" branch="false"/>
            <line number="70" hits="0" branch="false"/>
            <line number="71" hits="0" branch="false"/>
            <line number="73" hits="0" branch="false"/>
            <line number="74" hits="0" branch="true" condition-coverage="0% (0/2)"/>
            <line number="75" hits="0" branch="true" condition-coverage="0% (0/2)"/>
            <line number="76" hits="0" branch="true" condition-coverage="0% (0/2)"/>
            <line number="78" hits="0" branch="false"/>
            <line number="79" hits="0" branch="true" condition-coverage="0% (0/4)"/>
            <line number="80" hits="0" branch="false"/>
            <line number="90" hits="0" branch="false"/>
            <line number="95" hits="0" branch="false"/>
            <line number="96" hits="0" branch="false"/>
            <line number="97" hits="0" branch="true" condition-coverage="0% (0/1)"/>
            <line number="99" hits="0" branch="false"/>
            <line number="103" hits="0" branch="true" condition-coverage="0% (0/2)"/>
            <line number="105" hits="0" branch="false"/>
            <line number="115" hits="0" branch="false"/>
            <line number="116" hits="0" branch="false"/>
            <line number="117" hits="0" branch="false"/>
            <line number="119" hits="0" branch="false"/>
            <line number="120" hits="0" branch="false"/>
            <line number="121" hits="0" branch="false"/>
            <line number="122" hits="0" branch="false"/>
            <line number="127" hits="0" branch="true" condition-coverage="0% (0/2)"/>
            <line number="128" hits="0" branch="true" condition-coverage="0% (0/2)"/>
            <line number="129" hits="0" branch="false"/>
            <line number="140" hits="0" branch="false"/>
            <line number="145" hits="0" branch="false"/>
            <line number="146" hits="0" branch="false"/>
            <line number="147" hits="0" branch="true" condition-coverage="0% (0/1)"/>
            <line number="149" hits="0" branch="false"/>
            <line number="153" hits="0" branch="true" condition-coverage="0% (0/2)"/>
            <line number="155" hits="0" branch="false"/>
            <line number="161" hits="0" branch="false"/>
            <line number="166" hits="0" branch="false"/>
            <line number="167" hits="0" branch="false"/>
            <line number="169" hits="0" branch="false"/>
            <line number="170" hits="0" branch="false"/>
            <line number="171" hits="0" branch="false"/>
            <line number="173" hits="0" branch="false"/>
            <line number="174" hits="0" branch="true" condition-coverage="0% (0/2)"/>
            <line number="175" hits="0" branch="true" condition-coverage="0% (0/1)"/>
            <line number="176" hits="0" branch="false"/>
            <line number="177" hits="0" branch="false"/>
            <line number="178" hits="0" branch="false"/>
            <line number="179" hits="0" branch="false"/>
            <line number="180" hits="0" branch="false"/>
            <line number="183" hits="0" branch="true" condition-coverage="0% (0/2)"/>
            <line number="184" hits="0" branch="false"/>
            <line number="185" hits="0" branch="true" condition-coverage="0% (0/1)"/>
            <line number="186" hits="0" branch="false"/>
            <line number="187" hits="0" branch="false"/>
            <line number="188" hits="0" branch="false"/>
            <line number="189" hits="0" branch="false"/>
            <line number="190" hits="0" branch="false"/>
            <line number="191" hits="0" branch="false"/>
            <line number="194" hits="0" branch="true" condition-coverage="0% (0/2)"/>
            <line number="195" hits="0" branch="true" condition-coverage="0% (0/2)"/>
            <line number="197" hits="0" branch="false"/>
            <line number="204" hits="0" branch="false"/>
            <line number="209" hits="0" branch="false"/>
            <line number="210" hits="0" branch="false"/>
            <line number="211" hits="0" branch="true" condition-coverage="0% (0/1)"/>
            <line number="213" hits="0" branch="false"/>
            <line number="217" hits="0" branch="true" condition-coverage="0% (0/2)"/>
            <line number="219" hits="0" branch="false"/>
            <line number="224" hits="0" branch="false"/>
            <line number="229" hits="0" branch="false"/>
            <line number="230" hits="0" branch="false"/>
            <line number="232" hits="0" branch="true" condition-coverage="0% (0/2)"/>
            <line number="233" hits="0" branch="true" condition-coverage="0% (0/2)"/>
            <line number="235" hits="0" branch="false"/>
            <line number="236" hits="0" branch="false"/>
            <line number="237" hits="0" branch="true" condition-coverage="0% (0/1)"/>
            <line number="238" hits="0" branch="true" condition-coverage="0% (0/2)"/>
            <line number="241" hits="0" branch="true" condition-coverage="0% (0/2)"/>
            <line number="242" hits="0" branch="false"/>
            <line number="243" hits="0" branch="false"/>
            <line number="244" hits="0" branch="false"/>
            <line number="245" hits="0" branch="false"/>
            <line number="246" hits="0" branch="true" condition-coverage="0% (0/2)"/>
            <line number="247" hits="0" branch="true" condition-coverage="0% (0/2)"/>
            <line number="248" hits="0" branch="false"/>
            <line number="249" hits="0" branch="true" condition-coverage="0% (0/2)"/>
            <line number="251" hits="0" branch="false"/>
            <line number="252" hits="0" branch="true" condition-coverage="0% (0/2)"/>
            <line number="253" hits="0" branch="true" condition-coverage="0% (0/1)"/>
            <line number="254" hits="0" branch="false"/>
            <line number="255" hits="0" branch="false"/>
            <line number="256" hits="0" branch="false"/>
            <line number="259" hits="0" branch="false"/>
            <line number="267" hits="0" branch="false"/>
            <line number="272" hits="0" branch="false"/>
            <line number="273" hits="0" branch="false"/>
            <line number="274" hits="0" branch="true" condition-coverage="0% (0/1)"/>
            <line number="276" hits="0" branch="false"/>
            <line number="280" hits="0" branch="true" condition-coverage="0% (0/2)"/>
            <line number="282" hits="0" branch="false"/>
            <line number="283" hits="0" branch="true" condition-coverage="0% (0/2)"/>
            <line number="284" hits="0" branch="false"/>
            <line number="286" hits="0" branch="false"/>
            <line number="292" hits="0" branch="false"/>
            <line number="293" hits="0" branch="false"/>
            <line number="298" hits="0" branch="false"/>
            <line number="299" hits="0" branch="false"/>
            <line number="300" hits="0" branch="false"/>
            <line number="302" hits="0" branch="false"/>
            <line number="303" hits="0" branch="false"/>
            <line number="304" hits="0" branch="false"/>
            <line number="305" hits="0" branch="false"/>
            <line number="306" hits="0" branch="true" condition-coverage="0% (0/2)"/>
            <line number="307" hits="0" branch="true" condition-coverage="0% (0/2)"/>
            <line number="309" hits="0" branch="true" condition-coverage="0% (0/2)"/>
            <line number="311" hits="0" branch="false"/>
            <line number="319" hits="0" branch="true" condition-coverage="0% (0/2)"/>
            <line number="320" hits="0" branch="false"/>
            <line number="325" hits="0" branch="false"/>
            <line number="326" hits="0" branch="false"/>
            <line number="327" hits="0" branch="false"/>
            <line number="328" hits="0" branch="false"/>
            <line number="329" hits="0" branch="false"/>
          </lines>
        </class>
      </classes>
    </package>
    <package name="src.judge-portal" line-rate="0" branch-rate="0">
      <classes>
        <class name="judge-portal.controller.ts" filename="src/judge-portal/judge-portal.controller.ts" line-rate="0" branch-rate="0">
          <methods>
            <method name="(anonymous_4)" hits="0" signature="()V">
              <lines>
                <line number="9" hits="0"/>
              </lines>
            </method>
            <method name="(anonymous_5)" hits="0" signature="()V">
              <lines>
                <line number="17" hits="0"/>
              </lines>
            </method>
            <method name="(anonymous_6)" hits="0" signature="()V">
              <lines>
                <line number="23" hits="0"/>
              </lines>
            </method>
            <method name="(anonymous_7)" hits="0" signature="()V">
              <lines>
                <line number="31" hits="0"/>
              </lines>
            </method>
            <method name="(anonymous_8)" hits="0" signature="()V">
              <lines>
                <line number="54" hits="0"/>
              </lines>
            </method>
            <method name="(anonymous_9)" hits="0" signature="()V">
              <lines>
                <line number="56" hits="0"/>
              </lines>
            </method>
            <method name="(anonymous_10)" hits="0" signature="()V">
              <lines>
                <line number="84" hits="0"/>
              </lines>
            </method>
            <method name="(anonymous_11)" hits="0" signature="()V">
              <lines>
                <line number="85" hits="0"/>
              </lines>
            </method>
            <method name="(anonymous_12)" hits="0" signature="()V">
              <lines>
                <line number="111" hits="0"/>
              </lines>
            </method>
            <method name="(anonymous_13)" hits="0" signature="()V">
              <lines>
                <line number="141" hits="0"/>
              </lines>
            </method>
            <method name="(anonymous_14)" hits="0" signature="()V">
              <lines>
                <line number="164" hits="0"/>
              </lines>
            </method>
            <method name="(anonymous_15)" hits="0" signature="()V">
              <lines>
                <line number="245" hits="0"/>
              </lines>
            </method>
            <method name="(anonymous_16)" hits="0" signature="()V">
              <lines>
                <line number="264" hits="0"/>
              </lines>
            </method>
            <method name="(anonymous_17)" hits="0" signature="()V">
              <lines>
                <line number="324" hits="0"/>
              </lines>
            </method>
            <method name="(anonymous_18)" hits="0" signature="()V">
              <lines>
                <line number="334" hits="0"/>
              </lines>
            </method>
          </methods>
          <lines>
            <line number="1" hits="0" branch="false"/>
            <line number="2" hits="0" branch="false"/>
            <line number="3" hits="0" branch="false"/>
            <line number="4" hits="0" branch="false"/>
            <line number="5" hits="0" branch="false"/>
            <line number="8" hits="0" branch="false"/>
            <line number="10" hits="0" branch="false"/>
            <line number="11" hits="0" branch="false"/>
            <line number="12" hits="0" branch="false"/>
            <line number="17" hits="0" branch="false"/>
            <line number="18" hits="0" branch="false"/>
            <line number="23" hits="0" branch="false"/>
            <line number="24" hits="0" branch="false"/>
            <line number="27" hits="0" branch="false"/>
            <line number="31" hits="0" branch="false"/>
            <line number="33" hits="0" branch="false"/>
            <line number="45" hits="0" branch="false"/>
            <line number="49" hits="0" branch="true" condition-coverage="0% (0/1)"/>
            <line number="53" hits="0" branch="false"/>
[...]
            <line number="241" hits="0" branch="false"/>
            <line number="245" hits="0" branch="true" condition-coverage="0% (0/1)"/>
            <line number="246" hits="0" branch="false"/>
            <line number="247" hits="0" branch="false"/>
            <line number="249" hits="0" branch="false"/>
            <line number="252" hits="0" branch="false"/>
            <line number="253" hits="0" branch="false"/>
            <line number="254" hits="0" branch="false"/>
            <line number="256" hits="0" branch="false"/>
            <line number="258" hits="0" branch="false"/>
            <line number="259" hits="0" branch="false"/>
          </lines>
        </class>
      </classes>
    </package>
    <package name="src.tracks" line-rate="0" branch-rate="0">
      <classes>
        <class name="tracks.resolver.ts" filename="src/tracks/tracks.resolver.ts" line-rate="0" branch-rate="1">
          <methods>
            <method name="(anonymous_4)" hits="0" signature="()V">
              <lines>
                <line number="9" hits="0"/>
              </lines>
            </method>
            <method name="(anonymous_5)" hits="0" signature="()V">
              <lines>
                <line number="13" hits="0"/>
              </lines>
            </method>
            <method name="(anonymous_6)" hits="0" signature="()V">
              <lines>
                <line number="22" hits="0"/>
              </lines>
            </method>
            <method name="(anonymous_7)" hits="0" signature="()V">
              <lines>
                <line number="32" hits="0"/>
              </lines>
            </method>
            <method name="(anonymous_8)" hits="0" signature="()V">
              <lines>
                <line number="40" hits="0"/>
              </lines>
            </method>
            <method name="(anonymous_9)" hits="0" signature="()V">
              <lines>
                <line number="45" hits="0"/>
              </lines>
            </method>
            <method name="(anonymous_10)" hits="0" signature="()V">
              <lines>
                <line number="51" hits="0"/>
              </lines>
            </method>
            <method name="(anonymous_11)" hits="0" signature="()V">
              <lines>
                <line number="12" hits="0"/>
              </lines>
            </method>
            <method name="(anonymous_12)" hits="0" signature="()V">
              <lines>
                <line number="21" hits="0"/>
              </lines>
            </method>
            <method name="(anonymous_13)" hits="0" signature="()V">
              <lines>
                <line number="31" hits="0"/>
              </lines>
            </method>
            <method name="(anonymous_14)" hits="0" signature="()V">
              <lines>
                <line number="33" hits="0"/>
              </lines>
            </method>
            <method name="(anonymous_15)" hits="0" signature="()V">
              <lines>
                <line number="39" hits="0"/>
              </lines>
            </method>
            <method name="(anonymous_16)" hits="0" signature="()V">
              <lines>
                <line number="44" hits="0"/>
              </lines>
            </method>
            <method name="(anonymous_17)" hits="0" signature="()V">
              <lines>
                <line number="50" hits="0"/>
              </lines>
            </method>
            <method name="(anonymous_18)" hits="0" signature="()V">
              <lines>
                <line number="7" hits="0"/>
              </lines>
            </method>
          </methods>
          <lines>
            <line number="1" hits="0" branch="false"/>
            <line number="2" hits="0" branch="false"/>
            <line number="3" hits="0" branch="false"/>
            <line number="4" hits="0" branch="false"/>
            <line number="5" hits="0" branch="false"/>
            <line number="7" hits="0" branch="false"/>
            <line number="8" hits="0" branch="false"/>
            <line number="9" hits="0" branch="false"/>
            <line number="12" hits="0" branch="false"/>
            <line number="13" hits="0" branch="false"/>
            <line number="17" hits="0" branch="false"/>
            <line number="21" hits="0" branch="false"/>
            <line number="22" hits="0" branch="false"/>
            <line number="27" hits="0" branch="false"/>
            <line number="31" hits="0" branch="false"/>
            <line number="32" hits="0" branch="false"/>
            <line number="33" hits="0" branch="false"/>
            <line number="36" hits="0" branch="false"/>
            <line number="39" hits="0" branch="false"/>
            <line number="40" hits="0" branch="false"/>
            <line number="41" hits="0" branch="false"/>
            <line number="44" hits="0" branch="false"/>
            <line number="45" hits="0" branch="false"/>
            <line number="46" hits="0" branch="false"/>
            <line number="50" hits="0" branch="false"/>
            <line number="51" hits="0" branch="false"/>
            <line number="52" hits="0" branch="false"/>
          </lines>
        </class>
        <class name="tracks.service.ts" filename="src/tracks/tracks.service.ts" line-rate="0" branch-rate="0">
          <methods>
            <method name="(anonymous_2)" hits="0" signature="()V">
              <lines>
                <line number="9" hits="0"/>
              </lines>
            </method>
            <method name="(anonymous_3)" hits="0" signature="()V">
              <lines>
                <line number="14" hits="0"/>
              </lines>
            </method>
            <method name="(anonymous_4)" hits="0" signature="()V">
              <lines>
                <line number="41" hits="0"/>
              </lines>
            </method>
            <method name="(anonymous_5)" hits="0" signature="()V">
              <lines>
                <line number="66" hits="0"/>
              </lines>
            </method>
            <method name="(anonymous_6)" hits="0" signature="()V">
              <lines>
                <line number="75" hits="0"/>
              </lines>
            </method>
            <method name="(anonymous_7)" hits="0" signature="()V">
              <lines>
                <line number="78" hits="0"/>
              </lines>
            </method>
            <method name="(anonymous_8)" hits="0" signature="()V">
              <lines>
                <line number="84" hits="0"/>
              </lines>
            </method>
            <method name="(anonymous_9)" hits="0" signature="()V">
              <lines>
                <line number="87" hits="0"/>
              </lines>
            </method>
            <method name="(anonymous_10)" hits="0" signature="()V">
              <lines>
                <line number="96" hits="0"/>
              </lines>
            </method>
          </methods>
          <lines>
            <line number="1" hits="0" branch="false"/>
            <line number="2" hits="0" branch="false"/>
            <line number="3" hits="0" branch="false"/>
            <line number="4" hits="0" branch="false"/>
            <line number="8" hits="0" branch="false"/>
            <line number="10" hits="0" branch="false"/>
            <line number="11" hits="0" branch="false"/>
            <line number="15" hits="0" branch="false"/>
            <line number="18" hits="0" branch="true" condition-coverage="0% (0/1)"/>
            <line number="20" hits="0" branch="false"/>
            <line number="25" hits="0" branch="false"/>
            <line number="32" hits="0" branch="false"/>
            <line number="38" hits="0" branch="false"/>
            <line number="42" hits="0" branch="false"/>
            <line number="43" hits="0" branch="true" condition-coverage="0% (0/1)"/>
            <line number="45" hits="0" branch="true" condition-coverage="0% (0/1)"/>
            <line number="46" hits="0" branch="false"/>
            <line number="49" hits="0" branch="true" condition-coverage="0% (0/3)"/>
            <line number="50" hits="0" branch="false"/>
            <line number="54" hits="0" branch="false"/>
            <line number="56" hits="0" branch="false"/>
            <line number="62" hits="0" branch="false"/>
            <line number="63" hits="0" branch="false"/>
            <line number="67" hits="0" branch="false"/>
            <line number="68" hits="0" branch="false"/>
            <line number="69" hits="0" branch="false"/>
            <line number="73" hits="0" branch="false"/>
            <line number="75" hits="0" branch="false"/>
            <line number="79" hits="0" branch="false"/>
            <line number="84" hits="0" branch="false"/>
            <line number="88" hits="0" branch="false"/>
            <line number="92" hits="0" branch="true" condition-coverage="0% (0/1)"/>
            <line number="93" hits="0" branch="false"/>
            <line number="97" hits="0" branch="false"/>
            <line number="98" hits="0" branch="false"/>
            <line number="99" hits="0" branch="false"/>
            <line number="100" hits="0" branch="false"/>
          </lines>
        </class>
      </classes>
    </package>
    <package name="src.users" line-rate="0" branch-rate="0">
      <classes>
        <class name="users.resolver.ts" filename="src/users/users.resolver.ts" line-rate="0" branch-rate="1">
          <methods>
            <method name="(anonymous_4)" hits="0" signature="()V">
              <lines>
                <line number="53" hits="0"/>
              </lines>
            </method>
            <method name="(anonymous_5)" hits="0" signature="()V">
              <lines>
                <line number="57" hits="0"/>
              </lines>
            </method>
            <method name="(anonymous_6)" hits="0" signature="()V">
              <lines>
                <line number="63" hits="0"/>
              </lines>
            </method>
            <method name="(anonymous_7)" hits="0" signature="()V">
              <lines>
                <line number="69" hits="0"/>
              </lines>
            </method>
            <method name="(anonymous_8)" hits="0" signature="()V">
              <lines>
                <line number="75" hits="0"/>
              </lines>
            </method>
            <method name="(anonymous_9)" hits="0" signature="()V">
              <lines>
                <line number="82" hits="0"/>
              </lines>
            </method>
            <method name="(anonymous_10)" hits="0" signature="()V">
              <lines>
                <line number="89" hits="0"/>
              </lines>
            </method>
            <method name="(anonymous_11)" hits="0" signature="()V">
              <lines>
                <line number="96" hits="0"/>
              </lines>
            </method>
            <method name="(anonymous_12)" hits="0" signature="()V">
              <lines>
                <line number="102" hits="0"/>
              </lines>
            </method>
            <method name="(anonymous_13)" hits="0" signature="()V">
              <lines>
                <line number="56" hits="0"/>
              </lines>
            </method>
            <method name="(anonymous_14)" hits="0" signature="()V">
              <lines>
                <line number="62" hits="0"/>
              </lines>
            </method>
            <method name="(anonymous_15)" hits="0" signature="()V">
              <lines>
                <line number="68" hits="0"/>
              </lines>
            </method>
            <method name="(anonymous_16)" hits="0" signature="()V">
              <lines>
                <line number="74" hits="0"/>
              </lines>
            </method>
            <method name="(anonymous_17)" hits="0" signature="()V">
              <lines>
                <line number="81" hits="0"/>
              </lines>
            </method>
            <method name="(anonymous_18)" hits="0" signature="()V">
              <lines>
                <line number="88" hits="0"/>
              </lines>
            </method>
            <method name="(anonymous_19)" hits="0" signature="()V">
              <lines>
                <line number="95" hits="0"/>
              </lines>
            </method>
            <method name="(anonymous_20)" hits="0" signature="()V">
              <lines>
                <line number="101" hits="0"/>
              </lines>
            </method>
          </methods>
          <lines>
            <line number="1" hits="0" branch="false"/>
            <line number="2" hits="0" branch="false"/>
            <line number="3" hits="0" branch="false"/>
            <line number="4" hits="0" branch="false"/>
            <line number="5" hits="0" branch="false"/>
            <line number="8" hits="0" branch="false"/>
            <line number="9" hits="0" branch="false"/>
            <line number="10" hits="0" branch="false"/>
            <line number="11" hits="0" branch="false"/>
            <line number="12" hits="0" branch="false"/>
            <line number="16" hits="0" branch="false"/>
            <line number="17" hits="0" branch="false"/>
            <line number="18" hits="0" branch="false"/>
            <line number="19" hits="0" branch="false"/>
            <line number="20" hits="0" branch="false"/>
            <line number="25" hits="0" branch="false"/>
            <line number="26" hits="0" branch="false"/>
            <line number="27" hits="0" branch="false"/>
            <line number="28" hits="0" branch="false"/>
            <line number="30" hits="0" branch="false"/>
            <line number="32" hits="0" branch="false"/>
            <line number="36" hits="0" branch="false"/>
            <line number="37" hits="0" branch="false"/>
            <line number="38" hits="0" branch="false"/>
            <line number="39" hits="0" branch="false"/>
            <line number="40" hits="0" branch="false"/>
            <line number="41" hits="0" branch="false"/>
            <line number="45" hits="0" branch="false"/>
            <line number="46" hits="0" branch="false"/>
            <line number="47" hits="0" branch="false"/>
            <line number="48" hits="0" branch="false"/>
            <line number="52" hits="0" branch="false"/>
            <line number="53" hits="0" branch="false"/>
            <line number="56" hits="0" branch="false"/>
            <line number="57" hits="0" branch="false"/>
            <line number="58" hits="0" branch="false"/>
            <line number="62" hits="0" branch="false"/>
            <line number="63" hits="0" branch="false"/>
            <line number="64" hits="0" branch="false"/>
            <line number="68" hits="0" branch="false"/>
            <line number="69" hits="0" branch="false"/>
            <line number="70" hits="0" branch="false"/>
            <line number="74" hits="0" branch="false"/>
            <line number="75" hits="0" branch="false"/>
            <line number="76" hits="0" branch="false"/>
            <line number="77" hits="0" branch="false"/>
            <line number="81" hits="0" branch="false"/>
            <line number="82" hits="0" branch="false"/>
            <line number="83" hits="0" branch="false"/>
            <line number="84" hits="0" branch="false"/>
            <line number="88" hits="0" branch="false"/>
            <line number="89" hits="0" branch="false"/>
            <line number="90" hits="0" branch="false"/>
            <line number="91" hits="0" branch="false"/>
            <line number="95" hits="0" branch="false"/>
            <line number="96" hits="0" branch="false"/>
            <line number="97" hits="0" branch="false"/>
            <line number="98" hits="0" branch="false"/>
            <line number="101" hits="0" branch="false"/>
            <line number="102" hits="0" branch="false"/>
            <line number="103" hits="0" branch="false"/>
          </lines>
        </class>
        <class name="users.service.ts" filename="src/users/users.service.ts" line-rate="0" branch-rate="0">
          <methods>
            <method name="(anonymous_2)" hits="0" signature="()V">
              <lines>
                <line number="7" hits="0"/>
              </lines>
            </method>
            <method name="(anonymous_3)" hits="0" signature="()V">
              <lines>
                <line number="9" hits="0"/>
              </lines>
            </method>
            <method name="(anonymous_4)" hits="0" signature="()V">
              <lines>
                <line number="19" hits="0"/>
              </lines>
            </method>
            <method name="(anonymous_5)" hits="0" signature="()V">
              <lines>
                <line number="32" hits="0"/>
              </lines>
            </method>
            <method name="(anonymous_6)" hits="0" signature="()V">
              <lines>
                <line number="39" hits="0"/>
              </lines>
            </method>
            <method name="(anonymous_7)" hits="0" signature="()V">
              <lines>
                <line number="48" hits="0"/>
              </lines>
            </method>
            <method name="(anonymous_8)" hits="0" signature="()V">
              <lines>
                <line number="58" hits="0"/>
              </lines>
            </method>
            <method name="(anonymous_9)" hits="0" signature="()V">
              <lines>
                <line number="62" hits="0"/>
              </lines>
            </method>
            <method name="(anonymous_10)" hits="0" signature="()V">
              <lines>
                <line number="66" hits="0"/>
              </lines>
            </method>
            <method name="(anonymous_11)" hits="0" signature="()V">
              <lines>
                <line number="72" hits="0"/>
              </lines>
            </method>
            <method name="(anonymous_12)" hits="0" signature="()V">
              <lines>
                <line number="75" hits="0"/>
              </lines>
            </method>
            <method name="(anonymous_13)" hits="0" signature="()V">
              <lines>
                <line number="80" hits="0"/>
              </lines>
            </method>
          </methods>
          <lines>
            <line number="1" hits="0" branch="false"/>
            <line number="2" hits="0" branch="false"/>
            <line number="3" hits="0" branch="false"/>
            <line number="6" hits="0" branch="false"/>
            <line number="7" hits="0" branch="false"/>
            <line number="10" hits="0" branch="false"/>
            <line number="11" hits="0" branch="true" condition-coverage="0% (0/1)"/>
            <line number="12" hits="0" branch="false"/>
            <line number="13" hits="0" branch="false"/>
            <line number="20" hits="0" branch="false"/>
            <line number="33" hits="0" branch="false"/>
            <line number="39" hits="0" branch="false"/>
            <line number="49" hits="0" branch="false"/>
            <line number="50" hits="0" branch="true" condition-coverage="0% (0/1)"/>
            <line number="51" hits="0" branch="false"/>
            <line number="59" hits="0" branch="false"/>
            <line number="63" hits="0" branch="false"/>
            <line number="64" hits="0" branch="true" condition-coverage="0% (0/1)"/>
            <line number="65" hits="0" branch="false"/>
            <line number="66" hits="0" branch="false"/>
            <line number="68" hits="0" branch="false"/>
            <line number="72" hits="0" branch="false"/>
            <line number="76" hits="0" branch="false"/>
            <line number="77" hits="0" branch="false"/>
            <line number="81" hits="0" branch="false"/>
            <line number="82" hits="0" branch="false"/>
          </lines>
        </class>
      </classes>
    </package>
  </packages>
</coverage>
