{"/Users/akilanlingam/hackathon-platform/apps/api/src/global-exception.filter.ts": {"path":"/Users/akilanlingam/hackathon-platform/apps/api/src/global-exception.filter.ts","statementMap":{"0":{"start":{"line":1,"column":0},"end":{"line":1,"column":null}},"1":{"start":{"line":9,"column":0},"end":{"line":9,"column":67}},"2":{"start":{"line":13,"column":7},"end":{"line":65,"column":null}},"3":{"start":{"line":14,"column":28},"end":{"line":14,"column":57}},"4":{"start":{"line":18,"column":4},"end":{"line":32,"column":5}},"5":{"start":{"line":19,"column":22},"end":{"line":19,"column":51}},"6":{"start":{"line":20,"column":19},"end":{"line":20,"column":36}},"7":{"start":{"line":21,"column":22},"end":{"line":23,"column":54}},"8":{"start":{"line":25,"column":6},"end":{"line":28,"column":8}},"9":{"start":{"line":31,"column":6},"end":{"line":31,"column":22}},"10":{"start":{"line":35,"column":16},"end":{"line":35,"column":35}},"11":{"start":{"line":36,"column":21},"end":{"line":36,"column":48}},"12":{"start":{"line":37,"column":20},"end":{"line":37,"column":45}},"13":{"start":{"line":39,"column":4},"end":{"line":42,"column":5}},"14":{"start":{"line":40,"column":6},"end":{"line":40,"column":63}},"15":{"start":{"line":41,"column":6},"end":{"line":41,"column":22}},"16":{"start":{"line":44,"column":19},"end":{"line":46,"column":40}},"17":{"start":{"line":48,"column":20},"end":{"line":50,"column":31}},"18":{"start":{"line":53,"column":4},"end":{"line":56,"column":6}},"19":{"start":{"line":58,"column":4},"end":{"line":63,"column":7}},"20":{"start":{"line":13,"column":13},"end":{"line":13,"column":34}},"21":{"start":{"line":13,"column":13},"end":{"line":65,"column":null}}},"fnMap":{"0":{"name":"(anonymous_1)","decl":{"start":{"line":16,"column":2},"end":{"line":16,"column":7}},"loc":{"start":{"line":16,"column":43},"end":{"line":64,"column":3}}}},"branchMap":{"0":{"loc":{"start":{"line":18,"column":4},"end":{"line":32,"column":5}},"type":"if","locations":[{"start":{"line":18,"column":4},"end":{"line":32,"column":5}}]},"1":{"loc":{"start":{"line":21,"column":22},"end":{"line":23,"column":54}},"type":"cond-expr","locations":[{"start":{"line":22,"column":10},"end":{"line":22,"column":27}},{"start":{"line":23,"column":10},"end":{"line":23,"column":54}}]},"2":{"loc":{"start":{"line":23,"column":10},"end":{"line":23,"column":54}},"type":"binary-expr","locations":[{"start":{"line":23,"column":10},"end":{"line":23,"column":27}},{"start":{"line":23,"column":31},"end":{"line":23,"column":54}}]},"3":{"loc":{"start":{"line":26,"column":19},"end":{"line":26,"column":47}},"type":"binary-expr","locations":[{"start":{"line":26,"column":19},"end":{"line":26,"column":34}},{"start":{"line":26,"column":38},"end":{"line":26,"column":47}}]},"4":{"loc":{"start":{"line":27,"column":8},"end":{"line":27,"column":72}},"type":"cond-expr","locations":[{"start":{"line":27,"column":45},"end":{"line":27,"column":54}},{"start":{"line":27,"column":57},"end":{"line":27,"column":72}}]},"5":{"loc":{"start":{"line":39,"column":4},"end":{"line":42,"column":5}},"type":"if","locations":[{"start":{"line":39,"column":4},"end":{"line":42,"column":5}}]},"6":{"loc":{"start":{"line":39,"column":8},"end":{"line":39,"column":29}},"type":"binary-expr","locations":[{"start":{"line":39,"column":8},"end":{"line":39,"column":16}},{"start":{"line":39,"column":20},"end":{"line":39,"column":29}}]},"7":{"loc":{"start":{"line":44,"column":19},"end":{"line":46,"column":40}},"type":"cond-expr","locations":[{"start":{"line":45,"column":8},"end":{"line":45,"column":29}},{"start":{"line":46,"column":8},"end":{"line":46,"column":40}}]},"8":{"loc":{"start":{"line":48,"column":20},"end":{"line":50,"column":31}},"type":"cond-expr","locations":[{"start":{"line":49,"column":8},"end":{"line":49,"column":25}},{"start":{"line":50,"column":8},"end":{"line":50,"column":31}}]},"9":{"loc":{"start":{"line":55,"column":6},"end":{"line":55,"column":49}},"type":"cond-expr","locations":[{"start":{"line":55,"column":22},"end":{"line":55,"column":37}},{"start":{"line":55,"column":40},"end":{"line":55,"column":49}}]}},"s":{"0":1,"1":1,"2":1,"3":8,"4":8,"5":0,"6":0,"7":0,"8":0,"9":0,"10":8,"11":8,"12":8,"13":8,"14":0,"15":0,"16":8,"17":8,"18":8,"19":8,"20":1,"21":1},"f":{"0":8},"b":{"0":[0],"1":[0,0],"2":[0,0],"3":[0,0],"4":[0,0],"5":[0],"6":[8,8],"7":[6,2],"8":[6,2],"9":[2,6]}}
,"/Users/akilanlingam/hackathon-platform/apps/api/src/health.controller.ts": {"path":"/Users/akilanlingam/hackathon-platform/apps/api/src/health.controller.ts","statementMap":{"0":{"start":{"line":1,"column":0},"end":{"line":1,"column":49}},"1":{"start":{"line":2,"column":0},"end":{"line":2,"column":56}},"2":{"start":{"line":3,"column":0},"end":{"line":3,"column":49}},"3":{"start":{"line":7,"column":7},"end":{"line":69,"column":null}},"4":{"start":{"line":8,"column":22},"end":{"line":8,"column":30}},"5":{"start":{"line":12,"column":40},"end":{"line":16,"column":6}},"6":{"start":{"line":19,"column":4},"end":{"line":26,"column":5}},"7":{"start":{"line":20,"column":20},"end":{"line":20,"column":30}},"8":{"start":{"line":21,"column":6},"end":{"line":21,"column":44}},"9":{"start":{"line":22,"column":6},"end":{"line":22,"column":79}},"10":{"start":{"line":24,"column":6},"end":{"line":24,"column":88}},"11":{"start":{"line":25,"column":6},"end":{"line":25,"column":33}},"12":{"start":{"line":29,"column":4},"end":{"line":40,"column":5}},"13":{"start":{"line":30,"column":27},"end":{"line":30,"column":79}},"14":{"start":{"line":31,"column":25},"end":{"line":31,"column":46}},"15":{"start":{"line":32,"column":22},"end":{"line":32,"column":64}},"16":{"start":{"line":32,"column":39},"end":{"line":32,"column":57}},"17":{"start":{"line":33,"column":20},"end":{"line":33,"column":30}},"18":{"start":{"line":34,"column":18},"end":{"line":34,"column":84}},"19":{"start":{"line":35,"column":6},"end":{"line":35,"column":28}},"20":{"start":{"line":36,"column":6},"end":{"line":36,"column":99}},"21":{"start":{"line":38,"column":6},"end":{"line":38,"column":88}},"22":{"start":{"line":43,"column":16},"end":{"line":43,"column":37}},"23":{"start":{"line":44,"column":4},"end":{"line":49,"column":6}},"24":{"start":{"line":50,"column":4},"end":{"line":50,"column":59}},"25":{"start":{"line":50,"column":32},"end":{"line":50,"column":59}},"26":{"start":{"line":52,"column":4},"end":{"line":52,"column":18}},"27":{"start":{"line":57,"column":4},"end":{"line":62,"column":5}},"28":{"start":{"line":58,"column":6},"end":{"line":58,"column":44}},"29":{"start":{"line":59,"column":6},"end":{"line":59,"column":29}},"30":{"start":{"line":61,"column":6},"end":{"line":61,"column":30}},"31":{"start":{"line":67,"column":4},"end":{"line":67,"column":65}},"32":{"start":{"line":7,"column":13},"end":{"line":7,"column":29}},"33":{"start":{"line":11,"column":8},"end":{"line":53,"column":null}},"34":{"start":{"line":56,"column":8},"end":{"line":63,"column":null}},"35":{"start":{"line":66,"column":8},"end":{"line":68,"column":null}},"36":{"start":{"line":7,"column":13},"end":{"line":69,"column":null}}},"fnMap":{"0":{"name":"(anonymous_2)","decl":{"start":{"line":8,"column":2},"end":{"line":8,"column":22}},"loc":{"start":{"line":8,"column":43},"end":{"line":8,"column":47}}},"1":{"name":"(anonymous_3)","decl":{"start":{"line":11,"column":2},"end":{"line":11,"column":7}},"loc":{"start":{"line":11,"column":13},"end":{"line":53,"column":3}}},"2":{"name":"(anonymous_4)","decl":{"start":{"line":32,"column":33},"end":{"line":32,"column":36}},"loc":{"start":{"line":32,"column":39},"end":{"line":32,"column":57}}},"3":{"name":"(anonymous_5)","decl":{"start":{"line":56,"column":2},"end":{"line":56,"column":7}},"loc":{"start":{"line":56,"column":17},"end":{"line":63,"column":3}}},"4":{"name":"(anonymous_6)","decl":{"start":{"line":66,"column":2},"end":{"line":66,"column":7}},"loc":{"start":{"line":66,"column":16},"end":{"line":68,"column":3}}}},"branchMap":{"0":{"loc":{"start":{"line":30,"column":27},"end":{"line":30,"column":79}},"type":"binary-expr","locations":[{"start":{"line":30,"column":27},"end":{"line":30,"column":52}},{"start":{"line":30,"column":56},"end":{"line":30,"column":79}}]},"1":{"loc":{"start":{"line":36,"column":35},"end":{"line":36,"column":65}},"type":"cond-expr","locations":[{"start":{"line":36,"column":44},"end":{"line":36,"column":55}},{"start":{"line":36,"column":58},"end":{"line":36,"column":65}}]},"2":{"loc":{"start":{"line":50,"column":4},"end":{"line":50,"column":59}},"type":"if","locations":[{"start":{"line":50,"column":4},"end":{"line":50,"column":59}}]}},"s":{"0":1,"1":1,"2":1,"3":1,"4":7,"5":4,"6":4,"7":4,"8":4,"9":3,"10":1,"11":1,"12":4,"13":4,"14":4,"15":4,"16":0,"17":4,"18":4,"19":4,"20":4,"21":0,"22":4,"23":4,"24":4,"25":0,"26":4,"27":2,"28":2,"29":1,"30":1,"31":1,"32":1,"33":1,"34":1,"35":1,"36":1},"f":{"0":7,"1":4,"2":0,"3":2,"4":1},"b":{"0":[4,0],"1":[4,0],"2":[0]}}
,"/Users/akilanlingam/hackathon-platform/apps/api/src/health.resolver.ts": {"path":"/Users/akilanlingam/hackathon-platform/apps/api/src/health.resolver.ts","statementMap":{"0":{"start":{"line":1,"column":0},"end":{"line":1,"column":50}},"1":{"start":{"line":2,"column":0},"end":{"line":2,"column":49}},"2":{"start":{"line":5,"column":7},"end":{"line":11,"column":null}},"3":{"start":{"line":9,"column":4},"end":{"line":9,"column":16}},"4":{"start":{"line":5,"column":13},"end":{"line":5,"column":27}},"5":{"start":{"line":8,"column":2},"end":{"line":10,"column":null}},"6":{"start":{"line":7,"column":15},"end":{"line":7,"column":21}},"7":{"start":{"line":5,"column":13},"end":{"line":11,"column":null}}},"fnMap":{"0":{"name":"(anonymous_2)","decl":{"start":{"line":8,"column":2},"end":{"line":8,"column":8}},"loc":{"start":{"line":8,"column":8},"end":{"line":10,"column":3}}},"1":{"name":"(anonymous_3)","decl":{"start":{"line":7,"column":9},"end":{"line":7,"column":12}},"loc":{"start":{"line":7,"column":15},"end":{"line":7,"column":21}}}},"branchMap":{},"s":{"0":0,"1":0,"2":0,"3":0,"4":0,"5":0,"6":0,"7":0},"f":{"0":0,"1":0},"b":{}}
,"/Users/akilanlingam/hackathon-platform/apps/api/src/logging.interceptor.ts": {"path":"/Users/akilanlingam/hackathon-platform/apps/api/src/logging.interceptor.ts","statementMap":{"0":{"start":{"line":1,"column":0},"end":{"line":1,"column":null}},"1":{"start":{"line":8,"column":0},"end":{"line":8,"column":70}},"2":{"start":{"line":10,"column":0},"end":{"line":10,"column":37}},"3":{"start":{"line":13,"column":7},"end":{"line":61,"column":null}},"4":{"start":{"line":14,"column":28},"end":{"line":14,"column":46}},"5":{"start":{"line":17,"column":18},"end":{"line":17,"column":28}},"6":{"start":{"line":19,"column":4},"end":{"line":39,"column":5}},"7":{"start":{"line":20,"column":25},"end":{"line":20,"column":60}},"8":{"start":{"line":21,"column":19},"end":{"line":21,"column":39}},"9":{"start":{"line":22,"column":28},"end":{"line":22,"column":60}},"10":{"start":{"line":23,"column":24},"end":{"line":23,"column":38}},"11":{"start":{"line":25,"column":6},"end":{"line":38,"column":8}},"12":{"start":{"line":28,"column":23},"end":{"line":28,"column":41}},"13":{"start":{"line":29,"column":12},"end":{"line":31,"column":13}},"14":{"start":{"line":30,"column":14},"end":{"line":30,"column":79}},"15":{"start":{"line":34,"column":23},"end":{"line":34,"column":41}},"16":{"start":{"line":35,"column":12},"end":{"line":35,"column":88}},"17":{"start":{"line":41,"column":20},"end":{"line":41,"column":55}},"18":{"start":{"line":42,"column":4},"end":{"line":42,"column":47}},"19":{"start":{"line":42,"column":26},"end":{"line":42,"column":47}},"20":{"start":{"line":44,"column":28},"end":{"line":44,"column":35}},"21":{"start":{"line":46,"column":4},"end":{"line":59,"column":6}},"22":{"start":{"line":49,"column":21},"end":{"line":49,"column":39}},"23":{"start":{"line":50,"column":10},"end":{"line":52,"column":11}},"24":{"start":{"line":51,"column":12},"end":{"line":51,"column":64}},"25":{"start":{"line":55,"column":21},"end":{"line":55,"column":39}},"26":{"start":{"line":56,"column":10},"end":{"line":56,"column":73}},"27":{"start":{"line":13,"column":13},"end":{"line":13,"column":31}},"28":{"start":{"line":13,"column":13},"end":{"line":61,"column":null}}},"fnMap":{"0":{"name":"(anonymous_1)","decl":{"start":{"line":16,"column":2},"end":{"line":16,"column":11}},"loc":{"start":{"line":16,"column":56},"end":{"line":60,"column":3}}},"1":{"name":"(anonymous_2)","decl":{"start":{"line":27,"column":16},"end":{"line":27,"column":19}},"loc":{"start":{"line":27,"column":21},"end":{"line":32,"column":11}}},"2":{"name":"(anonymous_3)","decl":{"start":{"line":33,"column":17},"end":{"line":33,"column":18}},"loc":{"start":{"line":33,"column":25},"end":{"line":36,"column":11}}},"3":{"name":"(anonymous_4)","decl":{"start":{"line":48,"column":14},"end":{"line":48,"column":17}},"loc":{"start":{"line":48,"column":19},"end":{"line":53,"column":9}}},"4":{"name":"(anonymous_5)","decl":{"start":{"line":54,"column":15},"end":{"line":54,"column":16}},"loc":{"start":{"line":54,"column":23},"end":{"line":57,"column":9}}}},"branchMap":{"0":{"loc":{"start":{"line":19,"column":4},"end":{"line":39,"column":5}},"type":"if","locations":[{"start":{"line":19,"column":4},"end":{"line":39,"column":5}}]},"1":{"loc":{"start":{"line":22,"column":28},"end":{"line":22,"column":60}},"type":"binary-expr","locations":[{"start":{"line":22,"column":28},"end":{"line":22,"column":49}},{"start":{"line":22,"column":53},"end":{"line":22,"column":60}}]},"2":{"loc":{"start":{"line":29,"column":12},"end":{"line":31,"column":13}},"type":"if","locations":[{"start":{"line":29,"column":12},"end":{"line":31,"column":13}}]},"3":{"loc":{"start":{"line":42,"column":4},"end":{"line":42,"column":47}},"type":"if","locations":[{"start":{"line":42,"column":4},"end":{"line":42,"column":47}}]},"4":{"loc":{"start":{"line":50,"column":10},"end":{"line":52,"column":11}},"type":"if","locations":[{"start":{"line":50,"column":10},"end":{"line":52,"column":11}}]}},"s":{"0":1,"1":1,"2":1,"3":1,"4":4,"5":3,"6":3,"7":0,"8":0,"9":0,"10":0,"11":0,"12":0,"13":0,"14":0,"15":0,"16":0,"17":3,"18":3,"19":1,"20":2,"21":2,"22":1,"23":1,"24":0,"25":1,"26":1,"27":1,"28":1},"f":{"0":3,"1":0,"2":0,"3":1,"4":1},"b":{"0":[0],"1":[0,0],"2":[0],"3":[1],"4":[0]}}
,"/Users/akilanlingam/hackathon-platform/apps/api/src/timeout.interceptor.ts": {"path":"/Users/akilanlingam/hackathon-platform/apps/api/src/timeout.interceptor.ts","statementMap":{"0":{"start":{"line":1,"column":0},"end":{"line":1,"column":null}},"1":{"start":{"line":8,"column":0},"end":{"line":8,"column":54}},"2":{"start":{"line":9,"column":0},"end":{"line":9,"column":60}},"3":{"start":{"line":10,"column":0},"end":{"line":10,"column":53}},"4":{"start":{"line":30,"column":52},"end":{"line":42,"column":2}},"5":{"start":{"line":45,"column":49},"end":{"line":48,"column":2}},"6":{"start":{"line":50,"column":27},"end":{"line":50,"column":33}},"7":{"start":{"line":53,"column":7},"end":{"line":92,"column":null}},"8":{"start":{"line":57,"column":4},"end":{"line":57,"column":31}},"9":{"start":{"line":61,"column":22},"end":{"line":61,"column":50}},"10":{"start":{"line":63,"column":4},"end":{"line":76,"column":6}},"11":{"start":{"line":66,"column":8},"end":{"line":73,"column":9}},"12":{"start":{"line":67,"column":10},"end":{"line":72,"column":12}},"13":{"start":{"line":69,"column":14},"end":{"line":70,"column":null}},"14":{"start":{"line":74,"column":8},"end":{"line":74,"column":37}},"15":{"start":{"line":74,"column":32},"end":{"line":74,"column":35}},"16":{"start":{"line":80,"column":4},"end":{"line":83,"column":5}},"17":{"start":{"line":81,"column":24},"end":{"line":81,"column":80}},"18":{"start":{"line":82,"column":6},"end":{"line":82,"column":62}},"19":{"start":{"line":85,"column":24},"end":{"line":85,"column":70}},"20":{"start":{"line":86,"column":18},"end":{"line":88,"column":45}},"21":{"start":{"line":87,"column":26},"end":{"line":87,"column":48}},"22":{"start":{"line":88,"column":22},"end":{"line":88,"column":41}},"23":{"start":{"line":90,"column":4},"end":{"line":90,"column":60}},"24":{"start":{"line":53,"column":13},"end":{"line":53,"column":31}},"25":{"start":{"line":53,"column":13},"end":{"line":92,"column":null}}},"fnMap":{"0":{"name":"(anonymous_2)","decl":{"start":{"line":56,"column":2},"end":{"line":56,"column":14}},"loc":{"start":{"line":56,"column":52},"end":{"line":58,"column":3}}},"1":{"name":"(anonymous_3)","decl":{"start":{"line":60,"column":2},"end":{"line":60,"column":11}},"loc":{"start":{"line":60,"column":56},"end":{"line":77,"column":3}}},"2":{"name":"(anonymous_4)","decl":{"start":{"line":65,"column":17},"end":{"line":65,"column":18}},"loc":{"start":{"line":65,"column":25},"end":{"line":75,"column":7}}},"3":{"name":"(anonymous_5)","decl":{"start":{"line":68,"column":12},"end":{"line":68,"column":15}},"loc":{"start":{"line":69,"column":14},"end":{"line":70,"column":null}}},"4":{"name":"(anonymous_6)","decl":{"start":{"line":74,"column":26},"end":{"line":74,"column":29}},"loc":{"start":{"line":74,"column":32},"end":{"line":74,"column":35}}},"5":{"name":"(anonymous_7)","decl":{"start":{"line":79,"column":10},"end":{"line":79,"column":24}},"loc":{"start":{"line":79,"column":50},"end":{"line":91,"column":3}}},"6":{"name":"(anonymous_8)","decl":{"start":{"line":87,"column":14},"end":{"line":87,"column":15}},"loc":{"start":{"line":87,"column":26},"end":{"line":87,"column":48}}},"7":{"name":"(anonymous_9)","decl":{"start":{"line":88,"column":12},"end":{"line":88,"column":13}},"loc":{"start":{"line":88,"column":22},"end":{"line":88,"column":41}}}},"branchMap":{"0":{"loc":{"start":{"line":56,"column":14},"end":{"line":56,"column":52}},"type":"default-arg","locations":[{"start":{"line":56,"column":34},"end":{"line":56,"column":52}}]},"1":{"loc":{"start":{"line":66,"column":8},"end":{"line":73,"column":9}},"type":"if","locations":[{"start":{"line":66,"column":8},"end":{"line":73,"column":9}}]},"2":{"loc":{"start":{"line":80,"column":4},"end":{"line":83,"column":5}},"type":"if","locations":[{"start":{"line":80,"column":4},"end":{"line":83,"column":5}}]},"3":{"loc":{"start":{"line":82,"column":13},"end":{"line":82,"column":61}},"type":"binary-expr","locations":[{"start":{"line":82,"column":13},"end":{"line":82,"column":43}},{"start":{"line":82,"column":47},"end":{"line":82,"column":61}}]},"4":{"loc":{"start":{"line":85,"column":24},"end":{"line":85,"column":70}},"type":"binary-expr","locations":[{"start":{"line":85,"column":24},"end":{"line":85,"column":64}},{"start":{"line":85,"column":68},"end":{"line":85,"column":70}}]},"5":{"loc":{"start":{"line":90,"column":11},"end":{"line":90,"column":59}},"type":"cond-expr","locations":[{"start":{"line":90,"column":19},"end":{"line":90,"column":42}},{"start":{"line":90,"column":45},"end":{"line":90,"column":59}}]}},"s":{"0":1,"1":1,"2":1,"3":1,"4":1,"5":1,"6":1,"7":1,"8":7,"9":3,"10":3,"11":1,"12":1,"13":1,"14":0,"15":0,"16":3,"17":0,"18":0,"19":3,"20":3,"21":6,"22":0,"23":3,"24":1,"25":1},"f":{"0":7,"1":3,"2":1,"3":1,"4":0,"5":3,"6":6,"7":0},"b":{"0":[1],"1":[1],"2":[0],"3":[0,0],"4":[3,0],"5":[0,3]}}
,"/Users/akilanlingam/hackathon-platform/apps/api/src/validation.pipe.ts": {"path":"/Users/akilanlingam/hackathon-platform/apps/api/src/validation.pipe.ts","statementMap":{"0":{"start":{"line":7,"column":0},"end":{"line":7,"column":16}},"1":{"start":{"line":1,"column":0},"end":{"line":1,"column":null}},"2":{"start":{"line":8,"column":2},"end":{"line":28,"column":5}},"3":{"start":{"line":16,"column":23},"end":{"line":21,"column":8}},"4":{"start":{"line":17,"column":28},"end":{"line":19,"column":27}},"5":{"start":{"line":20,"column":8},"end":{"line":20,"column":51}},"6":{"start":{"line":22,"column":6},"end":{"line":26,"column":9}}},"fnMap":{"0":{"name":"createValidationPipe","decl":{"start":{"line":7,"column":16},"end":{"line":7,"column":36}},"loc":{"start":{"line":7,"column":36},"end":{"line":29,"column":1}}},"1":{"name":"(anonymous_1)","decl":{"start":{"line":15,"column":22},"end":{"line":15,"column":23}},"loc":{"start":{"line":15,"column":52},"end":{"line":27,"column":5}}},"2":{"name":"(anonymous_2)","decl":{"start":{"line":16,"column":34},"end":{"line":16,"column":35}},"loc":{"start":{"line":16,"column":44},"end":{"line":21,"column":7}}}},"branchMap":{"0":{"loc":{"start":{"line":17,"column":28},"end":{"line":19,"column":27}},"type":"cond-expr","locations":[{"start":{"line":18,"column":12},"end":{"line":18,"column":55}},{"start":{"line":19,"column":12},"end":{"line":19,"column":27}}]}},"s":{"0":1,"1":1,"2":6,"3":0,"4":0,"5":0,"6":0},"f":{"0":6,"1":0,"2":0},"b":{"0":[0,0]}}
,"/Users/akilanlingam/hackathon-platform/apps/api/src/audit/audit.resolver.ts": {"path":"/Users/akilanlingam/hackathon-platform/apps/api/src/audit/audit.resolver.ts","statementMap":{"0":{"start":{"line":1,"column":0},"end":{"line":1,"column":56}},"1":{"start":{"line":2,"column":0},"end":{"line":2,"column":47}},"2":{"start":{"line":3,"column":0},"end":{"line":3,"column":46}},"3":{"start":{"line":4,"column":0},"end":{"line":4,"column":48}},"4":{"start":{"line":7,"column":7},"end":{"line":28,"column":null}},"5":{"start":{"line":8,"column":22},"end":{"line":8,"column":36}},"6":{"start":{"line":17,"column":4},"end":{"line":17,"column":62}},"7":{"start":{"line":26,"column":4},"end":{"line":26,"column":64}},"8":{"start":{"line":7,"column":13},"end":{"line":7,"column":26}},"9":{"start":{"line":12,"column":8},"end":{"line":18,"column":null}},"10":{"start":{"line":11,"column":15},"end":{"line":11,"column":30}},"11":{"start":{"line":22,"column":8},"end":{"line":27,"column":null}},"12":{"start":{"line":21,"column":15},"end":{"line":21,"column":30}},"13":{"start":{"line":7,"column":13},"end":{"line":28,"column":null}}},"fnMap":{"0":{"name":"(anonymous_4)","decl":{"start":{"line":8,"column":2},"end":{"line":8,"column":22}},"loc":{"start":{"line":8,"column":48},"end":{"line":8,"column":52}}},"1":{"name":"(anonymous_5)","decl":{"start":{"line":12,"column":2},"end":{"line":12,"column":7}},"loc":{"start":{"line":15,"column":51},"end":{"line":18,"column":3}}},"2":{"name":"(anonymous_6)","decl":{"start":{"line":22,"column":2},"end":{"line":22,"column":7}},"loc":{"start":{"line":24,"column":38},"end":{"line":27,"column":3}}},"3":{"name":"(anonymous_7)","decl":{"start":{"line":11,"column":9},"end":{"line":11,"column":12}},"loc":{"start":{"line":11,"column":15},"end":{"line":11,"column":30}}},"4":{"name":"(anonymous_8)","decl":{"start":{"line":21,"column":9},"end":{"line":21,"column":12}},"loc":{"start":{"line":21,"column":15},"end":{"line":21,"column":30}}}},"branchMap":{},"s":{"0":0,"1":0,"2":0,"3":0,"4":0,"5":0,"6":0,"7":0,"8":0,"9":0,"10":0,"11":0,"12":0,"13":0},"f":{"0":0,"1":0,"2":0,"3":0,"4":0},"b":{}}
,"/Users/akilanlingam/hackathon-platform/apps/api/src/audit/audit.service.ts": {"path":"/Users/akilanlingam/hackathon-platform/apps/api/src/audit/audit.service.ts","statementMap":{"0":{"start":{"line":1,"column":0},"end":{"line":1,"column":44}},"1":{"start":{"line":2,"column":0},"end":{"line":2,"column":57}},"2":{"start":{"line":6,"column":7},"end":{"line":50,"column":null}},"3":{"start":{"line":7,"column":22},"end":{"line":7,"column":30}},"4":{"start":{"line":19,"column":4},"end":{"line":30,"column":7}},"5":{"start":{"line":34,"column":4},"end":{"line":40,"column":7}},"6":{"start":{"line":44,"column":4},"end":{"line":48,"column":7}},"7":{"start":{"line":6,"column":13},"end":{"line":6,"column":25}},"8":{"start":{"line":6,"column":13},"end":{"line":50,"column":null}}},"fnMap":{"0":{"name":"(anonymous_2)","decl":{"start":{"line":7,"column":2},"end":{"line":7,"column":22}},"loc":{"start":{"line":7,"column":43},"end":{"line":7,"column":47}}},"1":{"name":"(anonymous_3)","decl":{"start":{"line":9,"column":2},"end":{"line":9,"column":7}},"loc":{"start":{"line":18,"column":3},"end":{"line":31,"column":3}}},"2":{"name":"(anonymous_4)","decl":{"start":{"line":33,"column":2},"end":{"line":33,"column":7}},"loc":{"start":{"line":33,"column":56},"end":{"line":41,"column":3}}},"3":{"name":"(anonymous_5)","decl":{"start":{"line":43,"column":2},"end":{"line":43,"column":7}},"loc":{"start":{"line":43,"column":57},"end":{"line":49,"column":3}}}},"branchMap":{"0":{"loc":{"start":{"line":22,"column":17},"end":{"line":22,"column":39}},"type":"binary-expr","locations":[{"start":{"line":22,"column":17},"end":{"line":22,"column":31}},{"start":{"line":22,"column":35},"end":{"line":22,"column":39}}]},"1":{"loc":{"start":{"line":26,"column":19},"end":{"line":26,"column":48}},"type":"binary-expr","locations":[{"start":{"line":26,"column":19},"end":{"line":26,"column":35}},{"start":{"line":26,"column":39},"end":{"line":26,"column":48}}]},"2":{"loc":{"start":{"line":27,"column":19},"end":{"line":27,"column":48}},"type":"binary-expr","locations":[{"start":{"line":27,"column":19},"end":{"line":27,"column":35}},{"start":{"line":27,"column":39},"end":{"line":27,"column":48}}]},"3":{"loc":{"start":{"line":28,"column":16},"end":{"line":28,"column":37}},"type":"binary-expr","locations":[{"start":{"line":28,"column":16},"end":{"line":28,"column":29}},{"start":{"line":28,"column":33},"end":{"line":28,"column":37}}]},"4":{"loc":{"start":{"line":33,"column":37},"end":{"line":33,"column":46}},"type":"default-arg","locations":[{"start":{"line":33,"column":44},"end":{"line":33,"column":46}}]},"5":{"loc":{"start":{"line":33,"column":48},"end":{"line":33,"column":56}},"type":"default-arg","locations":[{"start":{"line":33,"column":55},"end":{"line":33,"column":56}}]}},"s":{"0":1,"1":1,"2":1,"3":0,"4":0,"5":0,"6":0,"7":1,"8":1},"f":{"0":0,"1":0,"2":0,"3":0},"b":{"0":[0,0],"1":[0,0],"2":[0,0],"3":[0,0],"4":[0],"5":[0]}}
,"/Users/akilanlingam/hackathon-platform/apps/api/src/auth/auth.resolver.ts": {"path":"/Users/akilanlingam/hackathon-platform/apps/api/src/auth/auth.resolver.ts","statementMap":{"0":{"start":{"line":1,"column":0},"end":{"line":1,"column":75}},"1":{"start":{"line":3,"column":0},"end":{"line":3,"column":45}},"2":{"start":{"line":4,"column":0},"end":{"line":4,"column":86}},"3":{"start":{"line":7,"column":0},"end":{"line":7,"column":42}},"4":{"start":{"line":8,"column":0},"end":{"line":8,"column":55}},"5":{"start":{"line":9,"column":0},"end":{"line":9,"column":44}},"6":{"start":{"line":12,"column":7},"end":{"line":34,"column":null}},"7":{"start":{"line":13,"column":22},"end":{"line":13,"column":35}},"8":{"start":{"line":18,"column":4},"end":{"line":18,"column":63}},"9":{"start":{"line":27,"column":4},"end":{"line":27,"column":89}},"10":{"start":{"line":32,"column":4},"end":{"line":32,"column":49}},"11":{"start":{"line":12,"column":13},"end":{"line":12,"column":25}},"12":{"start":{"line":17,"column":8},"end":{"line":19,"column":null}},"13":{"start":{"line":16,"column":18},"end":{"line":16,"column":31}},"14":{"start":{"line":23,"column":8},"end":{"line":28,"column":null}},"15":{"start":{"line":22,"column":18},"end":{"line":22,"column":30}},"16":{"start":{"line":31,"column":8},"end":{"line":33,"column":null}},"17":{"start":{"line":30,"column":15},"end":{"line":30,"column":27}},"18":{"start":{"line":12,"column":13},"end":{"line":34,"column":null}}},"fnMap":{"0":{"name":"(anonymous_4)","decl":{"start":{"line":13,"column":2},"end":{"line":13,"column":22}},"loc":{"start":{"line":13,"column":46},"end":{"line":13,"column":50}}},"1":{"name":"(anonymous_5)","decl":{"start":{"line":17,"column":2},"end":{"line":17,"column":7}},"loc":{"start":{"line":17,"column":46},"end":{"line":19,"column":3}}},"2":{"name":"(anonymous_6)","decl":{"start":{"line":23,"column":2},"end":{"line":23,"column":7}},"loc":{"start":{"line":25,"column":28},"end":{"line":28,"column":3}}},"3":{"name":"(anonymous_7)","decl":{"start":{"line":31,"column":2},"end":{"line":31,"column":7}},"loc":{"start":{"line":31,"column":35},"end":{"line":33,"column":3}}},"4":{"name":"(anonymous_8)","decl":{"start":{"line":16,"column":12},"end":{"line":16,"column":15}},"loc":{"start":{"line":16,"column":18},"end":{"line":16,"column":31}}},"5":{"name":"(anonymous_9)","decl":{"start":{"line":22,"column":12},"end":{"line":22,"column":15}},"loc":{"start":{"line":22,"column":18},"end":{"line":22,"column":30}}},"6":{"name":"(anonymous_10)","decl":{"start":{"line":30,"column":9},"end":{"line":30,"column":12}},"loc":{"start":{"line":30,"column":15},"end":{"line":30,"column":27}}}},"branchMap":{},"s":{"0":0,"1":0,"2":0,"3":0,"4":0,"5":0,"6":0,"7":0,"8":0,"9":0,"10":0,"11":0,"12":0,"13":0,"14":0,"15":0,"16":0,"17":0,"18":0},"f":{"0":0,"1":0,"2":0,"3":0,"4":0,"5":0,"6":0},"b":{}}
,"/Users/akilanlingam/hackathon-platform/apps/api/src/auth/auth.service.ts": {"path":"/Users/akilanlingam/hackathon-platform/apps/api/src/auth/auth.service.ts","statementMap":{"0":{"start":{"line":1,"column":0},"end":{"line":1,"column":106}},"1":{"start":{"line":2,"column":0},"end":{"line":2,"column":41}},"2":{"start":{"line":3,"column":0},"end":{"line":3,"column":33}},"3":{"start":{"line":4,"column":0},"end":{"line":4,"column":57}},"4":{"start":{"line":5,"column":0},"end":{"line":5,"column":38}},"5":{"start":{"line":8,"column":7},"end":{"line":56,"column":null}},"6":{"start":{"line":10,"column":12},"end":{"line":10,"column":20}},"7":{"start":{"line":11,"column":12},"end":{"line":11,"column":24}},"8":{"start":{"line":15,"column":17},"end":{"line":15,"column":72}},"9":{"start":{"line":16,"column":4},"end":{"line":18,"column":5}},"10":{"start":{"line":17,"column":6},"end":{"line":17,"column":67}},"11":{"start":{"line":20,"column":18},"end":{"line":20,"column":67}},"12":{"start":{"line":21,"column":4},"end":{"line":23,"column":5}},"13":{"start":{"line":22,"column":6},"end":{"line":22,"column":67}},"14":{"start":{"line":25,"column":20},"end":{"line":25,"column":72}},"15":{"start":{"line":26,"column":4},"end":{"line":29,"column":6}},"16":{"start":{"line":34,"column":4},"end":{"line":36,"column":5}},"17":{"start":{"line":35,"column":6},"end":{"line":35,"column":75}},"18":{"start":{"line":38,"column":21},"end":{"line":38,"column":76}},"19":{"start":{"line":39,"column":4},"end":{"line":41,"column":5}},"20":{"start":{"line":40,"column":6},"end":{"line":40,"column":75}},"21":{"start":{"line":43,"column":25},"end":{"line":43,"column":56}},"22":{"start":{"line":44,"column":17},"end":{"line":46,"column":6}},"23":{"start":{"line":48,"column":4},"end":{"line":48,"column":63}},"24":{"start":{"line":52,"column":17},"end":{"line":52,"column":77}},"25":{"start":{"line":53,"column":4},"end":{"line":53,"column":65}},"26":{"start":{"line":53,"column":15},"end":{"line":53,"column":65}},"27":{"start":{"line":54,"column":4},"end":{"line":54,"column":63}},"28":{"start":{"line":8,"column":13},"end":{"line":8,"column":24}},"29":{"start":{"line":8,"column":13},"end":{"line":56,"column":null}}},"fnMap":{"0":{"name":"(anonymous_2)","decl":{"start":{"line":9,"column":2},"end":{"line":9,"column":null}},"loc":{"start":{"line":11,"column":34},"end":{"line":12,"column":6}}},"1":{"name":"(anonymous_3)","decl":{"start":{"line":14,"column":2},"end":{"line":14,"column":7}},"loc":{"start":{"line":14,"column":45},"end":{"line":30,"column":3}}},"2":{"name":"(anonymous_4)","decl":{"start":{"line":32,"column":2},"end":{"line":32,"column":7}},"loc":{"start":{"line":32,"column":86},"end":{"line":49,"column":3}}},"3":{"name":"(anonymous_5)","decl":{"start":{"line":51,"column":2},"end":{"line":51,"column":7}},"loc":{"start":{"line":51,"column":33},"end":{"line":55,"column":3}}}},"branchMap":{"0":{"loc":{"start":{"line":16,"column":4},"end":{"line":18,"column":5}},"type":"if","locations":[{"start":{"line":16,"column":4},"end":{"line":18,"column":5}}]},"1":{"loc":{"start":{"line":21,"column":4},"end":{"line":23,"column":5}},"type":"if","locations":[{"start":{"line":21,"column":4},"end":{"line":23,"column":5}}]},"2":{"loc":{"start":{"line":34,"column":4},"end":{"line":36,"column":5}},"type":"if","locations":[{"start":{"line":34,"column":4},"end":{"line":36,"column":5}}]},"3":{"loc":{"start":{"line":39,"column":4},"end":{"line":41,"column":5}},"type":"if","locations":[{"start":{"line":39,"column":4},"end":{"line":41,"column":5}}]},"4":{"loc":{"start":{"line":53,"column":4},"end":{"line":53,"column":65}},"type":"if","locations":[{"start":{"line":53,"column":4},"end":{"line":53,"column":65}}]}},"s":{"0":0,"1":0,"2":0,"3":0,"4":0,"5":0,"6":0,"7":0,"8":0,"9":0,"10":0,"11":0,"12":0,"13":0,"14":0,"15":0,"16":0,"17":0,"18":0,"19":0,"20":0,"21":0,"22":0,"23":0,"24":0,"25":0,"26":0,"27":0,"28":0,"29":0},"f":{"0":0,"1":0,"2":0,"3":0},"b":{"0":[0],"1":[0],"2":[0],"3":[0],"4":[0]}}
,"/Users/akilanlingam/hackathon-platform/apps/api/src/auth/current-user.decorator.ts": {"path":"/Users/akilanlingam/hackathon-platform/apps/api/src/auth/current-user.decorator.ts","statementMap":{"0":{"start":{"line":1,"column":0},"end":{"line":1,"column":72}},"1":{"start":{"line":2,"column":0},"end":{"line":2,"column":54}},"2":{"start":{"line":4,"column":13},"end":{"line":9,"column":2}},"3":{"start":{"line":6,"column":16},"end":{"line":6,"column":51}},"4":{"start":{"line":7,"column":4},"end":{"line":7,"column":37}}},"fnMap":{"0":{"name":"(anonymous_0)","decl":{"start":{"line":5,"column":2},"end":{"line":5,"column":3}},"loc":{"start":{"line":5,"column":47},"end":{"line":8,"column":3}}}},"branchMap":{},"s":{"0":0,"1":0,"2":0,"3":0,"4":0},"f":{"0":0},"b":{}}
,"/Users/akilanlingam/hackathon-platform/apps/api/src/auth/event-scope.guard.ts": {"path":"/Users/akilanlingam/hackathon-platform/apps/api/src/auth/event-scope.guard.ts","statementMap":{"0":{"start":{"line":1,"column":0},"end":{"line":1,"column":null}},"1":{"start":{"line":7,"column":0},"end":{"line":7,"column":54}},"2":{"start":{"line":8,"column":0},"end":{"line":8,"column":41}},"3":{"start":{"line":9,"column":0},"end":{"line":9,"column":57}},"4":{"start":{"line":10,"column":0},"end":{"line":10,"column":51}},"5":{"start":{"line":39,"column":7},"end":{"line":97,"column":null}},"6":{"start":{"line":41,"column":12},"end":{"line":41,"column":23}},"7":{"start":{"line":42,"column":12},"end":{"line":42,"column":20}},"8":{"start":{"line":46,"column":21},"end":{"line":49,"column":6}},"9":{"start":{"line":50,"column":4},"end":{"line":50,"column":30}},"10":{"start":{"line":50,"column":18},"end":{"line":50,"column":30}},"11":{"start":{"line":53,"column":4},"end":{"line":53,"column":61}},"12":{"start":{"line":53,"column":49},"end":{"line":53,"column":61}},"13":{"start":{"line":55,"column":16},"end":{"line":55,"column":51}},"14":{"start":{"line":56,"column":17},"end":{"line":56,"column":43}},"15":{"start":{"line":57,"column":4},"end":{"line":57,"column":27}},"16":{"start":{"line":57,"column":15},"end":{"line":57,"column":27}},"17":{"start":{"line":60,"column":4},"end":{"line":60,"column":49}},"18":{"start":{"line":60,"column":37},"end":{"line":60,"column":49}},"19":{"start":{"line":62,"column":20},"end":{"line":62,"column":51}},"20":{"start":{"line":63,"column":4},"end":{"line":63,"column":30}},"21":{"start":{"line":63,"column":18},"end":{"line":63,"column":30}},"22":{"start":{"line":65,"column":24},"end":{"line":67,"column":6}},"23":{"start":{"line":70,"column":4},"end":{"line":70,"column":39}},"24":{"start":{"line":70,"column":27},"end":{"line":70,"column":39}},"25":{"start":{"line":72,"column":21},"end":{"line":75,"column":6}},"26":{"start":{"line":77,"column":4},"end":{"line":81,"column":5}},"27":{"start":{"line":78,"column":6},"end":{"line":80,"column":8}},"28":{"start":{"line":83,"column":4},"end":{"line":83,"column":16}},"29":{"start":{"line":93,"column":4},"end":{"line":93,"column":63}},"30":{"start":{"line":93,"column":43},"end":{"line":93,"column":63}},"31":{"start":{"line":94,"column":4},"end":{"line":94,"column":76}},"32":{"start":{"line":94,"column":50},"end":{"line":94,"column":76}},"33":{"start":{"line":95,"column":4},"end":{"line":95,"column":16}},"34":{"start":{"line":39,"column":13},"end":{"line":39,"column":28}},"35":{"start":{"line":39,"column":13},"end":{"line":97,"column":null}}},"fnMap":{"0":{"name":"(anonymous_2)","decl":{"start":{"line":40,"column":2},"end":{"line":40,"column":null}},"loc":{"start":{"line":42,"column":33},"end":{"line":43,"column":6}}},"1":{"name":"(anonymous_3)","decl":{"start":{"line":45,"column":2},"end":{"line":45,"column":7}},"loc":{"start":{"line":45,"column":45},"end":{"line":84,"column":3}}},"2":{"name":"(anonymous_4)","decl":{"start":{"line":92,"column":10},"end":{"line":92,"column":21}},"loc":{"start":{"line":92,"column":47},"end":{"line":96,"column":3}}}},"branchMap":{"0":{"loc":{"start":{"line":50,"column":4},"end":{"line":50,"column":30}},"type":"if","locations":[{"start":{"line":50,"column":4},"end":{"line":50,"column":30}}]},"1":{"loc":{"start":{"line":53,"column":4},"end":{"line":53,"column":61}},"type":"if","locations":[{"start":{"line":53,"column":4},"end":{"line":53,"column":61}}]},"2":{"loc":{"start":{"line":57,"column":4},"end":{"line":57,"column":27}},"type":"if","locations":[{"start":{"line":57,"column":4},"end":{"line":57,"column":27}}]},"3":{"loc":{"start":{"line":60,"column":4},"end":{"line":60,"column":49}},"type":"if","locations":[{"start":{"line":60,"column":4},"end":{"line":60,"column":49}}]},"4":{"loc":{"start":{"line":63,"column":4},"end":{"line":63,"column":30}},"type":"if","locations":[{"start":{"line":63,"column":4},"end":{"line":63,"column":30}}]},"5":{"loc":{"start":{"line":70,"column":4},"end":{"line":70,"column":39}},"type":"if","locations":[{"start":{"line":70,"column":4},"end":{"line":70,"column":39}}]},"6":{"loc":{"start":{"line":77,"column":4},"end":{"line":81,"column":5}},"type":"if","locations":[{"start":{"line":77,"column":4},"end":{"line":81,"column":5}}]},"7":{"loc":{"start":{"line":93,"column":4},"end":{"line":93,"column":63}},"type":"if","locations":[{"start":{"line":93,"column":4},"end":{"line":93,"column":63}}]},"8":{"loc":{"start":{"line":94,"column":4},"end":{"line":94,"column":76}},"type":"if","locations":[{"start":{"line":94,"column":4},"end":{"line":94,"column":76}}]}},"s":{"0":0,"1":0,"2":0,"3":0,"4":0,"5":0,"6":0,"7":0,"8":0,"9":0,"10":0,"11":0,"12":0,"13":0,"14":0,"15":0,"16":0,"17":0,"18":0,"19":0,"20":0,"21":0,"22":0,"23":0,"24":0,"25":0,"26":0,"27":0,"28":0,"29":0,"30":0,"31":0,"32":0,"33":0,"34":0,"35":0},"f":{"0":0,"1":0,"2":0},"b":{"0":[0],"1":[0],"2":[0],"3":[0],"4":[0],"5":[0],"6":[0],"7":[0],"8":[0]}}
,"/Users/akilanlingam/hackathon-platform/apps/api/src/auth/jwt-auth.guard.ts": {"path":"/Users/akilanlingam/hackathon-platform/apps/api/src/auth/jwt-auth.guard.ts","statementMap":{"0":{"start":{"line":1,"column":0},"end":{"line":1,"column":62}},"1":{"start":{"line":2,"column":0},"end":{"line":2,"column":45}},"2":{"start":{"line":3,"column":0},"end":{"line":3,"column":54}},"3":{"start":{"line":4,"column":0},"end":{"line":4,"column":41}},"4":{"start":{"line":5,"column":0},"end":{"line":5,"column":51}},"5":{"start":{"line":8,"column":7},"end":{"line":26,"column":null}},"6":{"start":{"line":10,"column":4},"end":{"line":10,"column":12}},"7":{"start":{"line":9,"column":22},"end":{"line":9,"column":33}},"8":{"start":{"line":14,"column":21},"end":{"line":17,"column":6}},"9":{"start":{"line":18,"column":4},"end":{"line":18,"column":30}},"10":{"start":{"line":18,"column":18},"end":{"line":18,"column":30}},"11":{"start":{"line":19,"column":4},"end":{"line":19,"column":38}},"12":{"start":{"line":23,"column":16},"end":{"line":23,"column":51}},"13":{"start":{"line":24,"column":4},"end":{"line":24,"column":32}},"14":{"start":{"line":8,"column":13},"end":{"line":8,"column":25}},"15":{"start":{"line":8,"column":13},"end":{"line":26,"column":null}}},"fnMap":{"0":{"name":"(anonymous_2)","decl":{"start":{"line":9,"column":2},"end":{"line":9,"column":22}},"loc":{"start":{"line":9,"column":42},"end":{"line":11,"column":3}}},"1":{"name":"(anonymous_3)","decl":{"start":{"line":13,"column":2},"end":{"line":13,"column":13}},"loc":{"start":{"line":13,"column":39},"end":{"line":20,"column":3}}},"2":{"name":"(anonymous_4)","decl":{"start":{"line":22,"column":2},"end":{"line":22,"column":12}},"loc":{"start":{"line":22,"column":38},"end":{"line":25,"column":3}}}},"branchMap":{"0":{"loc":{"start":{"line":18,"column":4},"end":{"line":18,"column":30}},"type":"if","locations":[{"start":{"line":18,"column":4},"end":{"line":18,"column":30}}]}},"s":{"0":0,"1":0,"2":0,"3":0,"4":0,"5":0,"6":0,"7":0,"8":0,"9":0,"10":0,"11":0,"12":0,"13":0,"14":0,"15":0},"f":{"0":0,"1":0,"2":0},"b":{"0":[0]}}
,"/Users/akilanlingam/hackathon-platform/apps/api/src/auth/jwt.strategy.ts": {"path":"/Users/akilanlingam/hackathon-platform/apps/api/src/auth/jwt.strategy.ts","statementMap":{"0":{"start":{"line":1,"column":0},"end":{"line":1,"column":44}},"1":{"start":{"line":2,"column":0},"end":{"line":2,"column":52}},"2":{"start":{"line":3,"column":0},"end":{"line":3,"column":52}},"3":{"start":{"line":4,"column":0},"end":{"line":4,"column":47}},"4":{"start":{"line":7,"column":7},"end":{"line":19,"column":null}},"5":{"start":{"line":9,"column":4},"end":{"line":13,"column":7}},"6":{"start":{"line":17,"column":4},"end":{"line":17,"column":74}},"7":{"start":{"line":7,"column":13},"end":{"line":7,"column":24}},"8":{"start":{"line":7,"column":13},"end":{"line":19,"column":null}}},"fnMap":{"0":{"name":"(anonymous_2)","decl":{"start":{"line":8,"column":2},"end":{"line":8,"column":14}},"loc":{"start":{"line":8,"column":35},"end":{"line":14,"column":3}}},"1":{"name":"(anonymous_3)","decl":{"start":{"line":16,"column":2},"end":{"line":16,"column":7}},"loc":{"start":{"line":16,"column":29},"end":{"line":18,"column":3}}}},"branchMap":{},"s":{"0":0,"1":0,"2":0,"3":0,"4":0,"5":0,"6":0,"7":0,"8":0},"f":{"0":0,"1":0},"b":{}}
,"/Users/akilanlingam/hackathon-platform/apps/api/src/auth/public.decorator.ts": {"path":"/Users/akilanlingam/hackathon-platform/apps/api/src/auth/public.decorator.ts","statementMap":{"0":{"start":{"line":1,"column":0},"end":{"line":1,"column":45}},"1":{"start":{"line":3,"column":13},"end":{"line":3,"column":40}},"2":{"start":{"line":4,"column":22},"end":{"line":4,"column":60}},"3":{"start":{"line":4,"column":28},"end":{"line":4,"column":60}},"4":{"start":{"line":4,"column":13},"end":{"line":4,"column":22}}},"fnMap":{"0":{"name":"(anonymous_0)","decl":{"start":{"line":4,"column":22},"end":{"line":4,"column":25}},"loc":{"start":{"line":4,"column":28},"end":{"line":4,"column":60}}}},"branchMap":{},"s":{"0":1,"1":1,"2":1,"3":1,"4":1},"f":{"0":1},"b":{}}
,"/Users/akilanlingam/hackathon-platform/apps/api/src/auth/roles.decorator.ts": {"path":"/Users/akilanlingam/hackathon-platform/apps/api/src/auth/roles.decorator.ts","statementMap":{"0":{"start":{"line":1,"column":0},"end":{"line":1,"column":45}},"1":{"start":{"line":3,"column":13},"end":{"line":3,"column":33}},"2":{"start":{"line":4,"column":21},"end":{"line":4,"column":74}},"3":{"start":{"line":4,"column":45},"end":{"line":4,"column":74}},"4":{"start":{"line":4,"column":13},"end":{"line":4,"column":21}}},"fnMap":{"0":{"name":"(anonymous_0)","decl":{"start":{"line":4,"column":21},"end":{"line":4,"column":22}},"loc":{"start":{"line":4,"column":45},"end":{"line":4,"column":74}}}},"branchMap":{},"s":{"0":0,"1":0,"2":0,"3":0,"4":0},"f":{"0":0},"b":{}}
,"/Users/akilanlingam/hackathon-platform/apps/api/src/auth/roles.guard.ts": {"path":"/Users/akilanlingam/hackathon-platform/apps/api/src/auth/roles.guard.ts","statementMap":{"0":{"start":{"line":1,"column":0},"end":{"line":1,"column":75}},"1":{"start":{"line":2,"column":0},"end":{"line":2,"column":41}},"2":{"start":{"line":3,"column":0},"end":{"line":3,"column":54}},"3":{"start":{"line":4,"column":0},"end":{"line":4,"column":46}},"4":{"start":{"line":5,"column":0},"end":{"line":5,"column":51}},"5":{"start":{"line":14,"column":20},"end":{"line":14,"column":33}},"6":{"start":{"line":19,"column":7},"end":{"line":64,"column":null}},"7":{"start":{"line":20,"column":22},"end":{"line":20,"column":33}},"8":{"start":{"line":23,"column":21},"end":{"line":26,"column":6}},"9":{"start":{"line":27,"column":4},"end":{"line":27,"column":30}},"10":{"start":{"line":27,"column":18},"end":{"line":27,"column":30}},"11":{"start":{"line":29,"column":26},"end":{"line":32,"column":6}},"12":{"start":{"line":33,"column":4},"end":{"line":33,"column":36}},"13":{"start":{"line":33,"column":24},"end":{"line":33,"column":36}},"14":{"start":{"line":35,"column":17},"end":{"line":35,"column":38}},"15":{"start":{"line":36,"column":4},"end":{"line":36,"column":28}},"16":{"start":{"line":36,"column":15},"end":{"line":36,"column":28}},"17":{"start":{"line":40,"column":17},"end":{"line":40,"column":26}},"18":{"start":{"line":41,"column":4},"end":{"line":41,"column":28}},"19":{"start":{"line":41,"column":15},"end":{"line":41,"column":28}},"20":{"start":{"line":43,"column":4},"end":{"line":43,"column":42}},"21":{"start":{"line":43,"column":30},"end":{"line":43,"column":42}},"22":{"start":{"line":45,"column":4},"end":{"line":45,"column":40}},"23":{"start":{"line":57,"column":4},"end":{"line":60,"column":5}},"24":{"start":{"line":58,"column":25},"end":{"line":58,"column":73}},"25":{"start":{"line":59,"column":6},"end":{"line":59,"column":43}},"26":{"start":{"line":62,"column":4},"end":{"line":62,"column":61}},"27":{"start":{"line":19,"column":13},"end":{"line":19,"column":23}},"28":{"start":{"line":19,"column":13},"end":{"line":64,"column":null}}},"fnMap":{"0":{"name":"(anonymous_2)","decl":{"start":{"line":20,"column":2},"end":{"line":20,"column":22}},"loc":{"start":{"line":20,"column":42},"end":{"line":20,"column":46}}},"1":{"name":"(anonymous_3)","decl":{"start":{"line":22,"column":2},"end":{"line":22,"column":13}},"loc":{"start":{"line":22,"column":39},"end":{"line":46,"column":3}}},"2":{"name":"(anonymous_4)","decl":{"start":{"line":56,"column":10},"end":{"line":56,"column":17}},"loc":{"start":{"line":56,"column":43},"end":{"line":63,"column":3}}}},"branchMap":{"0":{"loc":{"start":{"line":27,"column":4},"end":{"line":27,"column":30}},"type":"if","locations":[{"start":{"line":27,"column":4},"end":{"line":27,"column":30}}]},"1":{"loc":{"start":{"line":33,"column":4},"end":{"line":33,"column":36}},"type":"if","locations":[{"start":{"line":33,"column":4},"end":{"line":33,"column":36}}]},"2":{"loc":{"start":{"line":36,"column":4},"end":{"line":36,"column":28}},"type":"if","locations":[{"start":{"line":36,"column":4},"end":{"line":36,"column":28}}]},"3":{"loc":{"start":{"line":41,"column":4},"end":{"line":41,"column":28}},"type":"if","locations":[{"start":{"line":41,"column":4},"end":{"line":41,"column":28}}]},"4":{"loc":{"start":{"line":43,"column":4},"end":{"line":43,"column":42}},"type":"if","locations":[{"start":{"line":43,"column":4},"end":{"line":43,"column":42}}]},"5":{"loc":{"start":{"line":57,"column":4},"end":{"line":60,"column":5}},"type":"if","locations":[{"start":{"line":57,"column":4},"end":{"line":60,"column":5}}]},"6":{"loc":{"start":{"line":59,"column":13},"end":{"line":59,"column":42}},"type":"binary-expr","locations":[{"start":{"line":59,"column":13},"end":{"line":59,"column":34}},{"start":{"line":59,"column":38},"end":{"line":59,"column":42}}]},"7":{"loc":{"start":{"line":62,"column":11},"end":{"line":62,"column":60}},"type":"binary-expr","locations":[{"start":{"line":62,"column":11},"end":{"line":62,"column":52}},{"start":{"line":62,"column":56},"end":{"line":62,"column":60}}]}},"s":{"0":0,"1":0,"2":0,"3":0,"4":0,"5":0,"6":0,"7":0,"8":0,"9":0,"10":0,"11":0,"12":0,"13":0,"14":0,"15":0,"16":0,"17":0,"18":0,"19":0,"20":0,"21":0,"22":0,"23":0,"24":0,"25":0,"26":0,"27":0,"28":0},"f":{"0":0,"1":0,"2":0},"b":{"0":[0],"1":[0],"2":[0],"3":[0],"4":[0],"5":[0],"6":[0,0],"7":[0,0]}}
,"/Users/akilanlingam/hackathon-platform/apps/api/src/common/event-time.ts": {"path":"/Users/akilanlingam/hackathon-platform/apps/api/src/common/event-time.ts","statementMap":{"0":{"start":{"line":30,"column":0},"end":{"line":30,"column":16}},"1":{"start":{"line":41,"column":0},"end":{"line":41,"column":16}},"2":{"start":{"line":52,"column":0},"end":{"line":52,"column":16}},"3":{"start":{"line":57,"column":0},"end":{"line":57,"column":16}},"4":{"start":{"line":71,"column":0},"end":{"line":71,"column":16}},"5":{"start":{"line":111,"column":0},"end":{"line":111,"column":16}},"6":{"start":{"line":141,"column":0},"end":{"line":141,"column":16}},"7":{"start":{"line":22,"column":18},"end":{"line":22,"column":20}},"8":{"start":{"line":31,"column":12},"end":{"line":31,"column":60}},"9":{"start":{"line":32,"column":15},"end":{"line":36,"column":14}},"10":{"start":{"line":37,"column":2},"end":{"line":37,"column":28}},"11":{"start":{"line":42,"column":12},"end":{"line":42,"column":60}},"12":{"start":{"line":43,"column":2},"end":{"line":48,"column":15}},"13":{"start":{"line":53,"column":2},"end":{"line":53,"column":47}},"14":{"start":{"line":58,"column":2},"end":{"line":58,"column":49}},"15":{"start":{"line":77,"column":20},"end":{"line":77,"column":50}},"16":{"start":{"line":81,"column":16},"end":{"line":81,"column":54}},"17":{"start":{"line":82,"column":17},"end":{"line":82,"column":57}},"18":{"start":{"line":83,"column":2},"end":{"line":83,"column":43}},"19":{"start":{"line":88,"column":16},"end":{"line":93,"column":22}},"20":{"start":{"line":95,"column":14},"end":{"line":95,"column":84}},"21":{"start":{"line":95,"column":32},"end":{"line":95,"column":84}},"22":{"start":{"line":95,"column":55},"end":{"line":95,"column":70}},"23":{"start":{"line":96,"column":16},"end":{"line":98,"column":null}},"24":{"start":{"line":101,"column":2},"end":{"line":101,"column":53}},"25":{"start":{"line":116,"column":2},"end":{"line":121,"column":3}},"26":{"start":{"line":117,"column":4},"end":{"line":120,"column":6}},"27":{"start":{"line":122,"column":2},"end":{"line":127,"column":3}},"28":{"start":{"line":123,"column":4},"end":{"line":126,"column":6}},"29":{"start":{"line":128,"column":2},"end":{"line":131,"column":4}},"30":{"start":{"line":142,"column":13},"end":{"line":142,"column":28}},"31":{"start":{"line":143,"column":2},"end":{"line":143,"column":51}},"32":{"start":{"line":143,"column":27},"end":{"line":143,"column":51}},"33":{"start":{"line":144,"column":2},"end":{"line":144,"column":12}}},"fnMap":{"0":{"name":"localHour","decl":{"start":{"line":30,"column":16},"end":{"line":30,"column":25}},"loc":{"start":{"line":30,"column":63},"end":{"line":38,"column":1}}},"1":{"name":"localDate","decl":{"start":{"line":41,"column":16},"end":{"line":41,"column":25}},"loc":{"start":{"line":41,"column":63},"end":{"line":49,"column":1}}},"2":{"name":"isMorning","decl":{"start":{"line":52,"column":16},"end":{"line":52,"column":25}},"loc":{"start":{"line":52,"column":63},"end":{"line":54,"column":1}}},"3":{"name":"halfDay","decl":{"start":{"line":57,"column":16},"end":{"line":57,"column":23}},"loc":{"start":{"line":57,"column":61},"end":{"line":59,"column":1}}},"4":{"name":"zonedTimeToUtc","decl":{"start":{"line":71,"column":16},"end":{"line":71,"column":30}},"loc":{"start":{"line":75,"column":18},"end":{"line":84,"column":1}}},"5":{"name":"offsetMinutes","decl":{"start":{"line":87,"column":9},"end":{"line":87,"column":22}},"loc":{"start":{"line":87,"column":49},"end":{"line":102,"column":1}}},"6":{"name":"(anonymous_6)","decl":{"start":{"line":95,"column":14},"end":{"line":95,"column":15}},"loc":{"start":{"line":95,"column":32},"end":{"line":95,"column":84}}},"7":{"name":"(anonymous_7)","decl":{"start":{"line":95,"column":50},"end":{"line":95,"column":51}},"loc":{"start":{"line":95,"column":55},"end":{"line":95,"column":70}}},"8":{"name":"halfDayWindow","decl":{"start":{"line":111,"column":16},"end":{"line":111,"column":29}},"loc":{"start":{"line":114,"column":18},"end":{"line":132,"column":1}}},"9":{"name":"eventTimezone","decl":{"start":{"line":141,"column":16},"end":{"line":141,"column":29}},"loc":{"start":{"line":141,"column":72},"end":{"line":145,"column":1}}}},"branchMap":{"0":{"loc":{"start":{"line":31,"column":12},"end":{"line":31,"column":60}},"type":"cond-expr","locations":[{"start":{"line":31,"column":39},"end":{"line":31,"column":53}},{"start":{"line":31,"column":56},"end":{"line":31,"column":60}}]},"1":{"loc":{"start":{"line":42,"column":12},"end":{"line":42,"column":60}},"type":"cond-expr","locations":[{"start":{"line":42,"column":39},"end":{"line":42,"column":53}},{"start":{"line":42,"column":56},"end":{"line":42,"column":60}}]},"2":{"loc":{"start":{"line":58,"column":9},"end":{"line":58,"column":48}},"type":"cond-expr","locations":[{"start":{"line":58,"column":37},"end":{"line":58,"column":41}},{"start":{"line":58,"column":44},"end":{"line":58,"column":48}}]},"3":{"loc":{"start":{"line":95,"column":39},"end":{"line":95,"column":83}},"type":"binary-expr","locations":[{"start":{"line":95,"column":39},"end":{"line":95,"column":78}},{"start":{"line":95,"column":82},"end":{"line":95,"column":83}}]},"4":{"loc":{"start":{"line":116,"column":2},"end":{"line":121,"column":3}},"type":"if","locations":[{"start":{"line":116,"column":2},"end":{"line":121,"column":3}}]},"5":{"loc":{"start":{"line":122,"column":2},"end":{"line":127,"column":3}},"type":"if","locations":[{"start":{"line":122,"column":2},"end":{"line":127,"column":3}}]},"6":{"loc":{"start":{"line":143,"column":2},"end":{"line":143,"column":51}},"type":"if","locations":[{"start":{"line":143,"column":2},"end":{"line":143,"column":51}}]},"7":{"loc":{"start":{"line":143,"column":6},"end":{"line":143,"column":25}},"type":"binary-expr","locations":[{"start":{"line":143,"column":6},"end":{"line":143,"column":9}},{"start":{"line":143,"column":13},"end":{"line":143,"column":25}}]}},"s":{"0":0,"1":0,"2":0,"3":0,"4":0,"5":0,"6":0,"7":0,"8":0,"9":0,"10":0,"11":0,"12":0,"13":0,"14":0,"15":0,"16":0,"17":0,"18":0,"19":0,"20":0,"21":0,"22":0,"23":0,"24":0,"25":0,"26":0,"27":0,"28":0,"29":0,"30":0,"31":0,"32":0,"33":0},"f":{"0":0,"1":0,"2":0,"3":0,"4":0,"5":0,"6":0,"7":0,"8":0,"9":0},"b":{"0":[0,0],"1":[0,0],"2":[0,0],"3":[0,0],"4":[0],"5":[0],"6":[0],"7":[0,0]}}
,"/Users/akilanlingam/hackathon-platform/apps/api/src/common/spreadsheet.ts": {"path":"/Users/akilanlingam/hackathon-platform/apps/api/src/common/spreadsheet.ts","statementMap":{"0":{"start":{"line":32,"column":0},"end":{"line":32,"column":16}},"1":{"start":{"line":1,"column":0},"end":{"line":1,"column":34}},"2":{"start":{"line":2,"column":0},"end":{"line":2,"column":29}},"3":{"start":{"line":3,"column":0},"end":{"line":3,"column":53}},"4":{"start":{"line":25,"column":2},"end":{"line":29,"column":32}},"5":{"start":{"line":33,"column":2},"end":{"line":35,"column":3}},"6":{"start":{"line":34,"column":4},"end":{"line":34,"column":76}},"7":{"start":{"line":37,"column":15},"end":{"line":37,"column":54}},"8":{"start":{"line":38,"column":18},"end":{"line":40,"column":39}},"9":{"start":{"line":42,"column":15},"end":{"line":42,"column":58}},"10":{"start":{"line":44,"column":2},"end":{"line":48,"column":3}},"11":{"start":{"line":45,"column":4},"end":{"line":47,"column":6}},"12":{"start":{"line":50,"column":2},"end":{"line":50,"column":14}},"13":{"start":{"line":55,"column":2},"end":{"line":62,"column":3}},"14":{"start":{"line":56,"column":4},"end":{"line":56,"column":75}},"15":{"start":{"line":58,"column":4},"end":{"line":61,"column":6}},"16":{"start":{"line":66,"column":20},"end":{"line":66,"column":42}},"17":{"start":{"line":67,"column":2},"end":{"line":67,"column":78}},"18":{"start":{"line":67,"column":18},"end":{"line":67,"column":78}},"19":{"start":{"line":69,"column":16},"end":{"line":69,"column":42}},"20":{"start":{"line":74,"column":14},"end":{"line":74,"column":78}},"21":{"start":{"line":76,"column":2},"end":{"line":88,"column":59}},"22":{"start":{"line":77,"column":37},"end":{"line":77,"column":39}},"23":{"start":{"line":78,"column":4},"end":{"line":86,"column":5}},"24":{"start":{"line":79,"column":16},"end":{"line":79,"column":36}},"25":{"start":{"line":80,"column":6},"end":{"line":80,"column":23}},"26":{"start":{"line":80,"column":14},"end":{"line":80,"column":23}},"27":{"start":{"line":83,"column":6},"end":{"line":85,"column":37}},"28":{"start":{"line":87,"column":4},"end":{"line":87,"column":15}},"29":{"start":{"line":88,"column":19},"end":{"line":88,"column":57}},"30":{"start":{"line":88,"column":48},"end":{"line":88,"column":56}},"31":{"start":{"line":92,"column":15},"end":{"line":92,"column":67}},"32":{"start":{"line":94,"column":17},"end":{"line":98,"column":4}},"33":{"start":{"line":103,"column":20},"end":{"line":104,"column":null}},"34":{"start":{"line":104,"column":9},"end":{"line":104,"column":87}},"35":{"start":{"line":107,"column":2},"end":{"line":114,"column":3}},"36":{"start":{"line":108,"column":18},"end":{"line":108,"column":30}},"37":{"start":{"line":109,"column":4},"end":{"line":113,"column":6}},"38":{"start":{"line":116,"column":2},"end":{"line":118,"column":4}},"39":{"start":{"line":117,"column":11},"end":{"line":117,"column":77}},"40":{"start":{"line":117,"column":47},"end":{"line":117,"column":76}}},"fnMap":{"0":{"name":"normaliseHeader","decl":{"start":{"line":24,"column":9},"end":{"line":24,"column":24}},"loc":{"start":{"line":24,"column":39},"end":{"line":30,"column":1}}},"1":{"name":"parseSpreadsheet","decl":{"start":{"line":32,"column":16},"end":{"line":32,"column":32}},"loc":{"start":{"line":32,"column":58},"end":{"line":51,"column":1}}},"2":{"name":"parseExcel","decl":{"start":{"line":53,"column":9},"end":{"line":53,"column":19}},"loc":{"start":{"line":53,"column":45},"end":{"line":89,"column":1}}},"3":{"name":"(anonymous_3)","decl":{"start":{"line":76,"column":17},"end":{"line":76,"column":20}},"loc":{"start":{"line":76,"column":23},"end":{"line":88,"column":3}}},"4":{"name":"(anonymous_4)","decl":{"start":{"line":88,"column":12},"end":{"line":88,"column":15}},"loc":{"start":{"line":88,"column":19},"end":{"line":88,"column":57}}},"5":{"name":"(anonymous_5)","decl":{"start":{"line":88,"column":43},"end":{"line":88,"column":44}},"loc":{"start":{"line":88,"column":48},"end":{"line":88,"column":56}}},"6":{"name":"parseCsv","decl":{"start":{"line":91,"column":9},"end":{"line":91,"column":17}},"loc":{"start":{"line":91,"column":43},"end":{"line":119,"column":1}}},"7":{"name":"(anonymous_7)","decl":{"start":{"line":104,"column":4},"end":{"line":104,"column":5}},"loc":{"start":{"line":104,"column":9},"end":{"line":104,"column":87}}},"8":{"name":"(anonymous_8)","decl":{"start":{"line":117,"column":4},"end":{"line":117,"column":7}},"loc":{"start":{"line":117,"column":11},"end":{"line":117,"column":77}}},"9":{"name":"(anonymous_9)","decl":{"start":{"line":117,"column":42},"end":{"line":117,"column":43}},"loc":{"start":{"line":117,"column":47},"end":{"line":117,"column":76}}}},"branchMap":{"0":{"loc":{"start":{"line":25,"column":16},"end":{"line":25,"column":28}},"type":"binary-expr","locations":[{"start":{"line":25,"column":16},"end":{"line":25,"column":22}},{"start":{"line":25,"column":26},"end":{"line":25,"column":28}}]},"1":{"loc":{"start":{"line":33,"column":2},"end":{"line":35,"column":3}},"type":"if","locations":[{"start":{"line":33,"column":2},"end":{"line":35,"column":3}}]},"2":{"loc":{"start":{"line":37,"column":16},"end":{"line":37,"column":39}},"type":"binary-expr","locations":[{"start":{"line":37,"column":16},"end":{"line":37,"column":33}},{"start":{"line":37,"column":37},"end":{"line":37,"column":39}}]},"3":{"loc":{"start":{"line":38,"column":18},"end":{"line":40,"column":39}},"type":"binary-expr","locations":[{"start":{"line":38,"column":18},"end":{"line":38,"column":40}},{"start":{"line":38,"column":44},"end":{"line":38,"column":65}},{"start":{"line":39,"column":4},"end":{"line":39,"column":42}},{"start":{"line":40,"column":4},"end":{"line":40,"column":39}}]},"4":{"loc":{"start":{"line":42,"column":15},"end":{"line":42,"column":58}},"type":"cond-expr","locations":[{"start":{"line":42,"column":25},"end":{"line":42,"column":41}},{"start":{"line":42,"column":44},"end":{"line":42,"column":58}}]},"5":{"loc":{"start":{"line":44,"column":2},"end":{"line":48,"column":3}},"type":"if","locations":[{"start":{"line":44,"column":2},"end":{"line":48,"column":3}}]},"6":{"loc":{"start":{"line":67,"column":2},"end":{"line":67,"column":78}},"type":"if","locations":[{"start":{"line":67,"column":2},"end":{"line":67,"column":78}}]},"7":{"loc":{"start":{"line":80,"column":6},"end":{"line":80,"column":23}},"type":"if","locations":[{"start":{"line":80,"column":6},"end":{"line":80,"column":23}}]},"8":{"loc":{"start":{"line":83,"column":15},"end":{"line":85,"column":36}},"type":"cond-expr","locations":[{"start":{"line":84,"column":10},"end":{"line":84,"column":43}},{"start":{"line":85,"column":10},"end":{"line":85,"column":36}}]},"9":{"loc":{"start":{"line":85,"column":17},"end":{"line":85,"column":28}},"type":"binary-expr","locations":[{"start":{"line":85,"column":17},"end":{"line":85,"column":22}},{"start":{"line":85,"column":26},"end":{"line":85,"column":28}}]},"10":{"loc":{"start":{"line":103,"column":21},"end":{"line":103,"column":40}},"type":"binary-expr","locations":[{"start":{"line":103,"column":21},"end":{"line":103,"column":34}},{"start":{"line":103,"column":38},"end":{"line":103,"column":40}}]},"11":{"loc":{"start":{"line":104,"column":9},"end":{"line":104,"column":87}},"type":"binary-expr","locations":[{"start":{"line":104,"column":9},"end":{"line":104,"column":28}},{"start":{"line":104,"column":32},"end":{"line":104,"column":58}},{"start":{"line":104,"column":62},"end":{"line":104,"column":87}}]},"12":{"loc":{"start":{"line":107,"column":2},"end":{"line":114,"column":3}},"type":"if","locations":[{"start":{"line":107,"column":2},"end":{"line":114,"column":3}}]},"13":{"loc":{"start":{"line":110,"column":14},"end":{"line":110,"column":28}},"type":"binary-expr","locations":[{"start":{"line":110,"column":14},"end":{"line":110,"column":23}},{"start":{"line":110,"column":27},"end":{"line":110,"column":28}}]},"14":{"loc":{"start":{"line":117,"column":11},"end":{"line":117,"column":77}},"type":"binary-expr","locations":[{"start":{"line":117,"column":11},"end":{"line":117,"column":14}},{"start":{"line":117,"column":18},"end":{"line":117,"column":77}}]},"15":{"loc":{"start":{"line":117,"column":54},"end":{"line":117,"column":61}},"type":"binary-expr","locations":[{"start":{"line":117,"column":54},"end":{"line":117,"column":55}},{"start":{"line":117,"column":59},"end":{"line":117,"column":61}}]}},"s":{"0":0,"1":0,"2":0,"3":0,"4":0,"5":0,"6":0,"7":0,"8":0,"9":0,"10":0,"11":0,"12":0,"13":0,"14":0,"15":0,"16":0,"17":0,"18":0,"19":0,"20":0,"21":0,"22":0,"23":0,"24":0,"25":0,"26":0,"27":0,"28":0,"29":0,"30":0,"31":0,"32":0,"33":0,"34":0,"35":0,"36":0,"37":0,"38":0,"39":0,"40":0},"f":{"0":0,"1":0,"2":0,"3":0,"4":0,"5":0,"6":0,"7":0,"8":0,"9":0},"b":{"0":[0,0],"1":[0],"2":[0,0],"3":[0,0,0,0],"4":[0,0],"5":[0],"6":[0],"7":[0],"8":[0,0],"9":[0,0],"10":[0,0],"11":[0,0,0],"12":[0],"13":[0,0],"14":[0,0],"15":[0,0]}}
,"/Users/akilanlingam/hackathon-platform/apps/api/src/conflicts/conflicts.resolver.ts": {"path":"/Users/akilanlingam/hackathon-platform/apps/api/src/conflicts/conflicts.resolver.ts","statementMap":{"0":{"start":{"line":1,"column":0},"end":{"line":1,"column":66}},"1":{"start":{"line":2,"column":0},"end":{"line":2,"column":55}},"2":{"start":{"line":3,"column":0},"end":{"line":3,"column":73}},"3":{"start":{"line":4,"column":0},"end":{"line":4,"column":48}},"4":{"start":{"line":5,"column":0},"end":{"line":5,"column":61}},"5":{"start":{"line":8,"column":7},"end":{"line":43,"column":null}},"6":{"start":{"line":9,"column":22},"end":{"line":9,"column":40}},"7":{"start":{"line":17,"column":4},"end":{"line":17,"column":58}},"8":{"start":{"line":26,"column":4},"end":{"line":26,"column":55}},"9":{"start":{"line":31,"column":4},"end":{"line":31,"column":54}},"10":{"start":{"line":36,"column":4},"end":{"line":36,"column":54}},"11":{"start":{"line":41,"column":4},"end":{"line":41,"column":52}},"12":{"start":{"line":8,"column":13},"end":{"line":8,"column":30}},"13":{"start":{"line":13,"column":8},"end":{"line":18,"column":null}},"14":{"start":{"line":12,"column":18},"end":{"line":12,"column":32}},"15":{"start":{"line":22,"column":8},"end":{"line":27,"column":null}},"16":{"start":{"line":21,"column":18},"end":{"line":21,"column":32}},"17":{"start":{"line":30,"column":8},"end":{"line":32,"column":null}},"18":{"start":{"line":29,"column":15},"end":{"line":29,"column":31}},"19":{"start":{"line":35,"column":8},"end":{"line":37,"column":null}},"20":{"start":{"line":34,"column":15},"end":{"line":34,"column":31}},"21":{"start":{"line":40,"column":8},"end":{"line":42,"column":null}},"22":{"start":{"line":39,"column":15},"end":{"line":39,"column":31}},"23":{"start":{"line":8,"column":13},"end":{"line":43,"column":null}},"24":{"start":{"line":7,"column":16},"end":{"line":7,"column":30}}},"fnMap":{"0":{"name":"(anonymous_4)","decl":{"start":{"line":9,"column":2},"end":{"line":9,"column":22}},"loc":{"start":{"line":9,"column":56},"end":{"line":9,"column":60}}},"1":{"name":"(anonymous_5)","decl":{"start":{"line":13,"column":2},"end":{"line":13,"column":7}},"loc":{"start":{"line":15,"column":28},"end":{"line":18,"column":3}}},"2":{"name":"(anonymous_6)","decl":{"start":{"line":22,"column":2},"end":{"line":22,"column":7}},"loc":{"start":{"line":24,"column":28},"end":{"line":27,"column":3}}},"3":{"name":"(anonymous_7)","decl":{"start":{"line":30,"column":2},"end":{"line":30,"column":7}},"loc":{"start":{"line":30,"column":50},"end":{"line":32,"column":3}}},"4":{"name":"(anonymous_8)","decl":{"start":{"line":35,"column":2},"end":{"line":35,"column":7}},"loc":{"start":{"line":35,"column":57},"end":{"line":37,"column":3}}},"5":{"name":"(anonymous_9)","decl":{"start":{"line":40,"column":2},"end":{"line":40,"column":7}},"loc":{"start":{"line":40,"column":54},"end":{"line":42,"column":3}}},"6":{"name":"(anonymous_10)","decl":{"start":{"line":12,"column":12},"end":{"line":12,"column":15}},"loc":{"start":{"line":12,"column":18},"end":{"line":12,"column":32}}},"7":{"name":"(anonymous_11)","decl":{"start":{"line":21,"column":12},"end":{"line":21,"column":15}},"loc":{"start":{"line":21,"column":18},"end":{"line":21,"column":32}}},"8":{"name":"(anonymous_12)","decl":{"start":{"line":29,"column":9},"end":{"line":29,"column":12}},"loc":{"start":{"line":29,"column":15},"end":{"line":29,"column":31}}},"9":{"name":"(anonymous_13)","decl":{"start":{"line":34,"column":9},"end":{"line":34,"column":12}},"loc":{"start":{"line":34,"column":15},"end":{"line":34,"column":31}}},"10":{"name":"(anonymous_14)","decl":{"start":{"line":39,"column":9},"end":{"line":39,"column":12}},"loc":{"start":{"line":39,"column":15},"end":{"line":39,"column":31}}},"11":{"name":"(anonymous_15)","decl":{"start":{"line":7,"column":10},"end":{"line":7,"column":13}},"loc":{"start":{"line":7,"column":16},"end":{"line":7,"column":30}}}},"branchMap":{},"s":{"0":0,"1":0,"2":0,"3":0,"4":0,"5":0,"6":0,"7":0,"8":0,"9":0,"10":0,"11":0,"12":0,"13":0,"14":0,"15":0,"16":0,"17":0,"18":0,"19":0,"20":0,"21":0,"22":0,"23":0,"24":0},"f":{"0":0,"1":0,"2":0,"3":0,"4":0,"5":0,"6":0,"7":0,"8":0,"9":0,"10":0,"11":0},"b":{}}
,"/Users/akilanlingam/hackathon-platform/apps/api/src/conflicts/conflicts.service.ts": {"path":"/Users/akilanlingam/hackathon-platform/apps/api/src/conflicts/conflicts.service.ts","statementMap":{"0":{"start":{"line":1,"column":0},"end":{"line":1,"column":82}},"1":{"start":{"line":2,"column":0},"end":{"line":2,"column":57}},"2":{"start":{"line":3,"column":0},"end":{"line":3,"column":54}},"3":{"start":{"line":4,"column":0},"end":{"line":4,"column":65}},"4":{"start":{"line":8,"column":7},"end":{"line":139,"column":null}},"5":{"start":{"line":10,"column":12},"end":{"line":10,"column":20}},"6":{"start":{"line":11,"column":12},"end":{"line":11,"column":19}},"7":{"start":{"line":15,"column":4},"end":{"line":21,"column":6}},"8":{"start":{"line":26,"column":21},"end":{"line":34,"column":6}},"9":{"start":{"line":35,"column":4},"end":{"line":35,"column":111}},"10":{"start":{"line":35,"column":18},"end":{"line":35,"column":111}},"11":{"start":{"line":37,"column":18},"end":{"line":37,"column":86}},"12":{"start":{"line":38,"column":4},"end":{"line":38,"column":63}},"13":{"start":{"line":38,"column":16},"end":{"line":38,"column":63}},"14":{"start":{"line":40,"column":17},"end":{"line":40,"column":83}},"15":{"start":{"line":41,"column":4},"end":{"line":41,"column":61}},"16":{"start":{"line":41,"column":15},"end":{"line":41,"column":61}},"17":{"start":{"line":43,"column":21},"end":{"line":58,"column":6}},"18":{"start":{"line":60,"column":4},"end":{"line":65,"column":7}},"19":{"start":{"line":67,"column":4},"end":{"line":67,"column":41}},"20":{"start":{"line":71,"column":21},"end":{"line":71,"column":88}},"21":{"start":{"line":72,"column":4},"end":{"line":72,"column":69}},"22":{"start":{"line":72,"column":19},"end":{"line":72,"column":69}},"23":{"start":{"line":74,"column":21},"end":{"line":87,"column":6}},"24":{"start":{"line":89,"column":4},"end":{"line":93,"column":7}},"25":{"start":{"line":95,"column":4},"end":{"line":95,"column":41}},"26":{"start":{"line":99,"column":22},"end":{"line":108,"column":6}},"27":{"start":{"line":109,"column":4},"end":{"line":109,"column":54}},"28":{"start":{"line":109,"column":30},"end":{"line":109,"column":52}},"29":{"start":{"line":113,"column":22},"end":{"line":122,"column":6}},"30":{"start":{"line":123,"column":4},"end":{"line":123,"column":54}},"31":{"start":{"line":123,"column":30},"end":{"line":123,"column":52}},"32":{"start":{"line":127,"column":22},"end":{"line":136,"column":6}},"33":{"start":{"line":137,"column":4},"end":{"line":137,"column":54}},"34":{"start":{"line":137,"column":30},"end":{"line":137,"column":52}},"35":{"start":{"line":8,"column":13},"end":{"line":8,"column":29}},"36":{"start":{"line":8,"column":13},"end":{"line":139,"column":null}}},"fnMap":{"0":{"name":"(anonymous_2)","decl":{"start":{"line":9,"column":2},"end":{"line":9,"column":null}},"loc":{"start":{"line":11,"column":31},"end":{"line":12,"column":6}}},"1":{"name":"(anonymous_3)","decl":{"start":{"line":14,"column":10},"end":{"line":14,"column":24}},"loc":{"start":{"line":14,"column":31},"end":{"line":22,"column":3}}},"2":{"name":"(anonymous_4)","decl":{"start":{"line":24,"column":2},"end":{"line":24,"column":7}},"loc":{"start":{"line":24,"column":59},"end":{"line":68,"column":3}}},"3":{"name":"(anonymous_5)","decl":{"start":{"line":70,"column":2},"end":{"line":70,"column":7}},"loc":{"start":{"line":70,"column":42},"end":{"line":96,"column":3}}},"4":{"name":"(anonymous_6)","decl":{"start":{"line":98,"column":2},"end":{"line":98,"column":7}},"loc":{"start":{"line":98,"column":35},"end":{"line":110,"column":3}}},"5":{"name":"(anonymous_7)","decl":{"start":{"line":109,"column":25},"end":{"line":109,"column":26}},"loc":{"start":{"line":109,"column":30},"end":{"line":109,"column":52}}},"6":{"name":"(anonymous_8)","decl":{"start":{"line":112,"column":2},"end":{"line":112,"column":7}},"loc":{"start":{"line":112,"column":35},"end":{"line":124,"column":3}}},"7":{"name":"(anonymous_9)","decl":{"start":{"line":123,"column":25},"end":{"line":123,"column":26}},"loc":{"start":{"line":123,"column":30},"end":{"line":123,"column":52}}},"8":{"name":"(anonymous_10)","decl":{"start":{"line":126,"column":2},"end":{"line":126,"column":7}},"loc":{"start":{"line":126,"column":33},"end":{"line":138,"column":3}}},"9":{"name":"(anonymous_11)","decl":{"start":{"line":137,"column":25},"end":{"line":137,"column":26}},"loc":{"start":{"line":137,"column":30},"end":{"line":137,"column":52}}}},"branchMap":{"0":{"loc":{"start":{"line":17,"column":17},"end":{"line":17,"column":36}},"type":"binary-expr","locations":[{"start":{"line":17,"column":17},"end":{"line":17,"column":30}},{"start":{"line":17,"column":34},"end":{"line":17,"column":36}}]},"1":{"loc":{"start":{"line":18,"column":16},"end":{"line":18,"column":34}},"type":"binary-expr","locations":[{"start":{"line":18,"column":16},"end":{"line":18,"column":28}},{"start":{"line":18,"column":32},"end":{"line":18,"column":34}}]},"2":{"loc":{"start":{"line":19,"column":23},"end":{"line":19,"column":48}},"type":"binary-expr","locations":[{"start":{"line":19,"column":23},"end":{"line":19,"column":42}},{"start":{"line":19,"column":46},"end":{"line":19,"column":48}}]},"3":{"loc":{"start":{"line":20,"column":23},"end":{"line":20,"column":50}},"type":"binary-expr","locations":[{"start":{"line":20,"column":23},"end":{"line":20,"column":42}},{"start":{"line":20,"column":46},"end":{"line":20,"column":50}}]},"4":{"loc":{"start":{"line":35,"column":4},"end":{"line":35,"column":111}},"type":"if","locations":[{"start":{"line":35,"column":4},"end":{"line":35,"column":111}}]},"5":{"loc":{"start":{"line":38,"column":4},"end":{"line":38,"column":63}},"type":"if","locations":[{"start":{"line":38,"column":4},"end":{"line":38,"column":63}}]},"6":{"loc":{"start":{"line":41,"column":4},"end":{"line":41,"column":61}},"type":"if","locations":[{"start":{"line":41,"column":4},"end":{"line":41,"column":61}}]},"7":{"loc":{"start":{"line":72,"column":4},"end":{"line":72,"column":69}},"type":"if","locations":[{"start":{"line":72,"column":4},"end":{"line":72,"column":69}}]}},"s":{"0":0,"1":0,"2":0,"3":0,"4":0,"5":0,"6":0,"7":0,"8":0,"9":0,"10":0,"11":0,"12":0,"13":0,"14":0,"15":0,"16":0,"17":0,"18":0,"19":0,"20":0,"21":0,"22":0,"23":0,"24":0,"25":0,"26":0,"27":0,"28":0,"29":0,"30":0,"31":0,"32":0,"33":0,"34":0,"35":0,"36":0},"f":{"0":0,"1":0,"2":0,"3":0,"4":0,"5":0,"6":0,"7":0,"8":0,"9":0},"b":{"0":[0,0],"1":[0,0],"2":[0,0],"3":[0,0],"4":[0],"5":[0],"6":[0],"7":[0]}}
,"/Users/akilanlingam/hackathon-platform/apps/api/src/events/events.resolver.ts": {"path":"/Users/akilanlingam/hackathon-platform/apps/api/src/events/events.resolver.ts","statementMap":{"0":{"start":{"line":1,"column":0},"end":{"line":1,"column":66}},"1":{"start":{"line":2,"column":0},"end":{"line":2,"column":49}},"2":{"start":{"line":3,"column":0},"end":{"line":3,"column":81}},"3":{"start":{"line":4,"column":0},"end":{"line":4,"column":48}},"4":{"start":{"line":5,"column":0},"end":{"line":5,"column":61}},"5":{"start":{"line":6,"column":0},"end":{"line":6,"column":57}},"6":{"start":{"line":7,"column":0},"end":{"line":7,"column":57}},"7":{"start":{"line":10,"column":7},"end":{"line":19,"column":null}},"8":{"start":{"line":10,"column":13},"end":{"line":10,"column":29}},"9":{"start":{"line":11,"column":11},"end":{"line":11,"column":null}},"10":{"start":{"line":12,"column":11},"end":{"line":12,"column":null}},"11":{"start":{"line":13,"column":11},"end":{"line":13,"column":null}},"12":{"start":{"line":14,"column":20},"end":{"line":14,"column":null}},"13":{"start":{"line":14,"column":15},"end":{"line":14,"column":18}},"14":{"start":{"line":15,"column":11},"end":{"line":15,"column":null}},"15":{"start":{"line":16,"column":25},"end":{"line":16,"column":null}},"16":{"start":{"line":16,"column":15},"end":{"line":16,"column":23}},"17":{"start":{"line":17,"column":40},"end":{"line":17,"column":null}},"18":{"start":{"line":17,"column":15},"end":{"line":17,"column":18}},"19":{"start":{"line":18,"column":40},"end":{"line":18,"column":null}},"20":{"start":{"line":18,"column":15},"end":{"line":18,"column":18}},"21":{"start":{"line":10,"column":13},"end":{"line":19,"column":null}},"22":{"start":{"line":22,"column":7},"end":{"line":63,"column":null}},"23":{"start":{"line":24,"column":12},"end":{"line":24,"column":27}},"24":{"start":{"line":25,"column":12},"end":{"line":25,"column":20}},"25":{"start":{"line":31,"column":4},"end":{"line":31,"column":54}},"26":{"start":{"line":37,"column":4},"end":{"line":37,"column":58}},"27":{"start":{"line":43,"column":4},"end":{"line":43,"column":42}},"28":{"start":{"line":49,"column":4},"end":{"line":49,"column":44}},"29":{"start":{"line":55,"column":4},"end":{"line":55,"column":102}},"30":{"start":{"line":61,"column":4},"end":{"line":61,"column":55}},"31":{"start":{"line":22,"column":13},"end":{"line":22,"column":27}},"32":{"start":{"line":30,"column":8},"end":{"line":32,"column":null}},"33":{"start":{"line":29,"column":18},"end":{"line":29,"column":29}},"34":{"start":{"line":36,"column":8},"end":{"line":38,"column":null}},"35":{"start":{"line":35,"column":18},"end":{"line":35,"column":29}},"36":{"start":{"line":42,"column":8},"end":{"line":44,"column":null}},"37":{"start":{"line":41,"column":15},"end":{"line":41,"column":26}},"38":{"start":{"line":48,"column":8},"end":{"line":50,"column":null}},"39":{"start":{"line":47,"column":15},"end":{"line":47,"column":28}},"40":{"start":{"line":54,"column":8},"end":{"line":56,"column":null}},"41":{"start":{"line":53,"column":15},"end":{"line":53,"column":33}},"42":{"start":{"line":60,"column":8},"end":{"line":62,"column":null}},"43":{"start":{"line":59,"column":18},"end":{"line":59,"column":29}},"44":{"start":{"line":22,"column":13},"end":{"line":63,"column":null}},"45":{"start":{"line":21,"column":16},"end":{"line":21,"column":27}}},"fnMap":{"0":{"name":"(anonymous_4)","decl":{"start":{"line":14,"column":9},"end":{"line":14,"column":12}},"loc":{"start":{"line":14,"column":15},"end":{"line":14,"column":18}}},"1":{"name":"(anonymous_5)","decl":{"start":{"line":16,"column":9},"end":{"line":16,"column":12}},"loc":{"start":{"line":16,"column":15},"end":{"line":16,"column":23}}},"2":{"name":"(anonymous_6)","decl":{"start":{"line":17,"column":9},"end":{"line":17,"column":12}},"loc":{"start":{"line":17,"column":15},"end":{"line":17,"column":18}}},"3":{"name":"(anonymous_7)","decl":{"start":{"line":18,"column":9},"end":{"line":18,"column":12}},"loc":{"start":{"line":18,"column":15},"end":{"line":18,"column":18}}},"4":{"name":"(anonymous_8)","decl":{"start":{"line":23,"column":2},"end":{"line":23,"column":null}},"loc":{"start":{"line":25,"column":33},"end":{"line":26,"column":6}}},"5":{"name":"(anonymous_9)","decl":{"start":{"line":30,"column":2},"end":{"line":30,"column":7}},"loc":{"start":{"line":30,"column":84},"end":{"line":32,"column":3}}},"6":{"name":"(anonymous_10)","decl":{"start":{"line":36,"column":2},"end":{"line":36,"column":7}},"loc":{"start":{"line":36,"column":108},"end":{"line":38,"column":3}}},"7":{"name":"(anonymous_11)","decl":{"start":{"line":42,"column":2},"end":{"line":42,"column":7}},"loc":{"start":{"line":42,"column":36},"end":{"line":44,"column":3}}},"8":{"name":"(anonymous_12)","decl":{"start":{"line":48,"column":2},"end":{"line":48,"column":7}},"loc":{"start":{"line":48,"column":39},"end":{"line":50,"column":3}}},"9":{"name":"(anonymous_13)","decl":{"start":{"line":54,"column":2},"end":{"line":54,"column":7}},"loc":{"start":{"line":54,"column":54},"end":{"line":56,"column":3}}},"10":{"name":"(anonymous_14)","decl":{"start":{"line":60,"column":2},"end":{"line":60,"column":7}},"loc":{"start":{"line":60,"column":68},"end":{"line":62,"column":3}}},"11":{"name":"(anonymous_15)","decl":{"start":{"line":29,"column":12},"end":{"line":29,"column":15}},"loc":{"start":{"line":29,"column":18},"end":{"line":29,"column":29}}},"12":{"name":"(anonymous_16)","decl":{"start":{"line":35,"column":12},"end":{"line":35,"column":15}},"loc":{"start":{"line":35,"column":18},"end":{"line":35,"column":29}}},"13":{"name":"(anonymous_17)","decl":{"start":{"line":41,"column":9},"end":{"line":41,"column":12}},"loc":{"start":{"line":41,"column":15},"end":{"line":41,"column":26}}},"14":{"name":"(anonymous_18)","decl":{"start":{"line":47,"column":9},"end":{"line":47,"column":12}},"loc":{"start":{"line":47,"column":15},"end":{"line":47,"column":28}}},"15":{"name":"(anonymous_19)","decl":{"start":{"line":53,"column":9},"end":{"line":53,"column":12}},"loc":{"start":{"line":53,"column":15},"end":{"line":53,"column":33}}},"16":{"name":"(anonymous_20)","decl":{"start":{"line":59,"column":12},"end":{"line":59,"column":15}},"loc":{"start":{"line":59,"column":18},"end":{"line":59,"column":29}}},"17":{"name":"(anonymous_21)","decl":{"start":{"line":21,"column":10},"end":{"line":21,"column":13}},"loc":{"start":{"line":21,"column":16},"end":{"line":21,"column":27}}}},"branchMap":{},"s":{"0":0,"1":0,"2":0,"3":0,"4":0,"5":0,"6":0,"7":0,"8":0,"9":0,"10":0,"11":0,"12":0,"13":0,"14":0,"15":0,"16":0,"17":0,"18":0,"19":0,"20":0,"21":0,"22":0,"23":0,"24":0,"25":0,"26":0,"27":0,"28":0,"29":0,"30":0,"31":0,"32":0,"33":0,"34":0,"35":0,"36":0
[...]
t":{"line":43,"column":19},"end":{"line":43,"column":66}},"17":{"start":{"line":45,"column":4},"end":{"line":52,"column":5}},"18":{"start":{"line":46,"column":24},"end":{"line":48,"column":8}},"19":{"start":{"line":49,"column":6},"end":{"line":51,"column":7}},"20":{"start":{"line":50,"column":8},"end":{"line":50,"column":91}},"21":{"start":{"line":54,"column":20},"end":{"line":54,"column":91}},"22":{"start":{"line":56,"column":4},"end":{"line":60,"column":7}},"23":{"start":{"line":62,"column":22},"end":{"line":62,"column":95}},"24":{"start":{"line":63,"column":4},"end":{"line":63,"column":37}},"25":{"start":{"line":67,"column":20},"end":{"line":67,"column":22}},"26":{"start":{"line":68,"column":4},"end":{"line":74,"column":5}},"27":{"start":{"line":69,"column":22},"end":{"line":72,"column":8}},"28":{"start":{"line":73,"column":6},"end":{"line":73,"column":28}},"29":{"start":{"line":75,"column":4},"end":{"line":75,"column":54}},"30":{"start":{"line":75,"column":29},"end":{"line":75,"column":51}},"31":{"start":{"line":79,"column":19},"end":{"line":83,"column":6}},"32":{"start":{"line":84,"column":4},"end":{"line":84,"column":66}},"33":{"start":{"line":84,"column":28},"end":{"line":84,"column":63}},"34":{"start":{"line":88,"column":18},"end":{"line":91,"column":6}},"35":{"start":{"line":92,"column":4},"end":{"line":92,"column":63}},"36":{"start":{"line":92,"column":16},"end":{"line":92,"column":63}},"37":{"start":{"line":93,"column":4},"end":{"line":93,"column":55}},"38":{"start":{"line":97,"column":18},"end":{"line":97,"column":87}},"39":{"start":{"line":98,"column":4},"end":{"line":98,"column":63}},"40":{"start":{"line":99,"column":4},"end":{"line":99,"column":173}},"41":{"start":{"line":100,"column":4},"end":{"line":100,"column":17}},"42":{"start":{"line":8,"column":13},"end":{"line":8,"column":26}},"43":{"start":{"line":8,"column":13},"end":{"line":103,"column":null}}},"fnMap":{"0":{"name":"(anonymous_2)","decl":{"start":{"line":9,"column":2},"end":{"line":9,"column":null}},"loc":{"start":{"line":11,"column":31},"end":{"line":12,"column":6}}},"1":{"name":"(anonymous_3)","decl":{"start":{"line":14,"column":2},"end":{"line":14,"column":7}},"loc":{"start":{"line":14,"column":54},"end":{"line":39,"column":3}}},"2":{"name":"(anonymous_4)","decl":{"start":{"line":41,"column":2},"end":{"line":41,"column":7}},"loc":{"start":{"line":41,"column":66},"end":{"line":64,"column":3}}},"3":{"name":"(anonymous_5)","decl":{"start":{"line":66,"column":2},"end":{"line":66,"column":7}},"loc":{"start":{"line":66,"column":59},"end":{"line":76,"column":3}}},"4":{"name":"(anonymous_6)","decl":{"start":{"line":75,"column":23},"end":{"line":75,"column":24}},"loc":{"start":{"line":75,"column":29},"end":{"line":75,"column":51}}},"5":{"name":"(anonymous_7)","decl":{"start":{"line":78,"column":2},"end":{"line":78,"column":7}},"loc":{"start":{"line":78,"column":38},"end":{"line":85,"column":3}}},"6":{"name":"(anonymous_8)","decl":{"start":{"line":84,"column":22},"end":{"line":84,"column":23}},"loc":{"start":{"line":84,"column":28},"end":{"line":84,"column":63}}},"7":{"name":"(anonymous_9)","decl":{"start":{"line":87,"column":2},"end":{"line":87,"column":7}},"loc":{"start":{"line":87,"column":26},"end":{"line":94,"column":3}}},"8":{"name":"(anonymous_10)","decl":{"start":{"line":96,"column":2},"end":{"line":96,"column":7}},"loc":{"start":{"line":96,"column":41},"end":{"line":101,"column":3}}}},"branchMap":{"0":{"loc":{"start":{"line":18,"column":4},"end":{"line":18,"column":101}},"type":"if","locations":[{"start":{"line":18,"column":4},"end":{"line":18,"column":101}}]},"1":{"loc":{"start":{"line":28,"column":23},"end":{"line":28,"column":55}},"type":"binary-expr","locations":[{"start":{"line":28,"column":23},"end":{"line":28,"column":49}},{"start":{"line":28,"column":53},"end":{"line":28,"column":55}}]},"2":{"loc":{"start":{"line":43,"column":4},"end":{"line":43,"column":66}},"type":"if","locations":[{"start":{"line":43,"column":4},"end":{"line":43,"column":66}}]},"3":{"loc":{"start":{"line":45,"column":4},"end":{"line":52,"column":5}},"type":"if","locations":[{"start":{"line":45,"column":4},"end":{"line":52,"column":5}}]},"4":{"loc":{"start":{"line":49,"column":6},"end":{"line":51,"column":7}},"type":"if","locations":[{"start":{"line":49,"column":6},"end":{"line":51,"column":7}}]},"5":{"loc":{"start":{"line":49,"column":10},"end":{"line":49,"column":42}},"type":"binary-expr","locations":[{"start":{"line":49,"column":10},"end":{"line":49,"column":19}},{"start":{"line":49,"column":23},"end":{"line":49,"column":42}}]},"6":{"loc":{"start":{"line":92,"column":4},"end":{"line":92,"column":63}},"type":"if","locations":[{"start":{"line":92,"column":4},"end":{"line":92,"column":63}}]}},"s":{"0":0,"1":0,"2":0,"3":0,"4":0,"5":0,"6":0,"7":0,"8":0,"9":0,"10":0,"11":0,"12":0,"13":0,"14":0,"15":0,"16":0,"17":0,"18":0,"19":0,"20":0,"21":0,"22":0,"23":0,"24":0,"25":0,"26":0,"27":0,"28":0,"29":0,"30":0,"31":0,"32":0,"33":0,"34":0,"35":0,"36":0,"37":0,"38":0,"39":0,"40":0,"41":0,"42":0,"43":0},"f":{"0":0,"1":0,"2":0,"3":0,"4":0,"5":0,"6":0,"7":0,"8":0},"b":{"0":[0],"1":[0,0],"2":[0],"3":[0],"4":[0],"5":[0,0],"6":[0]}}
,"/Users/akilanlingam/hackathon-platform/apps/api/src/users/users.resolver.ts": {"path":"/Users/akilanlingam/hackathon-platform/apps/api/src/users/users.resolver.ts","statementMap":{"0":{"start":{"line":1,"column":0},"end":{"line":1,"column":66}},"1":{"start":{"line":2,"column":0},"end":{"line":2,"column":47}},"2":{"start":{"line":3,"column":0},"end":{"line":3,"column":48}},"3":{"start":{"line":4,"column":0},"end":{"line":4,"column":61}},"4":{"start":{"line":5,"column":0},"end":{"line":5,"column":63}},"5":{"start":{"line":8,"column":7},"end":{"line":13,"column":null}},"6":{"start":{"line":8,"column":13},"end":{"line":8,"column":23}},"7":{"start":{"line":9,"column":11},"end":{"line":9,"column":null}},"8":{"start":{"line":10,"column":11},"end":{"line":10,"column":null}},"9":{"start":{"line":11,"column":11},"end":{"line":11,"column":null}},"10":{"start":{"line":12,"column":11},"end":{"line":12,"column":null}},"11":{"start":{"line":8,"column":13},"end":{"line":13,"column":null}},"12":{"start":{"line":16,"column":7},"end":{"line":21,"column":null}},"13":{"start":{"line":16,"column":13},"end":{"line":16,"column":20}},"14":{"start":{"line":17,"column":11},"end":{"line":17,"column":null}},"15":{"start":{"line":18,"column":11},"end":{"line":18,"column":null}},"16":{"start":{"line":19,"column":11},"end":{"line":19,"column":null}},"17":{"start":{"line":20,"column":11},"end":{"line":20,"column":null}},"18":{"start":{"line":16,"column":13},"end":{"line":21,"column":null}},"19":{"start":{"line":25,"column":7},"end":{"line":33,"column":null}},"20":{"start":{"line":25,"column":13},"end":{"line":25,"column":28}},"21":{"start":{"line":26,"column":11},"end":{"line":26,"column":null}},"22":{"start":{"line":27,"column":11},"end":{"line":27,"column":null}},"23":{"start":{"line":28,"column":11},"end":{"line":28,"column":null}},"24":{"start":{"line":30,"column":11},"end":{"line":30,"column":null}},"25":{"start":{"line":32,"column":11},"end":{"line":32,"column":null}},"26":{"start":{"line":25,"column":13},"end":{"line":33,"column":null}},"27":{"start":{"line":36,"column":7},"end":{"line":42,"column":null}},"28":{"start":{"line":36,"column":13},"end":{"line":36,"column":28}},"29":{"start":{"line":37,"column":11},"end":{"line":37,"column":null}},"30":{"start":{"line":38,"column":11},"end":{"line":38,"column":null}},"31":{"start":{"line":39,"column":11},"end":{"line":39,"column":null}},"32":{"start":{"line":40,"column":29},"end":{"line":40,"column":null}},"33":{"start":{"line":41,"column":29},"end":{"line":41,"column":null}},"34":{"start":{"line":36,"column":13},"end":{"line":42,"column":null}},"35":{"start":{"line":45,"column":7},"end":{"line":49,"column":null}},"36":{"start":{"line":45,"column":13},"end":{"line":45,"column":33}},"37":{"start":{"line":46,"column":11},"end":{"line":46,"column":null}},"38":{"start":{"line":47,"column":11},"end":{"line":47,"column":null}},"39":{"start":{"line":48,"column":11},"end":{"line":48,"column":null}},"40":{"start":{"line":45,"column":13},"end":{"line":49,"column":null}},"41":{"start":{"line":52,"column":7},"end":{"line":105,"column":null}},"42":{"start":{"line":53,"column":22},"end":{"line":53,"column":36}},"43":{"start":{"line":58,"column":4},"end":{"line":58,"column":47}},"44":{"start":{"line":64,"column":4},"end":{"line":64,"column":41}},"45":{"start":{"line":70,"column":4},"end":{"line":70,"column":53}},"46":{"start":{"line":76,"column":4},"end":{"line":76,"column":83}},"47":{"start":{"line":77,"column":4},"end":{"line":77,"column":16}},"48":{"start":{"line":83,"column":4},"end":{"line":83,"column":61}},"49":{"start":{"line":84,"column":4},"end":{"line":84,"column":16}},"50":{"start":{"line":90,"column":4},"end":{"line":90,"column":47}},"51":{"start":{"line":91,"column":4},"end":{"line":91,"column":16}},"52":{"start":{"line":97,"column":4},"end":{"line":97,"column":63}},"53":{"start":{"line":98,"column":4},"end":{"line":98,"column":16}},"54":{"start":{"line":103,"column":4},"end":{"line":103,"column":51}},"55":{"start":{"line":52,"column":13},"end":{"line":52,"column":26}},"56":{"start":{"line":57,"column":8},"end":{"line":59,"column":null}},"57":{"start":{"line":56,"column":18},"end":{"line":56,"column":28}},"58":{"start":{"line":63,"column":8},"end":{"line":65,"column":null}},"59":{"start":{"line":62,"column":15},"end":{"line":62,"column":27}},"60":{"start":{"line":69,"column":8},"end":{"line":71,"column":null}},"61":{"start":{"line":68,"column":15},"end":{"line":68,"column":32}},"62":{"start":{"line":75,"column":8},"end":{"line":78,"column":null}},"63":{"start":{"line":74,"column":18},"end":{"line":74,"column":25}},"64":{"start":{"line":82,"column":8},"end":{"line":85,"column":null}},"65":{"start":{"line":81,"column":18},"end":{"line":81,"column":25}},"66":{"start":{"line":89,"column":8},"end":{"line":92,"column":null}},"67":{"start":{"line":88,"column":18},"end":{"line":88,"column":25}},"68":{"start":{"line":96,"column":8},"end":{"line":99,"column":null}},"69":{"start":{"line":95,"column":18},"end":{"line":95,"column":25}},"70":{"start":{"line":102,"column":8},"end":{"line":104,"column":null}},"71":{"start":{"line":101,"column":15},"end":{"line":101,"column":24}},"72":{"start":{"line":52,"column":13},"end":{"line":105,"column":null}}},"fnMap":{"0":{"name":"(anonymous_4)","decl":{"start":{"line":53,"column":2},"end":{"line":53,"column":22}},"loc":{"start":{"line":53,"column":48},"end":{"line":53,"column":52}}},"1":{"name":"(anonymous_5)","decl":{"start":{"line":57,"column":2},"end":{"line":57,"column":7}},"loc":{"start":{"line":57,"column":56},"end":{"line":59,"column":3}}},"2":{"name":"(anonymous_6)","decl":{"start":{"line":63,"column":2},"end":{"line":63,"column":7}},"loc":{"start":{"line":63,"column":13},"end":{"line":65,"column":3}}},"3":{"name":"(anonymous_7)","decl":{"start":{"line":69,"column":2},"end":{"line":69,"column":7}},"loc":{"start":{"line":69,"column":51},"end":{"line":71,"column":3}}},"4":{"name":"(anonymous_8)","decl":{"start":{"line":75,"column":2},"end":{"line":75,"column":7}},"loc":{"start":{"line":75,"column":66},"end":{"line":78,"column":3}}},"5":{"name":"(anonymous_9)","decl":{"start":{"line":82,"column":2},"end":{"line":82,"column":7}},"loc":{"start":{"line":82,"column":88},"end":{"line":85,"column":3}}},"6":{"name":"(anonymous_10)","decl":{"start":{"line":89,"column":2},"end":{"line":89,"column":7}},"loc":{"start":{"line":89,"column":49},"end":{"line":92,"column":3}}},"7":{"name":"(anonymous_11)","decl":{"start":{"line":96,"column":2},"end":{"line":96,"column":7}},"loc":{"start":{"line":96,"column":98},"end":{"line":99,"column":3}}},"8":{"name":"(anonymous_12)","decl":{"start":{"line":102,"column":2},"end":{"line":102,"column":7}},"loc":{"start":{"line":102,"column":41},"end":{"line":104,"column":3}}},"9":{"name":"(anonymous_13)","decl":{"start":{"line":56,"column":12},"end":{"line":56,"column":15}},"loc":{"start":{"line":56,"column":18},"end":{"line":56,"column":28}}},"10":{"name":"(anonymous_14)","decl":{"start":{"line":62,"column":9},"end":{"line":62,"column":12}},"loc":{"start":{"line":62,"column":15},"end":{"line":62,"column":27}}},"11":{"name":"(anonymous_15)","decl":{"start":{"line":68,"column":9},"end":{"line":68,"column":12}},"loc":{"start":{"line":68,"column":15},"end":{"line":68,"column":32}}},"12":{"name":"(anonymous_16)","decl":{"start":{"line":74,"column":12},"end":{"line":74,"column":15}},"loc":{"start":{"line":74,"column":18},"end":{"line":74,"column":25}}},"13":{"name":"(anonymous_17)","decl":{"start":{"line":81,"column":12},"end":{"line":81,"column":15}},"loc":{"start":{"line":81,"column":18},"end":{"line":81,"column":25}}},"14":{"name":"(anonymous_18)","decl":{"start":{"line":88,"column":12},"end":{"line":88,"column":15}},"loc":{"start":{"line":88,"column":18},"end":{"line":88,"column":25}}},"15":{"name":"(anonymous_19)","decl":{"start":{"line":95,"column":12},"end":{"line":95,"column":15}},"loc":{"start":{"line":95,"column":18},"end":{"line":95,"column":25}}},"16":{"name":"(anonymous_20)","decl":{"start":{"line":101,"column":9},"end":{"line":101,"column":12}},"loc":{"start":{"line":101,"column":15},"end":{"line":101,"column":24}}}},"branchMap":{},"s":{"0":0,"1":0,"2":0,"3":0,"4":0,"5":0,"6":0,"7":0,"8":0,"9":0,"10":0,"11":0,"12":0,"13":0,"14":0,"15":0,"16":0,"17":0,"18":0,"19":0,"20":0,"21":0,"22":0,"23":0,"24":0,"25":0,"26":0,"27":0,"28":0,"29":0,"30":0,"31":0,"32":0,"33":0,"34":0,"35":0,"36":0,"37":0,"38":0,"39":0,"40":0,"41":0,"42":0,"43":0,"44":0,"45":0,"46":0,"47":0,"48":0,"49":0,"50":0,"51":0,"52":0,"53":0,"54":0,"55":0,"56":0,"57":0,"58":0,"59":0,"60":0,"61":0,"62":0,"63":0,"64":0,"65":0,"66":0,"67":0,"68":0,"69":0,"70":0,"71":0,"72":0},"f":{"0":0,"1":0,"2":0,"3":0,"4":0,"5":0,"6":0,"7":0,"8":0,"9":0,"10":0,"11":0,"12":0,"13":0,"14":0,"15":0,"16":0},"b":{}}
,"/Users/akilanlingam/hackathon-platform/apps/api/src/users/users.service.ts": {"path":"/Users/akilanlingam/hackathon-platform/apps/api/src/users/users.service.ts","statementMap":{"0":{"start":{"line":1,"column":0},"end":{"line":1,"column":82}},"1":{"start":{"line":2,"column":0},"end":{"line":2,"column":57}},"2":{"start":{"line":3,"column":0},"end":{"line":3,"column":33}},"3":{"start":{"line":6,"column":7},"end":{"line":84,"column":null}},"4":{"start":{"line":7,"column":22},"end":{"line":7,"column":30}},"5":{"start":{"line":10,"column":21},"end":{"line":10,"column":89}},"6":{"start":{"line":11,"column":4},"end":{"line":11,"column":74}},"7":{"start":{"line":11,"column":18},"end":{"line":11,"column":74}},"8":{"start":{"line":12,"column":25},"end":{"line":12,"column":62}},"9":{"start":{"line":13,"column":4},"end":{"line":16,"column":7}},"10":{"start":{"line":20,"column":4},"end":{"line":23,"column":7}},"11":{"start":{"line":33,"column":17},"end":{"line":37,"column":6}},"12":{"start":{"line":39,"column":4},"end":{"line":45,"column":8}},"13":{"start":{"line":39,"column":34},"end":{"line":45,"column":6}},"14":{"start":{"line":49,"column":17},"end":{"line":49,"column":77}},"15":{"start":{"line":50,"column":4},"end":{"line":50,"column":61}},"16":{"start":{"line":50,"column":15},"end":{"line":50,"column":61}},"17":{"start":{"line":51,"column":4},"end":{"line":55,"column":7}},"18":{"start":{"line":59,"column":4},"end":{"line":59,"column":92}},"19":{"start":{"line":63,"column":17},"end":{"line":63,"column":77}},"20":{"start":{"line":64,"column":4},"end":{"line":67,"column":5}},"21":{"start":{"line":65,"column":21},"end":{"line":65,"column":169}},"22":{"start":{"line":66,"column":6},"end":{"line":66,"column":63}},"23":{"start":{"line":66,"column":37},"end":{"line":66,"column":60}},"24":{"start":{"line":68,"column":23},"end":{"line":71,"column":6}},"25":{"start":{"line":72,"column":4},"end":{"line":72,"column":73}},"26":{"start":{"line":72,"column":40},"end":{"line":72,"column":70}},"27":{"start":{"line":76,"column":4},"end":{"line":76,"column":66}},"28":{"start":{"line":77,"column":4},"end":{"line":77,"column":62}},"29":{"start":{"line":81,"column":25},"end":{"line":81,"column":59}},"30":{"start":{"line":82,"column":4},"end":{"line":82,"column":121}},"31":{"start":{"line":6,"column":13},"end":{"line":6,"column":25}},"32":{"start":{"line":6,"column":13},"end":{"line":84,"column":null}}},"fnMap":{"0":{"name":"(anonymous_2)","decl":{"start":{"line":7,"column":2},"end":{"line":7,"column":22}},"loc":{"start":{"line":7,"column":43},"end":{"line":7,"column":47}}},"1":{"name":"(anonymous_3)","decl":{"start":{"line":9,"column":2},"end":{"line":9,"column":7}},"loc":{"start":{"line":9,"column":112},"end":{"line":17,"column":3}}},"2":{"name":"(anonymous_4)","decl":{"start":{"line":19,"column":2},"end":{"line":19,"column":7}},"loc":{"start":{"line":19,"column":17},"end":{"line":24,"column":3}}},"3":{"name":"(anonymous_5)","decl":{"start":{"line":32,"column":2},"end":{"line":32,"column":7}},"loc":{"start":{"line":32,"column":38},"end":{"line":46,"column":3}}},"4":{"name":"(anonymous_6)","decl":{"start":{"line":39,"column":20},"end":{"line":39,"column":21}},"loc":{"start":{"line":39,"column":34},"end":{"line":45,"column":6}}},"5":{"name":"(anonymous_7)","decl":{"start":{"line":48,"column":2},"end":{"line":48,"column":7}},"loc":{"start":{"line":48,"column":67},"end":{"line":56,"column":3}}},"6":{"name":"(anonymous_8)","decl":{"start":{"line":58,"column":2},"end":{"line":58,"column":7}},"loc":{"start":{"line":58,"column":55},"end":{"line":60,"column":3}}},"7":{"name":"(anonymous_9)","decl":{"start":{"line":62,"column":2},"end":{"line":62,"column":7}},"loc":{"start":{"line":62,"column":34},"end":{"line":73,"column":3}}},"8":{"name":"(anonymous_10)","decl":{"start":{"line":66,"column":24},"end":{"line":66,"column":25}},"loc":{"start":{"line":66,"column":37},"end":{"line":66,"column":60}}},"9":{"name":"(anonymous_11)","decl":{"start":{"line":72,"column":26},"end":{"line":72,"column":27}},"loc":{"start":{"line":72,"column":40},"end":{"line":72,"column":70}}},"10":{"name":"(anonymous_12)","decl":{"start":{"line":75,"column":2},"end":{"line":75,"column":7}},"loc":{"start":{"line":75,"column":33},"end":{"line":78,"column":3}}},"11":{"name":"(anonymous_13)","decl":{"start":{"line":80,"column":2},"end":{"line":80,"column":7}},"loc":{"start":{"line":80,"column":57},"end":{"line":83,"column":3}}}},"branchMap":{"0":{"loc":{"start":{"line":11,"column":4},"end":{"line":11,"column":74}},"type":"if","locations":[{"start":{"line":11,"column":4},"end":{"line":11,"column":74}}]},"1":{"loc":{"start":{"line":14,"column":54},"end":{"line":14,"column":70}},"type":"binary-expr","locations":[{"start":{"line":14,"column":54},"end":{"line":14,"column":64}},{"start":{"line":14,"column":68},"end":{"line":14,"column":70}}]},"2":{"loc":{"start":{"line":14,"column":79},"end":{"line":14,"column":98}},"type":"binary-expr","locations":[{"start":{"line":14,"column":79},"end":{"line":14,"column":90}},{"start":{"line":14,"column":94},"end":{"line":14,"column":98}}]},"3":{"loc":{"start":{"line":14,"column":107},"end":{"line":14,"column":148}},"type":"binary-expr","locations":[{"start":{"line":14,"column":107},"end":{"line":14,"column":131}},{"start":{"line":14,"column":135},"end":{"line":14,"column":148}}]},"4":{"loc":{"start":{"line":50,"column":4},"end":{"line":50,"column":61}},"type":"if","locations":[{"start":{"line":50,"column":4},"end":{"line":50,"column":61}}]},"5":{"loc":{"start":{"line":64,"column":4},"end":{"line":67,"column":5}},"type":"if","locations":[{"start":{"line":64,"column":4},"end":{"line":67,"column":5}}]}},"s":{"0":0,"1":0,"2":0,"3":0,"4":0,"5":0,"6":0,"7":0,"8":0,"9":0,"10":0,"11":0,"12":0,"13":0,"14":0,"15":0,"16":0,"17":0,"18":0,"19":0,"20":0,"21":0,"22":0,"23":0,"24":0,"25":0,"26":0,"27":0,"28":0,"29":0,"30":0,"31":0,"32":0},"f":{"0":0,"1":0,"2":0,"3":0,"4":0,"5":0,"6":0,"7":0,"8":0,"9":0,"10":0,"11":0},"b":{"0":[0],"1":[0,0],"2":[0,0],"3":[0,0],"4":[0],"5":[0]}}
}
