{"/Users/akilanlingam/hackathon-platform/apps/api/src/app.module.ts": {"path":"/Users/akilanlingam/hackathon-platform/apps/api/src/app.module.ts","statementMap":{"0":{"start":{"line":1,"column":0},"end":{"line":1,"column":40}},"1":{"start":{"line":2,"column":0},"end":{"line":2,"column":46}},"2":{"start":{"line":3,"column":0},"end":{"line":3,"column":48}},"3":{"start":{"line":4,"column":0},"end":{"line":4,"column":66}},"4":{"start":{"line":5,"column":0},"end":{"line":5,"column":41}},"5":{"start":{"line":6,"column":0},"end":{"line":6,"column":28}},"6":{"start":{"line":7,"column":0},"end":{"line":7,"column":54}},"7":{"start":{"line":8,"column":0},"end":{"line":8,"column":48}},"8":{"start":{"line":9,"column":0},"end":{"line":9,"column":51}},"9":{"start":{"line":10,"column":0},"end":{"line":10,"column":54}},"10":{"start":{"line":11,"column":0},"end":{"line":11,"column":54}},"11":{"start":{"line":12,"column":0},"end":{"line":12,"column":51}},"12":{"start":{"line":13,"column":0},"end":{"line":13,"column":51}},"13":{"start":{"line":14,"column":0},"end":{"line":14,"column":54}},"14":{"start":{"line":15,"column":0},"end":{"line":15,"column":63}},"15":{"start":{"line":16,"column":0},"end":{"line":16,"column":86}},"16":{"start":{"line":17,"column":0},"end":{"line":17,"column":66}},"17":{"start":{"line":18,"column":0},"end":{"line":18,"column":60}},"18":{"start":{"line":19,"column":0},"end":{"line":19,"column":66}},"19":{"start":{"line":20,"column":0},"end":{"line":20,"column":60}},"20":{"start":{"line":21,"column":0},"end":{"line":21,"column":54}},"21":{"start":{"line":22,"column":0},"end":{"line":22,"column":72}},"22":{"start":{"line":23,"column":0},"end":{"line":23,"column":55}},"23":{"start":{"line":24,"column":0},"end":{"line":24,"column":71}},"24":{"start":{"line":25,"column":0},"end":{"line":25,"column":66}},"25":{"start":{"line":26,"column":0},"end":{"line":26,"column":51}},"26":{"start":{"line":27,"column":0},"end":{"line":27,"column":53}},"27":{"start":{"line":28,"column":0},"end":{"line":28,"column":48}},"28":{"start":{"line":68,"column":7},"end":{"line":68,"column":null}},"29":{"start":{"line":68,"column":13},"end":{"line":68,"column":22}},"30":{"start":{"line":68,"column":13},"end":{"line":68,"column":null}},"31":{"start":{"line":41,"column":47},"end":{"line":41,"column":54}}},"fnMap":{"0":{"name":"(anonymous_1)","decl":{"start":{"line":41,"column":15},"end":{"line":41,"column":16}},"loc":{"start":{"line":41,"column":47},"end":{"line":41,"column":54}}}},"branchMap":{},"s":{"0":0,"1":0,"2":0,"3":0,"4":0,"5":0,"6":0,"7":0,"8":0,"9":0,"10":0,"11":0,"12":0,"13":0,"14":0,"15":0,"16":0,"17":0,"18":0,"19":0,"20":0,"21":0,"22":0,"23":0,"24":0,"25":0,"26":0,"27":0,"28":0,"29":0,"30":0,"31":0},"f":{"0":0},"b":{}}
,"/Users/akilanlingam/hackathon-platform/apps/api/src/global-exception.filter.ts": {"path":"/Users/akilanlingam/hackathon-platform/apps/api/src/global-exception.filter.ts","statementMap":{"0":{"start":{"line":1,"column":0},"end":{"line":1,"column":null}},"1":{"start":{"line":9,"column":0},"end":{"line":9,"column":67}},"2":{"start":{"line":13,"column":7},"end":{"line":65,"column":null}},"3":{"start":{"line":14,"column":28},"end":{"line":14,"column":57}},"4":{"start":{"line":18,"column":4},"end":{"line":32,"column":5}},"5":{"start":{"line":19,"column":22},"end":{"line":19,"column":51}},"6":{"start":{"line":20,"column":19},"end":{"line":20,"column":36}},"7":{"start":{"line":21,"column":22},"end":{"line":23,"column":54}},"8":{"start":{"line":25,"column":6},"end":{"line":28,"column":8}},"9":{"start":{"line":31,"column":6},"end":{"line":31,"column":22}},"10":{"start":{"line":35,"column":16},"end":{"line":35,"column":35}},"11":{"start":{"line":36,"column":21},"end":{"line":36,"column":48}},"12":{"start":{"line":37,"column":20},"end":{"line":37,"column":45}},"13":{"start":{"line":39,"column":4},"end":{"line":42,"column":5}},"14":{"start":{"line":40,"column":6},"end":{"line":40,"column":63}},"15":{"start":{"line":41,"column":6},"end":{"line":41,"column":22}},"16":{"start":{"line":44,"column":19},"end":{"line":46,"column":40}},"17":{"start":{"line":48,"column":20},"end":{"line":50,"column":31}},"18":{"start":{"line":53,"column":4},"end":{"line":56,"column":6}},"19":{"start":{"line":58,"column":4},"end":{"line":63,"column":7}},"20":{"start":{"line":13,"column":13},"end":{"line":13,"column":34}},"21":{"start":{"line":13,"column":13},"end":{"line":65,"column":null}}},"fnMap":{"0":{"name":"(anonymous_1)","decl":{"start":{"line":16,"column":2},"end":{"line":16,"column":7}},"loc":{"start":{"line":16,"column":43},"end":{"line":64,"column":3}}}},"branchMap":{"0":{"loc":{"start":{"line":18,"column":4},"end":{"line":32,"column":5}},"type":"if","locations":[{"start":{"line":18,"column":4},"end":{"line":32,"column":5}}]},"1":{"loc":{"start":{"line":21,"column":22},"end":{"line":23,"column":54}},"type":"cond-expr","locations":[{"start":{"line":22,"column":10},"end":{"line":22,"column":27}},{"start":{"line":23,"column":10},"end":{"line":23,"column":54}}]},"2":{"loc":{"start":{"line":23,"column":10},"end":{"line":23,"column":54}},"type":"binary-expr","locations":[{"start":{"line":23,"column":10},"end":{"line":23,"column":27}},{"start":{"line":23,"column":31},"end":{"line":23,"column":54}}]},"3":{"loc":{"start":{"line":26,"column":19},"end":{"line":26,"column":47}},"type":"binary-expr","locations":[{"start":{"line":26,"column":19},"end":{"line":26,"column":34}},{"start":{"line":26,"column":38},"end":{"line":26,"column":47}}]},"4":{"loc":{"start":{"line":27,"column":8},"end":{"line":27,"column":72}},"type":"cond-expr","locations":[{"start":{"line":27,"column":45},"end":{"line":27,"column":54}},{"start":{"line":27,"column":57},"end":{"line":27,"column":72}}]},"5":{"loc":{"start":{"line":39,"column":4},"end":{"line":42,"column":5}},"type":"if","locations":[{"start":{"line":39,"column":4},"end":{"line":42,"column":5}}]},"6":{"loc":{"start":{"line":39,"column":8},"end":{"line":39,"column":29}},"type":"binary-expr","locations":[{"start":{"line":39,"column":8},"end":{"line":39,"column":16}},{"start":{"line":39,"column":20},"end":{"line":39,"column":29}}]},"7":{"loc":{"start":{"line":44,"column":19},"end":{"line":46,"column":40}},"type":"cond-expr","locations":[{"start":{"line":45,"column":8},"end":{"line":45,"column":29}},{"start":{"line":46,"column":8},"end":{"line":46,"column":40}}]},"8":{"loc":{"start":{"line":48,"column":20},"end":{"line":50,"column":31}},"type":"cond-expr","locations":[{"start":{"line":49,"column":8},"end":{"line":49,"column":25}},{"start":{"line":50,"column":8},"end":{"line":50,"column":31}}]},"9":{"loc":{"start":{"line":55,"column":6},"end":{"line":55,"column":49}},"type":"cond-expr","locations":[{"start":{"line":55,"column":22},"end":{"line":55,"column":37}},{"start":{"line":55,"column":40},"end":{"line":55,"column":49}}]}},"s":{"0":1,"1":1,"2":1,"3":8,"4":8,"5":0,"6":0,"7":0,"8":0,"9":0,"10":8,"11":8,"12":8,"13":8,"14":0,"15":0,"16":8,"17":8,"18":8,"19":8,"20":1,"21":1},"f":{"0":8},"b":{"0":[0],"1":[0,0],"2":[0,0],"3":[0,0],"4":[0,0],"5":[0],"6":[8,8],"7":[6,2],"8":[6,2],"9":[2,6]}}
,"/Users/akilanlingam/hackathon-platform/apps/api/src/health.controller.ts": {"path":"/Users/akilanlingam/hackathon-platform/apps/api/src/health.controller.ts","statementMap":{"0":{"start":{"line":1,"column":0},"end":{"line":1,"column":49}},"1":{"start":{"line":2,"column":0},"end":{"line":2,"column":56}},"2":{"start":{"line":3,"column":0},"end":{"line":3,"column":49}},"3":{"start":{"line":7,"column":7},"end":{"line":69,"column":null}},"4":{"start":{"line":8,"column":22},"end":{"line":8,"column":30}},"5":{"start":{"line":12,"column":40},"end":{"line":16,"column":6}},"6":{"start":{"line":19,"column":4},"end":{"line":26,"column":5}},"7":{"start":{"line":20,"column":20},"end":{"line":20,"column":30}},"8":{"start":{"line":21,"column":6},"end":{"line":21,"column":44}},"9":{"start":{"line":22,"column":6},"end":{"line":22,"column":79}},"10":{"start":{"line":24,"column":6},"end":{"line":24,"column":88}},"11":{"start":{"line":25,"column":6},"end":{"line":25,"column":33}},"12":{"start":{"line":29,"column":4},"end":{"line":40,"column":5}},"13":{"start":{"line":30,"column":27},"end":{"line":30,"column":79}},"14":{"start":{"line":31,"column":25},"end":{"line":31,"column":46}},"15":{"start":{"line":32,"column":22},"end":{"line":32,"column":64}},"16":{"start":{"line":32,"column":39},"end":{"line":32,"column":57}},"17":{"start":{"line":33,"column":20},"end":{"line":33,"column":30}},"18":{"start":{"line":34,"column":18},"end":{"line":34,"column":84}},"19":{"start":{"line":35,"column":6},"end":{"line":35,"column":28}},"20":{"start":{"line":36,"column":6},"end":{"line":36,"column":99}},"21":{"start":{"line":38,"column":6},"end":{"line":38,"column":88}},"22":{"start":{"line":43,"column":16},"end":{"line":43,"column":37}},"23":{"start":{"line":44,"column":4},"end":{"line":49,"column":6}},"24":{"start":{"line":50,"column":4},"end":{"line":50,"column":59}},"25":{"start":{"line":50,"column":32},"end":{"line":50,"column":59}},"26":{"start":{"line":52,"column":4},"end":{"line":52,"column":18}},"27":{"start":{"line":57,"column":4},"end":{"line":62,"column":5}},"28":{"start":{"line":58,"column":6},"end":{"line":58,"column":44}},"29":{"start":{"line":59,"column":6},"end":{"line":59,"column":29}},"30":{"start":{"line":61,"column":6},"end":{"line":61,"column":30}},"31":{"start":{"line":67,"column":4},"end":{"line":67,"column":65}},"32":{"start":{"line":7,"column":13},"end":{"line":7,"column":29}},"33":{"start":{"line":11,"column":8},"end":{"line":53,"column":null}},"34":{"start":{"line":56,"column":8},"end":{"line":63,"column":null}},"35":{"start":{"line":66,"column":8},"end":{"line":68,"column":null}},"36":{"start":{"line":7,"column":13},"end":{"line":69,"column":null}}},"fnMap":{"0":{"name":"(anonymous_2)","decl":{"start":{"line":8,"column":2},"end":{"line":8,"column":22}},"loc":{"start":{"line":8,"column":43},"end":{"line":8,"column":47}}},"1":{"name":"(anonymous_3)","decl":{"start":{"line":11,"column":2},"end":{"line":11,"column":7}},"loc":{"start":{"line":11,"column":13},"end":{"line":53,"column":3}}},"2":{"name":"(anonymous_4)","decl":{"start":{"line":32,"column":33},"end":{"line":32,"column":36}},"loc":{"start":{"line":32,"column":39},"end":{"line":32,"column":57}}},"3":{"name":"(anonymous_5)","decl":{"start":{"line":56,"column":2},"end":{"line":56,"column":7}},"loc":{"start":{"line":56,"column":17},"end":{"line":63,"column":3}}},"4":{"name":"(anonymous_6)","decl":{"start":{"line":66,"column":2},"end":{"line":66,"column":7}},"loc":{"start":{"line":66,"column":16},"end":{"line":68,"column":3}}}},"branchMap":{"0":{"loc":{"start":{"line":30,"column":27},"end":{"line":30,"column":79}},"type":"binary-expr","locations":[{"start":{"line":30,"column":27},"end":{"line":30,"column":52}},{"start":{"line":30,"column":56},"end":{"line":30,"column":79}}]},"1":{"loc":{"start":{"line":36,"column":35},"end":{"line":36,"column":65}},"type":"cond-expr","locations":[{"start":{"line":36,"column":44},"end":{"line":36,"column":55}},{"start":{"line":36,"column":58},"end":{"line":36,"column":65}}]},"2":{"loc":{"start":{"line":50,"column":4},"end":{"line":50,"column":59}},"type":"if","locations":[{"start":{"line":50,"column":4},"end":{"line":50,"column":59}}]}},"s":{"0":1,"1":1,"2":1,"3":1,"4":7,"5":4,"6":4,"7":4,"8":4,"9":3,"10":1,"11":1,"12":4,"13":4,"14":4,"15":4,"16":0,"17":4,"18":4,"19":4,"20":4,"21":0,"22":4,"23":4,"24":4,"25":0,"26":4,"27":2,"28":2,"29":1,"30":1,"31":1,"32":1,"33":1,"34":1,"35":1,"36":1},"f":{"0":7,"1":4,"2":0,"3":2,"4":1},"b":{"0":[4,0],"1":[4,0],"2":[0]}}
,"/Users/akilanlingam/hackathon-platform/apps/api/src/health.resolver.ts": {"path":"/Users/akilanlingam/hackathon-platform/apps/api/src/health.resolver.ts","statementMap":{"0":{"start":{"line":1,"column":0},"end":{"line":1,"column":50}},"1":{"start":{"line":2,"column":0},"end":{"line":2,"column":49}},"2":{"start":{"line":5,"column":7},"end":{"line":11,"column":null}},"3":{"start":{"line":9,"column":4},"end":{"line":9,"column":16}},"4":{"start":{"line":5,"column":13},"end":{"line":5,"column":27}},"5":{"start":{"line":8,"column":2},"end":{"line":10,"column":null}},"6":{"start":{"line":7,"column":15},"end":{"line":7,"column":21}},"7":{"start":{"line":5,"column":13},"end":{"line":11,"column":null}}},"fnMap":{"0":{"name":"(anonymous_2)","decl":{"start":{"line":8,"column":2},"end":{"line":8,"column":8}},"loc":{"start":{"line":8,"column":8},"end":{"line":10,"column":3}}},"1":{"name":"(anonymous_3)","decl":{"start":{"line":7,"column":9},"end":{"line":7,"column":12}},"loc":{"start":{"line":7,"column":15},"end":{"line":7,"column":21}}}},"branchMap":{},"s":{"0":0,"1":0,"2":0,"3":0,"4":0,"5":0,"6":0,"7":0},"f":{"0":0,"1":0},"b":{}}
,"/Users/akilanlingam/hackathon-platform/apps/api/src/logging.interceptor.ts": {"path":"/Users/akilanlingam/hackathon-platform/apps/api/src/logging.interceptor.ts","statementMap":{"0":{"start":{"line":1,"column":0},"end":{"line":1,"column":null}},"1":{"start":{"line":8,"column":0},"end":{"line":8,"column":70}},"2":{"start":{"line":10,"column":0},"end":{"line":10,"column":37}},"3":{"start":{"line":13,"column":7},"end":{"line":61,"column":null}},"4":{"start":{"line":14,"column":28},"end":{"line":14,"column":46}},"5":{"start":{"line":17,"column":18},"end":{"line":17,"column":28}},"6":{"start":{"line":19,"column":4},"end":{"line":39,"column":5}},"7":{"start":{"line":20,"column":25},"end":{"line":20,"column":60}},"8":{"start":{"line":21,"column":19},"end":{"line":21,"column":39}},"9":{"start":{"line":22,"column":28},"end":{"line":22,"column":60}},"10":{"start":{"line":23,"column":24},"end":{"line":23,"column":38}},"11":{"start":{"line":25,"column":6},"end":{"line":38,"column":8}},"12":{"start":{"line":28,"column":23},"end":{"line":28,"column":41}},"13":{"start":{"line":29,"column":12},"end":{"line":31,"column":13}},"14":{"start":{"line":30,"column":14},"end":{"line":30,"column":79}},"15":{"start":{"line":34,"column":23},"end":{"line":34,"column":41}},"16":{"start":{"line":35,"column":12},"end":{"line":35,"column":88}},"17":{"start":{"line":41,"column":20},"end":{"line":41,"column":55}},"18":{"start":{"line":42,"column":4},"end":{"line":42,"column":47}},"19":{"start":{"line":42,"column":26},"end":{"line":42,"column":47}},"20":{"start":{"line":44,"column":28},"end":{"line":44,"column":35}},"21":{"start":{"line":46,"column":4},"end":{"line":59,"column":6}},"22":{"start":{"line":49,"column":21},"end":{"line":49,"column":39}},"23":{"start":{"line":50,"column":10},"end":{"line":52,"column":11}},"24":{"start":{"line":51,"column":12},"end":{"line":51,"column":64}},"25":{"start":{"line":55,"column":21},"end":{"line":55,"column":39}},"26":{"start":{"line":56,"column":10},"end":{"line":56,"column":73}},"27":{"start":{"line":13,"column":13},"end":{"line":13,"column":31}},"28":{"start":{"line":13,"column":13},"end":{"line":61,"column":null}}},"fnMap":{"0":{"name":"(anonymous_1)","decl":{"start":{"line":16,"column":2},"end":{"line":16,"column":11}},"loc":{"start":{"line":16,"column":56},"end":{"line":60,"column":3}}},"1":{"name":"(anonymous_2)","decl":{"start":{"line":27,"column":16},"end":{"line":27,"column":19}},"loc":{"start":{"line":27,"column":21},"end":{"line":32,"column":11}}},"2":{"name":"(anonymous_3)","decl":{"start":{"line":33,"column":17},"end":{"line":33,"column":18}},"loc":{"start":{"line":33,"column":25},"end":{"line":36,"column":11}}},"3":{"name":"(anonymous_4)","decl":{"start":{"line":48,"column":14},"end":{"line":48,"column":17}},"loc":{"start":{"line":48,"column":19},"end":{"line":53,"column":9}}},"4":{"name":"(anonymous_5)","decl":{"start":{"line":54,"column":15},"end":{"line":54,"column":16}},"loc":{"start":{"line":54,"column":23},"end":{"line":57,"column":9}}}},"branchMap":{"0":{"loc":{"start":{"line":19,"column":4},"end":{"line":39,"column":5}},"type":"if","locations":[{"start":{"line":19,"column":4},"end":{"line":39,"column":5}}]},"1":{"loc":{"start":{"line":22,"column":28},"end":{"line":22,"column":60}},"type":"binary-expr","locations":[{"start":{"line":22,"column":28},"end":{"line":22,"column":49}},{"start":{"line":22,"column":53},"end":{"line":22,"column":60}}]},"2":{"loc":{"start":{"line":29,"column":12},"end":{"line":31,"column":13}},"type":"if","locations":[{"start":{"line":29,"column":12},"end":{"line":31,"column":13}}]},"3":{"loc":{"start":{"line":42,"column":4},"end":{"line":42,"column":47}},"type":"if","locations":[{"start":{"line":42,"column":4},"end":{"line":42,"column":47}}]},"4":{"loc":{"start":{"line":50,"column":10},"end":{"line":52,"column":11}},"type":"if","locations":[{"start":{"line":50,"column":10},"end":{"line":52,"column":11}}]}},"s":{"0":1,"1":1,"2":1,"3":1,"4":4,"5":3,"6":3,"7":0,"8":0,"9":0,"10":0,"11":0,"12":0,"13":0,"14":0,"15":0,"16":0,"17":3,"18":3,"19":1,"20":2,"21":2,"22":1,"23":1,"24":0,"25":1,"26":1,"27":1,"28":1},"f":{"0":3,"1":0,"2":0,"3":1,"4":1},"b":{"0":[0],"1":[0,0],"2":[0],"3":[1],"4":[0]}}
,"/Users/akilanlingam/hackathon-platform/apps/api/src/main.ts": {"path":"/Users/akilanlingam/hackathon-platform/apps/api/src/main.ts","statementMap":{"0":{"start":{"line":1,"column":0},"end":{"line":1,"column":43}},"1":{"start":{"line":2,"column":0},"end":{"line":2,"column":40}},"2":{"start":{"line":3,"column":0},"end":{"line":3,"column":41}},"3":{"start":{"line":4,"column":0},"end":{"line":4,"column":66}},"4":{"start":{"line":5,"column":0},"end":{"line":5,"column":59}},"5":{"start":{"line":6,"column":0},"end":{"line":6,"column":59}},"6":{"start":{"line":7,"column":0},"end":{"line":7,"column":57}},"7":{"start":{"line":10,"column":17},"end":{"line":10,"column":40}},"8":{"start":{"line":11,"column":14},"end":{"line":13,"column":4}},"9":{"start":{"line":16,"column":2},"end":{"line":21,"column":5}},"10":{"start":{"line":24,"column":2},"end":{"line":24,"column":45}},"11":{"start":{"line":25,"column":2},"end":{"line":25,"column":52}},"12":{"start":{"line":26,"column":2},"end":{"line":29,"column":4}},"13":{"start":{"line":32,"column":2},"end":{"line":32,"column":28}},"14":{"start":{"line":35,"column":2},"end":{"line":37,"column":5}},"15":{"start":{"line":36,"column":4},"end":{"line":36,"column":70}},"16":{"start":{"line":39,"column":2},"end":{"line":41,"column":5}},"17":{"start":{"line":40,"column":4},"end":{"line":40,"column":85}},"18":{"start":{"line":43,"column":15},"end":{"line":43,"column":39}},"19":{"start":{"line":44,"column":2},"end":{"line":44,"column":25}},"20":{"start":{"line":45,"column":2},"end":{"line":45,"column":64}},"21":{"start":{"line":46,"column":2},"end":{"line":46,"column":62}},"22":{"start":{"line":49,"column":0},"end":{"line":49,"column":12}}},"fnMap":{"0":{"name":"bootstrap","decl":{"start":{"line":9,"column":15},"end":{"line":9,"column":24}},"loc":{"start":{"line":9,"column":24},"end":{"line":47,"column":1}}},"1":{"name":"(anonymous_1)","decl":{"start":{"line":35,"column":34},"end":{"line":35,"column":35}},"loc":{"start":{"line":35,"column":44},"end":{"line":37,"column":3}}},"2":{"name":"(anonymous_2)","decl":{"start":{"line":39,"column":35},"end":{"line":39,"column":36}},"loc":{"start":{"line":39,"column":51},"end":{"line":41,"column":3}}}},"branchMap":{"0":{"loc":{"start":{"line":40,"column":41},"end":{"line":40,"column":66}},"type":"binary-expr","locations":[{"start":{"line":40,"column":41},"end":{"line":40,"column":56}},{"start":{"line":40,"column":60},"end":{"line":40,"column":66}}]},"1":{"loc":{"start":{"line":43,"column":15},"end":{"line":43,"column":39}},"type":"binary-expr","locations":[{"start":{"line":43,"column":15},"end":{"line":43,"column":31}},{"start":{"line":43,"column":35},"end":{"line":43,"column":39}}]}},"s":{"0":0,"1":0,"2":0,"3":0,"4":0,"5":0,"6":0,"7":0,"8":0,"9":0,"10":0,"11":0,"12":0,"13":0,"14":0,"15":0,"16":0,"17":0,"18":0,"19":0,"20":0,"21":0,"22":0},"f":{"0":0,"1":0,"2":0},"b":{"0":[0,0],"1":[0,0]}}
,"/Users/akilanlingam/hackathon-platform/apps/api/src/timeout.interceptor.ts": {"path":"/Users/akilanlingam/hackathon-platform/apps/api/src/timeout.interceptor.ts","statementMap":{"0":{"start":{"line":1,"column":0},"end":{"line":1,"column":null}},"1":{"start":{"line":8,"column":0},"end":{"line":8,"column":60}},"2":{"start":{"line":9,"column":0},"end":{"line":9,"column":53}},"3":{"start":{"line":12,"column":7},"end":{"line":30,"column":null}},"4":{"start":{"line":16,"column":4},"end":{"line":16,"column":31}},"5":{"start":{"line":20,"column":4},"end":{"line":28,"column":6}},"6":{"start":{"line":23,"column":8},"end":{"line":25,"column":9}},"7":{"start":{"line":24,"column":10},"end":{"line":24,"column":84}},"8":{"start":{"line":24,"column":34},"end":{"line":24,"column":82}},"9":{"start":{"line":26,"column":8},"end":{"line":26,"column":37}},"10":{"start":{"line":26,"column":32},"end":{"line":26,"column":35}},"11":{"start":{"line":12,"column":13},"end":{"line":12,"column":31}},"12":{"start":{"line":12,"column":13},"end":{"line":30,"column":null}}},"fnMap":{"0":{"name":"(anonymous_2)","decl":{"start":{"line":15,"column":2},"end":{"line":15,"column":14}},"loc":{"start":{"line":15,"column":39},"end":{"line":17,"column":3}}},"1":{"name":"(anonymous_3)","decl":{"start":{"line":19,"column":2},"end":{"line":19,"column":11}},"loc":{"start":{"line":19,"column":56},"end":{"line":29,"column":3}}},"2":{"name":"(anonymous_4)","decl":{"start":{"line":22,"column":17},"end":{"line":22,"column":18}},"loc":{"start":{"line":22,"column":25},"end":{"line":27,"column":7}}},"3":{"name":"(anonymous_5)","decl":{"start":{"line":24,"column":28},"end":{"line":24,"column":31}},"loc":{"start":{"line":24,"column":34},"end":{"line":24,"column":82}}},"4":{"name":"(anonymous_6)","decl":{"start":{"line":26,"column":26},"end":{"line":26,"column":29}},"loc":{"start":{"line":26,"column":32},"end":{"line":26,"column":35}}}},"branchMap":{"0":{"loc":{"start":{"line":15,"column":14},"end":{"line":15,"column":39}},"type":"default-arg","locations":[{"start":{"line":15,"column":34},"end":{"line":15,"column":39}}]},"1":{"loc":{"start":{"line":23,"column":8},"end":{"line":25,"column":9}},"type":"if","locations":[{"start":{"line":23,"column":8},"end":{"line":25,"column":9}}]}},"s":{"0":1,"1":1,"2":1,"3":1,"4":7,"5":3,"6":1,"7":1,"8":1,"9":0,"10":0,"11":1,"12":1},"f":{"0":7,"1":3,"2":1,"3":1,"4":0},"b":{"0":[1],"1":[1]}}
,"/Users/akilanlingam/hackathon-platform/apps/api/src/validation.pipe.ts": {"path":"/Users/akilanlingam/hackathon-platform/apps/api/src/validation.pipe.ts","statementMap":{"0":{"start":{"line":7,"column":0},"end":{"line":7,"column":16}},"1":{"start":{"line":1,"column":0},"end":{"line":1,"column":null}},"2":{"start":{"line":8,"column":2},"end":{"line":28,"column":5}},"3":{"start":{"line":16,"column":23},"end":{"line":21,"column":8}},"4":{"start":{"line":17,"column":28},"end":{"line":19,"column":27}},"5":{"start":{"line":20,"column":8},"end":{"line":20,"column":51}},"6":{"start":{"line":22,"column":6},"end":{"line":26,"column":9}}},"fnMap":{"0":{"name":"createValidationPipe","decl":{"start":{"line":7,"column":16},"end":{"line":7,"column":36}},"loc":{"start":{"line":7,"column":36},"end":{"line":29,"column":1}}},"1":{"name":"(anonymous_1)","decl":{"start":{"line":15,"column":22},"end":{"line":15,"column":23}},"loc":{"start":{"line":15,"column":52},"end":{"line":27,"column":5}}},"2":{"name":"(anonymous_2)","decl":{"start":{"line":16,"column":34},"end":{"line":16,"column":35}},"loc":{"start":{"line":16,"column":44},"end":{"line":21,"column":7}}}},"branchMap":{"0":{"loc":{"start":{"line":17,"column":28},"end":{"line":19,"column":27}},"type":"cond-expr","locations":[{"start":{"line":18,"column":12},"end":{"line":18,"column":55}},{"start":{"line":19,"column":12},"end":{"line":19,"column":27}}]}},"s":{"0":1,"1":1,"2":6,"3":0,"4":0,"5":0,"6":0},"f":{"0":6,"1":0,"2":0},"b":{"0":[0,0]}}
,"/Users/akilanlingam/hackathon-platform/apps/api/src/audit/audit.module.ts": {"path":"/Users/akilanlingam/hackathon-platform/apps/api/src/audit/audit.module.ts","statementMap":{"0":{"start":{"line":1,"column":0},"end":{"line":1,"column":48}},"1":{"start":{"line":2,"column":0},"end":{"line":2,"column":47}},"2":{"start":{"line":3,"column":0},"end":{"line":3,"column":49}},"3":{"start":{"line":10,"column":7},"end":{"line":10,"column":null}},"4":{"start":{"line":10,"column":13},"end":{"line":10,"column":24}},"5":{"start":{"line":10,"column":13},"end":{"line":10,"column":null}}},"fnMap":{},"branchMap":{},"s":{"0":0,"1":0,"2":0,"3":0,"4":0,"5":0},"f":{},"b":{}}
,"/Users/akilanlingam/hackathon-platform/apps/api/src/audit/audit.resolver.ts": {"path":"/Users/akilanlingam/hackathon-platform/apps/api/src/audit/audit.resolver.ts","statementMap":{"0":{"start":{"line":1,"column":0},"end":{"line":1,"column":56}},"1":{"start":{"line":2,"column":0},"end":{"line":2,"column":47}},"2":{"start":{"line":3,"column":0},"end":{"line":3,"column":46}},"3":{"start":{"line":4,"column":0},"end":{"line":4,"column":48}},"4":{"start":{"line":7,"column":7},"end":{"line":28,"column":null}},"5":{"start":{"line":8,"column":22},"end":{"line":8,"column":36}},"6":{"start":{"line":17,"column":4},"end":{"line":17,"column":62}},"7":{"start":{"line":26,"column":4},"end":{"line":26,"column":64}},"8":{"start":{"line":7,"column":13},"end":{"line":7,"column":26}},"9":{"start":{"line":12,"column":8},"end":{"line":18,"column":null}},"10":{"start":{"line":11,"column":15},"end":{"line":11,"column":30}},"11":{"start":{"line":22,"column":8},"end":{"line":27,"column":null}},"12":{"start":{"line":21,"column":15},"end":{"line":21,"column":30}},"13":{"start":{"line":7,"column":13},"end":{"line":28,"column":null}}},"fnMap":{"0":{"name":"(anonymous_4)","decl":{"start":{"line":8,"column":2},"end":{"line":8,"column":22}},"loc":{"start":{"line":8,"column":48},"end":{"line":8,"column":52}}},"1":{"name":"(anonymous_5)","decl":{"start":{"line":12,"column":2},"end":{"line":12,"column":7}},"loc":{"start":{"line":15,"column":51},"end":{"line":18,"column":3}}},"2":{"name":"(anonymous_6)","decl":{"start":{"line":22,"column":2},"end":{"line":22,"column":7}},"loc":{"start":{"line":24,"column":38},"end":{"line":27,"column":3}}},"3":{"name":"(anonymous_7)","decl":{"start":{"line":11,"column":9},"end":{"line":11,"column":12}},"loc":{"start":{"line":11,"column":15},"end":{"line":11,"column":30}}},"4":{"name":"(anonymous_8)","decl":{"start":{"line":21,"column":9},"end":{"line":21,"column":12}},"loc":{"start":{"line":21,"column":15},"end":{"line":21,"column":30}}}},"branchMap":{},"s":{"0":0,"1":0,"2":0,"3":0,"4":0,"5":0,"6":0,"7":0,"8":0,"9":0,"10":0,"11":0,"12":0,"13":0},"f":{"0":0,"1":0,"2":0,"3":0,"4":0},"b":{}}
,"/Users/akilanlingam/hackathon-platform/apps/api/src/audit/audit.service.ts": {"path":"/Users/akilanlingam/hackathon-platform/apps/api/src/audit/audit.service.ts","statementMap":{"0":{"start":{"line":1,"column":0},"end":{"line":1,"column":44}},"1":{"start":{"line":2,"column":0},"end":{"line":2,"column":57}},"2":{"start":{"line":6,"column":7},"end":{"line":50,"column":null}},"3":{"start":{"line":7,"column":22},"end":{"line":7,"column":30}},"4":{"start":{"line":19,"column":4},"end":{"line":30,"column":7}},"5":{"start":{"line":34,"column":4},"end":{"line":40,"column":7}},"6":{"start":{"line":44,"column":4},"end":{"line":48,"column":7}},"7":{"start":{"line":6,"column":13},"end":{"line":6,"column":25}},"8":{"start":{"line":6,"column":13},"end":{"line":50,"column":null}}},"fnMap":{"0":{"name":"(anonymous_2)","decl":{"start":{"line":7,"column":2},"end":{"line":7,"column":22}},"loc":{"start":{"line":7,"column":43},"end":{"line":7,"column":47}}},"1":{"name":"(anonymous_3)","decl":{"start":{"line":9,"column":2},"end":{"line":9,"column":7}},"loc":{"start":{"line":18,"column":3},"end":{"line":31,"column":3}}},"2":{"name":"(anonymous_4)","decl":{"start":{"line":33,"column":2},"end":{"line":33,"column":7}},"loc":{"start":{"line":33,"column":56},"end":{"line":41,"column":3}}},"3":{"name":"(anonymous_5)","decl":{"start":{"line":43,"column":2},"end":{"line":43,"column":7}},"loc":{"start":{"line":43,"column":57},"end":{"line":49,"column":3}}}},"branchMap":{"0":{"loc":{"start":{"line":22,"column":17},"end":{"line":22,"column":39}},"type":"binary-expr","locations":[{"start":{"line":22,"column":17},"end":{"line":22,"column":31}},{"start":{"line":22,"column":35},"end":{"line":22,"column":39}}]},"1":{"loc":{"start":{"line":26,"column":19},"end":{"line":26,"column":48}},"type":"binary-expr","locations":[{"start":{"line":26,"column":19},"end":{"line":26,"column":35}},{"start":{"line":26,"column":39},"end":{"line":26,"column":48}}]},"2":{"loc":{"start":{"line":27,"column":19},"end":{"line":27,"column":48}},"type":"binary-expr","locations":[{"start":{"line":27,"column":19},"end":{"line":27,"column":35}},{"start":{"line":27,"column":39},"end":{"line":27,"column":48}}]},"3":{"loc":{"start":{"line":28,"column":16},"end":{"line":28,"column":37}},"type":"binary-expr","locations":[{"start":{"line":28,"column":16},"end":{"line":28,"column":29}},{"start":{"line":28,"column":33},"end":{"line":28,"column":37}}]},"4":{"loc":{"start":{"line":33,"column":37},"end":{"line":33,"column":46}},"type":"default-arg","locations":[{"start":{"line":33,"column":44},"end":{"line":33,"column":46}}]},"5":{"loc":{"start":{"line":33,"column":48},"end":{"line":33,"column":56}},"type":"default-arg","locations":[{"start":{"line":33,"column":55},"end":{"line":33,"column":56}}]}},"s":{"0":1,"1":1,"2":1,"3":0,"4":0,"5":0,"6":0,"7":1,"8":1},"f":{"0":0,"1":0,"2":0,"3":0},"b":{"0":[0,0],"1":[0,0],"2":[0,0],"3":[0,0],"4":[0],"5":[0]}}
,"/Users/akilanlingam/hackathon-platform/apps/api/src/audit/audit.types.ts": {"path":"/Users/akilanlingam/hackathon-platform/apps/api/src/audit/audit.types.ts","statementMap":{"0":{"start":{"line":1,"column":0},"end":{"line":1,"column":70}},"1":{"start":{"line":2,"column":0},"end":{"line":2,"column":45}},"2":{"start":{"line":3,"column":0},"end":{"line":3,"column":48}},"3":{"start":{"line":5,"column":0},"end":{"line":5,"column":55}},"4":{"start":{"line":8,"column":7},"end":{"line":12,"column":null}},"5":{"start":{"line":8,"column":13},"end":{"line":8,"column":22}},"6":{"start":{"line":9,"column":11},"end":{"line":9,"column":null}},"7":{"start":{"line":10,"column":11},"end":{"line":10,"column":null}},"8":{"start":{"line":11,"column":11},"end":{"line":11,"column":null}},"9":{"start":{"line":8,"column":13},"end":{"line":12,"column":null}},"10":{"start":{"line":15,"column":7},"end":{"line":27,"column":null}},"11":{"start":{"line":15,"column":13},"end":{"line":15,"column":26}},"12":{"start":{"line":16,"column":11},"end":{"line":16,"column":null}},"13":{"start":{"line":17,"column":29},"end":{"line":17,"column":null}},"14":{"start":{"line":18,"column":11},"end":{"line":18,"column":null}},"15":{"start":{"line":19,"column":28},"end":{"line":19,"column":null}},"16":{"start":{"line":19,"column":15},"end":{"line":19,"column":26}},"17":{"start":{"line":20,"column":11},"end":{"line":20,"column":null}},"18":{"start":{"line":21,"column":11},"end":{"line":21,"column":null}},"19":{"start":{"line":22,"column":48},"end":{"line":22,"column":null}},"20":{"start":{"line":22,"column":15},"end":{"line":22,"column":26}},"21":{"start":{"line":23,"column":48},"end":{"line":23,"column":null}},"22":{"start":{"line":23,"column":15},"end":{"line":23,"column":26}},"23":{"start":{"line":24,"column":29},"end":{"line":24,"column":null}},"24":{"start":{"line":25,"column":11},"end":{"line":25,"column":null}},"25":{"start":{"line":26,"column":46},"end":{"line":26,"column":null}},"26":{"start":{"line":26,"column":15},"end":{"line":26,"column":24}},"27":{"start":{"line":15,"column":13},"end":{"line":27,"column":null}}},"fnMap":{"0":{"name":"(anonymous_2)","decl":{"start":{"line":19,"column":9},"end":{"line":19,"column":12}},"loc":{"start":{"line":19,"column":15},"end":{"line":19,"column":26}}},"1":{"name":"(anonymous_3)","decl":{"start":{"line":22,"column":9},"end":{"line":22,"column":12}},"loc":{"start":{"line":22,"column":15},"end":{"line":22,"column":26}}},"2":{"name":"(anonymous_4)","decl":{"start":{"line":23,"column":9},"end":{"line":23,"column":12}},"loc":{"start":{"line":23,"column":15},"end":{"line":23,"column":26}}},"3":{"name":"(anonymous_5)","decl":{"start":{"line":26,"column":9},"end":{"line":26,"column":12}},"loc":{"start":{"line":26,"column":15},"end":{"line":26,"column":24}}}},"branchMap":{},"s":{"0":0,"1":0,"2":0,"3":0,"4":0,"5":0,"6":0,"7":0,"8":0,"9":0,"10":0,"11":0,"12":0,"13":0,"14":0,"15":0,"16":0,"17":0,"18":0,"19":0,"20":0,"21":0,"22":0,"23":0,"24":0,"25":0,"26":0,"27":0},"f":{"0":0,"1":0,"2":0,"3":0},"b":{}}
,"/Users/akilanlingam/hackathon-platform/apps/api/src/auth/auth.module.ts": {"path":"/Users/akilanlingam/hackathon-platform/apps/api/src/auth/auth.module.ts","statementMap":{"0":{"start":{"line":1,"column":0},"end":{"line":1,"column":40}},"1":{"start":{"line":2,"column":0},"end":{"line":2,"column":40}},"2":{"start":{"line":3,"column":0},"end":{"line":3,"column":50}},"3":{"start":{"line":4,"column":0},"end":{"line":4,"column":61}},"4":{"start":{"line":5,"column":0},"end":{"line":5,"column":45}},"5":{"start":{"line":6,"column":0},"end":{"line":6,"column":47}},"6":{"start":{"line":7,"column":0},"end":{"line":7,"column":45}},"7":{"start":{"line":8,"column":0},"end":{"line":8,"column":48}},"8":{"start":{"line":9,"column":0},"end":{"line":9,"column":43}},"9":{"start":{"line":26,"column":7},"end":{"line":26,"column":null}},"10":{"start":{"line":26,"column":13},"end":{"line":26,"column":23}},"11":{"start":{"line":26,"column":13},"end":{"line":26,"column":null}},"12":{"start":{"line":17,"column":46},"end":{"line":20,"column":8}}},"fnMap":{"0":{"name":"(anonymous_1)","decl":{"start":{"line":17,"column":18},"end":{"line":17,"column":19}},"loc":{"start":{"line":17,"column":46},"end":{"line":20,"column":8}}}},"branchMap":{},"s":{"0":0,"1":0,"2":0,"3":0,"4":0,"5":0,"6":0,"7":0,"8":0,"9":0,"10":0,"11":0,"12":0},"f":{"0":0},"b":{}}
,"/Users/akilanlingam/hackathon-platform/apps/api/src/auth/auth.resolver.ts": {"path":"/Users/akilanlingam/hackathon-platform/apps/api/src/auth/auth.resolver.ts","statementMap":{"0":{"start":{"line":1,"column":0},"end":{"line":1,"column":75}},"1":{"start":{"line":3,"column":0},"end":{"line":3,"column":45}},"2":{"start":{"line":4,"column":0},"end":{"line":4,"column":86}},"3":{"start":{"line":7,"column":0},"end":{"line":7,"column":42}},"4":{"start":{"line":8,"column":0},"end":{"line":8,"column":55}},"5":{"start":{"line":9,"column":0},"end":{"line":9,"column":44}},"6":{"start":{"line":12,"column":7},"end":{"line":34,"column":null}},"7":{"start":{"line":13,"column":22},"end":{"line":13,"column":35}},"8":{"start":{"line":18,"column":4},"end":{"line":18,"column":63}},"9":{"start":{"line":27,"column":4},"end":{"line":27,"column":89}},"10":{"start":{"line":32,"column":4},"end":{"line":32,"column":49}},"11":{"start":{"line":12,"column":13},"end":{"line":12,"column":25}},"12":{"start":{"line":17,"column":8},"end":{"line":19,"column":null}},"13":{"start":{"line":16,"column":18},"end":{"line":16,"column":31}},"14":{"start":{"line":23,"column":8},"end":{"line":28,"column":null}},"15":{"start":{"line":22,"column":18},"end":{"line":22,"column":30}},"16":{"start":{"line":31,"column":8},"end":{"line":33,"column":null}},"17":{"start":{"line":30,"column":15},"end":{"line":30,"column":27}},"18":{"start":{"line":12,"column":13},"end":{"line":34,"column":null}}},"fnMap":{"0":{"name":"(anonymous_4)","decl":{"start":{"line":13,"column":2},"end":{"line":13,"column":22}},"loc":{"start":{"line":13,"column":46},"end":{"line":13,"column":50}}},"1":{"name":"(anonymous_5)","decl":{"start":{"line":17,"column":2},"end":{"line":17,"column":7}},"loc":{"start":{"line":17,"column":46},"end":{"line":19,"column":3}}},"2":{"name":"(anonymous_6)","decl":{"start":{"line":23,"column":2},"end":{"line":23,"column":7}},"loc":{"start":{"line":25,"column":28},"end":{"line":28,"column":3}}},"3":{"name":"(anonymous_7)","decl":{"start":{"line":31,"column":2},"end":{"line":31,"column":7}},"loc":{"start":{"line":31,"column":35},"end":{"line":33,"column":3}}},"4":{"name":"(anonymous_8)","decl":{"start":{"line":16,"column":12},"end":{"line":16,"column":15}},"loc":{"start":{"line":16,"column":18},"end":{"line":16,"column":31}}},"5":{"name":"(anonymous_9)","decl":{"start":{"line":22,"column":12},"end":{"line":22,"column":15}},"loc":{"start":{"line":22,"column":18},"end":{"line":22,"column":30}}},"6":{"name":"(anonymous_10)","decl":{"start":{"line":30,"column":9},"end":{"line":30,"column":12}},"loc":{"start":{"line":30,"column":15},"end":{"line":30,"column":27}}}},"branchMap":{},"s":{"0":0,"1":0,"2":0,"3":0,"4":0,"5":0,"6":0,"7":0,"8":0,"9":0,"10":0,"11":0,"12":0,"13":0,"14":0,"15":0,"16":0,"17":0,"18":0},"f":{"0":0,"1":0,"2":0,"3":0,"4":0,"5":0,"6":0},"b":{}}
,"/Users/akilanlingam/hackathon-platform/apps/api/src/auth/auth.service.ts": {"path":"/Users/akilanlingam/hackathon-platform/apps/api/src/auth/auth.service.ts","statementMap":{"0":{"start":{"line":1,"column":0},"end":{"line":1,"column":106}},"1":{"start":{"line":2,"column":0},"end":{"line":2,"column":41}},"2":{"start":{"line":3,"column":0},"end":{"line":3,"column":33}},"3":{"start":{"line":4,"column":0},"end":{"line":4,"column":57}},"4":{"start":{"line":5,"column":0},"end":{"line":5,"column":38}},"5":{"start":{"line":8,"column":7},"end":{"line":56,"column":null}},"6":{"start":{"line":10,"column":12},"end":{"line":10,"column":20}},"7":{"start":{"line":11,"column":12},"end":{"line":11,"column":24}},"8":{"start":{"line":15,"column":17},"end":{"line":15,"column":72}},"9":{"start":{"line":16,"column":4},"end":{"line":18,"column":5}},"10":{"start":{"line":17,"column":6},"end":{"line":17,"column":67}},"11":{"start":{"line":20,"column":18},"end":{"line":20,"column":67}},"12":{"start":{"line":21,"column":4},"end":{"line":23,"column":5}},"13":{"start":{"line":22,"column":6},"end":{"line":22,"column":67}},"14":{"start":{"line":25,"column":20},"end":{"line":25,"column":72}},"15":{"start":{"line":26,"column":4},"end":{"line":29,"column":6}},"16":{"start":{"line":34,"column":4},"end":{"line":36,"column":5}},"17":{"start":{"line":35,"column":6},"end":{"line":35,"column":75}},"18":{"start":{"line":38,"column":21},"end":{"line":38,"column":76}},"19":{"start":{"line":39,"column":4},"end":{"line":41,"column":5}},"20":{"start":{"line":40,"column":6},"end":{"line":40,"column":75}},"21":{"start":{"line":43,"column":25},"end":{"line":43,"column":56}},"22":{"start":{"line":44,"column":17},"end":{"line":46,"column":6}},"23":{"start":{"line":48,"column":4},"end":{"line":48,"column":63}},"24":{"start":{"line":52,"column":17},"end":{"line":52,"column":77}},"25":{"start":{"line":53,"column":4},"end":{"line":53,"column":65}},"26":{"start":{"line":53,"column":15},"end":{"line":53,"column":65}},"27":{"start":{"line":54,"column":4},"end":{"line":54,"column":63}},"28":{"start":{"line":8,"column":13},"end":{"line":8,"column":24}},"29":{"start":{"line":8,"column":13},"end":{"line":56,"column":null}}},"fnMap":{"0":{"name":"(anonymous_2)","decl":{"start":{"line":9,"column":2},"end":{"line":9,"column":null}},"loc":{"start":{"line":11,"column":34},"end":{"line":12,"column":6}}},"1":{"name":"(anonymous_3)","decl":{"start":{"line":14,"column":2},"end":{"line":14,"column":7}},"loc":{"start":{"line":14,"column":45},"end":{"line":30,"column":3}}},"2":{"name":"(anonymous_4)","decl":{"start":{"line":32,"column":2},"end":{"line":32,"column":7}},"loc":{"start":{"line":32,"column":86},"end":{"line":49,"column":3}}},"3":{"name":"(anonymous_5)","decl":{"start":{"line":51,"column":2},"end":{"line":51,"column":7}},"loc":{"start":{"line":51,"column":33},"end":{"line":55,"column":3}}}},"branchMap":{"0":{"loc":{"start":{"line":16,"column":4},"end":{"line":18,"column":5}},"type":"if","locations":[{"start":{"line":16,"column":4},"end":{"line":18,"column":5}}]},"1":{"loc":{"start":{"line":21,"column":4},"end":{"line":23,"column":5}},"type":"if","locations":[{"start":{"line":21,"column":4},"end":{"line":23,"column":5}}]},"2":{"loc":{"start":{"line":34,"column":4},"end":{"line":36,"column":5}},"type":"if","locations":[{"start":{"line":34,"column":4},"end":{"line":36,"column":5}}]},"3":{"loc":{"start":{"line":39,"column":4},"end":{"line":41,"column":5}},"type":"if","locations":[{"start":{"line":39,"column":4},"end":{"line":41,"column":5}}]},"4":{"loc":{"start":{"line":53,"column":4},"end":{"line":53,"column":65}},"type":"if","locations":[{"start":{"line":53,"column":4},"end":{"line":53,"column":65}}]}},"s":{"0":0,"1":0,"2":0,"3":0,"4":0,"5":0,"6":0,"7":0,"8":0,"9":0,"10":0,"11":0,"12":0,"13":0,"14":0,"15":0,"16":0,"17":0,"18":0,"19":0,"20":0,"21":0,"22":0,"23":0,"24":0,"25":0,"26":0,"27":0,"28":0,"29":0},"f":{"0":0,"1":0,"2":0,"3":0},"b":{"0":[0],"1":[0],"2":[0],"3":[0],"4":[0]}}
,"/Users/akilanlingam/hackathon-platform/apps/api/src/auth/auth.types.ts": {"path":"/Users/akilanlingam/hackathon-platform/apps/api/src/auth/auth.types.ts","statementMap":{"0":{"start":{"line":1,"column":0},"end":{"line":1,"column":81}},"1":{"start":{"line":2,"column":0},"end":{"line":2,"column":38}},"2":{"start":{"line":4,"column":0},"end":{"line":4,"column":41}},"3":{"start":{"line":7,"column":7},"end":{"line":11,"column":null}},"4":{"start":{"line":7,"column":13},"end":{"line":7,"column":25}},"5":{"start":{"line":8,"column":11},"end":{"line":8,"column":null}},"6":{"start":{"line":9,"column":11},"end":{"line":9,"column":null}},"7":{"start":{"line":10,"column":21},"end":{"line":10,"column":null}},"8":{"start":{"line":10,"column":15},"end":{"line":10,"column":19}},"9":{"start":{"line":7,"column":13},"end":{"line":11,"column":null}},"10":{"start":{"line":14,"column":7},"end":{"line":17,"column":null}},"11":{"start":{"line":14,"column":13},"end":{"line":14,"column":26}},"12":{"start":{"line":15,"column":11},"end":{"line":15,"column":null}},"13":{"start":{"line":16,"column":29},"end":{"line":16,"column":null}},"14":{"start":{"line":16,"column":15},"end":{"line":16,"column":27}},"15":{"start":{"line":14,"column":13},"end":{"line":17,"column":null}},"16":{"start":{"line":20,"column":7},"end":{"line":23,"column":null}},"17":{"start":{"line":20,"column":13},"end":{"line":20,"column":23}},"18":{"start":{"line":21,"column":11},"end":{"line":21,"column":null}},"19":{"start":{"line":22,"column":11},"end":{"line":22,"column":null}},"20":{"start":{"line":20,"column":13},"end":{"line":23,"column":null}},"21":{"start":{"line":26,"column":7},"end":{"line":30,"column":null}},"22":{"start":{"line":26,"column":13},"end":{"line":26,"column":26}},"23":{"start":{"line":27,"column":11},"end":{"line":27,"column":null}},"24":{"start":{"line":28,"column":11},"end":{"line":28,"column":null}},"25":{"start":{"line":29,"column":21},"end":{"line":29,"column":null}},"26":{"start":{"line":29,"column":15},"end":{"line":29,"column":19}},"27":{"start":{"line":26,"column":13},"end":{"line":30,"column":null}}},"fnMap":{"0":{"name":"(anonymous_2)","decl":{"start":{"line":10,"column":9},"end":{"line":10,"column":12}},"loc":{"start":{"line":10,"column":15},"end":{"line":10,"column":19}}},"1":{"name":"(anonymous_3)","decl":{"start":{"line":16,"column":9},"end":{"line":16,"column":12}},"loc":{"start":{"line":16,"column":15},"end":{"line":16,"column":27}}},"2":{"name":"(anonymous_4)","decl":{"start":{"line":29,"column":9},"end":{"line":29,"column":12}},"loc":{"start":{"line":29,"column":15},"end":{"line":29,"column":19}}}},"branchMap":{},"s":{"0":0,"1":0,"2":0,"3":0,"4":0,"5":0,"6":0,"7":0,"8":0,"9":0,"10":0,"11":0,"12":0,"13":0,"14":0,"15":0,"16":0,"17":0,"18":0,"19":0,"20":0,"21":0,"22":0,"23":0,"24":0,"25":0,"26":0,"27":0},"f":{"0":0,"1":0,"2":0},"b":{}}
,"/Users/akilanlingam/hackathon-platform/apps/api/src/auth/current-user.decorator.ts": {"path":"/Users/akilanlingam/hackathon-platform/apps/api/src/auth/current-user.decorator.ts","statementMap":{"0":{"start":{"line":1,"column":0},"end":{"line":1,"column":72}},"1":{"start":{"line":2,"column":0},"end":{"line":2,"column":54}},"2":{"start":{"line":4,"column":13},"end":{"line":9,"column":2}},"3":{"start":{"line":6,"column":16},"end":{"line":6,"column":51}},"4":{"start":{"line":7,"column":4},"end":{"line":7,"column":37}}},"fnMap":{"0":{"name":"(anonymous_0)","decl":{"start":{"line":5,"column":2},"end":{"line":5,"column":3}},"loc":{"start":{"line":5,"column":47},"end":{"line":8,"column":3}}}},"branchMap":{},"s":{"0":0,"1":0,"2":0,"3":0,"4":0},"f":{"0":0},"b":{}}
,"/Users/akilanlingam/hackathon-platform/apps/api/src/auth/jwt-auth.guard.ts": {"path":"/Users/akilanlingam/hackathon-platform/apps/api/src/auth/jwt-auth.guard.ts","statementMap":{"0":{"start":{"line":1,"column":0},"end":{"line":1,"column":62}},"1":{"start":{"line":2,"column":0},"end":{"line":2,"column":45}},"2":{"start":{"line":3,"column":0},"end":{"line":3,"column":54}},"3":{"start":{"line":4,"column":0},"end":{"line":4,"column":41}},"4":{"start":{"line":5,"column":0},"end":{"line":5,"column":51}},"5":{"start":{"line":8,"column":7},"end":{"line":26,"column":null}},"6":{"start":{"line":10,"column":4},"end":{"line":10,"column":12}},"7":{"start":{"line":9,"column":22},"end":{"line":9,"column":33}},"8":{"start":{"line":14,"column":21},"end":{"line":17,"column":6}},"9":{"start":{"line":18,"column":4},"end":{"line":18,"column":30}},"10":{"start":{"line":18,"column":18},"end":{"line":18,"column":30}},"11":{"start":{"line":19,"column":4},"end":{"line":19,"column":38}},"12":{"start":{"line":23,"column":16},"end":{"line":23,"column":51}},"13":{"start":{"line":24,"column":4},"end":{"line":24,"column":32}},"14":{"start":{"line":8,"column":13},"end":{"line":8,"column":25}},"15":{"start":{"line":8,"column":13},"end":{"line":26,"column":null}}},"fnMap":{"0":{"name":"(anonymous_2)","decl":{"start":{"line":9,"column":2},"end":{"line":9,"column":22}},"loc":{"start":{"line":9,"column":42},"end":{"line":11,"column":3}}},"1":{"name":"(anonymous_3)","decl":{"start":{"line":13,"column":2},"end":{"line":13,"column":13}},"loc":{"start":{"line":13,"column":39},"end":{"line":20,"column":3}}},"2":{"name":"(anonymous_4)","decl":{"start":{"line":22,"column":2},"end":{"line":22,"column":12}},"loc":{"start":{"line":22,"column":38},"end":{"line":25,"column":3}}}},"branchMap":{"0":{"loc":{"start":{"line":18,"column":4},"end":{"line":18,"column":30}},"type":"if","locations":[{"start":{"line":18,"column":4},"end":{"line":18,"column":30}}]}},"s":{"0":0,"1":0,"2":0,"3":0,"4":0,"5":0,"6":0,"7":0,"8":0,"9":0,"10":0,"11":0,"12":0,"13":0,"14":0,"15":0},"f":{"0":0,"1":0,"2":0},"b":{"0":[0]}}
,"/Users/akilanlingam/hackathon-platform/apps/api/src/auth/jwt.strategy.ts": {"path":"/Users/akilanlingam/hackathon-platform/apps/api/src/auth/jwt.strategy.ts","statementMap":{"0":{"start":{"line":1,"column":0},"end":{"line":1,"column":44}},"1":{"start":{"line":2,"column":0},"end":{"line":2,"column":52}},"2":{"start":{"line":3,"column":0},"end":{"line":3,"column":52}},"3":{"start":{"line":4,"column":0},"end":{"line":4,"column":47}},"4":{"start":{"line":7,"column":7},"end":{"line":19,"column":null}},"5":{"start":{"line":9,"column":4},"end":{"line":13,"column":7}},"6":{"start":{"line":17,"column":4},"end":{"line":17,"column":74}},"7":{"start":{"line":7,"column":13},"end":{"line":7,"column":24}},"8":{"start":{"line":7,"column":13},"end":{"line":19,"column":null}}},"fnMap":{"0":{"name":"(anonymous_2)","decl":{"start":{"line":8,"column":2},"end":{"line":8,"column":14}},"loc":{"start":{"line":8,"column":35},"end":{"line":14,"column":3}}},"1":{"name":"(anonymous_3)","decl":{"start":{"line":16,"column":2},"end":{"line":16,"column":7}},"loc":{"start":{"line":16,"column":29},"end":{"line":18,"column":3}}}},"branchMap":{},"s":{"0":0,"1":0,"2":0,"3":0,"4":0,"5":0,"6":0,"7":0,"8":0},"f":{"0":0,"1":0},"b":{}}
,"/Users/akilanlingam/hackathon-platform/apps/api/src/auth/public.decorator.ts": {"path":"/Users/akilanlingam/hackathon-platform/apps/api/src/auth/public.decorator.ts","statementMap":{"0":{"start":{"line":1,"column":0},"end":{"line":1,"column":45}},"1":{"start":{"line":3,"column":13},"end":{"line":3,"column":40}},"2":{"start":{"line":4,"column":22},"end":{"line":4,"column":60}},"3":{"start":{"line":4,"column":28},"end":{"line":4,"column":60}},"4":{"start":{"line":4,"column":13},"end":{"line":4,"column":22}}},"fnMap":{"0":{"name":"(anonymous_0)","decl":{"start":{"line":4,"column":22},"end":{"line":4,"column":25}},"loc":{"start":{"line":4,"column":28},"end":{"line":4,"column":60}}}},"branchMap":{},"s":{"0":1,"1":1,"2":1,"3":1,"4":1},"f":{"0":1},"b":{}}
,"/Users/akilanlingam/hackathon-platform/apps/api/src/auth/roles.decorator.ts": {"path":"/Users/akilanlingam/hackathon-platform/apps/api/src/auth/roles.decorator.ts","statementMap":{"0":{"start":{"line":1,"column":0},"end":{"line":1,"column":45}},"1":{"start":{"line":3,"column":13},"end":{"line":3,"column":33}},"2":{"start":{"line":4,"column":21},"end":{"line":4,"column":74}},"3":{"start":{"line":4,"column":45},"end":{"line":4,"column":74}},"4":{"start":{"line":4,"column":13},"end":{"line":4,"column":21}}},"fnMap":{"0":{"name":"(anonymous_0)","decl":{"start":{"line":4,"column":21},"end":{"line":4,"column":22}},"loc":{"start":{"line":4,"column":45},"end":{"line":4,"column":74}}}},"branchMap":{},"s":{"0":0,"1":0,"2":0,"3":0,"4":0},"f":{"0":0},"b":{}}
,"/Users/akilanlingam/hackathon-platform/apps/api/src/auth/roles.guard.ts": {"path":"/Users/akilanlingam/hackathon-platform/apps/api/src/auth/roles.guard.ts","statementMap":{"0":{"start":{"line":1,"column":0},"end":{"line":1,"column":75}},"1":{"start":{"line":2,"column":0},"end":{"line":2,"column":41}},"2":{"start":{"line":3,"column":0},"end":{"line":3,"column":54}},"3":{"start":{"line":4,"column":0},"end":{"line":4,"column":46}},"4":{"start":{"line":5,"column":0},"end":{"line":5,"column":51}},"5":{"start":{"line":8,"column":7},"end":{"line":30,"column":null}},"6":{"start":{"line":9,"column":22},"end":{"line":9,"column":33}},"7":{"start":{"line":12,"column":21},"end":{"line":15,"column":6}},"8":{"start":{"line":16,"column":4},"end":{"line":16,"column":30}},"9":{"start":{"line":16,"column":18},"end":{"line":16,"column":30}},"10":{"start":{"line":18,"column":26},"end":{"line":21,"column":6}},"11":{"start":{"line":22,"column":4},"end":{"line":22,"column":36}},"12":{"start":{"line":22,"column":24},"end":{"line":22,"column":36}},"13":{"start":{"line":24,"column":16},"end":{"line":24,"column":51}},"14":{"start":{"line":25,"column":17},"end":{"line":25,"column":42}},"15":{"start":{"line":26,"column":4},"end":{"line":26,"column":28}},"16":{"start":{"line":26,"column":15},"end":{"line":26,"column":28}},"17":{"start":{"line":28,"column":4},"end":{"line":28,"column":45}},"18":{"start":{"line":8,"column":13},"end":{"line":8,"column":23}},"19":{"start":{"line":8,"column":13},"end":{"line":30,"column":null}}},"fnMap":{"0":{"name":"(anonymous_2)","decl":{"start":{"line":9,"column":2},"end":{"line":9,"column":22}},"loc":{"start":{"line":9,"column":42},"end":{"line":9,"column":46}}},"1":{"name":"(anonymous_3)","decl":{"start":{"line":11,"column":2},"end":{"line":11,"column":13}},"loc":{"start":{"line":11,"column":39},"end":{"line":29,"column":3}}}},"branchMap":{"0":{"loc":{"start":{"line":16,"column":4},"end":{"line":16,"column":30}},"type":"if","locations":[{"start":{"line":16,"column":4},"end":{"line":16,"column":30}}]},"1":{"loc":{"start":{"line":22,"column":4},"end":{"line":22,"column":36}},"type":"if","locations":[{"start":{"line":22,"column":4},"end":{"line":22,"column":36}}]},"2":{"loc":{"start":{"line":26,"column":4},"end":{"line":26,"column":28}},"type":"if","locations":[{"start":{"line":26,"column":4},"end":{"line":26,"column":28}}]}},"s":{"0":0,"1":0,"2":0,"3":0,"4":0,"5":0,"6":0,"7":0,"8":0,"9":0,"10":0,"11":0,"12":0,"13":0,"14":0,"15":0,"16":0,"17":0,"18":0,"19":0},"f":{"0":0,"1":0},"b":{"0":[0],"1":[0],"2":[0]}}
,"/Users/akilanlingam/hackathon-platform/apps/api/src/conflicts/conflicts.module.ts": {"path":"/Users/akilanlingam/hackathon-platform/apps/api/src/conflicts/conflicts.module.ts","statementMap":{"0":{"start":{"line":1,"column":0},"end":{"line":1,"column":40}},"1":{"start":{"line":2,"column":0},"end":{"line":2,"column":55}},"2":{"start":{"line":3,"column":0},"end":{"line":3,"column":57}},"3":{"start":{"line":9,"column":7},"end":{"line":9,"column":null}},"4":{"start":{"line":9,"column":13},"end":{"line":9,"column":28}},"5":{"start":{"line":9,"column":13},"end":{"line":9,"column":null}}},"fnMap":{},"branchMap":{},"s":{"0":0,"1":0,"2":0,"3":0,"4":0,"5":0},"f":{},"b":{}}
,"/Users/akilanlingam/hackathon-platform/apps/api/src/conflicts/conflicts.resolver.ts": {"path":"/Users/akilanlingam/hackathon-platform/apps/api/src/conflicts/conflicts.resolver.ts","statementMap":{"0":{"start":{"line":1,"column":0},"end":{"line":1,"column":66}},"1":{"start":{"line":2,"column":0},"end":{"line":2,"column":55}},"2":{"start":{"line":3,"column":0},"end":{"line":3,"column":73}},"3":{"start":{"line":4,"column":0},"end":{"line":4,"column":48}},"4":{"start":{"line":5,"column":0},"end":{"line":5,"column":61}},"5":{"start":{"line":8,"column":7},"end":{"line":43,"column":null}},"6":{"start":{"line":9,"column":22},"end":{"line":9,"column":40}},"7":{"start":{"line":17,"column":4},"end":{"line":17,"column":58}},"8":{"start":{"line":26,"column":4},"end":{"line":26,"column":55}},"9":{"start":{"line":31,"column":4},"end":{"line":31,"column":54}},"10":{"start":{"line":36,"column":4},"end":{"line":36,"column":54}},"11":{"start":{"line":41,"column":4},"end":{"line":41,"column":52}},"12":{"start":{"line":8,"column":13},"end":{"line":8,"column":30}},"13":{"start":{"line":13,"column":8},"end":{"line":18,"column":null}},"14":{"start":{"line":12,"column":18},"end":{"line":12,"column":32}},"15":{"start":{"line":22,"column":8},"end":{"line":27,"column":null}},"16":{"start":{"line":21,"column":18},"end":{"line":21,"column":32}},"17":{"start":{"line":30,"column":8},"end":{"line":32,"column":null}},"18":{"start":{"line":29,"column":15},"end":{"line":29,"column":31}},"19":{"start":{"line":35,"column":8},"end":{"line":37,"column":null}},"20":{"start":{"line":34,"column":15},"end":{"line":34,"column":31}},"21":{"start":{"line":40,"column":8},"end":{"line":42,"column":null}},"22":{"start":{"line":39,"column":15},"end":{"line":39,"column":31}},"23":{"start":{"line":8,"column":13},"end":{"line":43,"column":null}},"24":{"start":{"line":7,"column":16},"end":{"line":7,"column":30}}},"fnMap":{"0":{"name":"(anonymous_4)","decl":{"start":{"line":9,"column":2},"end":{"line":9,"column":22}},"loc":{"start":{"line":9,"column":56},"end":{"line":9,"column":60}}},"1":{"name":"(anonymous_5)","decl":{"start":{"line":13,"column":2},"end":{"line":13,"column":7}},"loc":{"start":{"line":15,"column":28},"end":{"line":18,"column":3}}},"2":{"name":"(anonymous_6)","decl":{"start":{"line":22,"column":2},"end":{"line":22,"column":7}},"loc":{"start":{"line":24,"column":28},"end":{"line":27,"column":3}}},"3":{"name":"(anonymous_7)","decl":{"start":{"line":30,"column":2},"end":{"line":30,"column":7}},"loc":{"start":{"line":30,"column":50},"end":{"line":32,"column":3}}},"4":{"name":"(anonymous_8)","decl":{"start":{"line":35,"column":2},"end":{"line":35,"column":7}},"loc":{"start":{"line":35,"column":57},"end":{"line":37,"column":3}}},"5":{"name":"(anonymous_9)","decl":{"start":{"line":40,"column":2},"end":{"line":40,"column":7}},"loc":{"start":{"line":40,"column":54},"end":{"line":42,"column":3}}},"6":{"name":"(anonymous_10)","decl":{"start":{"line":12,"column":12},"end":{"line":12,"column":15}},"loc":{"start":{"line":12,"column":18},"end":{"line":12,"column":32}}},"7":{"name":"(anonymous_11)","decl":{"start":{"line":21,"column":12},"end":{"line":21,"column":15}},"loc":{"start":{"line":21,"column":18},"end":{"line":21,"column":32}}},"8":{"name":"(anonymous_12)","decl":{"start":{"line":29,"column":9},"end":{"line":29,"column":12}},"loc":{"start":{"line":29,"column":15},"end":{"line":29,"column":31}}},"9":{"name":"(anonymous_13)","decl":{"start":{"line":34,"column":9},"end":{"line":34,"column":12}},"loc":{"start":{"line":34,"column":15},"end":{"line":34,"column":31}}},"10":{"name":"(anonymous_14)","decl":{"start":{"line":39,"column":9},"end":{"line":39,"column":12}},"loc":{"start":{"line":39,"column":15},"end":{"line":39,"column":31}}},"11":{"name":"(anonymous_15)","decl":{"start":{"line":7,"column":10},"end":{"line":7,"column":13}},"loc":{"start":{"line":7,"column":16},"end":{"line":7,"column":30}}}},"branchMap":{},"s":{"0":0,"1":0,"2":0,"3":0,"4":0,"5":0,"6":0,"7":0,"8":0,"9":0,"10":0,"11":0,"12":0,"13":0,"14":0,"15":0,"16":0,"17":0,"18":0,"19":0,"20":0,"21":0,"22":0,"23":0,"24":0},"f":{"0":0,"1":0,"2":0,"3":0,"4":0,"5":0,"6":0,"7":0,"8":0,"9":0,"10":0,"11":0},"b":{}}
,"/Users/akilanlingam/hackathon-platform/apps/api/src/conflicts/conflicts.service.ts": {"path":"/Users/akilanlingam/hackathon-platform/apps/api/src/conflicts/conflicts.service.ts","statementMap":{"0":{"start":{"line":1,"column":0},"end":{"line":1,"column":82}},"1":{"start":{"line":2,"column":0},"end":{"line":2,"column":57}},"2":{"start":{"line":3,"column":0},"end":{"line":3,"column":54}},"3":{"start":{"line":4,"column":0},"end":{"line":4,"column":65}},"4":{"start":{"line":8,"column":7},"end":{"line":139,"column":null}},"5":{"start":{"line":10,"column":12},"end":{"line":10,"column":20}},"6":{"start":{"line":11,"column":12},"end":{"line":11,"column":19}},"7":{"start":{"line":15,"column":4},"end":{"line":21,"column":6}},"8":{"start":{"line":26,"column":21},"end":{"line":34,"column":6}},"9":{"start":{"line":35,"column":4},"end":{"line":35,"column":111}},"10":{"start":{"line":35,"column":18},"end":{"line":35,"column":111}},"11":{"start":{"line":37,"column":18},"end":{"line":37,"column":86}},"12":{"start":{"line":38,"column":4},"end":{"line":38,"column":63}},"13":{"start":{"line":38,"column":16},"end":{"line":38,"column":63}},"14":{"start":{"line":40,"column":17},"end":{"line":40,"column":83}},"15":{"start":{"line":41,"column":4},"end":{"line":41,"column":61}},"16":{"start":{"line":41,"column":15},"end":{"line":41,"column":61}},"17":{"start":{"line":43,"column":21},"end":{"line":58,"column":6}},"18":{"start":{"line":60,"column":4},"end":{"line":65,"column":7}},"19":{"start":{"line":67,"column":4},"end":{"line":67,"column":41}},"20":{"start":{"line":71,"column":21},"end":{"line":71,"column":88}},"21":{"start":{"line":72,"column":4},"end":{"line":72,"column":69}},"22":{"start":{"line":72,"column":19},"end":{"line":72,"column":69}},"23":{"start":{"line":74,"column":21},"end":{"line":87,"column":6}},"24":{"start":{"line":89,"column":4},"end":{"line":93,"column":7}},"25":{"start":{"line":95,"column":4},"end":{"line":95,"column":41}},"26":{"start":{"line":99,"column":22},"end":{"line":108,"column":6}},"27":{"start":{"line":109,"column":4},"end":{"line":109,"column":54}},"28":{"start":{"line":109,"column":30},"end":{"line":109,"column":52}},"29":{"start":{"line":113,"column":22},"end":{"line":122,"column":6}},"30":{"start":{"line":123,"column":4},"end":{"line":123,"column":54}},"31":{"start":{"line":123,"column":30},"end":{"line":123,"column":52}},"32":{"start":{"line":127,"column":22},"end":{"line":136,"column":6}},"33":{"start":{"line":137,"column":4},"end":{"line":137,"column":54}},"34":{"start":{"line":137,"column":30},"end":{"line":137,"column":52}},"35":{"start":{"line":8,"column":13},"end":{"line":8,"column":29}},"36":{"start":{"line":8,"column":13},"end":{"line":139,"column":null}}},"fnMap":{"0":{"name":"(anonymous_2)","decl":{"start":{"line":9,"column":2},"end":{"line":9,"column":null}},"loc":{"start":{"line":11,"column":31},"end":{"line":12,"column":6}}},"1":{"name":"(anonymous_3)","decl":{"start":{"line":14,"column":10},"end":{"line":14,"column":24}},"loc":{"start":{"line":14,"column":31},"end":{"line":22,"column":3}}},"2":{"name":"(anonymous_4)","decl":{"start":{"line":24,"column":2},"end":{"line":24,"column":7}},"loc":{"start":{"line":24,"column":59},"end":{"line":68,"column":3}}},"3":{"name":"(anonymous_5)","decl":{"start":{"line":70,"column":2},"end":{"line":70,"column":7}},"loc":{"start":{"line":70,"column":42},"end":{"line":96,"column":3}}},"4":{"name":"(anonymous_6)","decl":{"start":{"line":98,"column":2},"end":{"line":98,"column":7}},"loc":{"start":{"line":98,"column":35},"end":{"line":110,"column":3}}},"5":{"name":"(anonymous_7)","decl":{"start":{"line":109,"column":25},"end":{"line":109,"column":26}},"loc":{"start":{"line":109,"column":30},"end":{"line":109,"column":52}}},"6":{"name":"(anonymous_8)","decl":{"start":{"line":112,"column":2},"end":{"line":112,"column":7}},"loc":{"start":{"line":112,"column":35},"end":{"line":124,"column":3}}},"7":{"name":"(anonymous_9)","decl":{"start":{"line":123,"column":25},"end":{"line":123,"column":26}},"loc":{"start":{"line":123,"column":30},"end":{"line":123,"column":52}}},"8":{"name":"(anonymous_10)","decl":{"start":{"line":126,"column":2},"end":{"line":126,"column":7}},"loc":{"start":{"line":126,"column":33},"end":{"line":138,"column":3}}},"9":{"name":"(anonymous_11)","decl":{"start":{"line":137,"column":25},"end":{"line":137,"column":26}},"loc":{"start":{"line":137,"column":30},"end":{"line":137,"column":52}}}},"branchMap":{"0":{"loc":{"start":{"line":17,"column":17},"end":{"line":17,"column":36}},"type":"binary-expr","locations":[{"start":{"line":17,"column":17},"end":{"line":17,"column":30}},{"start":{"line":17,"column":34},"end":{"line":17,"column":36}}]},"1":{"loc":{"start":{"line":18,"column":16},"end":{"line":18,"column":34}},"type":"binary-expr","locations":[{"start":{"line":18,"column":16},"end":{"line":18,"column":28}},{"start":{"line":18,"column":32},"end":{"line":18,"column":34}}]},"2":{"loc":{"start":{"line":19,"column":23},"end":{"line":19,"column":48}},"type":"binary-expr","locations":[{"start":{"line":19,"column":23},"end":{"line":19,"column":42}},{"start":{"line":19,"column":46},"end":{"line":19,"column":48}}]},"3":{"loc":{"start":{"line":20,"column":23},"end":{"line":20,"column":50}},"type":"binary-expr","locations":[{"start":{"line":20,"column":23},"end":{"line":20,"column":42}},{"start":{"line":20,"column":46},"end":{"line":20,"column":50}}]},"4":{"loc":{"start":{"line":35,"column":4},"end":{"line":35,"column":111}},"type":"if","locations":[{"start":{"line":35,"column":4},"end":{"line":35,"column":111}}]},"5":{"loc":{"start":{"line":38,"column":4},"end":{"line":38,"column":63}},"type":"if","locations":[{"start":{"line":38,"column":4},"end":{"line":38,"column":63}}]},"6":{"loc":{"start":{"line":41,"column":4},"end":{"line":41,"column":61}},"type":"if","locations":[{"start":{"line":41,"column":4},"end":{"line":41,"column":61}}]},"7":{"loc":{"start":{"line":72,"column":4},"end":{"line":72,"column":69}},"type":"if","locations":[{"start":{"line":72,"column":4},"end":{"line":72,"column":69}}]}},"s":{"0":0,"1":0,"2":0,"3":0,"4":0,"5":0,"6":0,"7":0,"8":0,"9":0,"10":0,"11":0,"12":0,"13":0,"14":0,"15":0,"16":0,"17":0,"18":0,"19":0,"20":0,"21":0,"22":0,"23":0,"24":0,"25":0,"26":0,"27":0,"28":0,"29":0,"30":0,"31":0,"32":0,"33":0,"34":0,"35":0,"36":0},"f":{"0":0,"1":0,"2":0,"3":0,"4":0,"5":0,"6":0,"7":0,"8":0,"9":0},"b":{"0":[0,0],"1":[0,0],"2":[0,0],"3":[0,0],"4":[0],"5":[0],"6":[0],"7":[0]}}
,"/Users/akilanlingam/hackathon-platform/apps/api/src/conflicts/conflicts.types.ts": {"path":"/Users/akilanlingam/hackathon-platform/apps/api/src/conflicts/conflicts.types.ts","statementMap":{"0":{"start":{"line":1,"column":0},"end":{"line":1,"column":81}},"1":{"start":{"line":2,"column":0},"end":{"line":2,"column":68}},"2":{"start":{"line":4,"column":0},"end":{"line":4,"column":61}},"3":{"start":{"line":5,"column":0},"end":{"line":5,"column":69}},"4":{"start":{"line":8,"column":7},"end":{"line":22,"column":null}},"5":{"start":{"line":8,"column":13},"end":{"line":8,"column":27}},"6":{"start":{"line":9,"column":11},"end":{"line":9,"column":null}},"7":{"start":{"line":10,"column":11},"end":{"line":10,"column":null}},"8":{"start":{"line":11,"column":11},"end":{"line":11,"column":null}},"9":{"start":{"line":12,"column":11},"end":{"line":12,"column":null}},"10":{"start":{"line":13,"column":11},"end":{"line":13,"column":null}},"11":{"start":{"line":14,"column":11},"end":{"line":14,"column":null}},"12":{"start":{"line":15,"column":11},"end":{"line":15,"column":null}},"13":{"start":{"line":16,"column":31},"end":{"line":16,"column":null}},"14":{"start":{"line":16,"column":15},"end":{"line":16,"column":29}},"15":{"start":{"line":17,"column":35},"end":{"line":17,"column":null}},"16":{"start":{"line":17,"column":15},"end":{"line":17,"column":33}},"17":{"start":{"line":18,"column":11},"end":{"line":18,"column":null}},"18":{"start":{"line":19,"column":29},"end":{"line":19,"column":null}},"19":{"start":{"line":20,"column":29},"end":{"line":20,"column":null}},"20":{"start":{"line":21,"column":11},"end":{"line":21,"column":null}},"21":{"start":{"line":8,"column":13},"end":{"line":22,"column":null}},"22":{"start":{"line":25,"column":7},"end":{"line":31,"column":null}},"23":{"start":{"line":25,"column":13},"end":{"line":25,"column":33}},"24":{"start":{"line":26,"column":11},"end":{"line":26,"column":null}},"25":{"start":{"line":27,"column":11},"end":{"line":27,"column":null}},"26":{"start":{"line":28,"column":11},"end":{"line":28,"column":null}},"27":{"start":{"line":29,"column":11},"end":{"line":29,"column":null}},"28":{"start":{"line":30,"column":79},"end":{"line":30,"column":null}},"29":{"start":{"line":30,"column":15},"end":{"line":30,"column":29}},"30":{"start":{"line":25,"column":13},"end":{"line":31,"column":null}}},"fnMap":{"0":{"name":"(anonymous_2)","decl":{"start":{"line":16,"column":9},"end":{"line":16,"column":12}},"loc":{"start":{"line":16,"column":15},"end":{"line":16,"column":29}}},"1":{"name":"(anonymous_3)","decl":{"start":{"line":17,"column":9},"end":{"line":17,"column":12}},"loc":{"start":{"line":17,"column":15},"end":{"line":17,"column":33}}},"2":{"name":"(anonymous_4)","decl":{"start":{"line":30,"column":9},"end":{"line":30,"column":12}},"loc":{"start":{"line":30,"column":15},"end":{"line":30,"column":29}}}},"branchMap":{},"s":{"0":0,"1":0,"2":0,"3":0,"4":0,"5":0,"6":0,"7":0,"8":0,"9":0,"10":0,"11":0,"12":0,"13":0,"14":0,"15":0,"16":0,"17":0,"18":0,"19":0,"20":0,"21":0,"22":0,"23":0,"24":0,"25":0,"26":0,"27":0,"28":0,"29":0,"30":0},"f":{"0":0,"1":0,"2":0},"b":{}}
,"/Users/akilanlingam/hackathon-platform/apps/api/src/events/events.module.ts": {"path":"/Users/akilanlingam/hackathon-platform/apps/api/src/events/events.module.ts","statementMap":{"0":{"start":{"line":2,"column":0},"end":{"line":2,"column":40}},"1":{"start":{"line":3,"column":0},"end":{"line":3,"column":49}},"2":{"start":{"line":4,"column":0},"end":{"line":4,"column":51}},"3":{"start":{"line":10,"column":7},"end":{"line":10,"column":null}},"4":{"start":{"line":10,"column":13},"end":{"line":10,"column":25}},"5":{"start":{"line":10,"column":13},"end":{"line":10,"column":null}}},"fnMap":{},"branchMap":{},"s":{"0":0,"1":0,"2":0,"3":0,"4":0,"5":0},"f":{},"b":{}}
,"/Users/akilanlingam/hackathon-platform/apps/api/src/events/events.resolver.ts": {"path":"/Users/akilanlingam/hackathon-platform/apps/api/src/events/events.resolver.ts","statementMap":{"0":{"start":{"line":1,"column":0},"end":{"line":1,"column":66}},"1":{"start":{"line":2,"column":0},"end":{"line":2,"column":49}},"2":{"start":{"line":3,"column":0},"end":{"line":3,"column":81}},"3":{"start":{"line":4,"column":0},"end":{"line":4,"column":48}},"4":{"start":{"line":5,"column":0},"end":{"line":5,"column":61}},"5":{"start":{"line":6,"column":0},"end":{"line":6,"column":57}},"6":{"start":{"line":7,"column":0},"end":{"line":7,"column":57}},"7":{"start":{"line":10,"column":7},"end":{"line":19,"column":null}},"8":{"start":{"line":10,"column":13},"end":{"line":10,"column":29}},"9":{"start":{"line":11,"column":11},"end":{"line":11,"column":null}},"10":{"start":{"line":12,"column":11},"end":{"line":12,"column":null}},"11":{"start":{"line":13,"column":11},"end":{"line":13,"column":null}},"12":{"start":{"line":14,"column":20},"end":{"line":14,"column":null}},"13":{"start":{"line":14,"column":15},"end":{"line":14,"column":18}},"14":{"start":{"line":15,"column":11},"end":{"line":15,"column":null}},"15":{"start":{"line":16,"column":25},"end":{"line":16,"column":null}},"16":{"start":{"line":16,"column":15},"end":{"line":16,"column":23}},"17":{"start":{"line":17,"column":40},"end":{"line":17,"column":null}},"18":{"start":{"line":17,"column":15},"end":{"line":17,"column":18}},"19":{"start":{"line":18,"column":40},"end":{"line":18,"column":null}},"20":{"start":{"line":18,"column":15},"end":{"line":18,"column":18}},"21":{"start":{"line":10,"column":13},"end":{"line":19,"column":null}},"22":{"start":{"line":22,"column":7},"end":{"line":63,"column":null}},"23":{"start":{"line":24,"column":12},"end":{"line":24,"column":27}},"24":{"start":{"line":25,"column":12},"end":{"line":25,"column":20}},"25":{"start":{"line":31,"column":4},"end":{"line":31,"column":54}},"26":{"start":{"line":37,"column":4},"end":{"line":37,"column":58}},"27":{"start":{"line":43,"column":4},"end":{"line":43,"column":42}},"28":{"start":{"line":49,"column":4},"end":{"line":49,"column":40}},"29":{"start":{"line":55,"column":4},"end":{"line":55,"column":102}},"30":{"start":{"line":61,"column":4},"end":{"line":61,"column":55}},"31":{"start":{"line":22,"column":13},"end":{"line":22,"column":27}},"32":{"start":{"line":30,"column":8},"end":{"line":32,"column":null}},"33":{"start":{"line":29,"column":18},"end":{"line":29,"column":29}},"34":{"start":{"line":36,"column":8},"end":{"line":38,"column":null}},"35":{"start":{"line":35,"column":18},"end":{"line":35,"column":29}},"36":{"start":{"line":42,"column":8},"end":{"line":44,"column":null}},"37":{"start":{"line":41,"column":15},"end":{"line":41,"column":26}},"38":{"start":{"line":48,"column":8},"end":{"line":50,"column":null}},"39":{"start":{"line":47,"column":15},"end":{"line":47,"column":28}},"40":{"start":{"line":54,"column":8},"end":{"line":56,"column":null}},"41":{"start":{"line":53,"column":15},"end":{"line":53,"column":33}},"42":{"start":{"line":60,"column":8},"end":{"line":62,"column":null}},"43":{"start":{"line":59,"column":18},"end":{"line":59,"column":29}},"44":{"start":{"line":22,"column":13},"end":{"line":63,"column":null}},"45":{"start":{"line":21,"column":16},"end":{"line":21,"column":27}}},"fnMap":{"0":{"name":"(anonymous_4)","decl":{"start":{"line":14,"column":9},"end":{"line":14,"column":12}},"loc":{"start":{"line":14,"column":15},"end":{"line":14,"column":18}}},"1":{"name":"(anonymous_5)","decl":{"start":{"line":16,"column":9},"end":{"line":16,"column":12}},"loc":{"start":{"line":16,"column":15},"end":{"line":16,"column":23}}},"2":{"name":"(anonymous_6)","decl":{"start":{"line":17,"column":9},"end":{"line":17,"column":12}},"loc":{"start":{"line":17,"column":15},"end":{"line":17,"column":18}}},"3":{"name":"(anonymous_7)","decl":{"start":{"line":18,"column":9},"end":{"line":18,"column":12}},"loc":{"start":{"line":18,"column":15},"end":{"line":18,"column":18}}},"4":{"name":"(anonymous_8)","decl":{"start":{"line":23,"column":2},"end":{"line":23,"column":null}},"loc":{"start":{"line":25,"column":33},"end":{"line":26,"column":6}}},"5":{"name":"(anonymous_9)","decl":{"start":{"line":30,"column":2},"end":{"line":30,"column":7}},"loc":{"start":{"line":30,"column":84},"end":{"line":32,"column":3}}},"6":{"name":"(anonymous_10)","decl":{"start":{"line":36,"column":2},"end":{"line":36,"column":7}},"loc":{"start":{"line":36,"column":108},"end":{"line":38,"column":3}}},"7":{"name":"(anonymous_11)","decl":{"start":{"line":42,"column":2},"end":{"line":42,"column":7}},"loc":{"start":{"line":42,"column":36},"end":{"line":44,"column":3}}},"8":{"name":"(anonymous_12)","decl":{"start":{"line":48,"column":2},"end":{"line":48,"column":7}},"loc":{"start":{"line":48,"column":14},"end":{"line":50,"column":3}}},"9":{"name":"(anonymous_13)","decl":{"start":{"line":54,"column":2},"end":{"line":54,"column":7}},"loc":{"start":{"line":54,"column":54},"end":{"line":56,"column":3}}},"10":{"name":"(anonymous_14)","decl":{"start":{"line":60,"column":2},"end":{"line":60,"column":7}},"loc":{"start":{"line":60,"column":68},"end":{"line":62,"column":3}}},"11":{"name":"(anonymous_15)","decl":{"start":{"line":29,"column":12},"end":{"line":29,"column":15}},"loc":{"start":{"line":29,"column":18},"end":{"line":29,"column":29}}},"12":{"name":"(anonymous_16)","decl":{"start":{"line":35,"column":12},"end":{"line":35,"column":15}},"loc":{"start":{"line":35,"column":18},"end":{"line":35,"column":29}}},"13":{"name":"(anonymous_17)","decl":{"start":{"line":41,"column":9},"end":{"line":41,"column":12}},"loc":{"start":{"line":41,"column":15},"end":{"line":41,"column":26}}},"14":{"name":"(anonymous_18)","decl":{"start":{"line":47,"column":9},"end":{"line":47,"column":12}},"loc":{"start":{"line":47,"column":15},"end":{"line":47,"column":28}}},"15":{"name":"(anonymous_19)","decl":{"start":{"line":53,"column":9},"end":{"line":53,"column":12}},"loc":{"start":{"line":53,"column":15},"end":{"line":53,"column":33}}},"16":{"name":"(anonymous_20)","decl":{"start":{"line":59,"column":12},"end":{"line":59,"column":15}},"loc":{"start":{"line":59,"column":18},"end":{"line":59,"column":29}}},"17":{"name":"(anonymous_21)","decl":{"start":{"line":21,"column":10},"end":{"line":21,"column":13}},"loc":{"start":{"line":21,"column":16},"end":{"line":21,"column":27}}}},"branchMap":{},"s":{"0":0,"1":0,"2":0,"3":0,"4":0,"5":0,"6":0,"7":0,"8":0,"9":0,"10":0,"11":0,"12":0,"13":0,"14":0,"15":0,"16":0,"17":0,"18":0,"19":0,"20":0,"21":0,"22":0,"23":0,"24":0,"25":0,"26":0,"27":0,"28":0,"29":0,"30":0,"31":0,"32":0,"33":0,"34":0,"35":0,"36":0,"37":0,"38":0,"39":0,"40":0,"41":0,"42":0,"43":0,"44":0,"45":0},"f":{"0":0,"1":0,"2":0,"3":0,"4":0,"5":0,"6":0,"7":0,"8":0,"9":0,"10":0,"11":0,"12":0,"13":0,"14":0,"15":0,"16":0,"17":0},"b":{}}
,"/Users/akilanlingam/hackathon-platform/apps/api/src/events/events.service.ts": {"path":"/Users/akilanlingam/hackathon-platform/apps/api/src/events/events.service.ts","statementMap":{"0":{"start":{"line":1,"column":0},"end":{"line":1,"column":63}},"1":{"start":{"line":2,"column":0},"end":{"line":2,"column":57}},"2":{"start":{"line":3,"column":0},"end":{"line":3,"column":54}},"3":{"start":{"line":4,"column":0},"end":{"line":4,"column":45}},"4":{"start":{"line":8,"column":7},"end":{"line":84,"column":null}},"5":{"start":{"line":10,"column":12},"end":{"line":10,"column":20}},"6":{"start":{"line":11,"column":12},"end":{"line":11,"column":19}},"7":{"start":{"line":15,"column":18},"end":{"line":15,"column":65}},"8":{"start":{"line":17,"column":4},"end":{"line":24,"column":7}},"9":{"start":{"line":26,"column":4},"end":{"line":26,"column":17}},"10":{"start":{"line":30,"column":21},"end":{"line":30,"column":74}},"11":{"start":{"line":31,"column":4},"end":{"line":31,"column":66}},"12":{"start":{"line":31,"column":19},"end":{"line":31,"column":66}},"13":{"start":{"line":33,"column":20},"end":{"line":36,"column":6}},"14":{"start":{"line":38,"column":4},"end":{"line":46,"column":7}},"15":{"start":{"line":48,"column":4},"end":{"line":48,"column":19}},"16":{"start":{"line":52,"column":18},"end":{"line":52,"column":71}},"17":{"start":{"line":53,"column":4},"end":{"line":53,"column":63}},"18":{"start":{"line":53,"column":16},"end":{"line":53,"column":63}},"19":{"start":{"line":54,"column":4},"end":{"line":54,"column":17}},"20":{"start":{"line":58,"column":4},"end":{"line":61,"column":7}},"21":{"start":{"line":65,"column":21},"end":{"line":65,"column":74}},"22":{"start":{"line":66,"column":4},"end":{"line":66,"column":66}},"23":{"start":{"line":66,"column":19},"end":{"line":66,"column":66}},"24":{"start":{"line":68,"column":20},"end":{"line":71,"column":6}},"25":{"start":{"line":73,"column":4},"end":{"line":80,"column":7}},"26":{"start":{"line":82,"column":4},"end":{"line":82,"column":19}},"27":{"start":{"line":8,"column":13},"end":{"line":8,"column":26}},"28":{"start":{"line":8,"column":13},"end":{"line":84,"column":null}}},"fnMap":{"0":{"name":"(anonymous_2)","decl":{"start":{"line":9,"column":2},"end":{"line":9,"column":null}},"loc":{"start":{"line":11,"column":31},"end":{"line":12,"column":6}}},"1":{"name":"(anonymous_3)","decl":{"start":{"line":14,"column":2},"end":{"line":14,"column":7}},"loc":{"start":{"line":14,"column":54},"end":{"line":27,"column":3}}},"2":{"name":"(anonymous_4)","decl":{"start":{"line":29,"column":2},"end":{"line":29,"column":7}},"loc":{"start":{"line":29,"column":66},"end":{"line":49,"column":3}}},"3":{"name":"(anonymous_5)","decl":{"start":{"line":51,"column":2},"end":{"line":51,"column":7}},"loc":{"start":{"line":51,"column":26},"end":{"line":55,"column":3}}},"4":{"name":"(anonymous_6)","decl":{"start":{"line":57,"column":2},"end":{"line":57,"column":7}},"loc":{"start":{"line":57,"column":15},"end":{"line":62,"column":3}}},"5":{"name":"(anonymous_7)","decl":{"start":{"line":64,"column":2},"end":{"line":64,"column":7}},"loc":{"start":{"line":64,"column":45},"end":{"line":83,"column":3}}}},"branchMap":{"0":{"loc":{"start":{"line":31,"column":4},"end":{"line":31,"column":66}},"type":"if","locations":[{"start":{"line":31,"column":4},"end":{"line":31,"column":66}}]},"1":{"loc":{"start":{"line":53,"column":4},"end":{"line":53,"column":63}},"type":"if","locations":[{"start":{"line":53,"column":4},"end":{"line":53,"column":63}}]},"2":{"loc":{"start":{"line":66,"column":4},"end":{"line":66,"column":66}},"type":"if","locations":[{"start":{"line":66,"column":4},"end":{"line":66,"column":66}}]}},"s":{"0":0,"1":0,"2":0,"3":0,"4":0,"5":0,"6":0,"7":0,"8":0,"9":0,"10":0,"11":0,"12":0,"13":0,"14":0,"15":0,"16":0,"17":0,"18":0,"19":0,"20":0,"21":0,"22":0,"23":0,"24":0,"25":0,"26":0,"27":0,"28":0},"f":{"0":0,"1":0,"2":0,"3":0,"4":0,"5":0},"b":{"0":[0],"1":[0],"2":[0]}}
,"/Users/akilanlingam/hackathon-platform/apps/api/src/events/events.types.ts": {"path":"/Users/akilanlingam/hackathon-platform/apps/api/src/events/events.types.ts","statementMap":{"0":{"start":{"line":1,"column":0},"end":{"line":1,"column":86}},"1":{"start":{"line":2,"column":0},"end":{"line":2,"column":45}},"2":{"start":{"line":4,"column":0},"end":{"line":4,"column":55}},"3":{"start":{"line":7,"column":7},"end":{"line":27,"column":null}},"4":{"start":{"line":7,"column":13},"end":{"line":7,"column":24}},"5":{"start":{"line":8,"column":11},"end":{"line":8,"column":null}},"6":{"start":{"line":9,"column":11},"end":{"line":9,"column":null}},"7":{"start":{"line":10,"column":29},"end":{"line":10,"column":null}},"8":{"start":{"line":11,"column":29},"end":{"line":11,"column":null}},"9":{"start":{"line":12,"column":11},"end":{"line":12,"column":null}},"10":{"start":{"line":13,"column":11},"end":{"line":13,"column":null}},"11":{"start":{"line":14,"column":11},"end":{"line":14,"column":null}},"12":{"start":{"line":15,"column":29},"end":{"line":15,"column":null}},"13":{"start":{"line":16,"column":29},"end":{"line":16,"column":null}},"14":{"start":{"line":17,"column":20},"end":{"line":17,"column":null}},"15":{"start":{"line":17,"column":15},"end":{"line":17,"column":18}},"16":{"start":{"line":18,"column":20},"end":{"line":18,"column":null}},"17":{"start":{"line":18,"column":15},"end":{"line":18,"column":18}},"18":{"start":{"line":19,"column":20},"end":{"line":19,"column":null}},"19":{"start":{"line":19,"column":15},"end":{"line":19,"column":18}},"20":{"start":{"line":20,"column":20},"end":{"line":20,"column":null}},"21":{"start":{"line":20,"column":15},"end":{"line":20,"column":18}},"22":{"start":{"line":21,"column":20},"end":{"line":21,"column":null}},"23":{"start":{"line":21,"column":15},"end":{"line":21,"column":18}},"24":{"start":{"line":22,"column":20},"end":{"line":22,"column":null}},"25":{"start":{"line":22,"column":15},"end":{"line":22,"column":18}},"26":{"start":{"line":23,"column":20},"end":{"line":23,"column":null}},"27":{"start":{"line":23,"column":15},"end":{"line":23,"column":18}},"28":{"start":{"line":24,"column":28},"end":{"line":24,"column":null}},"29":{"start":{"line":24,"column":15},"end":{"line":24,"column":26}},"30":{"start":{"line":25,"column":11},"end":{"lin
[...]
"end":{"line":50,"column":null}},"49":{"start":{"line":51,"column":29},"end":{"line":51,"column":null}},"50":{"start":{"line":52,"column":29},"end":{"line":52,"column":null}},"51":{"start":{"line":53,"column":29},"end":{"line":53,"column":null}},"52":{"start":{"line":54,"column":29},"end":{"line":54,"column":null}},"53":{"start":{"line":55,"column":29},"end":{"line":55,"column":null}},"54":{"start":{"line":56,"column":11},"end":{"line":56,"column":null}},"55":{"start":{"line":57,"column":11},"end":{"line":57,"column":null}},"56":{"start":{"line":58,"column":79},"end":{"line":58,"column":null}},"57":{"start":{"line":58,"column":15},"end":{"line":58,"column":31}},"58":{"start":{"line":42,"column":13},"end":{"line":59,"column":null}},"59":{"start":{"line":62,"column":7},"end":{"line":80,"column":null}},"60":{"start":{"line":62,"column":13},"end":{"line":62,"column":28}},"61":{"start":{"line":63,"column":29},"end":{"line":63,"column":null}},"62":{"start":{"line":64,"column":29},"end":{"line":64,"column":null}},"63":{"start":{"line":65,"column":29},"end":{"line":65,"column":null}},"64":{"start":{"line":66,"column":29},"end":{"line":66,"column":null}},"65":{"start":{"line":67,"column":29},"end":{"line":67,"column":null}},"66":{"start":{"line":68,"column":29},"end":{"line":68,"column":null}},"67":{"start":{"line":69,"column":29},"end":{"line":69,"column":null}},"68":{"start":{"line":70,"column":29},"end":{"line":70,"column":null}},"69":{"start":{"line":71,"column":29},"end":{"line":71,"column":null}},"70":{"start":{"line":72,"column":29},"end":{"line":72,"column":null}},"71":{"start":{"line":73,"column":29},"end":{"line":73,"column":null}},"72":{"start":{"line":74,"column":29},"end":{"line":74,"column":null}},"73":{"start":{"line":75,"column":29},"end":{"line":75,"column":null}},"74":{"start":{"line":76,"column":29},"end":{"line":76,"column":null}},"75":{"start":{"line":77,"column":53},"end":{"line":77,"column":null}},"76":{"start":{"line":77,"column":15},"end":{"line":77,"column":31}},"77":{"start":{"line":78,"column":47},"end":{"line":78,"column":null}},"78":{"start":{"line":78,"column":15},"end":{"line":78,"column":25}},"79":{"start":{"line":79,"column":29},"end":{"line":79,"column":null}},"80":{"start":{"line":62,"column":13},"end":{"line":80,"column":null}}},"fnMap":{"0":{"name":"(anonymous_2)","decl":{"start":{"line":34,"column":9},"end":{"line":34,"column":12}},"loc":{"start":{"line":34,"column":15},"end":{"line":34,"column":31}}},"1":{"name":"(anonymous_3)","decl":{"start":{"line":35,"column":9},"end":{"line":35,"column":12}},"loc":{"start":{"line":35,"column":15},"end":{"line":35,"column":25}}},"2":{"name":"(anonymous_4)","decl":{"start":{"line":38,"column":9},"end":{"line":38,"column":12}},"loc":{"start":{"line":38,"column":15},"end":{"line":38,"column":33}}},"3":{"name":"(anonymous_5)","decl":{"start":{"line":58,"column":9},"end":{"line":58,"column":12}},"loc":{"start":{"line":58,"column":15},"end":{"line":58,"column":31}}},"4":{"name":"(anonymous_6)","decl":{"start":{"line":77,"column":9},"end":{"line":77,"column":12}},"loc":{"start":{"line":77,"column":15},"end":{"line":77,"column":31}}},"5":{"name":"(anonymous_7)","decl":{"start":{"line":78,"column":9},"end":{"line":78,"column":12}},"loc":{"start":{"line":78,"column":15},"end":{"line":78,"column":25}}}},"branchMap":{},"s":{"0":0,"1":0,"2":0,"3":0,"4":0,"5":0,"6":0,"7":0,"8":0,"9":0,"10":0,"11":0,"12":0,"13":0,"14":0,"15":0,"16":0,"17":0,"18":0,"19":0,"20":0,"21":0,"22":0,"23":0,"24":0,"25":0,"26":0,"27":0,"28":0,"29":0,"30":0,"31":0,"32":0,"33":0,"34":0,"35":0,"36":0,"37":0,"38":0,"39":0,"40":0,"41":0,"42":0,"43":0,"44":0,"45":0,"46":0,"47":0,"48":0,"49":0,"50":0,"51":0,"52":0,"53":0,"54":0,"55":0,"56":0,"57":0,"58":0,"59":0,"60":0,"61":0,"62":0,"63":0,"64":0,"65":0,"66":0,"67":0,"68":0,"69":0,"70":0,"71":0,"72":0,"73":0,"74":0,"75":0,"76":0,"77":0,"78":0,"79":0,"80":0},"f":{"0":0,"1":0,"2":0,"3":0,"4":0,"5":0},"b":{}}
,"/Users/akilanlingam/hackathon-platform/apps/api/src/tracks/tracks.module.ts": {"path":"/Users/akilanlingam/hackathon-platform/apps/api/src/tracks/tracks.module.ts","statementMap":{"0":{"start":{"line":1,"column":0},"end":{"line":1,"column":40}},"1":{"start":{"line":2,"column":0},"end":{"line":2,"column":49}},"2":{"start":{"line":3,"column":0},"end":{"line":3,"column":51}},"3":{"start":{"line":9,"column":7},"end":{"line":9,"column":null}},"4":{"start":{"line":9,"column":13},"end":{"line":9,"column":25}},"5":{"start":{"line":9,"column":13},"end":{"line":9,"column":null}}},"fnMap":{},"branchMap":{},"s":{"0":0,"1":0,"2":0,"3":0,"4":0,"5":0},"f":{},"b":{}}
,"/Users/akilanlingam/hackathon-platform/apps/api/src/tracks/tracks.resolver.ts": {"path":"/Users/akilanlingam/hackathon-platform/apps/api/src/tracks/tracks.resolver.ts","statementMap":{"0":{"start":{"line":1,"column":0},"end":{"line":1,"column":66}},"1":{"start":{"line":2,"column":0},"end":{"line":2,"column":49}},"2":{"start":{"line":3,"column":0},"end":{"line":3,"column":100}},"3":{"start":{"line":4,"column":0},"end":{"line":4,"column":48}},"4":{"start":{"line":5,"column":0},"end":{"line":5,"column":61}},"5":{"start":{"line":8,"column":7},"end":{"line":55,"column":null}},"6":{"start":{"line":9,"column":22},"end":{"line":9,"column":37}},"7":{"start":{"line":17,"column":4},"end":{"line":17,"column":54}},"8":{"start":{"line":27,"column":4},"end":{"line":27,"column":58}},"9":{"start":{"line":36,"column":4},"end":{"line":36,"column":56}},"10":{"start":{"line":41,"column":4},"end":{"line":41,"column":54}},"11":{"start":{"line":46,"column":4},"end":{"line":46,"column":42}},"12":{"start":{"line":52,"column":4},"end":{"line":52,"column":51}},"13":{"start":{"line":8,"column":13},"end":{"line":8,"column":27}},"14":{"start":{"line":13,"column":8},"end":{"line":18,"column":null}},"15":{"start":{"line":12,"column":18},"end":{"line":12,"column":29}},"16":{"start":{"line":22,"column":8},"end":{"line":28,"column":null}},"17":{"start":{"line":21,"column":18},"end":{"line":21,"column":29}},"18":{"start":{"line":32,"column":8},"end":{"line":37,"column":null}},"19":{"start":{"line":31,"column":18},"end":{"line":31,"column":31}},"20":{"start":{"line":33,"column":40},"end":{"line":33,"column":59}},"21":{"start":{"line":40,"column":8},"end":{"line":42,"column":null}},"22":{"start":{"line":39,"column":15},"end":{"line":39,"column":28}},"23":{"start":{"line":45,"column":8},"end":{"line":47,"column":null}},"24":{"start":{"line":44,"column":15},"end":{"line":44,"column":26}},"25":{"start":{"line":51,"column":8},"end":{"line":53,"column":null}},"26":{"start":{"line":50,"column":18},"end":{"line":50,"column":29}},"27":{"start":{"line":8,"column":13},"end":{"line":55,"column":null}},"28":{"start":{"line":7,"column":16},"end":{"line":7,"column":27}}},"fnMap":{"0":{"name":"(anonymous_4)","decl":{"start":{"line":9,"column":2},"end":{"line":9,"column":22}},"loc":{"start":{"line":9,"column":50},"end":{"line":9,"column":54}}},"1":{"name":"(anonymous_5)","decl":{"start":{"line":13,"column":2},"end":{"line":13,"column":7}},"loc":{"start":{"line":15,"column":28},"end":{"line":18,"column":3}}},"2":{"name":"(anonymous_6)","decl":{"start":{"line":22,"column":2},"end":{"line":22,"column":7}},"loc":{"start":{"line":25,"column":28},"end":{"line":28,"column":3}}},"3":{"name":"(anonymous_7)","decl":{"start":{"line":32,"column":2},"end":{"line":32,"column":7}},"loc":{"start":{"line":34,"column":28},"end":{"line":37,"column":3}}},"4":{"name":"(anonymous_8)","decl":{"start":{"line":40,"column":2},"end":{"line":40,"column":7}},"loc":{"start":{"line":40,"column":47},"end":{"line":42,"column":3}}},"5":{"name":"(anonymous_9)","decl":{"start":{"line":45,"column":2},"end":{"line":45,"column":7}},"loc":{"start":{"line":45,"column":36},"end":{"line":47,"column":3}}},"6":{"name":"(anonymous_10)","decl":{"start":{"line":51,"column":2},"end":{"line":51,"column":7}},"loc":{"start":{"line":51,"column":68},"end":{"line":53,"column":3}}},"7":{"name":"(anonymous_11)","decl":{"start":{"line":12,"column":12},"end":{"line":12,"column":15}},"loc":{"start":{"line":12,"column":18},"end":{"line":12,"column":29}}},"8":{"name":"(anonymous_12)","decl":{"start":{"line":21,"column":12},"end":{"line":21,"column":15}},"loc":{"start":{"line":21,"column":18},"end":{"line":21,"column":29}}},"9":{"name":"(anonymous_13)","decl":{"start":{"line":31,"column":12},"end":{"line":31,"column":15}},"loc":{"start":{"line":31,"column":18},"end":{"line":31,"column":31}}},"10":{"name":"(anonymous_14)","decl":{"start":{"line":33,"column":34},"end":{"line":33,"column":37}},"loc":{"start":{"line":33,"column":40},"end":{"line":33,"column":59}}},"11":{"name":"(anonymous_15)","decl":{"start":{"line":39,"column":9},"end":{"line":39,"column":12}},"loc":{"start":{"line":39,"column":15},"end":{"line":39,"column":28}}},"12":{"name":"(anonymous_16)","decl":{"start":{"line":44,"column":9},"end":{"line":44,"column":12}},"loc":{"start":{"line":44,"column":15},"end":{"line":44,"column":26}}},"13":{"name":"(anonymous_17)","decl":{"start":{"line":50,"column":12},"end":{"line":50,"column":15}},"loc":{"start":{"line":50,"column":18},"end":{"line":50,"column":29}}},"14":{"name":"(anonymous_18)","decl":{"start":{"line":7,"column":10},"end":{"line":7,"column":13}},"loc":{"start":{"line":7,"column":16},"end":{"line":7,"column":27}}}},"branchMap":{},"s":{"0":0,"1":0,"2":0,"3":0,"4":0,"5":0,"6":0,"7":0,"8":0,"9":0,"10":0,"11":0,"12":0,"13":0,"14":0,"15":0,"16":0,"17":0,"18":0,"19":0,"20":0,"21":0,"22":0,"23":0,"24":0,"25":0,"26":0,"27":0,"28":0},"f":{"0":0,"1":0,"2":0,"3":0,"4":0,"5":0,"6":0,"7":0,"8":0,"9":0,"10":0,"11":0,"12":0,"13":0,"14":0},"b":{}}
,"/Users/akilanlingam/hackathon-platform/apps/api/src/tracks/tracks.service.ts": {"path":"/Users/akilanlingam/hackathon-platform/apps/api/src/tracks/tracks.service.ts","statementMap":{"0":{"start":{"line":1,"column":0},"end":{"line":1,"column":82}},"1":{"start":{"line":2,"column":0},"end":{"line":2,"column":57}},"2":{"start":{"line":3,"column":0},"end":{"line":3,"column":54}},"3":{"start":{"line":4,"column":0},"end":{"line":4,"column":45}},"4":{"start":{"line":8,"column":7},"end":{"line":103,"column":null}},"5":{"start":{"line":10,"column":12},"end":{"line":10,"column":20}},"6":{"start":{"line":11,"column":12},"end":{"line":11,"column":19}},"7":{"start":{"line":15,"column":21},"end":{"line":17,"column":6}},"8":{"start":{"line":18,"column":4},"end":{"line":18,"column":101}},"9":{"start":{"line":18,"column":18},"end":{"line":18,"column":101}},"10":{"start":{"line":20,"column":21},"end":{"line":23,"column":6}},"11":{"start":{"line":25,"column":18},"end":{"line":30,"column":6}},"12":{"start":{"line":32,"column":4},"end":{"line":36,"column":7}},"13":{"start":{"line":38,"column":4},"end":{"line":38,"column":38}},"14":{"start":{"line":42,"column":21},"end":{"line":42,"column":83}},"15":{"start":{"line":43,"column":4},"end":{"line":43,"column":66}},"16":{"start":{"line":43,"column":19},"end":{"line":43,"column":66}},"17":{"start":{"line":45,"column":4},"end":{"line":52,"column":5}},"18":{"start":{"line":46,"column":24},"end":{"line":48,"column":8}},"19":{"start":{"line":49,"column":6},"end":{"line":51,"column":7}},"20":{"start":{"line":50,"column":8},"end":{"line":50,"column":91}},"21":{"start":{"line":54,"column":20},"end":{"line":54,"column":91}},"22":{"start":{"line":56,"column":4},"end":{"line":60,"column":7}},"23":{"start":{"line":62,"column":22},"end":{"line":62,"column":95}},"24":{"start":{"line":63,"column":4},"end":{"line":63,"column":37}},"25":{"start":{"line":67,"column":20},"end":{"line":67,"column":22}},"26":{"start":{"line":68,"column":4},"end":{"line":74,"column":5}},"27":{"start":{"line":69,"column":22},"end":{"line":72,"column":8}},"28":{"start":{"line":73,"column":6},"end":{"line":73,"column":28}},"29":{"start":{"line":75,"column":4},"end":{"line":75,"column":54}},"30":{"start":{"line":75,"column":29},"end":{"line":75,"column":51}},"31":{"start":{"line":79,"column":19},"end":{"line":83,"column":6}},"32":{"start":{"line":84,"column":4},"end":{"line":84,"column":66}},"33":{"start":{"line":84,"column":28},"end":{"line":84,"column":63}},"34":{"start":{"line":88,"column":18},"end":{"line":91,"column":6}},"35":{"start":{"line":92,"column":4},"end":{"line":92,"column":63}},"36":{"start":{"line":92,"column":16},"end":{"line":92,"column":63}},"37":{"start":{"line":93,"column":4},"end":{"line":93,"column":55}},"38":{"start":{"line":97,"column":18},"end":{"line":97,"column":87}},"39":{"start":{"line":98,"column":4},"end":{"line":98,"column":63}},"40":{"start":{"line":99,"column":4},"end":{"line":99,"column":173}},"41":{"start":{"line":100,"column":4},"end":{"line":100,"column":17}},"42":{"start":{"line":8,"column":13},"end":{"line":8,"column":26}},"43":{"start":{"line":8,"column":13},"end":{"line":103,"column":null}}},"fnMap":{"0":{"name":"(anonymous_2)","decl":{"start":{"line":9,"column":2},"end":{"line":9,"column":null}},"loc":{"start":{"line":11,"column":31},"end":{"line":12,"column":6}}},"1":{"name":"(anonymous_3)","decl":{"start":{"line":14,"column":2},"end":{"line":14,"column":7}},"loc":{"start":{"line":14,"column":54},"end":{"line":39,"column":3}}},"2":{"name":"(anonymous_4)","decl":{"start":{"line":41,"column":2},"end":{"line":41,"column":7}},"loc":{"start":{"line":41,"column":66},"end":{"line":64,"column":3}}},"3":{"name":"(anonymous_5)","decl":{"start":{"line":66,"column":2},"end":{"line":66,"column":7}},"loc":{"start":{"line":66,"column":59},"end":{"line":76,"column":3}}},"4":{"name":"(anonymous_6)","decl":{"start":{"line":75,"column":23},"end":{"line":75,"column":24}},"loc":{"start":{"line":75,"column":29},"end":{"line":75,"column":51}}},"5":{"name":"(anonymous_7)","decl":{"start":{"line":78,"column":2},"end":{"line":78,"column":7}},"loc":{"start":{"line":78,"column":38},"end":{"line":85,"column":3}}},"6":{"name":"(anonymous_8)","decl":{"start":{"line":84,"column":22},"end":{"line":84,"column":23}},"loc":{"start":{"line":84,"column":28},"end":{"line":84,"column":63}}},"7":{"name":"(anonymous_9)","decl":{"start":{"line":87,"column":2},"end":{"line":87,"column":7}},"loc":{"start":{"line":87,"column":26},"end":{"line":94,"column":3}}},"8":{"name":"(anonymous_10)","decl":{"start":{"line":96,"column":2},"end":{"line":96,"column":7}},"loc":{"start":{"line":96,"column":41},"end":{"line":101,"column":3}}}},"branchMap":{"0":{"loc":{"start":{"line":18,"column":4},"end":{"line":18,"column":101}},"type":"if","locations":[{"start":{"line":18,"column":4},"end":{"line":18,"column":101}}]},"1":{"loc":{"start":{"line":28,"column":23},"end":{"line":28,"column":55}},"type":"binary-expr","locations":[{"start":{"line":28,"column":23},"end":{"line":28,"column":49}},{"start":{"line":28,"column":53},"end":{"line":28,"column":55}}]},"2":{"loc":{"start":{"line":43,"column":4},"end":{"line":43,"column":66}},"type":"if","locations":[{"start":{"line":43,"column":4},"end":{"line":43,"column":66}}]},"3":{"loc":{"start":{"line":45,"column":4},"end":{"line":52,"column":5}},"type":"if","locations":[{"start":{"line":45,"column":4},"end":{"line":52,"column":5}}]},"4":{"loc":{"start":{"line":49,"column":6},"end":{"line":51,"column":7}},"type":"if","locations":[{"start":{"line":49,"column":6},"end":{"line":51,"column":7}}]},"5":{"loc":{"start":{"line":49,"column":10},"end":{"line":49,"column":42}},"type":"binary-expr","locations":[{"start":{"line":49,"column":10},"end":{"line":49,"column":19}},{"start":{"line":49,"column":23},"end":{"line":49,"column":42}}]},"6":{"loc":{"start":{"line":92,"column":4},"end":{"line":92,"column":63}},"type":"if","locations":[{"start":{"line":92,"column":4},"end":{"line":92,"column":63}}]}},"s":{"0":0,"1":0,"2":0,"3":0,"4":0,"5":0,"6":0,"7":0,"8":0,"9":0,"10":0,"11":0,"12":0,"13":0,"14":0,"15":0,"16":0,"17":0,"18":0,"19":0,"20":0,"21":0,"22":0,"23":0,"24":0,"25":0,"26":0,"27":0,"28":0,"29":0,"30":0,"31":0,"32":0,"33":0,"34":0,"35":0,"36":0,"37":0,"38":0,"39":0,"40":0,"41":0,"42":0,"43":0},"f":{"0":0,"1":0,"2":0,"3":0,"4":0,"5":0,"6":0,"7":0,"8":0},"b":{"0":[0],"1":[0,0],"2":[0],"3":[0],"4":[0],"5":[0,0],"6":[0]}}
,"/Users/akilanlingam/hackathon-platform/apps/api/src/tracks/tracks.types.ts": {"path":"/Users/akilanlingam/hackathon-platform/apps/api/src/tracks/tracks.types.ts","statementMap":{"0":{"start":{"line":1,"column":0},"end":{"line":1,"column":86}},"1":{"start":{"line":2,"column":0},"end":{"line":2,"column":45}},"2":{"start":{"line":4,"column":0},"end":{"line":4,"column":55}},"3":{"start":{"line":7,"column":7},"end":{"line":17,"column":null}},"4":{"start":{"line":7,"column":13},"end":{"line":7,"column":24}},"5":{"start":{"line":8,"column":11},"end":{"line":8,"column":null}},"6":{"start":{"line":9,"column":11},"end":{"line":9,"column":null}},"7":{"start":{"line":10,"column":11},"end":{"line":10,"column":null}},"8":{"start":{"line":11,"column":29},"end":{"line":11,"column":null}},"9":{"start":{"line":12,"column":20},"end":{"line":12,"column":null}},"10":{"start":{"line":12,"column":15},"end":{"line":12,"column":18}},"11":{"start":{"line":13,"column":28},"end":{"line":13,"column":null}},"12":{"start":{"line":13,"column":15},"end":{"line":13,"column":26}},"13":{"start":{"line":14,"column":11},"end":{"line":14,"column":null}},"14":{"start":{"line":15,"column":11},"end":{"line":15,"column":null}},"15":{"start":{"line":16,"column":20},"end":{"line":16,"column":null}},"16":{"start":{"line":16,"column":15},"end":{"line":16,"column":18}},"17":{"start":{"line":7,"column":13},"end":{"line":17,"column":null}},"18":{"start":{"line":20,"column":7},"end":{"line":24,"column":null}},"19":{"start":{"line":20,"column":13},"end":{"line":20,"column":29}},"20":{"start":{"line":21,"column":11},"end":{"line":21,"column":null}},"21":{"start":{"line":22,"column":11},"end":{"line":22,"column":null}},"22":{"start":{"line":23,"column":29},"end":{"line":23,"column":null}},"23":{"start":{"line":20,"column":13},"end":{"line":24,"column":null}},"24":{"start":{"line":27,"column":7},"end":{"line":31,"column":null}},"25":{"start":{"line":27,"column":13},"end":{"line":27,"column":29}},"26":{"start":{"line":28,"column":29},"end":{"line":28,"column":null}},"27":{"start":{"line":29,"column":29},"end":{"line":29,"column":null}},"28":{"start":{"line":30,"column":48},"end":{"line":30,"column":null}},"29":{"start":{"line":30,"column":15},"end":{"line":30,"column":26}},"30":{"start":{"line":27,"column":13},"end":{"line":31,"column":null}},"31":{"start":{"line":34,"column":7},"end":{"line":37,"column":null}},"32":{"start":{"line":34,"column":13},"end":{"line":34,"column":30}},"33":{"start":{"line":35,"column":11},"end":{"line":35,"column":null}},"34":{"start":{"line":36,"column":20},"end":{"line":36,"column":null}},"35":{"start":{"line":36,"column":15},"end":{"line":36,"column":18}},"36":{"start":{"line":34,"column":13},"end":{"line":37,"column":null}}},"fnMap":{"0":{"name":"(anonymous_2)","decl":{"start":{"line":12,"column":9},"end":{"line":12,"column":12}},"loc":{"start":{"line":12,"column":15},"end":{"line":12,"column":18}}},"1":{"name":"(anonymous_3)","decl":{"start":{"line":13,"column":9},"end":{"line":13,"column":12}},"loc":{"start":{"line":13,"column":15},"end":{"line":13,"column":26}}},"2":{"name":"(anonymous_4)","decl":{"start":{"line":16,"column":9},"end":{"line":16,"column":12}},"loc":{"start":{"line":16,"column":15},"end":{"line":16,"column":18}}},"3":{"name":"(anonymous_5)","decl":{"start":{"line":30,"column":9},"end":{"line":30,"column":12}},"loc":{"start":{"line":30,"column":15},"end":{"line":30,"column":26}}},"4":{"name":"(anonymous_6)","decl":{"start":{"line":36,"column":9},"end":{"line":36,"column":12}},"loc":{"start":{"line":36,"column":15},"end":{"line":36,"column":18}}}},"branchMap":{},"s":{"0":0,"1":0,"2":0,"3":0,"4":0,"5":0,"6":0,"7":0,"8":0,"9":0,"10":0,"11":0,"12":0,"13":0,"14":0,"15":0,"16":0,"17":0,"18":0,"19":0,"20":0,"21":0,"22":0,"23":0,"24":0,"25":0,"26":0,"27":0,"28":0,"29":0,"30":0,"31":0,"32":0,"33":0,"34":0,"35":0,"36":0},"f":{"0":0,"1":0,"2":0,"3":0,"4":0},"b":{}}
}
