TN:
SF:src/global-exception.filter.ts
FN:16,(anonymous_1)
FNF:1
FNH:1
FNDA:8,(anonymous_1)
DA:1,1
DA:9,1
DA:13,1
DA:14,8
DA:18,8
DA:19,0
DA:20,0
DA:21,0
DA:25,0
DA:31,0
DA:35,8
DA:36,8
DA:37,8
DA:39,8
DA:40,0
DA:41,0
DA:44,8
DA:48,8
DA:53,8
DA:58,8
LF:20
LH:13
BRDA:18,0,0,0
BRDA:21,1,0,0
BRDA:21,1,1,0
BRDA:23,2,0,0
BRDA:23,2,1,0
BRDA:26,3,0,0
BRDA:26,3,1,0
BRDA:27,4,0,0
BRDA:27,4,1,0
BRDA:39,5,0,0
BRDA:39,6,0,8
BRDA:39,6,1,8
BRDA:44,7,0,6
BRDA:44,7,1,2
BRDA:48,8,0,6
BRDA:48,8,1,2
BRDA:55,9,0,2
BRDA:55,9,1,6
BRF:18
BRH:8
end_of_record
TN:
SF:src/health.controller.ts
FN:8,(anonymous_2)
FN:11,(anonymous_3)
FN:32,(anonymous_4)
FN:56,(anonymous_5)
FN:66,(anonymous_6)
FNF:5
FNH:4
FNDA:7,(anonymous_2)
FNDA:4,(anonymous_3)
FNDA:0,(anonymous_4)
FNDA:2,(anonymous_5)
FNDA:1,(anonymous_6)
DA:1,1
DA:2,1
DA:3,1
DA:7,1
DA:8,7
DA:11,1
DA:12,4
DA:19,4
DA:20,4
DA:21,4
DA:22,3
DA:24,1
DA:25,1
DA:29,4
DA:30,4
DA:31,4
DA:32,4
DA:33,4
DA:34,4
DA:35,4
DA:36,4
DA:38,0
DA:43,4
DA:44,4
DA:50,4
DA:52,4
DA:56,1
DA:57,2
DA:58,2
DA:59,1
DA:61,1
DA:66,1
DA:67,1
LF:33
LH:32
BRDA:30,0,0,4
BRDA:30,0,1,0
BRDA:36,1,0,4
BRDA:36,1,1,0
BRDA:50,2,0,0
BRF:5
BRH:2
end_of_record
TN:
SF:src/health.resolver.ts
FN:8,(anonymous_2)
FN:7,(anonymous_3)
FNF:2
FNH:0
FNDA:0,(anonymous_2)
FNDA:0,(anonymous_3)
DA:1,0
DA:2,0
DA:5,0
DA:7,0
DA:8,0
DA:9,0
LF:6
LH:0
BRF:0
BRH:0
end_of_record
TN:
SF:src/logging.interceptor.ts
FN:16,(anonymous_1)
FN:27,(anonymous_2)
FN:33,(anonymous_3)
FN:48,(anonymous_4)
FN:54,(anonymous_5)
FNF:5
FNH:3
FNDA:3,(anonymous_1)
FNDA:0,(anonymous_2)
FNDA:0,(anonymous_3)
FNDA:1,(anonymous_4)
FNDA:1,(anonymous_5)
DA:1,1
DA:8,1
DA:10,1
DA:13,1
DA:14,4
DA:17,3
DA:19,3
DA:20,0
DA:21,0
DA:22,0
DA:23,0
DA:25,0
DA:28,0
DA:29,0
DA:30,0
DA:34,0
DA:35,0
DA:41,3
DA:42,3
DA:44,2
DA:46,2
DA:49,1
DA:50,1
DA:51,0
DA:55,1
DA:56,1
LF:26
LH:15
BRDA:19,0,0,0
BRDA:22,1,0,0
BRDA:22,1,1,0
BRDA:29,2,0,0
BRDA:42,3,0,1
BRDA:50,4,0,0
BRF:6
BRH:1
end_of_record
TN:
SF:src/timeout.interceptor.ts
FN:56,(anonymous_2)
FN:60,(anonymous_3)
FN:65,(anonymous_4)
FN:68,(anonymous_5)
FN:74,(anonymous_6)
FN:79,(anonymous_7)
FN:87,(anonymous_8)
FN:88,(anonymous_9)
FNF:8
FNH:6
FNDA:7,(anonymous_2)
FNDA:3,(anonymous_3)
FNDA:1,(anonymous_4)
FNDA:1,(anonymous_5)
FNDA:0,(anonymous_6)
FNDA:3,(anonymous_7)
FNDA:6,(anonymous_8)
FNDA:0,(anonymous_9)
DA:1,1
DA:8,1
DA:9,1
DA:10,1
DA:30,1
DA:45,1
DA:50,1
DA:53,1
DA:57,7
DA:61,3
DA:63,3
DA:66,1
DA:67,1
DA:69,1
DA:74,0
DA:80,3
DA:81,0
DA:82,0
DA:85,3
DA:86,3
DA:87,6
DA:88,0
DA:90,3
LF:23
LH:19
BRDA:56,0,0,1
BRDA:66,1,0,1
BRDA:80,2,0,0
BRDA:82,3,0,0
BRDA:82,3,1,0
BRDA:85,4,0,3
BRDA:85,4,1,0
BRDA:90,5,0,0
BRDA:90,5,1,3
BRF:9
BRH:4
end_of_record
TN:
SF:src/validation.pipe.ts
FN:7,createValidationPipe
FN:15,(anonymous_1)
FN:16,(anonymous_2)
FNF:3
FNH:1
FNDA:6,createValidationPipe
FNDA:0,(anonymous_1)
FNDA:0,(anonymous_2)
DA:1,1
DA:7,1
DA:8,6
DA:16,0
DA:17,0
DA:20,0
DA:22,0
LF:7
LH:3
BRDA:17,0,0,0
BRDA:17,0,1,0
BRF:2
BRH:0
end_of_record
TN:
SF:src/audit/audit.resolver.ts
FN:8,(anonymous_4)
FN:12,(anonymous_5)
FN:22,(anonymous_6)
FN:11,(anonymous_7)
FN:21,(anonymous_8)
FNF:5
FNH:0
FNDA:0,(anonymous_4)
FNDA:0,(anonymous_5)
FNDA:0,(anonymous_6)
FNDA:0,(anonymous_7)
FNDA:0,(anonymous_8)
DA:1,0
DA:2,0
DA:3,0
DA:4,0
DA:7,0
DA:8,0
DA:11,0
DA:12,0
DA:17,0
DA:21,0
DA:22,0
DA:26,0
LF:12
LH:0
BRF:0
BRH:0
end_of_record
TN:
SF:src/audit/audit.service.ts
FN:7,(anonymous_2)
FN:9,(anonymous_3)
FN:33,(anonymous_4)
FN:43,(anonymous_5)
FNF:4
FNH:0
FNDA:0,(anonymous_2)
FNDA:0,(anonymous_3)
FNDA:0,(anonymous_4)
FNDA:0,(anonymous_5)
DA:1,1
DA:2,1
DA:6,1
DA:7,0
DA:19,0
DA:34,0
DA:44,0
LF:7
LH:3
BRDA:22,0,0,0
BRDA:22,0,1,0
BRDA:26,1,0,0
BRDA:26,1,1,0
BRDA:27,2,0,0
BRDA:27,2,1,0
BRDA:28,3,0,0
BRDA:28,3,1,0
BRDA:33,4,0,0
BRDA:33,5,0,0
BRF:10
BRH:0
end_of_record
TN:
SF:src/auth/auth.resolver.ts
FN:13,(anonymous_4)
FN:17,(anonymous_5)
FN:23,(anonymous_6)
FN:31,(anonymous_7)
FN:16,(anonymous_8)
FN:22,(anonymous_9)
FN:30,(anonymous_10)
FNF:7
FNH:0
FNDA:0,(anonymous_4)
FNDA:0,(anonymous_5)
FNDA:0,(anonymous_6)
FNDA:0,(anonymous_7)
FNDA:0,(anonymous_8)
FNDA:0,(anonymous_9)
FNDA:0,(anonymous_10)
DA:1,0
DA:3,0
DA:4,0
DA:7,0
DA:8,0
DA:9,0
DA:12,0
DA:13,0
DA:16,0
DA:17,0
DA:18,0
DA:22,0
DA:23,0
DA:27,0
DA:30,0
DA:31,0
DA:32,0
LF:17
LH:0
BRF:0
BRH:0
end_of_record
TN:
SF:src/auth/auth.service.ts
FN:9,(anonymous_2)
FN:14,(anonymous_3)
FN:32,(anonymous_4)
FN:51,(anonymous_5)
FNF:4
FNH:0
FNDA:0,(anonymous_2)
FNDA:0,(anonymous_3)
FNDA:0,(anonymous_4)
FNDA:0,(anonymous_5)
DA:1,0
DA:2,0
DA:3,0
DA:4,0
DA:5,0
DA:8,0
DA:10,0
DA:11,0
DA:15,0
DA:16,0
DA:17,0
DA:20,0
DA:21,0
DA:22,0
DA:25,0
DA:26,0
DA:34,0
DA:35,0
DA:38,0
DA:39,0
DA:40,0
DA:43,0
DA:44,0
DA:48,0
DA:52,0
DA:53,0
DA:54,0
LF:27
LH:0
BRDA:16,0,0,0
BRDA:21,1,0,0
BRDA:34,2,0,0
BRDA:39,3,0,0
BRDA:53,4,0,0
BRF:5
BRH:0
end_of_record
TN:
SF:src/auth/current-user.decorator.ts
FN:5,(anonymous_0)
FNF:1
FNH:0
FNDA:0,(anonymous_0)
DA:1,0
DA:2,0
DA:4,0
DA:6,0
DA:7,0
LF:5
LH:0
BRF:0
BRH:0
end_of_record
TN:
SF:src/auth/event-scope.guard.ts
FN:40,(anonymous_2)
FN:45,(anonymous_3)
FN:92,(anonymous_4)
FNF:3
FNH:0
FNDA:0,(anonymous_2)
FNDA:0,(anonymous_3)
FNDA:0,(anonymous_4)
DA:1,0
DA:7,0
DA:8,0
DA:9,0
DA:10,0
DA:39,0
DA:41,0
DA:42,0
DA:46,0
DA:50,0
DA:53,0
DA:55,0
DA:56,0
DA:57,0
DA:60,0
DA:62,0
DA:63,0
DA:65,0
DA:70,0
DA:72,0
DA:77,0
DA:78,0
DA:83,0
DA:93,0
DA:94,0
DA:95,0
LF:26
LH:0
BRDA:50,0,0,0
BRDA:53,1,0,0
BRDA:57,2,0,0
BRDA:60,3,0,0
BRDA:63,4,0,0
BRDA:70,5,0,0
BRDA:77,6,0,0
BRDA:93,7,0,0
BRDA:94,8,0,0
BRF:9
BRH:0
end_of_record
TN:
SF:src/auth/jwt-auth.guard.ts
FN:9,(anonymous_2)
FN:13,(anonymous_3)
FN:22,(anonymous_4)
FNF:3
FNH:0
FNDA:0,(anonymous_2)
FNDA:0,(anonymous_3)
FNDA:0,(anonymous_4)
DA:1,0
DA:2,0
DA:3,0
DA:4,0
DA:5,0
DA:8,0
DA:9,0
DA:10,0
DA:14,0
DA:18,0
DA:19,0
DA:23,0
DA:24,0
LF:13
LH:0
BRDA:18,0,0,0
BRF:1
BRH:0
end_of_record
TN:
SF:src/auth/jwt.strategy.ts
FN:8,(anonymous_2)
FN:16,(anonymous_3)
FNF:2
FNH:0
FNDA:0,(anonymous_2)
FNDA:0,(anonymous_3)
DA:1,0
DA:2,0
DA:3,0
DA:4,0
DA:7,0
DA:9,0
DA:17,0
LF:7
LH:0
BRF:0
BRH:0
end_of_record
TN:
SF:src/auth/public.decorator.ts
FN:4,(anonymous_0)
FNF:1
FNH:1
FNDA:1,(anonymous_0)
DA:1,1
DA:3,1
DA:4,1
LF:3
LH:3
BRF:0
BRH:0
end_of_record
TN:
SF:src/auth/roles.decorator.ts
FN:4,(anonymous_0)
FNF:1
FNH:0
FNDA:0,(anonymous_0)
DA:1,0
DA:3,0
DA:4,0
LF:3
LH:0
BRF:0
BRH:0
end_of_record
TN:
SF:src/auth/roles.guard.ts
FN:20,(anonymous_2)
FN:22,(anonymous_3)
FN:56,(anonymous_4)
FNF:3
FNH:0
FNDA:0,(anonymous_2)
FNDA:0,(anonymous_3)
FNDA:0,(anonymous_4)
DA:1,0
DA:2,0
DA:3,0
DA:4,0
DA:5,0
DA:14,0
DA:19,0
DA:20,0
DA:23,0
DA:27,0
DA:29,0
DA:33,0
DA:35,0
DA:36,0
DA:40,0
DA:41,0
DA:43,0
DA:45,0
DA:57,0
DA:58,0
DA:59,0
DA:62,0
LF:22
LH:0
BRDA:27,0,0,0
BRDA:33,1,0,0
BRDA:36,2,0,0
BRDA:41,3,0,0
BRDA:43,4,0,0
BRDA:57,5,0,0
BRDA:59,6,0,0
BRDA:59,6,1,0
BRDA:62,7,0,0
BRDA:62,7,1,0
BRF:10
BRH:0
end_of_record
TN:
SF:src/common/event-time.ts
FN:30,localHour
FN:41,localDate
FN:52,isMorning
FN:57,halfDay
FN:71,zonedTimeToUtc
FN:87,offsetMinutes
FN:95,(anonymous_6)
FN:95,(anonymous_7)
FN:111,halfDayWindow
FN:141,eventTimezone
FNF:10
FNH:0
FNDA:0,localHour
FNDA:0,localDate
FNDA:0,isMorning
FNDA:0,halfDay
FNDA:0,zonedTimeToUtc
FNDA:0,offsetMinutes
FNDA:0,(anonymous_6)
FNDA:0,(anonymous_7)
FNDA:0,halfDayWindow
FNDA:0,eventTimezone
DA:22,0
DA:30,0
DA:31,0
DA:32,0
DA:37,0
DA:41,0
DA:42,0
DA:43,0
DA:52,0
DA:53,0
DA:57,0
DA:58,0
DA:71,0
DA:77,0
DA:81,0
DA:82,0
DA:83,0
DA:88,0
DA:95,0
DA:96,0
DA:101,0
DA:111,0
DA:116,0
DA:117,0
DA:122,0
DA:123,0
DA:128,0
DA:141,0
DA:142,0
DA:143,0
DA:144,0
LF:31
LH:0
BRDA:31,0,0,0
BRDA:31,0,1,0
BRDA:42,1,0,0
BRDA:42,1,1,0
BRDA:58,2,0,0
BRDA:58,2,1,0
BRDA:95,3,0,0
BRDA:95,3,1,0
BRDA:116,4,0,0
BRDA:122,5,0,0
BRDA:143,6,0,0
BRDA:143,7,0,0
BRDA:143,7,1,0
BRF:13
BRH:0
end_of_record
TN:
SF:src/common/spreadsheet.ts
FN:24,normaliseHeader
FN:32,parseSpreadsheet
FN:53,parseExcel
FN:76,(anonymous_3)
FN:88,(anonymous_4)
FN:88,(anonymous_5)
FN:91,parseCsv
FN:104,(anonymous_7)
FN:117,(anonymous_8)
FN:117,(anonymous_9)
FNF:10
FNH:0
FNDA:0,normaliseHeader
FNDA:0,parseSpreadsheet
FNDA:0,parseExcel
FNDA:0,(anonymous_3)
FNDA:0,(anonymous_4)
FNDA:0,(anonymous_5)
FNDA:0,parseCsv
FNDA:0,(anonymous_7)
FNDA:0,(anonymous_8)
FNDA:0,(anonymous_9)
DA:1,0
DA:2,0
DA:3,0
DA:25,0
DA:32,0
DA:33,0
DA:34,0
DA:37,0
DA:38,0
DA:42,0
DA:44,0
DA:45,0
DA:50,0
DA:55,0
DA:56,0
DA:58,0
DA:66,0
DA:67,0
DA:69,0
DA:74,0
DA:76,0
DA:77,0
DA:78,0
DA:79,0
DA:80,0
DA:83,0
DA:87,0
DA:88,0
DA:92,0
DA:94,0
DA:103,0
DA:104,0
DA:107,0
DA:108,0
DA:109,0
DA:116,0
DA:117,0
LF:37
LH:0
BRDA:25,0,0,0
BRDA:25,0,1,0
BRDA:33,1,0,0
BRDA:37,2,0,0
BRDA:37,2,1,0
BRDA:38,3,0,0
BRDA:38,3,1,0
BRDA:38,3,2,0
BRDA:38,3,3,0
BRDA:42,4,0,0
BRDA:42,4,1,0
BRDA:44,5,0,0
BRDA:67,6,0,0
BRDA:80,7,0,0
BRDA:83,8,0,0
BRDA:83,8,1,0
BRDA:85,9,0,0
BRDA:85,9,1,0
BRDA:103,10,0,0
BRDA:103,10,1,0
BRDA:104,11,0,0
BRDA:104,11,1,0
BRDA:104,11,2,0
BRDA:107,12,0,0
BRDA:110,13,0,0
BRDA:110,13,1,0
BRDA:117,14,0,0
BRDA:117,14,1,0
BRDA:117,15,0,0
BRDA:117,15,1,0
BRF:30
BRH:0
end_of_record
TN:
SF:src/conflicts/conflicts.resolver.ts
FN:9,(anonymous_4)
FN:13,(anonymous_5)
FN:22,(anonymous_6)
FN:30,(anonymous_7)
FN:35,(anonymous_8)
FN:40,(anonymous_9)
FN:12,(anonymous_10)
FN:21,(anonymous_11)
FN:29,(anonymous_12)
FN:34,(anonymous_13)
FN:39,(anonymous_14)
FN:7,(anonymous_15)
FNF:12
FNH:0
FNDA:0,(anonymous_4)
FNDA:0,(anonymous_5)
FNDA:0,(anonymous_6)
FNDA:0,(anonymous_7)
FNDA:0,(anonymous_8)
FNDA:0,(anonymous_9)
FNDA:0,(anonymous_10)
FNDA:0,(anonymous_11)
FNDA:0,(anonymous_12)
FNDA:0,(anonymous_13)
FNDA:0,(anonymous_14)
FNDA:0,(anonymous_15)
DA:1,0
DA:2,0
DA:3,0
DA:4,0
DA:5,0
DA:7,0
DA:8,0
DA:9,0
DA:12,0
DA:13,0
DA:17,0
DA:21,0
DA:22,0
DA:26,0
DA:29,0
DA:30,0
DA:31,0
DA:34,0
DA:35,0
DA:36,0
DA:39,0
DA:40,0
DA:41,0
LF:23
LH:0
BRF:0
BRH:0
end_of_record
TN:
SF:src/conflicts/conflicts.service.ts
FN:9,(anonymous_2)
FN:14,(anonymous_3)
FN:24,(anonymous_4)
FN:70,(anonymous_5)
FN:98,(anonymous_6)
FN:109,(anonymous_7)
FN:112,(anonymous_8)
FN:123,(anonymous_9)
FN:126,(anonymous_10)
FN:137,(anonymous_11)
FNF:10
FNH:0
FNDA:0,(anonymous_2)
FNDA:0,(anonymous_3)
FNDA:0,(anonymous_4)
FNDA:0,(anonymous_5)
FNDA:0,(anonymous_6)
FNDA:0,(anonymous_7)
FNDA:0,(anonymous_8)
FNDA:0,(anonymous_9)
FNDA:0,(anonymous_10)
FNDA:0,(anonymous_11)
DA:1,0
DA:2,0
DA:3,0
DA:4,0
DA:8,0
DA:10,0
DA:11,0
DA:15,0
DA:26,0
DA:35,0
DA:37,0
DA:38,0
DA:40,0
DA:41,0
DA:43,0
DA:60,0
DA:67,0
DA:71,0
DA:72,0
DA:74,0
DA:89,0
DA:95,0
DA:99,0
DA:109,0
DA:113,0
DA:123,0
DA:127,0
DA:137,0
LF:28
LH:0
BRDA:17,0,0,0
BRDA:17,0,1,0
BRDA:18,1,0,0
BRDA:18,1,1,0
BRDA:19,2,0,0
BRDA:19,2,1,0
BRDA:20,3,0,0
BRDA:20,3,1,0
BRDA:35,4,0,0
BRDA:38,5,0,0
BRDA:41,6,0,0
BRDA:72,7,0,0
BRF:12
BRH:0
end_of_record
TN:
SF:src/events/events.resolver.ts
FN:14,(anonymous_4)
FN:16,(anonymous_5)
FN:17,(anonymous_6)
FN:18,(anonymous_7)
FN:23,(anonymous_8)
FN:30,(anonymous_9)
FN:36,(anonymous_10)
FN:42,(anonymous_11)
FN:48,(anonymous_12)
FN:54,(anonymous_13)
FN:60,(anonymous_14)
FN:29,(anonymous_15)
FN:35,(anonymous_16)
FN:41,(anonymous_17)
FN:47,(anonymous_18)
FN:53,(anonymous_19)
FN:59,(anonymous_20)
FN:21,(anonymous_21)
FNF:18
FNH:0
FNDA:0,(anonymous_4)
FNDA:0,(anonymous_5)
FNDA:0,(anonymous_6)
FNDA:0,(anonymous_7)
FNDA:0,(anonymous_8)
FNDA:0,(anonymous_9)
FNDA:0,(anonymous_10)
FNDA:0,(anonymous_11)
FNDA:0,(anonymous_12)
FNDA:0,(anonymous_13)
FNDA:0,(anonymous_14)
FNDA:0,(anonymous_15)
FNDA:0,(anonymous_16)
FNDA:0,(anonymous_17)
FNDA:0,(anonymous_18)
FNDA:0,(anonymous_19)
FNDA:0,(anonymous_20)
FNDA:0,(anonymous_21)
DA:1,0
DA:2,0
DA:3,0
DA:4,0
DA:5,0
DA:6,0
DA:7,0
DA:10,0
DA:11,0
DA:12,0
DA:13,0
DA:14,0
DA:15,0
DA:16,0
DA:17,0
DA:18,0
DA:21,0
DA:22,0
DA:24,0
DA:25,0
DA:29,0
DA:30,0
DA:31,0
DA:35,0
DA:36,0
DA:37,0
DA:41,0
DA:42,0
DA:43,0
DA:47,0
DA:48,0
DA:49,0
DA:53,0
DA:54,0
DA:55,0
DA:59,0
DA:60,0
DA:61,0
LF:38
LH:0
BRF:0
BRH:0
end_of_record
TN:
SF:src/events/events.service.ts
FN:9,(anonymous_2)
FN:14,(anonymous_3)
FN:29,(anonymous_4)
FN:51,(anonymous_5)
FN:67,(anonymous_6)
FN:84,(anonymous_7)
FN:89,(anonymous_8)
FNF:7
FNH:0
FNDA:0,(anonymous_2)
FNDA:0,(anonymous_3)
FNDA:0,(anonymous_4)
FNDA:0,(anonymous_5)
FNDA:0,(anonymous_6)
FNDA:0,(anonymous_7)
FNDA:0,(anonymous_8)
DA:1,0
DA:2,0
DA:3,0
DA:4,0
DA:8,0
DA:10,0
DA:11,0
DA:15,0
DA:17,0
DA:26,0
DA:30,0
DA:31,0
DA:33,0
DA:38,0
DA:48,0
DA:52,0
DA:53,0
DA:54,0
DA:68,0
DA:70,0
DA:71,0
DA:74,0
DA:79,0
DA:80,0
DA:83,0
DA:84,0
DA:90,0
DA:91,0
DA:93,0
DA:98,0
DA:107,0
LF:31
LH:0
BRDA:31,0,0,0
BRDA:53,1,0,0
BRDA:70,2,0,0
BRDA:70,3,0,0
BRDA:70,3,1,0
BRDA:79,4,0,0
BRDA:91,5,0,0
BRF:7
BRH:0
end_of_record
TN:
SF:src/export/export.controller.ts
FN:16,(anonymous_4)
FN:20,(anonymous_5)
FN:36,(anonymous_6)
FN:55,(anonymous_7)
FN:95,(anonymous_8)
FN:115,(anonymous_9)
FN:116,(anonymous_10)
FN:119,(anonymous_11)
FN:120,(anonymous_12)
FN:121,(anonymous_13)
FN:127,(anonymous_14)
FN:145,(anonymous_15)
FN:166,(anonymous_16)
FN:169,(anonymous_17)
FN:170,(anonymous_18)
FN:173,(anonymous_19)
FN:174,(anonymous_20)
FN:174,(anonymous_21)
FN:174,(anonymous_22)
FN:176,(anonymous_23)
FN:179,(anonymous_24)
FN:183,(anonymous_25)
FN:183,(anonymous_26)
FN:186,(anonymous_27)
FN:190,(anonymous_28)
FN:209,(anonymous_29)
FN:229,(anonymous_30)
FN:232,(anonymous_31)
FN:232,(anonymous_32)
FN:233,(anonymous_33)
FN:235,(anonymous_34)
FN:236,(anonymous_35)
FN:238,(anonymous_36)
FN:241,(anonymous_37)
FN:241,(anonymous_38)
FN:242,(anonymous_39)
FN:243,(anonymous_40)
FN:244,(anonymous_41)
FN:246,(anonymous_42)
FN:247,(anonymous_43)
FN:251,(anonymous_44)
FN:252,(anonymous_45)
FN:252,(anonymous_46)
FN:252,(anonymous_47)
FN:254,(anonymous_48)
FN:255,(anonymous_49)
FN:272,(anonymous_50)
FN:292,(anonymous_51)
FN:298,(anonymous_52)
FN:299,(anonymous_53)
FN:302,(anonymous_54)
FN:303,(anonymous_55)
FN:304,(anonymous_56)
FN:305,(anonymous_57)
FN:306,(anonymous_58)
FN:306,(anonymous_59)
FN:306,(anonymous_60)
FN:307,(anonymous_61)
FN:324,(anonymous_62)
FNF:59
FNH:0
FNDA:0,(anonymous_4)
FNDA:0,(anonymous_5)
FNDA:0,(anonymous_6)
FNDA:0,(anonymous_7)
FNDA:0,(anonymous_8)
FNDA:0,(anonymous_9)
FNDA:0,(anonymous_10)
FNDA:0,(anonymous_11)
FNDA:0,(anonymous_12)
FNDA:0,(anonymous_13)
FNDA:0,(anonymous_14)
FNDA:0,(anonymous_15)
FNDA:0,(anonymous_16)
FNDA:0,(anonymous_17)
FNDA:0,(anonymous_18)
FNDA:0,(anonymous_19)
FNDA:0,(anonymous_20)
FNDA:0,(anonymous_21)
FNDA:0,(anonymous_22)
FNDA:0,(anonymous_23)
FNDA:0,(anonymous_24)
FNDA:0,(anonymous_25)
FNDA:0,(anonymous_26)
FNDA:0,(anonymous_27)
FNDA:0,(anonymous_28)
FNDA:0,(anonymous_29)
FNDA:0,(anonymous_30)
FNDA:0,(anonymous_31)
FNDA:0,(anonymous_32)
FNDA:0,(anonymous_33)
FNDA:0,(anonymous_34)
FNDA:0,(anonymous_35)
FNDA:0,(anonymous_36)
FNDA:0,(anonymous_37)
FNDA:0,(anonymous_38)
FNDA:0,(anonymous_39)
FNDA:0,(anonymous_40)
FNDA:0,(anonymous_41)
FNDA:0,(anonymous_42)
FNDA:0,(anonymous_43)
FNDA:0,(anonymous_44)
FNDA:0,(anonymous_45)
FNDA:0,(anonymous_46)
FNDA:0,(anonymous_47)
FNDA:0,(anonymous_48)
FNDA:0,(anonymous_49)
FNDA:0,(anonymous_50)
FNDA:0,(anonymous_51)
FNDA:0,(anonymous_52)
FNDA:0,(anonymous_53)
FNDA:0,(anonymous_54)
FNDA:0,(anonymous_55)
FNDA:0,(anonymous_56)
FNDA:0,(anonymous_57)
FNDA:0,(anonymous_58)
FNDA:0,(anonymous_59)
FNDA:0,(anonymous_60)
FNDA:0,(anonymous_61)
FNDA:0,(anonymous_62)
DA:1,0
DA:3,0
DA:4,0
DA:5,0
DA:7,0
DA:15,0
DA:16,0
DA:20,0
DA:21,0
DA:22,0
DA:24,0
DA:35,0
DA:36,0
DA:37,0
DA:38,0
DA:39,0
DA:40,0
DA:41,0
DA:42,0
DA:43,0
DA:44,0
DA:45,0
DA:47,0
DA:50,0
DA:55,0
DA:56,0
DA:57,0
DA:59,0
DA:70,0
DA:71,0
DA:73,0
DA:74,0
DA:75,0
DA:76,0
DA:78,0
DA:79,0
DA:80,0
DA:90,0
DA:95,0
DA:96,0
DA:97,0
DA:99,0
DA:103,0
DA:105,0
DA:115,0
DA:116,0
DA:117,0
DA:119,0
DA:120,0
DA:121,0
DA:122,0
DA:127,0
DA:128,0
DA:129,0
DA:140,0
DA:145,0
DA:146,0
DA:147,0
DA:149,0
DA:153,0
DA:155,0
DA:161,0
DA:166,0
DA:167,0
DA:169,0
DA:170,0
DA:171,0
DA:173,0
DA:174,0
DA:175,0
DA:176,0
DA:177,0
DA:178,0
DA:179,0
DA:180,0
DA:183,0
DA:184,0
DA:185,0
DA:186,0
DA:187,0
DA:188,0
DA:189,0
DA:190,0
DA:191,0
DA:194,0
DA:195,0
DA:197,0
DA:204,0
DA:209,0
DA:210,0
DA:211,0
DA:213,0
DA:217,0
DA:219,0
DA:224,0
DA:229,0
DA:230,0
DA:232,0
DA:233,0
DA:235,0
DA:236,0
DA:237,0
DA:238,0
DA:241,0
DA:242,0
DA:243,0
DA:244,0
DA:245,0
DA:246,0
DA:247,0
DA:248,0
DA:249,0
DA:251,0
DA:252,0
DA:253,0
DA:254,0
DA:255,0
DA:256,0
DA:259,0
DA:267,0
DA:272,0
DA:273,0
DA:274,0
DA:276,0
DA:280,0
DA:282,0
DA:283,0
DA:284,0
DA:286,0
DA:292,0
DA:293,0
DA:298,0
DA:299,0
DA:300,0
DA:302,0
DA:303,0
DA:304,0
DA:305,0
DA:306,0
DA:307,0
DA:309,0
DA:311,0
DA:319,0
DA:320,0
DA:325,0
DA:326,0
DA:327,0
DA:328,0
DA:329,0
LF:149
LH:0
BRDA:22,0,0,0
BRDA:37,1,0,0
BRDA:37,1,1,0
BRDA:38,2,0,0
BRDA:38,2,1,0
BRDA:39,3,0,0
BRDA:39,3,1,0
BRDA:43,4,0,0
BRDA:43,4,1,0
BRDA:44,5,0,0
BRDA:44,5,1,0
BRDA:45,6,0,0
BRDA:45,6,1,0
BRDA:47,7,0,0
BRDA:47,7,1,0
BRDA:47,8,0,0
BRDA:47,8,1,0
BRDA:47,9,0,0
BRDA:47,9,1,0
BRDA:57,10,0,0
BRDA:74,11,0,0
BRDA:74,11,1,0
BRDA:75,12,0,0
BRDA:75,12,1,0
BRDA:76,13,0,0
BRDA:76,13,1,0
BRDA:79,14,0,0
BRDA:79,14,1,0
BRDA:79,15,0,0
BRDA:79,15,1,0
BRDA:81,16,0,0
BRDA:81,16,1,0
BRDA:81,17,0,0
BRDA:81,17,1,0
BRDA:82,18,0,0
BRDA:82,18,1,0
BRDA:83,19,0,0
BRDA:83,19,1,0
BRDA:83,20,0,0
BRDA:83,20,1,0
BRDA:83,21,0,0
BRDA:83,21,1,0
BRDA:84,22,0,0
BRDA:84,22,1,0
BRDA:85,23,0,0
BRDA:85,23,1,0
BRDA:97,24,0,0
BRDA:103,25,0,0
BRDA:103,25,1,0
BRDA:123,26,0,0
BRDA:123,26,1,0
BRDA:123,27,0,0
BRDA:123,27,1,0
BRDA:124,28,0,0
BRDA:124,28,1,0
BRDA:127,29,0,0
BRDA:127,29,1,0
BRDA:128,30,0,0
BRDA:128,30,1,0
BRDA:130,31,0,0
BRDA:130,31,1,0
BRDA:130,32,0,0
BRDA:130,32,1,0
BRDA:131,33,0,0
BRDA:131,33,1,0
BRDA:133,34,0,0
BRDA:133,34,1,0
BRDA:134,35,0,0
BRDA:134,35,1,0
BRDA:135,36,0,0
BRDA:135,36,1,0
BRDA:136,37,0,0
BRDA:136,37,1,0
BRDA:147,38,0,0
BRDA:153,39,0,0
BRDA:153,39,1,0
BRDA:174,40,0,0
BRDA:174,40,1,0
BRDA:175,41,0,0
BRDA:183,42,0,0
BRDA:183,42,1,0
BRDA:185,43,0,0
BRDA:194,44,0,0
BRDA:194,44,1,0
BRDA:195,45,0,0
BRDA:195,45,1,0
BRDA:198,46,0,0
BRDA:198,46,1,0
BRDA:198,47,0,0
BRDA:198,47,1,0
BRDA:211,48,0,0
BRDA:217,49,0,0
BRDA:217,49,1,0
BRDA:232,50,0,0
BRDA:232,50,1,0
BRDA:233,51,0,0
BRDA:233,51,1,0
BRDA:237,52,0,0
BRDA:238,53,0,0
BRDA:238,53,1,0
BRDA:241,54,0,0
BRDA:241,54,1,0
BRDA:246,55,0,0
BRDA:246,55,1,0
BRDA:247,56,0,0
BRDA:247,56,1,0
BRDA:249,57,0,0
BRDA:249,57,1,0
BRDA:252,58,0,0
BRDA:252,58,1,0
BRDA:253,59,0,0
BRDA:260,60,0,0
BRDA:260,60,1,0
BRDA:274,61,0,0
BRDA:280,62,0,0
BRDA:280,62,1,0
BRDA:283,63,0,0
BRDA:283,63,1,0
BRDA:306,64,0,0
BRDA:306,64,1,0
BRDA:307,65,0,0
BRDA:307,65,1,0
BRDA:309,66,0,0
BRDA:309,66,1,0
BRDA:312,67,0,0
BRDA:312,67,1,0
BRDA:312,68,0,0
BRDA:312,68,1,0
BRDA:319,69,0,0
BRDA:319,69,1,0
BRF:130
BRH:0
end_of_record
TN:
SF:src/judge-portal/judge-portal.controller.ts
FN:9,(anonymous_4)
FN:17,(anonymous_5)
FN:23,(anonymous_6)
FN:31,(anonymous_7)
FN:54,(anonymous_8)
FN:56,(anonymous_9)
FN:84,(anonymous_10)
FN:85,(anonymous_11)
FN:111,(anonymous_12)
FN:141,(anonymous_13)
FN:164,(anonymous_14)
FN:245,(anonymous_15)
FN:264,(anonymous_16)
FN:324,(anonymous_17)
FN:334,(anonymous_18)
FNF:15
FNH:0
FNDA:0,(anonymous_4)
FNDA:0,(anonymous_5)
FNDA:0,(anonymous_6)
FNDA:0,(anonymous_7)
FNDA:0,(anonymous_8)
FNDA:0,(anonymous_9)
FNDA:0,(anonymous_10)
FNDA:0,(anonymous_11)
FNDA:0,(anonymous_12)
FNDA:0,(anonymous_13)
FNDA:0,(anonymous_14)
FNDA:0,(anonymous_15)
FNDA:0,(anonymous_16)
FNDA:0,(anonymous_17)
FNDA:0,(anonymous_18)
DA:1,0
DA:2,0
DA:3,0
DA:4,0
DA:5,0
DA:8,0
DA:10,0
DA:11,0
DA:12,0
DA:17,0
DA:18,0
DA:23,0
DA:24,0
DA:27,0
DA:31,0
DA:33,0
DA:45,0
DA:49,0
DA:53,0
DA:54,0
DA:56,0
DA:58,0
DA:59,0
DA:60,0
DA:61,0
DA:68,0
DA:72,0
DA:77,0
DA:78,0
DA:80,0
DA:84,0
DA:86,0
DA:87,0
DA:88,0
DA:90,0
DA:111,0
DA:141,0
DA:146,0
DA:147,0
DA:151,0
DA:164,0
DA:169,0
DA:173,0
DA:174,0
DA:180,0
DA:183,0
DA:188,0
DA:189,0
DA:199,0
DA:200,0
DA:207,0
DA:211,0
DA:216,0
DA:222,0
DA:232,0
DA:233,0
DA:234,0
DA:240,0
DA:245,0
DA:250,0
DA:251,0
DA:252,0
DA:253,0
DA:255,0
DA:259,0
DA:264,0
DA:276,0
DA:279,0
DA:283,0
DA:284,0
DA:287,0
DA:288,0
DA:289,0
DA:293,0
DA:294,0
DA:295,0
DA:299,0
DA:300,0
DA:305,0
DA:306,0
DA:307,0
DA:308,0
DA:309,0
DA:310,0
DA:312,0
DA:313,0
DA:314,0
DA:324,0
DA:326,0
DA:327,0
DA:334,0
DA:336,0
DA:338,0
DA:342,0
DA:343,0
DA:344,0
DA:345,0
DA:348,0
DA:358,0
DA:360,0
DA:370,0
LF:101
LH:0
BRDA:49,0,0,0
BRDA:59,1,0,0
BRDA:72,2,0,0
BRDA:78,3,0,0
BRDA:78,3,1,0
BRDA:87,4,0,0
BRDA:87,4,1,0
BRDA:107,5,0,0
BRDA:107,5,1,0
BRDA:108,6,0,0
BRDA:108,6,1,0
BRDA:108,6,2,0
BRDA:121,7,0,0
BRDA:121,7,1,0
BRDA:122,8,0,0
BRDA:122,8,1,0
BRDA:123,9,0,0
BRDA:123,9,1,0
BRDA:173,10,0,0
BRDA:183,11,0,0
BRDA:188,12,0,0
BRDA:199,13,0,0
BRDA:211,14,0,0
BRDA:212,15,0,0
BRDA:212,15,1,0
BRDA:212,15,2,0
BRDA:226,16,0,0
BRDA:226,16,1,0
BRDA:232,17,0,0
BRDA:232,18,0,0
BRDA:232,18,1,0
BRDA:232,18,2,0
BRDA:252,19,0,0
BRDA:253,20,0,0
BRDA:283,21,0,0
BRDA:284,22,0,0
BRDA:288,23,0,0
BRDA:288,24,0,0
BRDA:288,24,1,0
BRDA:294,25,0,0
BRDA:294,26,0,0
BRDA:294,26,1,0
BRDA:299,27,0,0
BRDA:307,28,0,0
BRDA:310,29,0,0
BRDA:313,30,0,0
BRDA:336,31,0,0
BRDA:336,31,1,0
BRDA:343,32,0,0
BRDA:344,33,0,0
BRDA:345,34,0,0
BRDA:345,35,0,0
BRDA:345,35,1,0
BRDA:351,36,0,0
BRDA:351,36,1,0
BRDA:363,37,0,0
BRDA:363,37,1,0
BRF:57
BRH:0
end_of_record
TN:
SF:src/judge-portal/judge-portal.resolver.ts
FN:14,(anonymous_4)
FN:19,(anonymous_5)
FN:23,(anonymous_6)
FN:22,(anonymous_7)
FNF:4
FNH:0
FNDA:0,(anonymous_4)
FNDA:0,(anonymous_5)
FNDA:0,(anonymous_6)
FNDA:0,(anonymous_7)
DA:1,0
DA:2,0
DA:3,0
DA:6,0
DA:7,0
DA:8,0
DA:9,0
DA:10,0
DA:11,0
DA:12,0
DA:14,0
DA:18,0
DA:19,0
DA:22,0
DA:23,0
DA:24,0
LF:16
LH:0
BRF:0
BRH:0
end_of_record
TN:
SF:src/judge-portal/judge-portal.service.ts
FN:7,(anonymous_2)
FN:9,(anonymous_3)
FN:17,(anonymous_4)
FN:19,(anonymous_5)
FN:24,(anonymous_6)
FN:51,(anonymous_7)
FN:52,(anonymous_8)
FN:72,(anonymous_9)
FN:72,(anonymous_10)
FN:78,(anonymous_11)
FN:91,(anonymous_12)
FN:94,(anonymous_13)
FN:105,(anonymous_14)
FNF:13
FNH:0
FNDA:0,(anonymous_2)
FNDA:0,(anonymous_3)
FNDA:0,(anonymous_4)
FNDA:0,(anonymous_5)
FNDA:0,(anonymous_6)
FNDA:0,(anonymous_7)
FNDA:0,(anonymous_8)
FNDA:0,(anonymous_9)
FNDA:0,(anonymous_10)
FNDA:0,(anonymous_11)
FNDA:0,(anonymous_12)
FNDA:0,(anonymous_13)
FNDA:0,(anonymous_14)
DA:1,0
DA:2,0
DA:3,0
DA:6,0
DA:7,0
DA:13,0
DA:14,0
DA:18,0
DA:19,0
DA:20,0
DA:21,0
DA:25,0
DA:26,0
DA:41,0
DA:51,0
DA:53,0
DA:54,0
DA:55,0
DA:72,0
DA:79,0
DA:86,0
DA:91,0
DA:93,0
DA:94,0
DA:105,0
LF:25
LH:0
BRDA:13,0,0,0
BRDA:13,0,1,0
BRDA:20,1,0,0
BRDA:56,2,0,0
BRDA:56,2,1,0
BRDA:57,3,0,0
BRDA:57,3,1,0
BRDA:58,4,0,0
BRDA:58,4,1,0
BRDA:58,5,0,0
BRDA:58,5,1,0
BRDA:59,6,0,0
BRDA:59,6,1,0
BRDA:60,7,0,0
BRDA:60,7,1,0
BRDA:65,8,0,0
BRDA:65,8,1,0
BRDA:66,9,0,0
BRDA:66,9,1,0
BRDA:66,10,0,0
BRDA:66,10,1,0
BRDA:67,11,0,0
BRDA:67,11,1,0
BRDA:67,12,0,0
BRDA:67,12,1,0
BRDA:68,13,0,0
BRDA:68,13,1,0
BRDA:69,14,0,0
BRDA:69,14,1,0
BRDA:70,15,0,0
BRDA:70,15,1,0
BRDA:98,16,0,0
BRDA:98,16,1,0
BRDA:101,17,0,0
BRDA:101,17,1,0
BRDA:105,18,0,0
BRDA:105,18,1,0
BRF:37
BRH:0
end_of_record
TN:
SF:src/judges/availability-import.controller.ts
FN:29,(anonymous_4)
FN:34,(anonymous_5)
FNF:2
FNH:0
FNDA:0,(anonymous_4)
FNDA:0,(anonymous_5)
DA:1,0
DA:2,0
DA:3,0
DA:4,0
DA:5,0
DA:28,0
DA:29,0
DA:34,0
DA:39,0
DA:40,0
DA:41,0
LF:11
LH:0
BRDA:40,0,0,0
BRDA:40,0,1,0
BRF:2
BRH:0
end_of_record
TN:
SF:src/judges/judges-import.controller.ts
FN:9,(anonymous_4)
FN:14,(anonymous_5)
FNF:2
FNH:0
FNDA:0,(anonymous_4)
FNDA:0,(anonymous_5)
DA:1,0
DA:2,0
DA:3,0
DA:4,0
DA:5,0
DA:8,0
DA:9,0
DA:14,0
DA:19,0
DA:20,0
DA:21,0
LF:11
LH:0
BRDA:20,0,0,0
BRDA:20,0,1,0
BRF:2
BRH:0
end_of_record
TN:
SF:src/judges/judges.resolver.ts
FN:9,(anonymous_4)
FN:13,(anonymous_5)
FN:19,(anonymous_6)
FN:25,(anonymous_7)
FN:30,(anonymous_8)
FN:39,(anonymous_9)
FN:45,(anonymous_10)
FN:51,(anonymous_11)
FN:12,(anonymous_12)
FN:18,(anonymous_13)
FN:24,(anonymous_14)
FN:29,(anonymous_15)
FN:38,(anonymous_16)
FN:44,(anonymous_17)
FN:50,(anonymous_18)
FN:7,(anonymous_19)
FNF:16
FNH:0
FNDA:0,(anonymous_4)
FNDA:0,(anonymous_5)
FNDA:0,(anonymous_6)
FNDA:0,(anonymous_7)
FNDA:0,(anonymous_8)
FNDA:0,(anonymous_9)
FNDA:0,(anonymous_10)
FNDA:0,(anonymous_11)
FNDA:0,(anonymous_12)
FNDA:0,(anonymous_13)
FNDA:0,(anonymous_14)
FNDA:0,(anonymous_15)
FNDA:0,(anonymous_16)
FNDA:0,(anonymous_17)
FNDA:0,(anonymous_18)
FNDA:0,(anonymous_19)
DA:1,0
DA:2,0
DA:3,0
DA:4,0
DA:5,0
DA:7,0
DA:8,0
DA:9,0
DA:12,0
DA:13,0
DA:14,0
DA:18,0
DA:19,0
DA:20,0
DA:24,0
DA:25,0
DA:26,0
DA:29,0
DA:30,0
DA:35,0
DA:38,0
DA:39,0
DA:40,0
DA:44,0
DA:45,0
DA:46,0
DA:50,0
DA:51,0
DA:52,0
LF:29
LH:0
BRF:0
BRH:0
end_of_record
TN:
SF:src/judges/judges.service.ts
FN:10,(anonymous_2)
FN:15,(anonymous_3)
FN:20,(anonymous_4)
FN:27,(anonymous_5)
FN:51,(anonymous_6)
FN:73,(anonymous_7)
FN:88,(anonymous_8)
FN:91,(anonymous_9)
FN:104,(anonymous_10)
FN:109,(anonymous_11)
FN:140,(anonymous_12)
FN:158,(anonymous_13)
FN:168,(anonymous_14)
FN:233,(anonymous_15)
FN:241,(anonymous_16)
FN:315,(anonymous_17)
FN:316,(anonymous_18)
FN:329,(anonymous_19)
FN:345,(anonymous_20)
FN:363,(anonymous_21)
FN:371,(anonymous_22)
FNF:21
FNH:0
FNDA:0,(anonymous_2)
FNDA:0,(anonymous_3)
FNDA:0,(anonymous_4)
FNDA:0,(anonymous_5)
FNDA:0,(anonymous_6)
FNDA:0,(anonymous_7)
FNDA:0,(anonymous_8)
FNDA:0,(anonymous_9)
FNDA:0,(anonymous_10)
FNDA:0,(anonymous_11)
FNDA:0,(anonymous_12)
FNDA:0,(anonymous_13)
FNDA:0,(anonymous_14)
FNDA:0,(anonymous_15)
FNDA:0,(anonymous_16)
FNDA:0,(anonymous_17)
FNDA:0,(anonymous_18)
FNDA:0,(anonymous_19)
FNDA:0,(anonymous_20)
FNDA:0,(anonymous_21)
FNDA:0,(anonymous_22)
DA:1,0
DA:2,0
DA:3,0
DA:4,0
DA:5,0
DA:9,0
DA:11,0
DA:12,0
DA:16,0
DA:20,0
DA:28,0
DA:31,0
DA:33,0
DA:42,0
DA:48,0
DA:52,0
DA:53,0
DA:55,0
DA:64,0
DA:70,0
DA:74,0
DA:75,0
DA:76,0
DA:78,0
DA:88,0
DA:92,0
DA:100,0
DA:101,0
DA:105,0
DA:106,0
DA:108,0
DA:109,0
DA:110,0
DA:111,0
DA:112,0
DA:113,0
DA:117,0
DA:121,0
DA:130,0
DA:137,0
DA:141,0
DA:142,0
DA:144,0
DA:155,0
DA:159,0
DA:160,0
DA:162,0
DA:164,0
DA:168,0
DA:170,0
DA:171,0
DA:172,0
DA:174,0
DA:175,0
DA:177,0
DA:178,0
DA:179,0
DA:180,0
DA:183,0
DA:184,0
DA:185,0
DA:186,0
DA:189,0
DA:190,0
DA:206,0
DA:207,0
DA:209,0
DA:213,0
DA:220,0
DA:234,0
DA:235,0
DA:237,0
DA:241,0
DA:249,0
DA:253,0
DA:256,0
DA:260,0
DA:262,0
DA:263,0
DA:264,0
DA:266,0
DA:267,0
DA:269,0
DA:270,0
DA:271,0
DA:272,0
DA:275,0
DA:276,0
DA:278,0
DA:279,0
DA:280,0
DA:281,0
DA:284,0
DA:285,0
DA:286,0
DA:287,0
DA:290,0
DA:291,0
DA:292,0
DA:293,0
DA:295,0
DA:297,0
DA:298,0
DA:299,0
DA:307,0
DA:309,0
DA:315,0
DA:316,0
DA:318,0
DA:325,0
DA:329,0
DA:346,0
DA:348,0
DA:355,0
DA:356,0
DA:363,0
DA:365,0
DA:369,0
DA:370,0
DA:371,0
DA:373,0
DA:378,0
DA:379,0
DA:380,0
DA:382,0
DA:384,0
DA:385,0
LF:127
LH:0
BRDA:18,0,0,0
BRDA:18,0,1,0
BRDA:18,0,2,0
BRDA:19,1,0,0
BRDA:19,1,1,0
BRDA:19,1,2,0
BRDA:20,2,0,0
BRDA:20,2,1,0
BRDA:22,3,0,0
BRDA:22,3,1,0
BRDA:31,4,0,0
BRDA:53,5,0,0
BRDA:75,6,0,0
BRDA:76,7,0,0
BRDA:100,8,0,0
BRDA:106,9,0,0
BRDA:142,10,0,0
BRDA:155,11,0,0
BRDA:155,11,1,0
BRDA:174,12,0,0
BRDA:175,13,0,0
BRDA:177,14,0,0
BRDA:177,14,1,0
BRDA:178,15,0,0
BRDA:184,16,0,0
BRDA:195,17,0,0
BRDA:195,17,1,0
BRDA:196,18,0,0
BRDA:196,18,1,0
BRDA:198,19,0,0
BRDA:198,19,1,0
BRDA:199,20,0,0
BRDA:199,20,1,0
BRDA:200,21,0,0
BRDA:200,21,1,0
BRDA:202,22,0,0
BRDA:202,22,1,0
BRDA:209,23,0,0
BRDA:209,23,1,0
BRDA:267,24,0,0
BRDA:270,25,0,0
BRDA:276,26,0,0
BRDA:279,27,0,0
BRDA:284,28,0,0
BRDA:284,28,1,0
BRDA:285,29,0,0
BRDA:291,30,0,0
BRDA:309,31,0,0
BRDA:309,31,1,0
BRDA:355,32,0,0
BRDA:369,33,0,0
BRF:51
BRH:0
end_of_record
TN:
SF:src/notification/notification.controller.ts
FN:11,(anonymous_4)
FN:23,(anonymous_5)
FN:34,(anonymous_6)
FN:36,(anonymous_7)
FN:36,(anonymous_8)
FN:39,(anonymous_9)
FN:58,(anonymous_10)
FNF:7
FNH:0
FNDA:0,(anonymous_4)
FNDA:0,(anonymous_5)
FNDA:0,(anonymous_6)
FNDA:0,(anonymous_7)
FNDA:0,(anonymous_8)
FNDA:0,(anonymous_9)
FNDA:0,(anonymous_10)
DA:1,0
DA:2,0
DA:3,0
DA:4,0
DA:8,0
DA:11,0
DA:12,0
DA:13,0
DA:14,0
DA:16,0
DA:17,0
DA:19,0
DA:23,0
DA:24,0
DA:25,0
DA:26,0
DA:27,0
DA:28,0
DA:30,0
DA:31,0
DA:33,0
DA:34,0
DA:36,0
DA:40,0
DA:41,0
DA:42,0
DA:43,0
DA:44,0
DA:52,0
DA:54,0
DA:59,0
DA:60,0
DA:61,0
DA:62,0
DA:63,0
DA:71,0
DA:73,0
LF:37
LH:0
BRDA:13,0,0,0
BRDA:13,1,0,0
BRDA:13,1,1,0
BRDA:16,2,0,0
BRDA:16,3,0,0
BRDA:16,3,1,0
BRDA:17,4,0,0
BRDA:17,4,1,0
BRDA:27,5,0,0
BRDA:27,6,0,0
BRDA:27,6,1,0
BRDA:30,7,0,0
BRDA:30,8,0,0
BRDA:30,8,1,0
BRDA:31,9,0,0
BRDA:31,9,1,0
BRDA:41,10,0,0
BRDA:41,10,1,0
BRDA:45,11,0,0
BRDA:45,11,1,0
BRDA:45,11,2,0
BRDA:54,12,0,0
BRDA:54,12,1,0
BRDA:60,13,0,0
BRDA:61,14,0,0
BRDA:61,14,1,0
BRDA:73,15,0,0
BRDA:73,15,1,0
BRF:28
BRH:0
end_of_record
TN:
SF:src/operations/operations.resolver.ts
FN:14,(anonymous_4)
FN:18,(anonymous_5)
FN:24,(anonymous_6)
FN:30,(anonymous_7)
FN:36,(anonymous_8)
FN:42,(anonymous_9)
FN:48,(anonymous_10)
FN:54,(anonymous_11)
FN:60,(anonymous_12)
FN:66,(anonymous_13)
FN:72,(anonymous_14)
FN:78,(anonymous_15)
FN:84,(anonymous_16)
FN:91,(anonymous_17)
FN:97,(anonymous_18)
FN:103,(anonymous_19)
FN:114,(anonymous_20)
FN:119,(anonymous_21)
FN:17,(anonymous_22)
FN:23,(anonymous_23)
FN:29,(anonymous_24)
FN:35,(anonymous_25)
FN:41,(anonymous_26)
FN:47,(anonymous_27)
FN:53,(anonymous_28)
FN:59,(anonymous_29)
FN:65,(anonymous_30)
FN:71,(anonymous_31)
FN:77,(anonymous_32)
FN:83,(anonymous_33)
FN:90,(anonymous_34)
FN:96,(anonymous_35)
FN:102,(anonymous_36)
FN:105,(anonymous_37)
FN:113,(anonymous_38)
FN:118,(anonymous_39)
FNF:36
FNH:0
FNDA:0,(anonymous_4)
FNDA:0,(anonymous_5)
FNDA:0,(anonymous_6)
FNDA:0,(anonymous_7)
FNDA:0,(anonymous_8)
FNDA:0,(anonymous_9)
FNDA:0,(anonymous_10)
FNDA:0,(anonymous_11)
FNDA:0,(anonymous_12)
FNDA:0,(anonymous_13)
FNDA:0,(anonymous_14)
FNDA:0,(anonymous_15)
FNDA:0,(anonymous_16)
FNDA:0,(anonymous_17)
FNDA:0,(anonymous_18)
FNDA:0,(anonymous_19)
FNDA:0,(anonymous_20)
FNDA:0,(anonymous_21)
FNDA:0,(anonymous_22)
FNDA:0,(anonymous_23)
FNDA:0,(anonymous_24)
FNDA:0,(anonymous_25)
FNDA:0,(anonymous_26)
FNDA:0,(anonymous_27)
FNDA:0,(anonymous_28)
FNDA:0,(anonymous_29)
FNDA:0,(anonymous_30)
FNDA:0,(anonymous_31)
FNDA:0,(anonymous_32)
FNDA:0,(anonymous_33)
FNDA:0,(anonymous_34)
FNDA:0,(anonymous_35)
FNDA:0,(anonymous_36)
FNDA:0,(anonymous_37)
FNDA:0,(anonymous_38)
FNDA:0,(anonymous_39)
DA:1,0
DA:2,0
DA:3,0
DA:9,0
DA:10,0
DA:13,0
DA:14,0
DA:17,0
DA:18,0
DA:19,0
DA:23,0
DA:24,0
DA:25,0
DA:29,0
DA:30,0
DA:31,0
DA:35,0
DA:36,0
DA:37,0
DA:41,0
DA:42,0
DA:43,0
DA:47,0
DA:48,0
DA:49,0
DA:53,0
DA:54,0
DA:55,0
DA:59,0
DA:60,0
DA:61,0
DA:65,0
DA:66,0
DA:67,0
DA:71,0
DA:72,0
DA:73,0
DA:77,0
DA:78,0
DA:79,0
DA:83,0
DA:84,0
DA:85,0
DA:90,0
DA:91,0
DA:92,0
DA:96,0
DA:97,0
DA:98,0
DA:102,0
DA:103,0
DA:105,0
DA:109,0
DA:113,0
DA:114,0
DA:115,0
DA:118,0
DA:119,0
DA:120,0
LF:59
LH:0
BRDA:92,0,0,0
BRDA:92,0,1,0
BRDA:98,1,0,0
BRDA:98,1,1,0
BRDA:109,2,0,0
BRDA:109,2,1,0
BRDA:109,2,2,0
BRF:7
BRH:0
end_of_record
TN:
SF:src/operations/operations.service.ts
FN:12,(anonymous_2)
FN:17,(anonymous_3)
FN:30,(anonymous_4)
FN:36,(anonymous_5)
FN:50,(anonymous_6)
FN:58,(anonymous_7)
FN:113,(anonymous_8)
FN:128,(anonymous_9)
FN:139,(anonymous_10)
FN:146,(anonymous_11)
FN:215,(anonymous_12)
FN:219,(anonymous_13)
FN:222,(anonymous_14)
FN:228,(anonymous_15)
FN:239,(anonymous_16)
FN:260,(anonymous_17)
FN:266,(anonymous_18)
FN:273,(anonymous_19)
FN:292,(anonymous_20)
FN:318,(anonymous_21)
FN:321,(anonymous_22)
FN:334,(anonymous_23)
FN:363,(anonymous_24)
FN:440,(anonymous_25)
FN:450,(anonymous_26)
FN:457,(anonymous_27)
FN:474,(anonymous_28)
FN:500,(anonymous_29)
FN:511,(anonymous_30)
FN:516,(anonymous_31)
FN:524,(anonymous_32)
FN:535,(anonymous_33)
FN:548,(anonymous_34)
FN:568,(anonymous_35)
FN:622,(anonymous_36)
FN:713,(anonymous_37)
FN:716,(anonymous_38)
FN:719,(anonymous_39)
FN:719,(anonymous_40)
FN:732,(anonymous_41)
FN:755,(anonymous_42)
FN:766,(anonymous_43)
FN:773,(anonymous_44)
FN:779,(anonymous_45)
FN:789,(anonymous_46)
FN:818,(anonymous_47)
FN:819,(anonymous_48)
FN:857,(anonymous_49)
FN:862,(anonymous_50)
FN:876,(anonymous_51)
FN:885,(anonymous_52)
FN:888,(anonymous_53)
FNF:52
FNH:0
FNDA:0,(anonymous_2)
FNDA:0,(anonymous_3)
FNDA:0,(anonymous_4)
FNDA:0,(anonymous_5)
FNDA:0,(anonymous_6)
FNDA:0,(anonymous_7)
FNDA:0,(anonymous_8)
FNDA:0,(anonymous_9)
FNDA:0,(anonymous_10)
FNDA:0,(anonymous_11)
FNDA:0,(anonymous_12)
FNDA:0,(anonymous_13)
FNDA:0,(anonymous_14)
FNDA:0,(anonymous_15)
FNDA:0,(anonymous_16)
FNDA:0,(anonymous_17)
FNDA:0,(anonymous_18)
FNDA:0,(anonymous_19)
FNDA:0,(anonymous_20)
FNDA:0,(anonymous_21)
FNDA:0,(anonymous_22)
FNDA:0,(anonymous_23)
FNDA:0,(anonymous_24)
FNDA:0,(anonymous_25)
FNDA:0,(anonymous_26)
FNDA:0,(anonymous_27)
FNDA:0,(anonymous_28)
FNDA:0,(anonymous_29)
FNDA:0,(anonymous_30)
FNDA:0,(anonymous_31)
FNDA:0,(anonymous_32)
FNDA:0,(anonymous_33)
FNDA:0,(anonymous_34)
FNDA:0,(anonymous_35)
FNDA:0,(anonymous_36)
FNDA:0,(anonymous_37)
FNDA:0,(anonymous_38)
FNDA:0,(anonymous_39)
FNDA:0,(anonymous_40)
FNDA:0,(anonymous_41)
FNDA:0,(anonymous_42)
FNDA:0,(anonymous_43)
FNDA:0,(anonymous_44)
FNDA:0,(anonymous_45)
FNDA:0,(anonymous_46)
FNDA:0,(anonymous_47)
FNDA:0,(anonymous_48)
FNDA:0,(anonymous_49)
FNDA:0,(anonymous_50)
FNDA:0,(anonymous_51)
FNDA:0,(anonymous_52)
FNDA:0,(anonymous_53)
DA:1,0
DA:2,0
DA:3,0
DA:4,0
DA:11,0
DA:13,0
DA:14,0
DA:18,0
DA:26,0
DA:27,0
DA:31,0
DA:32,0
DA:37,0
DA:47,0
DA:51,0
DA:54,0
DA:59,0
DA:62,0
DA:63,0
DA:66,0
DA:80,0
DA:81,0
DA:84,0
DA:85,0
DA:87,0
DA:88,0
DA:89,0
DA:91,0
DA:92,0
DA:93,0
DA:96,0
DA:97,0
DA:99,0
DA:101,0
DA:102,0
DA:103,0
DA:109,0
DA:114,0
DA:118,0
DA:120,0
DA:121,0
DA:122,0
DA:123,0
DA:125,0
DA:129,0
DA:136,0
DA:140,0
DA:147,0
DA:148,0
DA:155,0
DA:156,0
DA:157,0
DA:161,0
DA:162,0
DA:170,0
DA:171,0
DA:177,0
DA:178,0
DA:179,0
DA:180,0
DA:181,0
DA:182,0
DA:183,0
DA:186,0
DA:192,0
DA:193,0
DA:194,0
DA:197,0
DA:198,0
DA:205,0
DA:211,0
DA:216,0
DA:217,0
DA:219,0
DA:220,0
DA:222,0
DA:223,0
DA:224,0
DA:227,0
DA:228,0
DA:229,0
DA:230,0
DA:232,0
DA:233,0
DA:235,0
DA:236,0
DA:237,0
DA:239,0
DA:240,0
DA:241,0
DA:242,0
DA:243,0
DA:245,0
DA:250,0
DA:256,0
DA:261,0
DA:262,0
DA:264,0
DA:265,0
DA:266,0
DA:267,0
DA:268,0
DA:270,0
DA:271,0
DA:273,0
DA:274,0
DA:275,0
DA:280,0
DA:293,0
DA:294,0
DA:301,0
DA:302,0
DA:308,0
DA:309,0
DA:311,0
DA:312,0
DA:318,0
DA:319,0
DA:321,0
DA:322,0
DA:323,0
DA:329,0
DA:330,0
DA:331,0
DA:334,0
DA:335,0
DA:336,0
DA:337,0
DA:339,0
DA:342,0
DA:348,0
DA:364,0
DA:368,0
DA:370,0
DA:371,0
DA:377,0
DA:378,0
DA:388,0
DA:389,0
DA:396,0
DA:400,0
DA:405,0
DA:411,0
DA:416,0
DA:417,0
DA:418,0
DA:424,0
DA:430,0
DA:441,0
DA:442,0
DA:444,0
DA:449,0
DA:450,0
DA:451,0
DA:453,0
DA:458,0
DA:459,0
DA:461,0
DA:462,0
DA:463,0
DA:464,0
DA:467,0
DA:469,0
DA:470,0
DA:475,0
DA:476,0
DA:478,0
DA:479,0
DA:480,0
DA:482,0
DA:484,0
DA:485,0
DA:486,0
DA:490,0
DA:495,0
DA:496,0
DA:501,0
DA:502,0
DA:504,0
DA:509,0
DA:511,0
DA:512,0
DA:517,0
DA:518,0
DA:519,0
DA:520,0
DA:522,0
DA:524,0
DA:525,0
DA:526,0
DA:527,0
DA:528,0
DA:531,0
DA:536,0
DA:537,0
DA:540,0
DA:541,0
DA:542,0
DA:544,0
DA:548,0
DA:552,0
DA:561,0
DA:568,0
DA:570,0
DA:571,0
DA:572,0
DA:576,0
DA:577,0
DA:580,0
DA:581,0
DA:587,0
DA:588,0
DA:591,0
DA:592,0
DA:599,0
DA:607,0
DA:608,0
DA:609,0
DA:610,0
DA:613,0
DA:614,0
DA:615,0
DA:618,0
DA:623,0
DA:624,0
DA:626,0
DA:627,0
DA:628,0
DA:630,0
DA:634,0
DA:635,0
DA:645,0
DA:646,0
DA:649,0
DA:650,0
DA:660,0
DA:661,0
DA:665,0
DA:666,0
DA:667,0
DA:668,0
DA:671,0
DA:692,0
DA:700,0
DA:701,0
DA:702,0
DA:703,0
DA:705,0
DA:706,0
DA:707,0
DA:709,0
DA:714,0
DA:715,0
DA:716,0
DA:718,0
DA:719,0
DA:720,0
DA:721,0
DA:722,0
DA:723,0
DA:724,0
DA:725,0
DA:726,0
DA:727,0
DA:728,0
DA:729,0
DA:732,0
DA:756,0
DA:757,0
DA:758,0
DA:760,0
DA:765,0
DA:766,0
DA:769,0
DA:774,0
DA:779,0
DA:790,0
DA:812,0
DA:814,0
DA:816,0
DA:818,0
DA:819,0
DA:822,0
DA:823,0
DA:824,0
DA:827,0
DA:829,0
DA:843,0
DA:844,0
DA:846,0
DA:847,0
DA:848,0
DA:851,0
DA:852,0
DA:856,0
DA:858,0
DA:859,0
DA:860,0
DA:862,0
DA:877,0
DA:878,0
DA:880,0
DA:885,0
DA:886,0
DA:887,0
DA:888,0
DA:889,0
DA:890,0
LF:308
LH:0
BRDA:26,0,0,0
BRDA:31,1,0,0
BRDA:43,2,0,0
BRDA:43,2,1,0
BRDA:63,3,0,0
BRDA:72,4,0,0
BRDA:72,4,1,0
BRDA:81,5,0,0
BRDA:81,5,1,0
BRDA:84,6,0,0
BRDA:84,6,1,0
BRDA:85,7,0,0
BRDA:85,7,1,0
BRDA:89,8,0,0
BRDA:89,9,0,0
BRDA:89,9,1,0
BRDA:99,10,0,0
BRDA:99,10,1,0
BRDA:99,10,2,0
BRDA:99,10,3,0
BRDA:101,11,0,0
BRDA:101,12,0,0
BRDA:101,12,1,0
BRDA:101,12,2,0
BRDA:102,13,0,0
BRDA:102,13,1,0
BRDA:104,14,0,0
BRDA:104,14,1,0
BRDA:104,15,0,0
BRDA:104,15,1,0
BRDA:118,16,0,0
BRDA:133,17,0,0
BRDA:133,17,1,0
BRDA:155,18,0,0
BRDA:155,18,1,0
BRDA:156,19,0,0
BRDA:161,20,0,0
BRDA:170,21,0,0
BRDA:178,22,0,0
BRDA:178,23,0,0
BRDA:178,23,1,0
BRDA:179,24,0,0
BRDA:180,25,0,0
BRDA:181,26,0,0
BRDA:181,26,1,0
BRDA:183,27,0,0
BRDA:183,27,1,0
BRDA:188,28,0,0
BRDA:188,28,1,0
BRDA:192,29,0,0
BRDA:197,30,0,0
BRDA:220,31,0,0
BRDA:223,32,0,0
BRDA:223,33,0,0
BRDA:223,33,1,0
BRDA:227,34,0,0
BRDA:228,35,0,0
BRDA:229,36,0,0
BRDA:230,37,0,0
BRDA:233,38,0,0
BRDA:237,39,0,0
BRDA:242,40,0,0
BRDA:242,41,0,0
BRDA:242,41,1,0
BRDA:265,42,0,0
BRDA:265,43,0,0
BRDA:265,43,1,0
BRDA:266,44,0,0
BRDA:267,45,0,0
BRDA:268,46,0,0
BRDA:271,47,0,0
BRDA:301,48,0,0
BRDA:309,49,0,0
BRDA:309,49,1,0
BRDA:311,50,0,0
BRDA:319,51,0,0
BRDA:322,52,0,0
BRDA:322,53,0,0
BRDA:322,53,1,0
BRDA:324,54,0,0
BRDA:324,54,1,0
BRDA:330,55,0,0
BRDA:335,56,0,0
BRDA:350,57,0,0
BRDA:350,57,1,0
BRDA:368,58,0,0
BRDA:370,59,0,0
BRDA:377,60,0,0
BRDA:388,61,0,0
BRDA:400,62,0,0
BRDA:401,63,0,0
BRDA:401,63,1,0
BRDA:401,63,2,0
BRDA:413,64,0,0
BRDA:413,64,1,0
BRDA:416,65,0,0
BRDA:416,66,0,0
BRDA:416,66,1,0
BRDA:416,66,2,0
BRDA:432,67,0,0
BRDA:432,67,1,0
BRDA:442,68,0,0
BRDA:451,69,0,0
BRDA:462,70,0,0
BRDA:463,71,0,0
BRDA:479,72,0,0
BRDA:480,73,0,0
BRDA:480,73,1,0
BRDA:482,74,0,0
BRDA:485,75,0,0
BRDA:502,76,0,0
BRDA:522,77,0,0
BRDA:541,78,0,0
BRDA:542,79,0,0
BRDA:544,80,0,0
BRDA:570,81,0,0
BRDA:580,82,0,0
BRDA:591,83,0,0
BRDA:609,84,0,0
BRDA:614,85,0,0
BRDA:627,86,0,0
BRDA:628,87,0,0
BRDA:630,88,0,0
BRDA:645,89,0,0
BRDA:660,90,0,0
BRDA:724,91,0,0
BRDA:725,92,0,0
BRDA:726,93,0,0
BRDA:727,94,0,0
BRDA:757,95,0,0
BRDA:758,96,0,0
BRDA:823,97,0,0
BRDA:824,98,0,0
BRDA:827,99,0,0
BRDA:829,100,0,0
BRDA:829,100,1,0
BRDA:833,101,0,0
BRDA:833,101,1,0
BRDA:843,102,0,0
BRDA:843,102,1,0
BRDA:846,103,0,0
BRDA:846,103,1,0
BRDA:846,103,2,0
BRDA:847,104,0,0
BRDA:847,105,0,0
BRDA:847,105,1,0
BRDA:847,105,2,0
BRDA:851,106,0,0
BRDA:851,106,1,0
BRDA:858,107,0,0
BRDA:858,107,1,0
BRDA:859,108,0,0
BRDA:859,108,1,0
BRDA:870,109,0,0
BRDA:870,109,1,0
BRDA:878,110,0,0
BRDA:887,111,0,0
BRDA:889,112,0,0
BRDA:889,113,0,0
BRDA:889,113,1,0
BRF:160
BRH:0
end_of_record
TN:
SF:src/prisma/prisma.service.ts
FN:10,(anonymous_2)
FN:19,(anonymous_3)
FN:23,(anonymous_4)
FN:28,(anonymous_5)
FN:44,(anonymous_6)
FN:49,(anonymous_7)
FN:54,(anonymous_8)
FNF:7
FNH:4
FNDA:8,(anonymous_2)
FNDA:0,(anonymous_3)
FNDA:0,(anonymous_4)
FNDA:2,(anonymous_5)
FNDA:3,(anonymous_6)
FNDA:0,(anonymous_7)
FNDA:2,(anonymous_8)
DA:1,3
DA:2,3
DA:5,3
DA:6,8
DA:7,8
DA:8,8
DA:11,8
DA:19,8
DA:20,0
DA:23,8
DA:24,0
DA:29,2
DA:30,2
DA:31,5
DA:32,5
DA:33,1
DA:34,1
DA:36,4
DA:37,4
DA:40,4
DA:41,1
DA:42,1
DA:44,3
DA:50,0
DA:51,0
DA:55,2
DA:56,2
DA:57,1
DA:59,1
LF:29
LH:25
BRDA:40,0,0,1
BRF:1
BRH:1
end_of_record
TN:
SF:src/rankings/rankings.resolver.ts
FN:9,(anonymous_4)
FN:13,(anonymous_5)
FN:23,(anonymous_6)
FN:32,(anonymous_7)
FN:42,(anonymous_8)
FN:12,(anonymous_9)
FN:15,(anonymous_10)
FN:22,(anonymous_11)
FN:25,(anonymous_12)
FN:31,(anonymous_13)
FN:34,(anonymous_14)
FN:41,(anonymous_15)
FN:44,(anonymous_16)
FNF:13
FNH:0
FNDA:0,(anonymous_4)
FNDA:0,(anonymous_5)
FNDA:0,(anonymous_6)
FNDA:0,(anonymous_7)
FNDA:0,(anonymous_8)
FNDA:0,(anonymous_9)
FNDA:0,(anonymous_10)
FNDA:0,(anonymous_11)
FNDA:0,(anonymous_12)
FNDA:0,(anonymous_13)
FNDA:0,(anonymous_14)
FNDA:0,(anonymous_15)
FNDA:0,(anonymous_16)
DA:1,0
DA:2,0
DA:3,0
DA:4,0
DA:5,0
DA:8,0
DA:9,0
DA:12,0
DA:13,0
DA:15,0
DA:18,0
DA:22,0
DA:23,0
DA:25,0
DA:27,0
DA:31,0
DA:32,0
DA:34,0
DA:37,0
DA:41,0
DA:42,0
DA:44,0
DA:47,0
LF:23
LH:0
BRF:0
BRH:0
end_of_record
TN:
SF:src/rankings/rankings.service.ts
FN:11,(anonymous_2)
FN:19,(anonymous_3)
FN:43,(anonymous_4)
FN:62,(anonymous_5)
FN:63,(anonymous_6)
FN:78,(anonymous_7)
FN:137,(anonymous_8)
FN:144,(anonymous_9)
FN:156,(anonymous_10)
FN:174,(anonymous_11)
FN:179,(anonymous_12)
FN:180,(anonymous_13)
FN:249,(anonymous_14)
FN:268,(anonymous_15)
FN:297,(anonymous_16)
FN:298,(anonymous_17)
FN:300,(anonymous_18)
FN:317,(anonymous_19)
FN:318,(anonymous_20)
FN:320,(anonymous_21)
FN:321,(anonymous_22)
FN:322,(anonymous_23)
FN:323,(anonymous_24)
FN:342,(anonymous_25)
FN:361,(anonymous_26)
FN:396,(anonymous_27)
FNF:26
FNH:13
FNDA:10,(anonymous_2)
FNDA:8,(anonymous_3)
FNDA:10,(anonymous_4)
FNDA:17,(anonymous_5)
FNDA:17,(anonymous_6)
FNDA:12,(anonymous_7)
FNDA:27,(anonymous_8)
FNDA:17,(anonymous_9)
FNDA:15,(anonymous_10)
FNDA:4,(anonymous_11)
FNDA:1,(anonymous_12)
FNDA:1,(anonymous_13)
FNDA:11,(anonymous_14)
FNDA:0,(anonymous_15)
FNDA:0,(anonymous_16)
FNDA:0,(anonymous_17)
FNDA:0,(anonymous_18)
FNDA:0,(anonymous_19)
FNDA:0,(anonymous_20)
FNDA:0,(anonymous_21)
FNDA:0,(anonymous_22)
FNDA:0,(anonymous_23)
FNDA:0,(anonymous_24)
FNDA:0,(anonymous_25)
FNDA:0,(anonymous_26)
FNDA:0,(anonymous_27)
DA:1,1
DA:2,1
DA:3,1
DA:4,1
DA:8,1
DA:9,10
DA:12,10
DA:13,10
DA:20,8
DA:24,8
DA:25,8
DA:26,0
DA:27,0
DA:28,0
DA:30,8
DA:48,10
DA:51,10
DA:56,10
DA:57,1
DA:62,17
DA:63,17
DA:66,9
DA:67,9
DA:68,9
DA:73,9
DA:74,1
DA:78,12
DA:79,8
DA:93,8
DA:96,8
DA:97,8
DA:98,13
DA:99,13
DA:100,13
DA:104,8
DA:120,8
DA:122,8
DA:123,12
DA:124,12
DA:125,1
DA:126,1
DA:129,11
DA:130,11
DA:132,11
DA:134,15
DA:135,15
DA:136,17
DA:137,27
DA:139,17
DA:143,15
DA:144,17
DA:147,15
DA:155,11
DA:156,15
DA:160,11
DA:174,8
DA:175,4
DA:176,3
DA:179,1
DA:180,1
DA:181,1
DA:183,1
DA:187,8
DA:188,8
DA:189,0
DA:191,8
DA:193,8
DA:196,8
DA:197,8
DA:198,8
DA:199,11
DA:201,11
DA:204,10
DA:207,11
DA:219,8
DA:220,8
DA:224,8
DA:237,8
DA:241,8
DA:249,11
DA:272,0
DA:273,0
DA:274,0
DA:276,0
DA:279,0
DA:285,0
DA:287,0
DA:292,0
DA:296,0
DA:297,0
DA:298,0
DA:300,0
DA:303,0
DA:305,0
DA:315,0
DA:316,0
DA:317,0
DA:318,0
DA:319,0
DA:320,0
DA:321,0
DA:322,0
DA:323,0
DA:324,0
DA:331,0
DA:334,0
DA:342,0
DA:366,0
DA:367,0
DA:368,0
DA:370,0
DA:373,0
DA:382,0
DA:384,0
DA:393,0
DA:401,0
DA:402,0
DA:403,0
DA:405,0
DA:408,0
DA:416,0
DA:418,0
DA:427,0
LF:123
LH:76
BRDA:26,0,0,0
BRDA:26,0,1,0
BRDA:27,1,0,0
BRDA:48,2,0,10
BRDA:48,2,1,10
BRDA:56,3,0,1
BRDA:56,4,0,10
BRDA:56,4,1,9
BRDA:67,5,0,0
BRDA:73,6,0,1
BRDA:98,7,0,13
BRDA:98,7,1,11
BRDA:123,8,0,12
BRDA:123,8,1,1
BRDA:124,9,0,1
BRDA:139,10,0,17
BRDA:139,11,0,17
BRDA:139,11,1,17
BRDA:143,12,0,15
BRDA:143,12,1,0
BRDA:164,13,0,11
BRDA:164,13,1,11
BRDA:165,14,0,11
BRDA:165,14,1,11
BRDA:168,15,0,11
BRDA:168,15,1,11
BRDA:175,16,0,3
BRDA:181,17,0,0
BRDA:188,18,0,0
BRDA:188,18,1,8
BRDA:201,19,0,1
BRDA:201,19,1,10
BRDA:201,20,0,11
BRDA:201,20,1,3
BRDA:209,21,0,11
BRDA:209,21,1,11
BRDA:219,22,0,8
BRDA:229,23,0,8
BRDA:229,23,1,8
BRDA:233,24,0,0
BRDA:233,24,1,8
BRDA:237,25,0,0
BRDA:237,25,1,8
BRDA:243,26,0,8
BRDA:243,26,1,8
BRDA:244,27,0,8
BRDA:244,27,1,8
BRDA:253,28,0,11
BRDA:253,28,1,11
BRDA:254,29,0,11
BRDA:254,29,1,11
BRDA:255,30,0,11
BRDA:255,30,1,0
BRDA:261,31,0,1
BRDA:261,31,1,10
BRDA:261,32,0,11
BRDA:261,32,1,3
BRDA:273,33,0,0
BRDA:273,33,1,0
BRDA:285,34,0,0
BRDA:287,35,0,0
BRDA:287,35,1,0
BRDA:296,36,0,0
BRDA:296,36,1,0
BRDA:321,37,0,0
BRDA:321,37,1,0
BRDA:323,38,0,0
BRDA:323,38,1,0
BRDA:337,39,0,0
BRDA:337,39,1,0
BRDA:338,40,0,0
BRDA:338,40,1,0
BRDA:346,41,0,0
BRDA:346,41,1,0
BRDA:347,42,0,0
BRDA:347,42,1,0
BRDA:351,43,0,0
BRDA:351,43,1,0
BRDA:352,44,0,0
BRDA:352,44,1,0
BRDA:354,45,0,0
BRDA:354,45,1,0
BRDA:354,46,0,0
BRDA:354,46,1,0
BRDA:367,47,0,0
BRDA:367,47,1,0
BRDA:389,48,0,0
BRDA:389,48,1,0
BRDA:393,49,0,0
BRDA:393,49,1,0
BRDA:402,50,0,0
BRDA:402,50,1,0
BRDA:423,51,0,0
BRDA:423,51,1,0
BRDA:427,52,0,0
BRDA:427,52,1,0
BRF:96
BRH:47
end_of_record
TN:
SF:src/rooms/rooms.resolver.ts
FN:11,(anonymous_4)
FN:19,(anonymous_5)
FN:25,(anonymous_6)
FN:31,(anonymous_7)
FN:36,(anonymous_8)
FN:41,(anonymous_9)
FN:47,(anonymous_10)
FN:53,(anonymous_11)
FN:68,(anonymous_12)
FN:82,(anonymous_13)
FN:87,(anonymous_14)
FN:18,(anonymous_15)
FN:24,(anonymous_16)
FN:30,(anonymous_17)
FN:35,(anonymous_18)
FN:40,(anonymous_19)
FN:46,(anonymous_20)
FN:52,(anonymous_21)
FN:67,(anonymous_22)
FN:81,(anonymous_23)
FN:86,(anonymous_24)
FNF:21
FNH:0
FNDA:0,(anonymous_4)
FNDA:0,(anonymous_5)
FNDA:0,(anonymous_6)
FNDA:0,(anonymous_7)
FNDA:0,(anonymous_8)
FNDA:0,(anonymous_9)
FNDA:0,(anonymous_10)
FNDA:0,(anonymous_11)
FNDA:0,(anonymous_12)
FNDA:0,(anonymous_13)
FNDA:0,(anonymous_14)
FNDA:0,(anonymous_15)
FNDA:0,(anonymous_16)
FNDA:0,(anonymous_17)
FNDA:0,(anonymous_18)
FNDA:0,(anonymous_19)
FNDA:0,(anonymous_20)
FNDA:0,(anonymous_21)
FNDA:0,(anonymous_22)
FNDA:0,(anonymous_23)
FNDA:0,(anonymous_24)
DA:1,0
DA:2,0
DA:3,0
DA:4,0
DA:5,0
DA:6,0
DA:7,0
DA:10,0
DA:12,0
DA:13,0
DA:14,0
DA:18,0
DA:19,0
DA:20,0
DA:24,0
DA:25,0
DA:26,0
DA:30,0
DA:31,0
DA:32,0
DA:35,0
DA:36,0
DA:37,0
DA:40,0
DA:41,0
DA:42,0
DA:46,0
DA:47,0
DA:48,0
DA:52,0
DA:53,0
DA:58,0
DA:59,0
DA:60,0
DA:63,0
DA:67,0
DA:68,0
DA:76,0
DA:81,0
DA:82,0
DA:83,0
DA:86,0
DA:87,0
DA:91,0
DA:92,0
LF:45
LH:0
BRDA:77,0,0,0
BRDA:77,0,1,0
BRDA:91,1,0,0
BRF:3
BRH:0
end_of_record
TN:
SF:src/rooms/rooms.service.ts
FN:9,(anonymous_2)
FN:14,(anonymous_3)
FN:31,(anonymous_4)
FN:46,(anonymous_5)
FN:53,(anonymous_6)
FN:59,(anonymous_7)
FNF:6
FNH:0
FNDA:0,(anonymous_2)
FNDA:0,(anonymous_3)
FNDA:0,(anonymous_4)
FNDA:0,(anonymous_5)
FNDA:0,(anonymous_6)
FNDA:0,(anonymous_7)
DA:1,0
DA:2,0
DA:3,0
DA:4,0
DA:8,0
DA:10,0
DA:11,0
DA:15,0
DA:18,0
DA:20,0
DA:22,0
DA:28,0
DA:32,0
DA:33,0
DA:35,0
DA:37,0
DA:43,0
DA:47,0
DA:54,0
DA:55,0
DA:56,0
DA:60,0
DA:61,0
DA:62,0
DA:63,0
LF:25
LH:0
BRDA:18,0,0,0
BRDA:33,1,0,0
BRDA:55,2,0,0
BRF:3
BRH:0
end_of_record
TN:
SF:src/rooms/time-slots.service.ts
FN:9,(anonymous_2)
FN:18,(anonymous_3)
FN:25,(anonymous_4)
FN:42,(anonymous_5)
FN:61,(anonymous_6)
FN:144,(anonymous_7)
FN:158,(anonymous_8)
FN:191,(anonymous_9)
FN:198,(anonymous_10)
FNF:9
FNH:0
FNDA:0,(anonymous_2)
FNDA:0,(anonymous_3)
FNDA:0,(anonymous_4)
FNDA:0,(anonymous_5)
FNDA:0,(anonymous_6)
FNDA:0,(anonymous_7)
FNDA:0,(anonymous_8)
FNDA:0,(anonymous_9)
FNDA:0,(anonymous_10)
DA:1,0
DA:2,0
DA:3,0
DA:4,0
DA:8,0
DA:10,0
DA:11,0
DA:19,0
DA:20,0
DA:24,0
DA:25,0
DA:26,0
DA:28,0
DA:29,0
DA:30,0
DA:31,0
DA:32,0
DA:33,0
DA:39,0
DA:43,0
DA:50,0
DA:51,0
DA:54,0
DA:57,0
DA:58,0
DA:61,0
DA:62,0
DA:67,0
DA:69,0
DA:70,0
DA:71,0
DA:72,0
DA:74,0
DA:75,0
DA:76,0
DA:80,0
DA:84,0
DA:85,0
DA:87,0
DA:88,0
DA:91,0
DA:92,0
DA:93,0
DA:100,0
DA:101,0
DA:104,0
DA:107,0
DA:115,0
DA:116,0
DA:117,0
DA:123,0
DA:125,0
DA:129,0
DA:131,0
DA:138,0
DA:145,0
DA:166,0
DA:167,0
DA:169,0
DA:170,0
DA:176,0
DA:181,0
DA:187,0
DA:192,0
DA:199,0
LF:65
LH:0
BRDA:26,0,0,0
BRDA:29,1,0,0
BRDA:30,2,0,0
BRDA:30,2,1,0
BRDA:32,3,0,0
BRDA:32,3,1,0
BRDA:51,4,0,0
BRDA:51,4,1,0
BRDA:71,5,0,0
BRDA:71,5,1,0
BRDA:72,6,0,0
BRDA:72,6,1,0
BRDA:74,7,0,0
BRDA:75,8,0,0
BRDA:75,9,0,0
BRDA:75,9,1,0
BRDA:75,9,2,0
BRDA:91,10,0,0
BRDA:91,11,0,0
BRDA:91,11,1,0
BRDA:91,11,2,0
BRDA:91,11,3,0
BRDA:92,12,0,0
BRDA:104,13,0,0
BRDA:116,14,0,0
BRDA:116,14,1,0
BRDA:116,15,0,0
BRDA:116,15,1,0
BRDA:167,16,0,0
BRDA:167,16,1,0
BRDA:169,17,0,0
BRDA:169,17,1,0
BRF:32
BRH:0
end_of_record
TN:
SF:src/scheduling/anchors.ts
FN:59,allocateAnchors
FN:64,(anonymous_1)
FN:65,(anonymous_2)
FN:69,(anonymous_3)
FN:77,(anonymous_4)
FN:105,(anonymous_5)
FN:124,(anonymous_6)
FN:177,anchorLoad
FNF:8
FNH:0
FNDA:0,allocateAnchors
FNDA:0,(anonymous_1)
FNDA:0,(anonymous_2)
FNDA:0,(anonymous_3)
FNDA:0,(anonymous_4)
FNDA:0,(anonymous_5)
FNDA:0,(anonymous_6)
FNDA:0,anchorLoad
DA:57,0
DA:59,0
DA:64,0
DA:65,0
DA:69,0
DA:71,0
DA:72,0
DA:73,0
DA:75,0
DA:77,0
DA:79,0
DA:80,0
DA:81,0
DA:82,0
DA:86,0
DA:87,0
DA:93,0
DA:94,0
DA:95,0
DA:96,0
DA:102,0
DA:103,0
DA:105,0
DA:106,0
DA:111,0
DA:112,0
DA:114,0
DA:115,0
DA:122,0
DA:123,0
DA:124,0
DA:125,0
DA:126,0
DA:131,0
DA:132,0
DA:137,0
DA:138,0
DA:140,0
DA:154,0
DA:156,0
DA:157,0
DA:163,0
DA:177,0
DA:181,0
DA:183,0
DA:184,0
DA:185,0
DA:187,0
DA:188,0
DA:191,0
DA:192,0
DA:196,0
LF:52
LH:0
BRDA:79,0,0,0
BRDA:79,0,1,0
BRDA:81,1,0,0
BRDA:81,1,1,0
BRDA:86,2,0,0
BRDA:93,3,0,0
BRDA:93,3,1,0
BRDA:95,4,0,0
BRDA:103,5,0,0
BRDA:103,5,1,0
BRDA:111,6,0,0
BRDA:111,6,1,0
BRDA:112,7,0,0
BRDA:112,7,1,0
BRDA:114,8,0,0
BRDA:115,9,0,0
BRDA:123,10,0,0
BRDA:125,11,0,0
BRDA:125,12,0,0
BRDA:125,12,1,0
BRDA:131,13,0,0
BRDA:132,14,0,0
BRDA:144,15,0,0
BRDA:144,15,1,0
BRDA:145,16,0,0
BRDA:145,16,1,0
BRDA:146,17,0,0
BRDA:146,17,1,0
BRDA:147,18,0,0
BRDA:147,18,1,0
BRDA:156,19,0,0
BRDA:184,20,0,0
BRDA:184,20,1,0
BRDA:187,21,0,0
BRDA:188,22,0,0
BRDA:188,22,1,0
BRDA:191,23,0,0
BRDA:192,24,0,0
BRDA:192,24,1,0
BRF:39
BRH:0
end_of_record
TN:
SF:src/scheduling/passes.ts
FN:79,planPasses
FN:87,(anonymous_1)
FN:89,(anonymous_2)
FN:121,(anonymous_3)
FN:134,(anonymous_4)
FN:142,(anonymous_5)
FN:142,(anonymous_6)
FN:156,(anonymous_7)
FN:176,(anonymous_8)
FN:196,describePlan
FN:198,(anonymous_10)
FNF:11
FNH:0
FNDA:0,planPasses
FNDA:0,(anonymous_1)
FNDA:0,(anonymous_2)
FNDA:0,(anonymous_3)
FNDA:0,(anonymous_4)
FNDA:0,(anonymous_5)
FNDA:0,(anonymous_6)
FNDA:0,(anonymous_7)
FNDA:0,(anonymous_8)
FNDA:0,describePlan
FNDA:0,(anonymous_10)
DA:56,0
DA:66,0
DA:71,0
DA:77,0
DA:79,0
DA:84,0
DA:85,0
DA:87,0
DA:88,0
DA:89,0
DA:93,0
DA:94,0
DA:97,0
DA:102,0
DA:103,0
DA:104,0
DA:113,0
DA:114,0
DA:115,0
DA:116,0
DA:117,0
DA:118,0
DA:121,0
DA:123,0
DA:124,0
DA:126,0
DA:129,0
DA:130,0
DA:131,0
DA:134,0
DA:142,0
DA:144,0
DA:145,0
DA:146,0
DA:147,0
DA:148,0
DA:149,0
DA:150,0
DA:151,0
DA:156,0
DA:158,0
DA:159,0
DA:166,0
DA:167,0
DA:175,0
DA:176,0
DA:178,0
DA:179,0
DA:187,0
DA:196,0
DA:197,0
DA:198,0
LF:52
LH:0
BRDA:89,0,0,0
BRDA:89,0,1,0
BRDA:93,1,0,0
BRDA:94,2,0,0
BRDA:94,2,1,0
BRDA:103,3,0,0
BRDA:115,4,0,0
BRDA:115,4,1,0
BRDA:116,5,0,0
BRDA:116,5,1,0
BRDA:123,6,0,0
BRDA:123,6,1,0
BRDA:123,7,0,0
BRDA:123,7,1,0
BRDA:124,8,0,0
BRDA:130,9,0,0
BRDA:130,9,1,0
BRDA:146,10,0,0
BRDA:147,11,0,0
BRDA:147,11,1,0
BRDA:148,12,0,0
BRDA:148,13,0,0
BRDA:148,13,1,0
BRDA:149,14,0,0
BRDA:149,14,1,0
BRDA:166,15,0,0
BRDA:178,16,0,0
BRDA:197,17,0,0
BRF:28
BRH:0
end_of_record
TN:
SF:src/scheduling/scheduling.resolver.ts
FN:12,(anonymous_4)
FN:20,(anonymous_5)
FN:35,(anonymous_6)
FN:19,(anonymous_7)
FN:34,(anonymous_8)
FNF:5
FNH:0
FNDA:0,(anonymous_4)
FNDA:0,(anonymous_5)
FNDA:0,(anonymous_6)
FNDA:0,(anonymous_7)
FNDA:0,(anonymous_8)
DA:1,0
DA:2,0
DA:3,0
DA:4,0
DA:5,0
DA:6,0
DA:7,0
DA:8,0
DA:11,0
DA:13,0
DA:14,0
DA:15,0
DA:19,0
DA:20,0
DA:24,0
DA:34,0
DA:35,0
DA:39,0
DA:40,0
DA:41,0
DA:42,0
DA:45,0
DA:46,0
DA:47,0
DA:48,0
DA:49,0
DA:51,0
DA:57,0
LF:28
LH:0
BRDA:29,0,0,0
BRDA:29,0,1,0
BRDA:40,1,0,0
BRDA:41,2,0,0
BRDA:41,3,0,0
BRDA:41,3,1,0
BRF:6
BRH:0
end_of_record
TN:
SF:src/scheduling/scheduling.service.ts
FN:15,(anonymous_2)
FN:23,(anonymous_3)
FN:59,(anonymous_4)
FN:60,(anonymous_5)
FN:65,(anonymous_6)
FN:69,(anonymous_7)
FN:93,(anonymous_8)
FN:94,(anonymous_9)
FN:121,(anonymous_10)
FN:123,(anonymous_11)
FN:124,(anonymous_12)
FN:130,(anonymous_13)
FN:132,(anonymous_14)
FN:141,(anonymous_15)
FN:186,(anonymous_16)
FN:193,(anonymous_17)
FN:206,(anonymous_18)
FN:207,(anonymous_19)
FN:234,(anonymous_20)
FN:236,(anonymous_21)
FN:242,(anonymous_22)
FN:251,(anonymous_23)
FN:262,(anonymous_24)
FN:263,(anonymous_25)
FN:285,(anonymous_26)
FN:310,(anonymous_27)
FN:367,(anonymous_28)
FN:386,(anonymous_29)
FNF:28
FNH:0
FNDA:0,(anonymous_2)
FNDA:0,(anonymous_3)
FNDA:0,(anonymous_4)
FNDA:0,(anonymous_5)
FNDA:0,(anonymous_6)
FNDA:0,(anonymous_7)
FNDA:0,(anonymous_8)
FNDA:0,(anonymous_9)
FNDA:0,(anonymous_10)
FNDA:0,(anonymous_11)
FNDA:0,(anonymous_12)
FNDA:0,(anonymous_13)
FNDA:0,(anonymous_14)
FNDA:0,(anonymous_15)
FNDA:0,(anonymous_16)
FNDA:0,(anonymous_17)
FNDA:0,(anonymous_18)
FNDA:0,(anonymous_19)
FNDA:0,(anonymous_20)
FNDA:0,(anonymous_21)
FNDA:0,(anonymous_22)
FNDA:0,(anonymous_23)
FNDA:0,(anonymous_24)
FNDA:0,(anonymous_25)
FNDA:0,(anonymous_26)
FNDA:0,(anonymous_27)
FNDA:0,(anonymous_28)
FNDA:0,(anonymous_29)
DA:1,0
DA:2,0
DA:3,0
DA:4,0
DA:5,0
DA:8,0
DA:9,0
DA:12,0
DA:16,0
DA:17,0
DA:18,0
DA:20,0
DA:31,0
DA:59,0
DA:60,0
DA:65,0
DA:69,0
DA:72,0
DA:73,0
DA:93,0
DA:94,0
DA:99,0
DA:103,0
DA:107,0
DA:109,0
DA:110,0
DA:111,0
DA:112,0
DA:113,0
DA:114,0
DA:115,0
DA:121,0
DA:122,0
DA:124,0
DA:125,0
DA:126,0
DA:127,0
DA:130,0
DA:132,0
DA:134,0
DA:141,0
DA:151,0
DA:152,0
DA:153,0
DA:154,0
DA:155,0
DA:156,0
DA:167,0
DA:179,0
DA:184,0
DA:186,0
DA:193,0
DA:204,0
DA:205,0
DA:206,0
DA:207,0
DA:209,0
DA:210,0
DA:211,0
DA:212,0
DA:214,0
DA:215,0
DA:218,0
DA:219,0
DA:224,0
DA:225,0
DA:227,0
DA:228,0
DA:232,0
DA:234,0
DA:236,0
DA:242,0
DA:251,0
DA:262,0
DA:263,0
DA:268,0
DA:271,0
DA:275,0
DA:276,0
DA:277,0
DA:278,0
DA:279,0
DA:280,0
DA:282,0
DA:283,0
DA:285,0
DA:291,0
DA:297,0
DA:298,0
DA:299,0
DA:302,0
DA:303,0
DA:305,0
DA:309,0
DA:310,0
DA:311,0
DA:314,0
DA:315,0
DA:316,0
DA:319,0
DA:320,0
DA:329,0
DA:338,0
DA:344,0
DA:345,0
DA:346,0
DA:349,0
DA:352,0
DA:365,0
DA:367,0
DA:386,0
DA:396,0
DA:397,0
LF:113
LH:0
BRDA:28,0,0,0
BRDA:72,1,0,0
BRDA:78,2,0,0
BRDA:78,2,1,0
BRDA:113,3,0,0
BRDA:114,4,0,0
BRDA:127,5,0,0
BRDA:127,5,1,0
BRDA:127,5,2,0
BRDA:142,6,0,0
BRDA:142,6,1,0
BRDA:143,7,0,0
BRDA:143,7,1,0
BRDA:154,8,0,0
BRDA:154,8,1,0
BRDA:184,9,0,0
BRDA:184,9,1,0
BRDA:189,10,0,0
BRDA:189,10,1,0
BRDA:190,11,0,0
BRDA:190,11,1,0
BRDA:196,12,0,0
BRDA:196,12,1,0
BRDA:205,13,0,0
BRDA:207,14,0,0
BRDA:207,14,1,0
BRDA:214,15,0,0
BRDA:214,15,1,0
BRDA:218,16,0,0
BRDA:224,17,0,0
BRDA:227,18,0,0
BRDA:250,19,0,0
BRDA:250,19,1,0
BRDA:260,20,0,0
BRDA:260,20,1,0
BRDA:262,21,0,0
BRDA:262,21,1,0
BRDA:271,22,0,0
BRDA:271,22,1,0
BRDA:271,23,0,0
BRDA:271,23,1,0
BRDA:297,24,0,0
BRDA:303,25,0,0
BRDA:303,25,1,0
BRDA:305,26,0,0
BRDA:314,27,0,0
BRDA:314,27,1,0
BRDA:315,28,0,0
BRDA:315,28,1,0
BRDA:316,29,0,0
BRDA:316,29,1,0
BRDA:319,30,0,0
BRDA:319,30,1,0
BRDA:324,31,0,0
BRDA:324,31,1,0
BRDA:344,32,0,0
BRDA:357,33,0,0
BRDA:357,33,1,0
BRDA:359,34,0,0
BRDA:359,34,1,0
BRDA:367,35,0,0
BRDA:367,35,1,0
BRDA:379,36,0,0
BRDA:379,36,1,0
BRDA:384,37,0,0
BRDA:384,37,1,0
BRDA:387,38,0,0
BRDA:387,38,1,0
BRDA:389,39,0,0
BRDA:389,39,1,0
BRDA:390,40,0,0
BRDA:390,40,1,0
BRDA:392,41,0,0
BRDA:392,41,1,0
BRDA:393,42,0,0
BRDA:393,42,1,0
BRDA:396,43,0,0
BRF:77
BRH:0
end_of_record
TN:
SF:src/scorecards/scorecards.resolver.ts
FN:9,(anonymous_4)
FN:12,(anonymous_5)
FN:20,(anonymous_6)
FN:25,(anonymous_7)
FN:30,(anonymous_8)
FN:35,(anonymous_9)
FN:43,(anonymous_10)
FN:52,(anonymous_11)
FN:62,(anonymous_12)
FN:11,(anonymous_13)
FN:19,(anonymous_14)
FN:24,(anonymous_15)
FN:29,(anonymous_16)
FN:34,(anonymous_17)
FN:42,(anonymous_18)
FN:51,(anonymous_19)
FN:61,(anonymous_20)
FN:7,(anonymous_21)
FNF:18
FNH:0
FNDA:0,(anonymous_4)
FNDA:0,(anonymous_5)
FNDA:0,(anonymous_6)
FNDA:0,(anonymous_7)
FNDA:0,(anonymous_8)
FNDA:0,(anonymous_9)
FNDA:0,(anonymous_10)
FNDA:0,(anonymous_11)
FNDA:0,(anonymous_12)
FNDA:0,(anonymous_13)
FNDA:0,(anonymous_14)
FNDA:0,(anonymous_15)
FNDA:0,(anonymous_16)
FNDA:0,(anonymous_17)
FNDA:0,(anonymous_18)
FNDA:0,(anonymous_19)
FNDA:0,(anonymous_20)
FNDA:0,(anonymous_21)
DA:1,0
DA:2,0
DA:3,0
DA:4,0
DA:5,0
DA:7,0
DA:8,0
DA:9,0
DA:11,0
DA:12,0
DA:16,0
DA:19,0
DA:20,0
DA:21,0
DA:24,0
DA:25,0
DA:26,0
DA:29,0
DA:30,0
DA:31,0
DA:34,0
DA:35,0
DA:39,0
DA:42,0
DA:43,0
DA:47,0
DA:51,0
DA:52,0
DA:57,0
DA:61,0
DA:62,0
DA:66,0
LF:32
LH:0
BRF:0
BRH:0
end_of_record
TN:
SF:src/scorecards/scorecards.service.ts
FN:12,(anonymous_2)
FN:26,(anonymous_3)
FN:27,(anonymous_4)
FN:32,(anonymous_5)
FN:39,(anonymous_6)
FN:58,(anonymous_7)
FN:76,(anonymous_8)
FN:86,(anonymous_9)
FN:89,(anonymous_10)
FN:97,(anonymous_11)
FN:100,(anonymous_12)
FN:112,(anonymous_13)
FN:121,(anonymous_14)
FN:125,(anonymous_15)
FN:136,(anonymous_16)
FN:153,(anonymous_17)
FN:163,(anonymous_18)
FN:164,(anonymous_19)
FN:175,(anonymous_20)
FN:206,(anonymous_21)
FN:209,(anonymous_22)
FN:219,(anonymous_23)
FN:240,(anonymous_24)
FN:270,(anonymous_25)
FN:293,(anonymous_26)
FN:320,(anonymous_27)
FNF:26
FNH:0
FNDA:0,(anonymous_2)
FNDA:0,(anonymous_3)
FNDA:0,(anonymous_4)
FNDA:0,(anonymous_5)
FNDA:0,(anonymous_6)
FNDA:0,(anonymous_7)
FNDA:0,(anonymous_8)
FNDA:0,(anonymous_9)
FNDA:0,(anonymous_10)
FNDA:0,(anonymous_11)
FNDA:0,(anonymous_12)
FNDA:0,(anonymous_13)
FNDA:0,(anonymous_14)
FNDA:0,(anonymous_15)
FNDA:0,(anonymous_16)
FNDA:0,(anonymous_17)
FNDA:0,(anonymous_18)
FNDA:0,(anonymous_19)
FNDA:0,(anonymous_20)
FNDA:0,(anonymous_21)
FNDA:0,(anonymous_22)
FNDA:0,(anonymous_23)
FNDA:0,(anonymous_24)
FNDA:0,(anonymous_25)
FNDA:0,(anonymous_26)
FNDA:0,(anonymous_27)
DA:1,0
DA:2,0
DA:3,0
DA:4,0
DA:6,0
DA:9,0
DA:10,0
DA:13,0
DA:14,0
DA:15,0
DA:27,0
DA:28,0
DA:33,0
DA:39,0
DA:60,0
DA:61,0
DA:62,0
DA:63,0
DA:67,0
DA:68,0
DA:70,0
DA:71,0
DA:72,0
DA:77,0
DA:86,0
DA:90,0
DA:97,0
DA:101,0
DA:108,0
DA:109,0
DA:113,0
DA:121,0
DA:126,0
DA:136,0
DA:137,0
DA:138,0
DA:139,0
DA:142,0
DA:154,0
DA:163,0
DA:164,0
DA:166,0
DA:167,0
DA:176,0
DA:180,0
DA:183,0
DA:185,0
DA:186,0
DA:189,0
DA:192,0
DA:201,0
DA:205,0
DA:206,0
DA:209,0
DA:211,0
DA:212,0
DA:219,0
DA:220,0
DA:222,0
DA:237,0
DA:241,0
DA:245,0
DA:248,0
DA:250,0
DA:251,0
DA:254,0
DA:255,0
DA:256,0
DA:258,0
DA:259,0
DA:261,0
DA:262,0
DA:266,0
DA:267,0
DA:270,0
DA:271,0
DA:273,0
DA:282,0
DA:288,0
DA:290,0
DA:294,0
DA:295,0
DA:296,0
DA:297,0
DA:300,0
DA:309,0
DA:315,0
DA:317,0
DA:321,0
DA:329,0
LF:90
LH:0
BRDA:35,0,0,0
BRDA:35,0,1,0
BRDA:36,1,0,0
BRDA:36,1,1,0
BRDA:37,2,0,0
BRDA:37,2,1,0
BRDA:38,3,0,0
BRDA:38,3,1,0
BRDA:39,4,0,0
BRDA:39,4,1,0
BRDA:42,5,0,0
BRDA:42,5,1,0
BRDA:43,6,0,0
BRDA:43,6,1,0
BRDA:44,7,0,0
BRDA:44,7,1,0
BRDA:45,8,0,0
BRDA:45,8,1,0
BRDA:48,9,0,0
BRDA:48,9,1,0
BRDA:49,10,0,0
BRDA:49,10,1,0
BRDA:50,11,0,0
BRDA:50,11,1,0
BRDA:61,12,0,0
BRDA:62,13,0,0
BRDA:62,14,0,0
BRDA:62,14,1,0
BRDA:68,15,0,0
BRDA:71,16,0,0
BRDA:108,17,0,0
BRDA:139,18,0,0
BRDA:139,18,1,0
BRDA:139,19,0,0
BRDA:139,19,1,0
BRDA:144,20,0,0
BRDA:144,20,1,0
BRDA:145,21,0,0
BRDA:145,21,1,0
BRDA:180,22,0,0
BRDA:185,23,0,0
BRDA:192,24,0,0
BRDA:202,25,0,0
BRDA:202,25,1,0
BRDA:220,26,0,0
BRDA:220,26,1,0
BRDA:220,27,0,0
BRDA:220,27,1,0
BRDA:245,28,0,0
BRDA:250,29,0,0
BRDA:255,30,0,0
BRDA:255,31,0,0
BRDA:255,31,1,0
BRDA:258,32,0,0
BRDA:261,33,0,0
BRDA:261,34,0,0
BRDA:261,34,1,0
BRDA:266,35,0,0
BRDA:270,36,0,0
BRDA:270,36,1,0
BRDA:271,37,0,0
BRDA:271,37,1,0
BRDA:295,38,0,0
BRDA:296,39,0,0
BRF:64
BRH:0
end_of_record
TN:
SF:src/scoring-templates/scoring-templates.resolver.ts
FN:14,(anonymous_4)
FN:18,(anonymous_5)
FN:27,(anonymous_6)
FN:36,(anonymous_7)
FN:41,(anonymous_8)
FN:48,(anonymous_9)
FN:53,(anonymous_10)
FN:62,(anonymous_11)
FN:71,(anonymous_12)
FN:81,(anonymous_13)
FN:90,(anonymous_14)
FN:17,(anonymous_15)
FN:26,(anonymous_16)
FN:35,(anonymous_17)
FN:40,(anonymous_18)
FN:47,(anonymous_19)
FN:52,(anonymous_20)
FN:61,(anonymous_21)
FN:70,(anonymous_22)
FN:80,(anonymous_23)
FN:89,(anonymous_24)
FN:91,(anonymous_25)
FN:12,(anonymous_26)
FNF:23
FNH:0
FNDA:0,(anonymous_4)
FNDA:0,(anonymous_5)
FNDA:0,(anonymous_6)
FNDA:0,(anonymous_7)
FNDA:0,(anonymous_8)
FNDA:0,(anonymous_9)
FNDA:0,(anonymous_10)
FNDA:0,(anonymous_11)
FNDA:0,(anonymous_12)
FNDA:0,(anonymous_13)
FNDA:0,(anonymous_14)
FNDA:0,(anonymous_15)
FNDA:0,(anonymous_16)
FNDA:0,(anonymous_17)
FNDA:0,(anonymous_18)
FNDA:0,(anonymous_19)
FNDA:0,(anonymous_20)
FNDA:0,(anonymous_21)
FNDA:0,(anonymous_22)
FNDA:0,(anonymous_23)
FNDA:0,(anonymous_24)
FNDA:0,(anonymous_25)
FNDA:0,(anonymous_26)
DA:1,0
DA:2,0
DA:3,0
DA:9,0
DA:10,0
DA:12,0
DA:13,0
DA:14,0
DA:17,0
DA:18,0
DA:22,0
DA:26,0
DA:27,0
DA:32,0
DA:35,0
DA:36,0
DA:37,0
DA:40,0
DA:41,0
DA:42,0
DA:47,0
DA:48,0
DA:49,0
DA:52,0
DA:53,0
DA:57,0
DA:61,0
DA:62,0
DA:66,0
DA:70,0
DA:71,0
DA:76,0
DA:80,0
DA:81,0
DA:85,0
DA:89,0
DA:90,0
DA:91,0
DA:93,0
LF:39
LH:0
BRF:0
BRH:0
end_of_record
TN:
SF:src/scoring-templates/scoring-templates.service.ts
FN:10,(anonymous_2)
FN:15,(anonymous_3)
FN:22,(anonymous_4)
FN:23,(anonymous_5)
FN:34,(anonymous_6)
FN:48,(anonymous_7)
FN:61,(anonymous_8)
FN:70,(anonymous_9)
FN:71,(anonymous_10)
FN:83,(anonymous_11)
FN:84,(anonymous_12)
FN:112,(anonymous_13)
FN:142,(anonymous_14)
FN:166,(anonymous_15)
FN:176,(anonymous_16)
FN:239,(anonymous_17)
FN:254,(anonymous_18)
FN:272,(anonymous_19)
FN:281,(anonymous_20)
FN:287,(anonymous_21)
FN:290,(anonymous_22)
FN:300,(anonymous_23)
FN:331,(anonymous_24)
FN:372,(anonymous_25)
FN:404,(anonymous_26)
FN:418,(anonymous_27)
FNF:26
FNH:0
FNDA:0,(anonymous_2)
FNDA:0,(anonymous_3)
FNDA:0,(anonymous_4)
FNDA:0,(anonymous_5)
FNDA:0,(anonymous_6)
FNDA:0,(anonymous_7)
FNDA:0,(anonymous_8)
FNDA:0,(anonymous_9)
FNDA:0,(anonymous_10)
FNDA:0,(anonymous_11)
FNDA:0,(anonymous_12)
FNDA:0,(anonymous_13)
FNDA:0,(anonymous_14)
FNDA:0,(anonymous_15)
FNDA:0,(anonymous_16)
FNDA:0,(anonymous_17)
FNDA:0,(anonymous_18)
FNDA:0,(anonymous_19)
FNDA:0,(anonymous_20)
FNDA:0,(anonymous_21)
FNDA:0,(anonymous_22)
FNDA:0,(anonymous_23)
FNDA:0,(anonymous_24)
FNDA:0,(anonymous_25)
FNDA:0,(anonymous_26)
FNDA:0,(anonymous_27)
DA:1,0
DA:2,0
DA:3,0
DA:4,0
DA:6,0
DA:9,0
DA:11,0
DA:12,0
DA:16,0
DA:21,0
DA:22,0
DA:23,0
DA:25,0
DA:26,0
DA:27,0
DA:28,0
DA:31,0
DA:34,0
DA:54,0
DA:58,0
DA:60,0
DA:61,0
DA:62,0
DA:63,0
DA:64,0
DA:69,0
DA:70,0
DA:71,0
DA:73,0
DA:74,0
DA:79,0
DA:82,0
DA:83,0
DA:84,0
DA:86,0
DA:87,0
DA:113,0
DA:117,0
DA:119,0
DA:126,0
DA:127,0
DA:143,0
DA:147,0
DA:149,0
DA:154,0
DA:155,0
DA:162,0
DA:167,0
DA:173,0
DA:177,0
DA:183,0
DA:185,0
DA:186,0
DA:191,0
DA:195,0
DA:196,0
DA:197,0
DA:199,0
DA:200,0
DA:210,0
DA:212,0
DA:213,0
DA:225,0
DA:229,0
DA:236,0
DA:240,0
DA:245,0
DA:251,0
DA:255,0
DA:256,0
DA:258,0
DA:263,0
DA:269,0
DA:273,0
DA:277,0
DA:278,0
DA:282,0
DA:287,0
DA:291,0
DA:292,0
DA:296,0
DA:298,0
DA:300,0
DA:302,0
DA:318,0
DA:324,0
DA:332,0
DA:336,0
DA:341,0
DA:348,0
DA:349,0
DA:352,0
DA:353,0
DA:361,0
DA:365,0
DA:373,0
DA:376,0
DA:377,0
DA:381,0
DA:390,0
DA:397,0
DA:398,0
DA:404,0
DA:405,0
DA:406,0
DA:409,0
DA:415,0
DA:419,0
DA:420,0
DA:425,0
LF:110
LH:0
BRDA:16,0,0,0
BRDA:16,0,1,0
BRDA:27,1,0,0
BRDA:28,2,0,0
BRDA:28,2,1,0
BRDA:38,3,0,0
BRDA:38,3,1,0
BRDA:58,4,0,0
BRDA:60,5,0,0
BRDA:62,6,0,0
BRDA:63,7,0,0
BRDA:70,8,0,0
BRDA:70,8,1,0
BRDA:73,9,0,0
BRDA:83,10,0,0
BRDA:83,10,1,0
BRDA:86,11,0,0
BRDA:117,12,0,0
BRDA:126,13,0,0
BRDA:147,14,0,0
BRDA:183,15,0,0
BRDA:185,16,0,0
BRDA:185,17,0,0
BRDA:185,17,1,0
BRDA:191,18,0,0
BRDA:191,18,1,0
BRDA:222,19,0,0
BRDA:222,19,1,0
BRDA:256,20,0,0
BRDA:277,21,0,0
BRDA:296,22,0,0
BRDA:305,23,0,0
BRDA:305,23,1,0
BRDA:312,24,0,0
BRDA:312,24,1,0
BRDA:336,25,0,0
BRDA:341,26,0,0
BRDA:341,26,1,0
BRDA:341,26,2,0
BRDA:341,26,3,0
BRDA:341,26,4,0
BRDA:341,26,5,0
BRDA:348,27,0,0
BRDA:352,28,0,0
BRDA:376,29,0,0
BRDA:381,30,0,0
BRDA:397,31,0,0
BRF:47
BRH:0
end_of_record
TN:
SF:src/scoring-templates/uob-rubric.ts
FN:172,(anonymous_0)
FN:178,(anonymous_1)
FNF:2
FNH:0
FNDA:0,(anonymous_0)
FNDA:0,(anonymous_1)
DA:42,0
DA:172,0
DA:173,0
DA:174,0
DA:177,0
DA:178,0
DA:179,0
DA:180,0
LF:8
LH:0
BRDA:173,0,0,0
BRDA:179,1,0,0
BRF:2
BRH:0
end_of_record
TN:
SF:src/sessions/sessions.resolver.ts
FN:9,(anonymous_4)
FN:13,(anonymous_5)
FN:21,(anonymous_6)
FN:26,(anonymous_7)
FN:12,(anonymous_8)
FN:14,(anonymous_9)
FN:20,(anonymous_10)
FN:25,(anonymous_11)
FN:7,(anonymous_12)
FNF:9
FNH:0
FNDA:0,(anonymous_4)
FNDA:0,(anonymous_5)
FNDA:0,(anonymous_6)
FNDA:0,(anonymous_7)
FNDA:0,(anonymous_8)
FNDA:0,(anonymous_9)
FNDA:0,(anonymous_10)
FNDA:0,(anonymous_11)
FNDA:0,(anonymous_12)
DA:1,0
DA:2,0
DA:3,0
DA:4,0
DA:5,0
DA:7,0
DA:8,0
DA:9,0
DA:12,0
DA:13,0
DA:14,0
DA:17,0
DA:20,0
DA:21,0
DA:22,0
DA:25,0
DA:26,0
DA:27,0
LF:18
LH:0
BRF:0
BRH:0
end_of_record
TN:
SF:src/sessions/sessions.service.ts
FN:9,(anonymous_2)
FN:14,(anonymous_3)
FN:23,(anonymous_4)
FN:30,(anonymous_5)
FN:36,(anonymous_6)
FN:37,(anonymous_7)
FN:39,(anonymous_8)
FN:43,(anonymous_9)
FN:54,(anonymous_10)
FN:62,(anonymous_11)
FN:65,(anonymous_12)
FN:70,(anonymous_13)
FN:102,(anonymous_14)
FN:138,(anonymous_15)
FN:149,(anonymous_16)
FN:152,(anonymous_17)
FNF:16
FNH:0
FNDA:0,(anonymous_2)
FNDA:0,(anonymous_3)
FNDA:0,(anonymous_4)
FNDA:0,(anonymous_5)
FNDA:0,(anonymous_6)
FNDA:0,(anonymous_7)
FNDA:0,(anonymous_8)
FNDA:0,(anonymous_9)
FNDA:0,(anonymous_10)
FNDA:0,(anonymous_11)
FNDA:0,(anonymous_12)
FNDA:0,(anonymous_13)
FNDA:0,(anonymous_14)
FNDA:0,(anonymous_15)
FNDA:0,(anonymous_16)
FNDA:0,(anonymous_17)
DA:1,0
DA:2,0
DA:3,0
DA:4,0
DA:8,0
DA:10,0
DA:11,0
DA:15,0
DA:23,0
DA:31,0
DA:37,0
DA:39,0
DA:44,0
DA:54,0
DA:55,0
DA:57,0
DA:58,0
DA:62,0
DA:64,0
DA:65,0
DA:66,0
DA:70,0
DA:72,0
DA:73,0
DA:74,0
DA:76,0
DA:77,0
DA:80,0
DA:90,0
DA:91,0
DA:93,0
DA:102,0
DA:114,0
DA:115,0
DA:125,0
DA:128,0
DA:135,0
DA:139,0
DA:149,0
DA:153,0
DA:162,0
DA:163,0
LF:42
LH:0
BRDA:17,0,0,0
BRDA:17,0,1,0
BRDA:18,1,0,0
BRDA:18,1,1,0
BRDA:19,2,0,0
BRDA:19,2,1,0
BRDA:20,3,0,0
BRDA:20,3,1,0
BRDA:21,4,0,0
BRDA:21,4,1,0
BRDA:22,5,0,0
BRDA:22,5,1,0
BRDA:23,6,0,0
BRDA:23,6,1,0
BRDA:26,7,0,0
BRDA:26,7,1,0
BRDA:27,8,0,0
BRDA:27,8,1,0
BRDA:30,9,0,0
BRDA:30,9,1,0
BRDA:36,10,0,0
BRDA:36,10,1,0
BRDA:37,11,0,0
BRDA:37,11,1,0
BRDA:37,12,0,0
BRDA:37,12,1,0
BRDA:39,13,0,0
BRDA:39,13,1,0
BRDA:57,14,0,0
BRDA:57,15,0,0
BRDA:57,15,1,0
BRDA:64,16,0,0
BRDA:72,17,0,0
BRDA:162,18,0,0
BRF:34
BRH:0
end_of_record
TN:
SF:src/teams/teams-import.controller.ts
FN:9,(anonymous_4)
FN:14,(anonymous_5)
FNF:2
FNH:0
FNDA:0,(anonymous_4)
FNDA:0,(anonymous_5)
DA:1,0
DA:2,0
DA:3,0
DA:4,0
DA:5,0
DA:8,0
DA:9,0
DA:14,0
DA:19,0
DA:20,0
DA:21,0
LF:11
LH:0
BRDA:20,0,0,0
BRDA:20,0,1,0
BRF:2
BRH:0
end_of_record
TN:
SF:src/teams/teams.resolver.ts
FN:9,(anonymous_4)
FN:13,(anonymous_5)
FN:19,(anonymous_6)
FN:25,(anonymous_7)
FN:30,(anonymous_8)
FN:39,(anonymous_9)
FN:12,(anonymous_10)
FN:18,(anonymous_11)
FN:24,(anonymous_12)
FN:29,(anonymous_13)
FN:38,(anonymous_14)
FN:7,(anonymous_15)
FNF:12
FNH:0
FNDA:0,(anonymous_4)
FNDA:0,(anonymous_5)
FNDA:0,(anonymous_6)
FNDA:0,(anonymous_7)
FNDA:0,(anonymous_8)
FNDA:0,(anonymous_9)
FNDA:0,(anonymous_10)
FNDA:0,(anonymous_11)
FNDA:0,(anonymous_12)
FNDA:0,(anonymous_13)
FNDA:0,(anonymous_14)
FNDA:0,(anonymous_15)
DA:1,0
DA:2,0
DA:3,0
DA:4,0
DA:5,0
DA:7,0
DA:8,0
DA:9,0
DA:12,0
DA:13,0
DA:14,0
DA:18,0
DA:19,0
DA:20,0
DA:24,0
DA:25,0
DA:26,0
DA:29,0
DA:30,0
DA:35,0
DA:38,0
DA:39,0
DA:40,0
LF:23
LH:0
BRF:0
BRH:0
end_of_record
TN:
SF:src/teams/teams.service.ts
FN:23,(anonymous_2)
FN:28,(anonymous_3)
FN:53,(anonymous_4)
FN:78,(anonymous_5)
FN:88,(anonymous_6)
FN:91,(anonymous_7)
FN:100,(anonymous_8)
FN:108,(anonymous_9)
FN:115,(anonymous_10)
FN:170,(anonymous_11)
FN:209,(anonymous_12)
FN:229,(anonymous_13)
FN:236,(anonymous_14)
FN:247,(anonymous_15)
FNF:14
FNH:0
FNDA:0,(anonymous_2)
FNDA:0,(anonymous_3)
FNDA:0,(anonymous_4)
FNDA:0,(anonymous_5)
FNDA:0,(anonymous_6)
FNDA:0,(anonymous_7)
FNDA:0,(anonymous_8)
FNDA:0,(anonymous_9)
FNDA:0,(anonymous_10)
FNDA:0,(anonymous_11)
FNDA:0,(anonymous_12)
FNDA:0,(anonymous_13)
FNDA:0,(anonymous_14)
FNDA:0,(anonymous_15)
DA:1,0
DA:2,0
DA:3,0
DA:4,0
DA:8,0
DA:19,0
DA:22,0
DA:24,0
DA:25,0
DA:29,0
DA:32,0
DA:34,0
DA:35,0
DA:36,0
DA:39,0
DA:44,0
DA:50,0
DA:54,0
DA:55,0
DA:57,0
DA:58,0
DA:61,0
DA:64,0
DA:69,0
DA:75,0
DA:79,0
DA:80,0
DA:81,0
DA:83,0
DA:88,0
DA:92,0
DA:96,0
DA:97,0
DA:101,0
DA:102,0
DA:105,0
DA:108,0
DA:111,0
DA:115,0
DA:117,0
DA:118,0
DA:119,0
DA:122,0
DA:123,0
DA:124,0
DA:126,0
DA:127,0
DA:131,0
DA:132,0
DA:133,0
DA:134,0
DA:135,0
DA:140,0
DA:142,0
DA:145,0
DA:146,0
DA:147,0
DA:148,0
DA:149,0
DA:154,0
DA:156,0
DA:160,0
DA:161,0
DA:162,0
DA:166,0
DA:167,0
DA:168,0
DA:169,0
DA:170,0
DA:171,0
DA:175,0
DA:176,0
DA:193,0
DA:194,0
DA:196,0
DA:200,0
DA:207,0
DA:210,0
DA:215,0
DA:222,0
DA:223,0
DA:229,0
DA:230,0
DA:234,0
DA:235,0
DA:236,0
DA:238,0
DA:241,0
DA:245,0
DA:246,0
DA:247,0
DA:249,0
DA:252,0
DA:253,0
DA:254,0
DA:256,0
DA:258,0
DA:259,0
LF:98
LH:0
BRDA:32,0,0,0
BRDA:34,1,0,0
BRDA:36,2,0,0
BRDA:50,3,0,0
BRDA:50,3,1,0
BRDA:55,4,0,0
BRDA:57,5,0,0
BRDA:61,6,0,0
BRDA:61,7,0,0
BRDA:61,7,1,0
BRDA:75,8,0,0
BRDA:75,8,1,0
BRDA:80,9,0,0
BRDA:81,10,0,0
BRDA:88,11,0,0
BRDA:88,11,1,0
BRDA:96,12,0,0
BRDA:97,13,0,0
BRDA:97,13,1,0
BRDA:122,14,0,0
BRDA:123,15,0,0
BRDA:124,16,0,0
BRDA:133,17,0,0
BRDA:134,18,0,0
BRDA:147,19,0,0
BRDA:148,20,0,0
BRDA:160,21,0,0
BRDA:167,22,0,0
BRDA:168,23,0,0
BRDA:168,23,1,0
BRDA:169,24,0,0
BRDA:182,25,0,0
BRDA:182,25,1,0
BRDA:183,26,0,0
BRDA:183,26,1,0
BRDA:184,27,0,0
BRDA:184,27,1,0
BRDA:185,28,0,0
BRDA:185,28,1,0
BRDA:187,29,0,0
BRDA:187,29,1,0
BRDA:189,30,0,0
BRDA:189,30,1,0
BRDA:196,31,0,0
BRDA:196,31,1,0
BRDA:222,32,0,0
BRDA:234,33,0,0
BRDA:245,34,0,0
BRF:48
BRH:0
end_of_record
TN:
SF:src/tracks/tracks.resolver.ts
FN:9,(anonymous_4)
FN:13,(anonymous_5)
FN:22,(anonymous_6)
FN:32,(anonymous_7)
FN:40,(anonymous_8)
FN:45,(anonymous_9)
FN:51,(anonymous_10)
FN:12,(anonymous_11)
FN:21,(anonymous_12)
FN:31,(anonymous_13)
FN:33,(anonymous_14)
FN:39,(anonymous_15)
FN:44,(anonymous_16)
FN:50,(anonymous_17)
FN:7,(anonymous_18)
FNF:15
FNH:0
FNDA:0,(anonymous_4)
FNDA:0,(anonymous_5)
FNDA:0,(anonymous_6)
FNDA:0,(anonymous_7)
FNDA:0,(anonymous_8)
FNDA:0,(anonymous_9)
FNDA:0,(anonymous_10)
FNDA:0,(anonymous_11)
FNDA:0,(anonymous_12)
FNDA:0,(anonymous_13)
FNDA:0,(anonymous_14)
FNDA:0,(anonymous_15)
FNDA:0,(anonymous_16)
FNDA:0,(anonymous_17)
FNDA:0,(anonymous_18)
DA:1,0
DA:2,0
DA:3,0
DA:4,0
DA:5,0
DA:7,0
DA:8,0
DA:9,0
DA:12,0
DA:13,0
DA:17,0
DA:21,0
DA:22,0
DA:27,0
DA:31,0
DA:32,0
DA:33,0
DA:36,0
DA:39,0
DA:40,0
DA:41,0
DA:44,0
DA:45,0
DA:46,0
DA:50,0
DA:51,0
DA:52,0
LF:27
LH:0
BRF:0
BRH:0
end_of_record
TN:
SF:src/tracks/tracks.service.ts
FN:9,(anonymous_2)
FN:14,(anonymous_3)
FN:41,(anonymous_4)
FN:66,(anonymous_5)
FN:75,(anonymous_6)
FN:78,(anonymous_7)
FN:84,(anonymous_8)
FN:87,(anonymous_9)
FN:96,(anonymous_10)
FNF:9
FNH:0
FNDA:0,(anonymous_2)
FNDA:0,(anonymous_3)
FNDA:0,(anonymous_4)
FNDA:0,(anonymous_5)
FNDA:0,(anonymous_6)
FNDA:0,(anonymous_7)
FNDA:0,(anonymous_8)
FNDA:0,(anonymous_9)
FNDA:0,(anonymous_10)
DA:1,0
DA:2,0
DA:3,0
DA:4,0
DA:8,0
DA:10,0
DA:11,0
DA:15,0
DA:18,0
DA:20,0
DA:25,0
DA:32,0
DA:38,0
DA:42,0
DA:43,0
DA:45,0
DA:46,0
DA:49,0
DA:50,0
DA:54,0
DA:56,0
DA:62,0
DA:63,0
DA:67,0
DA:68,0
DA:69,0
DA:73,0
DA:75,0
DA:79,0
DA:84,0
DA:88,0
DA:92,0
DA:93,0
DA:97,0
DA:98,0
DA:99,0
DA:100,0
LF:37
LH:0
BRDA:18,0,0,0
BRDA:28,1,0,0
BRDA:28,1,1,0
BRDA:43,2,0,0
BRDA:45,3,0,0
BRDA:49,4,0,0
BRDA:49,5,0,0
BRDA:49,5,1,0
BRDA:92,6,0,0
BRF:9
BRH:0
end_of_record
TN:
SF:src/users/users.resolver.ts
FN:53,(anonymous_4)
FN:57,(anonymous_5)
FN:63,(anonymous_6)
FN:69,(anonymous_7)
FN:75,(anonymous_8)
FN:82,(anonymous_9)
FN:89,(anonymous_10)
FN:96,(anonymous_11)
FN:102,(anonymous_12)
FN:56,(anonymous_13)
FN:62,(anonymous_14)
FN:68,(anonymous_15)
FN:74,(anonymous_16)
FN:81,(anonymous_17)
FN:88,(anonymous_18)
FN:95,(anonymous_19)
FN:101,(anonymous_20)
FNF:17
FNH:0
FNDA:0,(anonymous_4)
FNDA:0,(anonymous_5)
FNDA:0,(anonymous_6)
FNDA:0,(anonymous_7)
FNDA:0,(anonymous_8)
FNDA:0,(anonymous_9)
FNDA:0,(anonymous_10)
FNDA:0,(anonymous_11)
FNDA:0,(anonymous_12)
FNDA:0,(anonymous_13)
FNDA:0,(anonymous_14)
FNDA:0,(anonymous_15)
FNDA:0,(anonymous_16)
FNDA:0,(anonymous_17)
FNDA:0,(anonymous_18)
FNDA:0,(anonymous_19)
FNDA:0,(anonymous_20)
DA:1,0
DA:2,0
DA:3,0
DA:4,0
DA:5,0
DA:8,0
DA:9,0
DA:10,0
DA:11,0
DA:12,0
DA:16,0
DA:17,0
DA:18,0
DA:19,0
DA:20,0
DA:25,0
DA:26,0
DA:27,0
DA:28,0
DA:30,0
DA:32,0
DA:36,0
DA:37,0
DA:38,0
DA:39,0
DA:40,0
DA:41,0
DA:45,0
DA:46,0
DA:47,0
DA:48,0
DA:52,0
DA:53,0
DA:56,0
DA:57,0
DA:58,0
DA:62,0
DA:63,0
DA:64,0
DA:68,0
DA:69,0
DA:70,0
DA:74,0
DA:75,0
DA:76,0
DA:77,0
DA:81,0
DA:82,0
DA:83,0
DA:84,0
DA:88,0
DA:89,0
DA:90,0
DA:91,0
DA:95,0
DA:96,0
DA:97,0
DA:98,0
DA:101,0
DA:102,0
DA:103,0
LF:61
LH:0
BRF:0
BRH:0
end_of_record
TN:
SF:src/users/users.service.ts
FN:7,(anonymous_2)
FN:9,(anonymous_3)
FN:19,(anonymous_4)
FN:32,(anonymous_5)
FN:39,(anonymous_6)
FN:48,(anonymous_7)
FN:58,(anonymous_8)
FN:62,(anonymous_9)
FN:66,(anonymous_10)
FN:72,(anonymous_11)
FN:75,(anonymous_12)
FN:80,(anonymous_13)
FNF:12
FNH:0
FNDA:0,(anonymous_2)
FNDA:0,(anonymous_3)
FNDA:0,(anonymous_4)
FNDA:0,(anonymous_5)
FNDA:0,(anonymous_6)
FNDA:0,(anonymous_7)
FNDA:0,(anonymous_8)
FNDA:0,(anonymous_9)
FNDA:0,(anonymous_10)
FNDA:0,(anonymous_11)
FNDA:0,(anonymous_12)
FNDA:0,(anonymous_13)
DA:1,0
DA:2,0
DA:3,0
DA:6,0
DA:7,0
DA:10,0
DA:11,0
DA:12,0
DA:13,0
DA:20,0
DA:33,0
DA:39,0
DA:49,0
DA:50,0
DA:51,0
DA:59,0
DA:63,0
DA:64,0
DA:65,0
DA:66,0
DA:68,0
DA:72,0
DA:76,0
DA:77,0
DA:81,0
DA:82,0
LF:26
LH:0
BRDA:11,0,0,0
BRDA:14,1,0,0
BRDA:14,1,1,0
BRDA:14,2,0,0
BRDA:14,2,1,0
BRDA:14,3,0,0
BRDA:14,3,1,0
BRDA:50,4,0,0
BRDA:64,5,0,0
BRF:9
BRH:0
end_of_record
