TN:
SF:src/app.module.ts
FN:41,(anonymous_1)
FNF:1
FNH:0
FNDA:0,(anonymous_1)
DA:1,0
DA:2,0
DA:3,0
DA:4,0
DA:5,0
DA:6,0
DA:7,0
DA:8,0
DA:9,0
DA:10,0
DA:11,0
DA:12,0
DA:13,0
DA:14,0
DA:15,0
DA:16,0
DA:17,0
DA:18,0
DA:19,0
DA:20,0
DA:21,0
DA:22,0
DA:23,0
DA:24,0
DA:25,0
DA:26,0
DA:27,0
DA:28,0
DA:41,0
DA:68,0
LF:30
LH:0
BRF:0
BRH:0
end_of_record
TN:
SF:src/global-exception.filter.ts
FN:16,(anonymous_1)
FNF:1
FNH:1
FNDA:8,(anonymous_1)
DA:1,1
DA:9,1
DA:13,1
DA:14,8
DA:18,8
DA:19,0
DA:20,0
DA:21,0
DA:25,0
DA:31,0
DA:35,8
DA:36,8
DA:37,8
DA:39,8
DA:40,0
DA:41,0
DA:44,8
DA:48,8
DA:53,8
DA:58,8
LF:20
LH:13
BRDA:18,0,0,0
BRDA:21,1,0,0
BRDA:21,1,1,0
BRDA:23,2,0,0
BRDA:23,2,1,0
BRDA:26,3,0,0
BRDA:26,3,1,0
BRDA:27,4,0,0
BRDA:27,4,1,0
BRDA:39,5,0,0
BRDA:39,6,0,8
BRDA:39,6,1,8
BRDA:44,7,0,6
BRDA:44,7,1,2
BRDA:48,8,0,6
BRDA:48,8,1,2
BRDA:55,9,0,2
BRDA:55,9,1,6
BRF:18
BRH:8
end_of_record
TN:
SF:src/health.controller.ts
FN:8,(anonymous_2)
FN:11,(anonymous_3)
FN:32,(anonymous_4)
FN:56,(anonymous_5)
FN:66,(anonymous_6)
FNF:5
FNH:4
FNDA:7,(anonymous_2)
FNDA:4,(anonymous_3)
FNDA:0,(anonymous_4)
FNDA:2,(anonymous_5)
FNDA:1,(anonymous_6)
DA:1,1
DA:2,1
DA:3,1
DA:7,1
DA:8,7
DA:11,1
DA:12,4
DA:19,4
DA:20,4
DA:21,4
DA:22,3
DA:24,1
DA:25,1
DA:29,4
DA:30,4
DA:31,4
DA:32,4
DA:33,4
DA:34,4
DA:35,4
DA:36,4
DA:38,0
DA:43,4
DA:44,4
DA:50,4
DA:52,4
DA:56,1
DA:57,2
DA:58,2
DA:59,1
DA:61,1
DA:66,1
DA:67,1
LF:33
LH:32
BRDA:30,0,0,4
BRDA:30,0,1,0
BRDA:36,1,0,4
BRDA:36,1,1,0
BRDA:50,2,0,0
BRF:5
BRH:2
end_of_record
TN:
SF:src/health.resolver.ts
FN:8,(anonymous_2)
FN:7,(anonymous_3)
FNF:2
FNH:0
FNDA:0,(anonymous_2)
FNDA:0,(anonymous_3)
DA:1,0
DA:2,0
DA:5,0
DA:7,0
DA:8,0
DA:9,0
LF:6
LH:0
BRF:0
BRH:0
end_of_record
TN:
SF:src/logging.interceptor.ts
FN:16,(anonymous_1)
FN:27,(anonymous_2)
FN:33,(anonymous_3)
FN:48,(anonymous_4)
FN:54,(anonymous_5)
FNF:5
FNH:3
FNDA:3,(anonymous_1)
FNDA:0,(anonymous_2)
FNDA:0,(anonymous_3)
FNDA:1,(anonymous_4)
FNDA:1,(anonymous_5)
DA:1,1
DA:8,1
DA:10,1
DA:13,1
DA:14,4
DA:17,3
DA:19,3
DA:20,0
DA:21,0
DA:22,0
DA:23,0
DA:25,0
DA:28,0
DA:29,0
DA:30,0
DA:34,0
DA:35,0
DA:41,3
DA:42,3
DA:44,2
DA:46,2
DA:49,1
DA:50,1
DA:51,0
DA:55,1
DA:56,1
LF:26
LH:15
BRDA:19,0,0,0
BRDA:22,1,0,0
BRDA:22,1,1,0
BRDA:29,2,0,0
BRDA:42,3,0,1
BRDA:50,4,0,0
BRF:6
BRH:1
end_of_record
TN:
SF:src/main.ts
FN:9,bootstrap
FN:35,(anonymous_1)
FN:39,(anonymous_2)
FNF:3
FNH:0
FNDA:0,bootstrap
FNDA:0,(anonymous_1)
FNDA:0,(anonymous_2)
DA:1,0
DA:2,0
DA:3,0
DA:4,0
DA:5,0
DA:6,0
DA:7,0
DA:10,0
DA:11,0
DA:16,0
DA:24,0
DA:25,0
DA:26,0
DA:32,0
DA:35,0
DA:36,0
DA:39,0
DA:40,0
DA:43,0
DA:44,0
DA:45,0
DA:46,0
DA:49,0
LF:23
LH:0
BRDA:40,0,0,0
BRDA:40,0,1,0
BRDA:43,1,0,0
BRDA:43,1,1,0
BRF:4
BRH:0
end_of_record
TN:
SF:src/timeout.interceptor.ts
FN:15,(anonymous_2)
FN:19,(anonymous_3)
FN:22,(anonymous_4)
FN:24,(anonymous_5)
FN:26,(anonymous_6)
FNF:5
FNH:4
FNDA:7,(anonymous_2)
FNDA:3,(anonymous_3)
FNDA:1,(anonymous_4)
FNDA:1,(anonymous_5)
FNDA:0,(anonymous_6)
DA:1,1
DA:8,1
DA:9,1
DA:12,1
DA:16,7
DA:20,3
DA:23,1
DA:24,1
DA:26,0
LF:9
LH:8
BRDA:15,0,0,1
BRDA:23,1,0,1
BRF:2
BRH:2
end_of_record
TN:
SF:src/validation.pipe.ts
FN:7,createValidationPipe
FN:15,(anonymous_1)
FN:16,(anonymous_2)
FNF:3
FNH:1
FNDA:6,createValidationPipe
FNDA:0,(anonymous_1)
FNDA:0,(anonymous_2)
DA:1,1
DA:7,1
DA:8,6
DA:16,0
DA:17,0
DA:20,0
DA:22,0
LF:7
LH:3
BRDA:17,0,0,0
BRDA:17,0,1,0
BRF:2
BRH:0
end_of_record
TN:
SF:src/audit/audit.module.ts
FNF:0
FNH:0
DA:1,0
DA:2,0
DA:3,0
DA:10,0
LF:4
LH:0
BRF:0
BRH:0
end_of_record
TN:
SF:src/audit/audit.resolver.ts
FN:8,(anonymous_4)
FN:12,(anonymous_5)
FN:22,(anonymous_6)
FN:11,(anonymous_7)
FN:21,(anonymous_8)
FNF:5
FNH:0
FNDA:0,(anonymous_4)
FNDA:0,(anonymous_5)
FNDA:0,(anonymous_6)
FNDA:0,(anonymous_7)
FNDA:0,(anonymous_8)
DA:1,0
DA:2,0
DA:3,0
DA:4,0
DA:7,0
DA:8,0
DA:11,0
DA:12,0
DA:17,0
DA:21,0
DA:22,0
DA:26,0
LF:12
LH:0
BRF:0
BRH:0
end_of_record
TN:
SF:src/audit/audit.service.ts
FN:7,(anonymous_2)
FN:9,(anonymous_3)
FN:33,(anonymous_4)
FN:43,(anonymous_5)
FNF:4
FNH:0
FNDA:0,(anonymous_2)
FNDA:0,(anonymous_3)
FNDA:0,(anonymous_4)
FNDA:0,(anonymous_5)
DA:1,1
DA:2,1
DA:6,1
DA:7,0
DA:19,0
DA:34,0
DA:44,0
LF:7
LH:3
BRDA:22,0,0,0
BRDA:22,0,1,0
BRDA:26,1,0,0
BRDA:26,1,1,0
BRDA:27,2,0,0
BRDA:27,2,1,0
BRDA:28,3,0,0
BRDA:28,3,1,0
BRDA:33,4,0,0
BRDA:33,5,0,0
BRF:10
BRH:0
end_of_record
TN:
SF:src/audit/audit.types.ts
FN:19,(anonymous_2)
FN:22,(anonymous_3)
FN:23,(anonymous_4)
FN:26,(anonymous_5)
FNF:4
FNH:0
FNDA:0,(anonymous_2)
FNDA:0,(anonymous_3)
FNDA:0,(anonymous_4)
FNDA:0,(anonymous_5)
DA:1,0
DA:2,0
DA:3,0
DA:5,0
DA:8,0
DA:9,0
DA:10,0
DA:11,0
DA:15,0
DA:16,0
DA:17,0
DA:18,0
DA:19,0
DA:20,0
DA:21,0
DA:22,0
DA:23,0
DA:24,0
DA:25,0
DA:26,0
LF:20
LH:0
BRF:0
BRH:0
end_of_record
TN:
SF:src/auth/auth.module.ts
FN:17,(anonymous_1)
FNF:1
FNH:0
FNDA:0,(anonymous_1)
DA:1,0
DA:2,0
DA:3,0
DA:4,0
DA:5,0
DA:6,0
DA:7,0
DA:8,0
DA:9,0
DA:17,0
DA:26,0
LF:11
LH:0
BRF:0
BRH:0
end_of_record
TN:
SF:src/auth/auth.resolver.ts
FN:13,(anonymous_4)
FN:17,(anonymous_5)
FN:23,(anonymous_6)
FN:31,(anonymous_7)
FN:16,(anonymous_8)
FN:22,(anonymous_9)
FN:30,(anonymous_10)
FNF:7
FNH:0
FNDA:0,(anonymous_4)
FNDA:0,(anonymous_5)
FNDA:0,(anonymous_6)
FNDA:0,(anonymous_7)
FNDA:0,(anonymous_8)
FNDA:0,(anonymous_9)
FNDA:0,(anonymous_10)
DA:1,0
DA:3,0
DA:4,0
DA:7,0
DA:8,0
DA:9,0
DA:12,0
DA:13,0
DA:16,0
DA:17,0
DA:18,0
DA:22,0
DA:23,0
DA:27,0
DA:30,0
DA:31,0
DA:32,0
LF:17
LH:0
BRF:0
BRH:0
end_of_record
TN:
SF:src/auth/auth.service.ts
FN:9,(anonymous_2)
FN:14,(anonymous_3)
FN:32,(anonymous_4)
FN:51,(anonymous_5)
FNF:4
FNH:0
FNDA:0,(anonymous_2)
FNDA:0,(anonymous_3)
FNDA:0,(anonymous_4)
FNDA:0,(anonymous_5)
DA:1,0
DA:2,0
DA:3,0
DA:4,0
DA:5,0
DA:8,0
DA:10,0
DA:11,0
DA:15,0
DA:16,0
DA:17,0
DA:20,0
DA:21,0
DA:22,0
DA:25,0
DA:26,0
DA:34,0
DA:35,0
DA:38,0
DA:39,0
DA:40,0
DA:43,0
DA:44,0
DA:48,0
DA:52,0
DA:53,0
DA:54,0
LF:27
LH:0
BRDA:16,0,0,0
BRDA:21,1,0,0
BRDA:34,2,0,0
BRDA:39,3,0,0
BRDA:53,4,0,0
BRF:5
BRH:0
end_of_record
TN:
SF:src/auth/auth.types.ts
FN:10,(anonymous_2)
FN:16,(anonymous_3)
FN:29,(anonymous_4)
FNF:3
FNH:0
FNDA:0,(anonymous_2)
FNDA:0,(anonymous_3)
FNDA:0,(anonymous_4)
DA:1,0
DA:2,0
DA:4,0
DA:7,0
DA:8,0
DA:9,0
DA:10,0
DA:14,0
DA:15,0
DA:16,0
DA:20,0
DA:21,0
DA:22,0
DA:26,0
DA:27,0
DA:28,0
DA:29,0
LF:17
LH:0
BRF:0
BRH:0
end_of_record
TN:
SF:src/auth/current-user.decorator.ts
FN:5,(anonymous_0)
FNF:1
FNH:0
FNDA:0,(anonymous_0)
DA:1,0
DA:2,0
DA:4,0
DA:6,0
DA:7,0
LF:5
LH:0
BRF:0
BRH:0
end_of_record
TN:
SF:src/auth/jwt-auth.guard.ts
FN:9,(anonymous_2)
FN:13,(anonymous_3)
FN:22,(anonymous_4)
FNF:3
FNH:0
FNDA:0,(anonymous_2)
FNDA:0,(anonymous_3)
FNDA:0,(anonymous_4)
DA:1,0
DA:2,0
DA:3,0
DA:4,0
DA:5,0
DA:8,0
DA:9,0
DA:10,0
DA:14,0
DA:18,0
DA:19,0
DA:23,0
DA:24,0
LF:13
LH:0
BRDA:18,0,0,0
BRF:1
BRH:0
end_of_record
TN:
SF:src/auth/jwt.strategy.ts
FN:8,(anonymous_2)
FN:16,(anonymous_3)
FNF:2
FNH:0
FNDA:0,(anonymous_2)
FNDA:0,(anonymous_3)
DA:1,0
DA:2,0
DA:3,0
DA:4,0
DA:7,0
DA:9,0
DA:17,0
LF:7
LH:0
BRF:0
BRH:0
end_of_record
TN:
SF:src/auth/public.decorator.ts
FN:4,(anonymous_0)
FNF:1
FNH:1
FNDA:1,(anonymous_0)
DA:1,1
DA:3,1
DA:4,1
LF:3
LH:3
BRF:0
BRH:0
end_of_record
TN:
SF:src/auth/roles.decorator.ts
FN:4,(anonymous_0)
FNF:1
FNH:0
FNDA:0,(anonymous_0)
DA:1,0
DA:3,0
DA:4,0
LF:3
LH:0
BRF:0
BRH:0
end_of_record
TN:
SF:src/auth/roles.guard.ts
FN:9,(anonymous_2)
FN:11,(anonymous_3)
FNF:2
FNH:0
FNDA:0,(anonymous_2)
FNDA:0,(anonymous_3)
DA:1,0
DA:2,0
DA:3,0
DA:4,0
DA:5,0
DA:8,0
DA:9,0
DA:12,0
DA:16,0
DA:18,0
DA:22,0
DA:24,0
DA:25,0
DA:26,0
DA:28,0
LF:15
LH:0
BRDA:16,0,0,0
BRDA:22,1,0,0
BRDA:26,2,0,0
BRF:3
BRH:0
end_of_record
TN:
SF:src/conflicts/conflicts.module.ts
FNF:0
FNH:0
DA:1,0
DA:2,0
DA:3,0
DA:9,0
LF:4
LH:0
BRF:0
BRH:0
end_of_record
TN:
SF:src/conflicts/conflicts.resolver.ts
FN:9,(anonymous_4)
FN:13,(anonymous_5)
FN:22,(anonymous_6)
FN:30,(anonymous_7)
FN:35,(anonymous_8)
FN:40,(anonymous_9)
FN:12,(anonymous_10)
FN:21,(anonymous_11)
FN:29,(anonymous_12)
FN:34,(anonymous_13)
FN:39,(anonymous_14)
FN:7,(anonymous_15)
FNF:12
FNH:0
FNDA:0,(anonymous_4)
FNDA:0,(anonymous_5)
FNDA:0,(anonymous_6)
FNDA:0,(anonymous_7)
FNDA:0,(anonymous_8)
FNDA:0,(anonymous_9)
FNDA:0,(anonymous_10)
FNDA:0,(anonymous_11)
FNDA:0,(anonymous_12)
FNDA:0,(anonymous_13)
FNDA:0,(anonymous_14)
FNDA:0,(anonymous_15)
DA:1,0
DA:2,0
DA:3,0
DA:4,0
DA:5,0
DA:7,0
DA:8,0
DA:9,0
DA:12,0
DA:13,0
DA:17,0
DA:21,0
DA:22,0
DA:26,0
DA:29,0
DA:30,0
DA:31,0
DA:34,0
DA:35,0
DA:36,0
DA:39,0
DA:40,0
DA:41,0
LF:23
LH:0
BRF:0
BRH:0
end_of_record
TN:
SF:src/conflicts/conflicts.service.ts
FN:9,(anonymous_2)
FN:14,(anonymous_3)
FN:24,(anonymous_4)
FN:70,(anonymous_5)
FN:98,(anonymous_6)
FN:109,(anonymous_7)
FN:112,(anonymous_8)
FN:123,(anonymous_9)
FN:126,(anonymous_10)
FN:137,(anonymous_11)
FNF:10
FNH:0
FNDA:0,(anonymous_2)
FNDA:0,(anonymous_3)
FNDA:0,(anonymous_4)
FNDA:0,(anonymous_5)
FNDA:0,(anonymous_6)
FNDA:0,(anonymous_7)
FNDA:0,(anonymous_8)
FNDA:0,(anonymous_9)
FNDA:0,(anonymous_10)
FNDA:0,(anonymous_11)
DA:1,0
DA:2,0
DA:3,0
DA:4,0
DA:8,0
DA:10,0
DA:11,0
DA:15,0
DA:26,0
DA:35,0
DA:37,0
DA:38,0
DA:40,0
DA:41,0
DA:43,0
DA:60,0
DA:67,0
DA:71,0
DA:72,0
DA:74,0
DA:89,0
DA:95,0
DA:99,0
DA:109,0
DA:113,0
DA:123,0
DA:127,0
DA:137,0
LF:28
LH:0
BRDA:17,0,0,0
BRDA:17,0,1,0
BRDA:18,1,0,0
BRDA:18,1,1,0
BRDA:19,2,0,0
BRDA:19,2,1,0
BRDA:20,3,0,0
BRDA:20,3,1,0
BRDA:35,4,0,0
BRDA:38,5,0,0
BRDA:41,6,0,0
BRDA:72,7,0,0
BRF:12
BRH:0
end_of_record
TN:
SF:src/conflicts/conflicts.types.ts
FN:16,(anonymous_2)
FN:17,(anonymous_3)
FN:30,(anonymous_4)
FNF:3
FNH:0
FNDA:0,(anonymous_2)
FNDA:0,(anonymous_3)
FNDA:0,(anonymous_4)
DA:1,0
DA:2,0
DA:4,0
DA:5,0
DA:8,0
DA:9,0
DA:10,0
DA:11,0
DA:12,0
DA:13,0
DA:14,0
DA:15,0
DA:16,0
DA:17,0
DA:18,0
DA:19,0
DA:20,0
DA:21,0
DA:25,0
DA:26,0
DA:27,0
DA:28,0
DA:29,0
DA:30,0
LF:24
LH:0
BRF:0
BRH:0
end_of_record
TN:
SF:src/events/events.module.ts
FNF:0
FNH:0
DA:2,0
DA:3,0
DA:4,0
DA:10,0
LF:4
LH:0
BRF:0
BRH:0
end_of_record
TN:
SF:src/events/events.resolver.ts
FN:14,(anonymous_4)
FN:16,(anonymous_5)
FN:17,(anonymous_6)
FN:18,(anonymous_7)
FN:23,(anonymous_8)
FN:30,(anonymous_9)
FN:36,(anonymous_10)
FN:42,(anonymous_11)
FN:48,(anonymous_12)
FN:54,(anonymous_13)
FN:60,(anonymous_14)
FN:29,(anonymous_15)
FN:35,(anonymous_16)
FN:41,(anonymous_17)
FN:47,(anonymous_18)
FN:53,(anonymous_19)
FN:59,(anonymous_20)
FN:21,(anonymous_21)
FNF:18
FNH:0
FNDA:0,(anonymous_4)
FNDA:0,(anonymous_5)
FNDA:0,(anonymous_6)
FNDA:0,(anonymous_7)
FNDA:0,(anonymous_8)
FNDA:0,(anonymous_9)
FNDA:0,(anonymous_10)
FNDA:0,(anonymous_11)
FNDA:0,(anonymous_12)
FNDA:0,(anonymous_13)
FNDA:0,(anonymous_14)
FNDA:0,(anonymous_15)
FNDA:0,(anonymous_16)
FNDA:0,(anonymous_17)
FNDA:0,(anonymous_18)
FNDA:0,(anonymous_19)
FNDA:0,(anonymous_20)
FNDA:0,(anonymous_21)
DA:1,0
DA:2,0
DA:3,0
DA:4,0
DA:5,0
DA:6,0
DA:7,0
DA:10,0
DA:11,0
DA:12,0
DA:13,0
DA:14,0
DA:15,0
DA:16,0
DA:17,0
DA:18,0
DA:21,0
DA:22,0
DA:24,0
DA:25,0
DA:29,0
DA:30,0
DA:31,0
DA:35,0
DA:36,0
DA:37,0
DA:41,0
DA:42,0
DA:43,0
DA:47,0
DA:48,0
DA:49,0
DA:53,0
DA:54,0
DA:55,0
DA:59,0
DA:60,0
DA:61,0
LF:38
LH:0
BRF:0
BRH:0
end_of_record
TN:
SF:src/events/events.service.ts
FN:9,(anonymous_2)
FN:14,(anonymous_3)
FN:29,(anonymous_4)
FN:51,(anonymous_5)
FN:57,(anonymous_6)
FN:64,(anonymous_7)
FNF:6
FNH:0
FNDA:0,(anonymous_2)
FNDA:0,(anonymous_3)
FNDA:0,(anonymous_4)
FNDA:0,(anonymous_5)
FNDA:0,(anonymous_6)
FNDA:0,(anonymous_7)
DA:1,0
DA:2,0
DA:3,0
DA:4,0
DA:8,0
DA:10,0
DA:11,0
DA:15,0
DA:17,0
DA:26,0
DA:30,0
DA:31,0
DA:33,0
DA:38,0
DA:48,0
DA:52,0
DA:53,0
DA:54,0
DA:58,0
DA:65,0
DA:66,0
DA:68,0
DA:73,0
DA:82,0
LF:24
LH:0
BRDA:31,0,0,0
BRDA:53,1,0,0
BRDA:66,2,0,0
BRF:3
BRH:0
end_of_record
TN:
SF:src/events/events.types.ts
FN:17,(anonymous_2)
FN:18,(anonymous_3)
FN:19,(anonymous_4)
FN:20,(anonymous_5)
FN:21,(anonymous_6)
FN:22,(anonymous_7)
FN:23,(anonymous_8)
FN:24,(anonymous_9)
FN:39,(anonymous_10)
FN:40,(anonymous_11)
FN:41,(anonymous_12)
FN:42,(anonymous_13)
FN:43,(anonymous_14)
FN:44,(anonymous_15)
FN:45,(anonymous_16)
FN:58,(anonymous_17)
FN:59,(anonymous_18)
FN:60,(anonymous_19)
FN:61,(anonymous_20)
FN:62,(anonymous_21)
FN:63,(anonymous_22)
FN:64,(anonymous_23)
FN:65,(anonymous_24)
FNF:23
FNH:0
FNDA:0,(anonymous_2)
FNDA:0,(anonymous_3)
FNDA:0,(anonymous_4)
FNDA:0,(anonymous_5)
FNDA:0,(anonymous_6)
FNDA:0,(anonymous_7)
FNDA:0,(anonymous_8)
FNDA:0,(anonymous_9)
FNDA:0,(anonymous_10)
FNDA:0,(anonymous_11)
FNDA:0,(anonymous_12)
FNDA:0,(anonymous_13)
FNDA:0,(anonymous_14)
FNDA:0,(anonymous_15)
FNDA:0,(anonymous_16)
FNDA:0,(anonymous_17)
FNDA:0,(anonymous_18)
FNDA:0,(anonymous_19)
FNDA:0,(anonymous_20)
FNDA:0,(anonymous_21)
FNDA:0,(anonymous_22)
FNDA:0,(anonymous_23)
FNDA:0,(anonymous_24)
DA:1,0
DA:2,0
DA:4,0
DA:7,0
DA:8,0
DA:9,0
DA:10,0
DA:11,0
DA:12,0
DA:13,0
DA:14,0
DA:15,0
DA:16,0
DA:17,0
DA:18,0
DA:19,0
DA:20,0
DA:21,0
DA:22,0
DA:23,0
DA:24,0
DA:25,0
DA:26,0
DA:30,0
DA:31,0
DA:32,0
DA:33,0
DA:34,0
DA:35,0
DA:36,0
DA:37,0
DA:38,0
DA:39,0
DA:40,0
DA:41,0
DA:42,0
DA:43,0
DA:44,0
DA:45,0
DA:49,0
DA:50,0
DA:51,0
DA:52,0
DA:53,0
DA:54,0
DA:55,0
DA:56,0
DA:57,0
DA:58,0
DA:59,0
DA:60,0
DA:61,0
DA:62,0
DA:63,0
DA:64,0
DA:65,0
LF:56
LH:0
BRF:0
BRH:0
end_of_record
TN:
SF:src/events/rounds.types.ts
FN:8,(anonymous_2)
FN:10,(anonymous_3)
FN:11,(anonymous_4)
FN:12,(anonymous_5)
FNF:4
FNH:0
FNDA:0,(anonymous_2)
FNDA:0,(anonymous_3)
FNDA:0,(anonymous_4)
FNDA:0,(anonymous_5)
DA:1,0
DA:4,0
DA:5,0
DA:6,0
DA:7,0
DA:8,0
DA:9,0
DA:10,0
DA:11,0
DA:12,0
LF:10
LH:0
BRF:0
BRH:0
end_of_record
TN:
SF:src/export/export.controller.ts
FN:16,(anonymous_4)
FN:20,(anonymous_5)
FN:36,(anonymous_6)
FN:55,(anonymous_7)
FN:95,(anonymous_8)
FN:115,(anonymous_9)
FN:116,(anonymous_10)
FN:119,(anonymous_11)
FN:120,(anonymous_12)
FN:121,(anonymous_13)
FN:127,(anonymous_14)
FN:145,(anonymous_15)
FN:166,(anonymous_16)
FN:169,(anonymous_17)
FN:170,(anonymous_18)
FN:173,(anonymous_19)
FN:174,(anonymous_20)
FN:174,(anonymous_21)
FN:174,(anonymous_22)
FN:176,(anonymous_23)
FN:179,(anonymous_24)
FN:183,(anonymous_25)
FN:183,(anonymous_26)
FN:186,(anonymous_27)
FN:190,(anonymous_28)
FN:209,(anonymous_29)
FN:229,(anonymous_30)
FN:232,(anonymous_31)
FN:232,(anonymous_32)
FN:233,(anonymous_33)
FN:235,(anonymous_34)
FN:236,(anonymous_35)
FN:238,(anonymous_36)
FN:241,(anonymous_37)
FN:241,(anonymous_38)
FN:242,(anonymous_39)
FN:243,(anonymous_40)
FN:244,(anonymous_41)
FN:246,(anonymous_42)
FN:247,(anonymous_43)
FN:251,(anonymous_44)
FN:252,(anonymous_45)
FN:252,(anonymous_46)
FN:252,(anonymous_47)
FN:254,(anonymous_48)
FN:255,(anonymous_49)
FN:272,(anonymous_50)
FN:292,(anonymous_51)
FN:298,(anonymous_52)
FN:299,(anonymous_53)
FN:302,(anonymous_54)
FN:303,(anonymous_55)
FN:304,(anonymous_56)
FN:305,(anonymous_57)
FN:306,(anonymous_58)
FN:306,(anonymous_59)
FN:306,(anonymous_60)
FN:307,(anonymous_61)
FN:324,(anonymous_62)
FNF:59
FNH:0
FNDA:0,(anonymous_4)
FNDA:0,(anonymous_5)
FNDA:0,(anonymous_6)
FNDA:0,(anonymous_7)
FNDA:0,(anonymous_8)
FNDA:0,(anonymous_9)
FNDA:0,(anonymous_10)
FNDA:0,(anonymous_11)
FNDA:0,(anonymous_12)
FNDA:0,(anonymous_13)
FNDA:0,(anonymous_14)
FNDA:0,(anonymous_15)
FNDA:0,(anonymous_16)
FNDA:0,(anonymous_17)
FNDA:0,(anonymous_18)
FNDA:0,(anonymous_19)
FNDA:0,(anonymous_20)
FNDA:0,(anonymous_21)
FNDA:0,(anonymous_22)
FNDA:0,(anonymous_23)
FNDA:0,(anonymous_24)
FNDA:0,(anonymous_25)
FNDA:0,(anonymous_26)
FNDA:0,(anonymous_27)
FNDA:0,(anonymous_28)
FNDA:0,(anonymous_29)
FNDA:0,(anonymous_30)
FNDA:0,(anonymous_31)
FNDA:0,(anonymous_32)
FNDA:0,(anonymous_33)
FNDA:0,(anonymous_34)
FNDA:0,(anonymous_35)
FNDA:0,(anonymous_36)
FNDA:0,(anonymous_37)
FNDA:0,(anonymous_38)
FNDA:0,(anonymous_39)
FNDA:0,(anonymous_40)
FNDA:0,(anonymous_41)
FNDA:0,(anonymous_42)
FNDA:0,(anonymous_43)
FNDA:0,(anonymous_44)
FNDA:0,(anonymous_45)
FNDA:0,(anonymous_46)
FNDA:0,(anonymous_47)
FNDA:0,(anonymous_48)
FNDA:0,(anonymous_49)
FNDA:0,(anonymous_50)
FNDA:0,(anonymous_51)
FNDA:0,(anonymous_52)
FNDA:0,(anonymous_53)
FNDA:0,(anonymous_54)
FNDA:0,(anonymous_55)
FNDA:0,(anonymous_56)
FNDA:0,(anonymous_57)
FNDA:0,(anonymous_58)
FNDA:0,(anonymous_59)
FNDA:0,(anonymous_60)
FNDA:0,(anonymous_61)
FNDA:0,(anonymous_62)
DA:1,0
DA:3,0
DA:4,0
DA:5,0
DA:7,0
DA:15,0
DA:16,0
DA:20,0
DA:21,0
DA:22,0
DA:24,0
DA:35,0
DA:36,0
DA:37,0
DA:38,0
DA:39,0
DA:40,0
DA:41,0
DA:42,0
DA:43,0
DA:44,0
DA:45,0
DA:47,0
DA:50,0
DA:55,0
DA:56,0
DA:57,0
DA:59,0
DA:70,0
DA:71,0
DA:73,0
DA:74,0
DA:75,0
DA:76,0
DA:78,0
DA:79,0
DA:80,0
DA:90,0
DA:95,0
DA:96,0
DA:97,0
DA:99,0
DA:103,0
DA:105,0
DA:115,0
DA:116,0
DA:117,0
DA:119,0
DA:120,0
DA:121,0
DA:122,0
DA:127,0
DA:128,0
DA:129,0
DA:140,0
DA:145,0
DA:146,0
DA:147,0
DA:149,0
DA:153,0
DA:155,0
DA:161,0
DA:166,0
DA:167,0
DA:169,0
DA:170,0
DA:171,0
DA:173,0
DA:174,0
DA:175,0
DA:176,0
DA:177,0
DA:178,0
DA:179,0
DA:180,0
DA:183,0
DA:184,0
DA:185,0
DA:186,0
DA:187,0
DA:188,0
DA:189,0
DA:190,0
DA:191,0
DA:194,0
DA:195,0
DA:197,0
DA:204,0
DA:209,0
DA:210,0
DA:211,0
DA:213,0
DA:217,0
DA:219,0
DA:224,0
DA:229,0
DA:230,0
DA:232,0
DA:233,0
DA:235,0
DA:236,0
DA:237,0
DA:238,0
DA:241,0
DA:242,0
DA:243,0
DA:244,0
DA:245,0
DA:246,0
DA:247,0
DA:248,0
DA:249,0
DA:251,0
DA:252,0
DA:253,0
DA:254,0
DA:255,0
DA:256,0
DA:259,0
DA:267,0
DA:272,0
DA:273,0
DA:274,0
DA:276,0
DA:280,0
DA:282,0
DA:283,0
DA:284,0
DA:286,0
DA:292,0
DA:293,0
DA:298,0
DA:299,0
DA:300,0
DA:302,0
DA:303,0
DA:304,0
DA:305,0
DA:306,0
DA:307,0
DA:309,0
DA:311,0
DA:319,0
DA:320,0
DA:325,0
DA:326,0
DA:327,0
DA:328,0
DA:329,0
LF:149
LH:0
BRDA:22,0,0,0
BRDA:37,1,0,0
BRDA:37,1,1,0
BRDA:38,2,0,0
BRDA:38,2,1,0
BRDA:39,3,0,0
BRDA:39,3,1,0
BRDA:43,4,0,0
BRDA:43,4,1,0
BRDA:44,5,0,0
BRDA:44,5,1,0
BRDA:45,6,0,0
BRDA:45,6,1,0
BRDA:47,7,0,0
BRDA:47,7,1,0
BRDA:47,8,0,0
BRDA:47,8,1,0
BRDA:47,9,0,0
BRDA:47,9,1,0
BRDA:57,10,0,0
BRDA:74,11,0,0
BRDA:74,11,1,0
BRDA:75,12,0,0
BRDA:75,12,1,0
BRDA:76,13,0,0
BRDA:76,13,1,0
BRDA:79,14,0,0
BRDA:79,14,1,0
BRDA:79,15,0,0
BRDA:79,15,1,0
BRDA:81,16,0,0
BRDA:81,16,1,0
BRDA:81,17,0,0
BRDA:81,17,1,0
BRDA:82,18,0,0
BRDA:82,18,1,0
BRDA:83,19,0,0
BRDA:83,19,1,0
BRDA:83,20,0,0
BRDA:83,20,1,0
BRDA:83,21,0,0
BRDA:83,21,1,0
BRDA:84,22,0,0
BRDA:84,22,1,0
BRDA:85,23,0,0
BRDA:85,23,1,0
BRDA:97,24,0,0
BRDA:103,25,0,0
BRDA:103,25,1,0
BRDA:123,26,0,0
BRDA:123,26,1,0
BRDA:123,27,0,0
BRDA:123,27,1,0
BRDA:124,28,0,0
BRDA:124,28,1,0
BRDA:127,29,0,0
BRDA:127,29,1,0
BRDA:128,30,0,0
BRDA:128,30,1,0
BRDA:130,31,0,0
BRDA:130,31,1,0
BRDA:130,32,0,0
BRDA:130,32,1,0
BRDA:131,33,0,0
BRDA:131,33,1,0
BRDA:133,34,0,0
BRDA:133,34,1,0
BRDA:134,35,0,0
BRDA:134,35,1,0
BRDA:135,36,0,0
BRDA:135,36,1,0
BRDA:136,37,0,0
BRDA:136,37,1,0
BRDA:147,38,0,0
BRDA:153,39,0,0
BRDA:153,39,1,0
BRDA:174,40,0,0
BRDA:174,40,1,0
BRDA:175,41,0,0
BRDA:183,42,0,0
BRDA:183,42,1,0
BRDA:185,43,0,0
BRDA:194,44,0,0
BRDA:194,44,1,0
BRDA:195,45,0,0
BRDA:195,45,1,0
BRDA:198,46,0,0
BRDA:198,46,1,0
BRDA:198,47,0,0
BRDA:198,47,1,0
BRDA:211,48,0,0
BRDA:217,49,0,0
BRDA:217,49,1,0
BRDA:232,50,0,0
BRDA:232,50,1,0
BRDA:233,51,0,0
BRDA:233,51,1,0
BRDA:237,52,0,0
BRDA:238,53,0,0
BRDA:238,53,1,0
BRDA:241,54,0,0
BRDA:241,54,1,0
BRDA:246,55,0,0
BRDA:246,55,1,0
BRDA:247,56,0,0
BRDA:247,56,1,0
BRDA:249,57,0,0
BRDA:249,57,1,0
BRDA:252,58,0,0
BRDA:252,58,1,0
BRDA:253,59,0,0
BRDA:260,60,0,0
BRDA:260,60,1,0
BRDA:274,61,0,0
BRDA:280,62,0,0
BRDA:280,62,1,0
BRDA:283,63,0,0
BRDA:283,63,1,0
BRDA:306,64,0,0
BRDA:306,64,1,0
BRDA:307,65,0,0
BRDA:307,65,1,0
BRDA:309,66,0,0
BRDA:309,66,1,0
BRDA:312,67,0,0
BRDA:312,67,1,0
BRDA:312,68,0,0
BRDA:312,68,1,0
BRDA:319,69,0,0
BRDA:319,69,1,0
BRF:130
BRH:0
end_of_record
TN:
SF:src/export/export.module.ts
FNF:0
FNH:0
DA:1,0
DA:2,0
DA:7,0
LF:3
LH:0
BRF:0
BRH:0
end_of_record
TN:
SF:src/judge-portal/judge-portal.controller.ts
FN:9,(anonymous_4)
FN:17,(anonymous_5)
FN:23,(anonymous_6)
FN:64,(anonymous_7)
FN:89,(anonymous_8)
FN:106,(anonymous_9)
FN:167,(anonymous_10)
FNF:7
FNH:0
FNDA:0,(anonymous_4)
FNDA:0,(anonymous_5)
FNDA:0,(anonymous_6)
FNDA:0,(anonymous_7)
FNDA:0,(anonymous_8)
FNDA:0,(anonymous_9)
FNDA:0,(anonymous_10)
DA:1,0
DA:2,0
DA:3,0
DA:4,0
DA:5,0
DA:8,0
DA:10,0
DA:11,0
DA:12,0
DA:17,0
DA:18,0
DA:23,0
DA:24,0
DA:25,0
DA:37,0
DA:41,0
DA:42,0
DA:43,0
DA:44,0
DA:45,0
DA:52,0
DA:56,0
DA:61,0
DA:62,0
DA:64,0
DA:65,0
DA:66,0
DA:67,0
DA:69,0
DA:89,0
DA:106,0
DA:118,0
DA:121,0
DA:125,0
DA:126,0
DA:129,0
DA:130,0
DA:131,0
DA:135,0
DA:136,0
DA:137,0
DA:141,0
DA:142,0
DA:146,0
DA:147,0
DA:148,0
DA:149,0
DA:150,0
DA:159,0
DA:160,0
DA:167,0
DA:169,0
DA:171,0
DA:175,0
DA:176,0
DA:177,0
DA:180,0
DA:190,0
DA:192,0
DA:202,0
LF:60
LH:0
BRDA:41,0,0,0
BRDA:43,1,0,0
BRDA:56,2,0,0
BRDA:62,3,0,0
BRDA:62,3,1,0
BRDA:66,4,0,0
BRDA:66,4,1,0
BRDA:86,5,0,0
BRDA:86,5,1,0
BRDA:86,5,2,0
BRDA:125,6,0,0
BRDA:126,7,0,0
BRDA:130,8,0,0
BRDA:130,9,0,0
BRDA:130,9,1,0
BRDA:136,10,0,0
BRDA:136,11,0,0
BRDA:136,11,1,0
BRDA:141,12,0,0
BRDA:147,13,0,0
BRDA:169,14,0,0
BRDA:169,14,1,0
BRDA:176,15,0,0
BRDA:177,16,0,0
BRDA:177,17,0,0
BRDA:177,17,1,0
BRDA:183,18,0,0
BRDA:183,18,1,0
BRDA:195,19,0,0
BRDA:195,19,1,0
BRF:30
BRH:0
end_of_record
TN:
SF:src/judge-portal/judge-portal.module.ts
FNF:0
FNH:0
DA:1,0
DA:2,0
DA:3,0
DA:4,0
DA:5,0
DA:13,0
LF:6
LH:0
BRF:0
BRH:0
end_of_record
TN:
SF:src/judge-portal/judge-portal.resolver.ts
FN:17,(anonymous_4)
FN:21,(anonymous_5)
FN:20,(anonymous_6)
FNF:3
FNH:0
FNDA:0,(anonymous_4)
FNDA:0,(anonymous_5)
FNDA:0,(anonymous_6)
DA:1,0
DA:2,0
DA:3,0
DA:6,0
DA:7,0
DA:8,0
DA:9,0
DA:10,0
DA:11,0
DA:12,0
DA:16,0
DA:17,0
DA:20,0
DA:21,0
DA:22,0
LF:15
LH:0
BRF:0
BRH:0
end_of_record
TN:
SF:src/judge-portal/judge-portal.service.ts
FN:7,(anonymous_2)
FN:9,(anonymous_3)
FN:13,(anonymous_4)
FN:15,(anonymous_5)
FN:20,(anonymous_6)
FN:39,(anonymous_7)
FN:49,(anonymous_8)
FN:49,(anonymous_9)
FN:55,(anonymous_10)
FN:57,(anonymous_11)
FNF:10
FNH:0
FNDA:0,(anonymous_2)
FNDA:0,(anonymous_3)
FNDA:0,(anonymous_4)
FNDA:0,(anonymous_5)
FNDA:0,(anonymous_6)
FNDA:0,(anonymous_7)
FNDA:0,(anonymous_8)
FNDA:0,(anonymous_9)
FNDA:0,(anonymous_10)
FNDA:0,(anonymous_11)
DA:1,0
DA:2,0
DA:3,0
DA:6,0
DA:7,0
DA:10,0
DA:14,0
DA:15,0
DA:16,0
DA:17,0
DA:21,0
DA:22,0
DA:37,0
DA:40,0
DA:41,0
DA:42,0
DA:49,0
DA:56,0
DA:57,0
LF:19
LH:0
BRDA:16,0,0,0
BRDA:43,1,0,0
BRDA:43,1,1,0
BRDA:44,2,0,0
BRDA:44,2,1,0
BRDA:44,3,0,0
BRDA:44,3,1,0
BRDA:45,4,0,0
BRDA:45,4,1,0
BRDA:46,5,0,0
BRDA:46,5,1,0
BRDA:46,6,0,0
BRDA:46,6,1,0
BRDA:47,7,0,0
BRDA:47,7,1,0
BRDA:47,8,0,0
BRDA:47,8,1,0
BRDA:57,9,0,0
BRDA:57,9,1,0
BRF:19
BRH:0
end_of_record
TN:
SF:src/judges/judges-import.controller.ts
FN:9,(anonymous_4)
FN:14,(anonymous_5)
FNF:2
FNH:0
FNDA:0,(anonymous_4)
FNDA:0,(anonymous_5)
DA:1,0
DA:2,0
DA:3,0
DA:4,0
DA:5,0
DA:8,0
DA:9,0
DA:14,0
DA:19,0
DA:20,0
DA:21,0
DA:22,0
LF:12
LH:0
BRDA:21,0,0,0
BRDA:21,0,1,0
BRF:2
BRH:0
end_of_record
TN:
SF:src/judges/judges.module.ts
FNF:0
FNH:0
DA:1,0
DA:2,0
DA:3,0
DA:4,0
DA:5,0
DA:13,0
LF:6
LH:0
BRF:0
BRH:0
end_of_record
TN:
SF:src/judges/judges.resolver.ts
FN:9,(anonymous_4)
FN:13,(anonymous_5)
FN:19,(anonymous_6)
FN:25,(anonymous_7)
FN:30,(anonymous_8)
FN:39,(anonymous_9)
FN:45,(anonymous_10)
FN:51,(anonymous_11)
FN:12,(anonymous_12)
FN:18,(anonymous_13)
FN:24,(anonymous_14)
FN:29,(anonymous_15)
FN:38,(anonymous_16)
FN:44,(anonymous_17)
FN:50,(anonymous_18)
FN:7,(anonymous_19)
FNF:16
FNH:0
FNDA:0,(anonymous_4)
FNDA:0,(anonymous_5)
FNDA:0,(anonymous_6)
FNDA:0,(anonymous_7)
FNDA:0,(anonymous_8)
FNDA:0,(anonymous_9)
FNDA:0,(anonymous_10)
FNDA:0,(anonymous_11)
FNDA:0,(anonymous_12)
FNDA:0,(anonymous_13)
FNDA:0,(anonymous_14)
FNDA:0,(anonymous_15)
FNDA:0,(anonymous_16)
FNDA:0,(anonymous_17)
FNDA:0,(anonymous_18)
FNDA:0,(anonymous_19)
DA:1,0
DA:2,0
DA:3,0
DA:4,0
DA:5,0
DA:7,0
DA:8,0
DA:9,0
DA:12,0
DA:13,0
DA:14,0
DA:18,0
DA:19,0
DA:20,0
DA:24,0
DA:25,0
DA:26,0
DA:29,0
DA:30,0
DA:35,0
DA:38,0
DA:39,0
DA:40,0
DA:44,0
DA:45,0
DA:46,0
DA:50,0
DA:51,0
DA:52,0
LF:29
LH:0
BRF:0
BRH:0
end_of_record
TN:
SF:src/judges/judges.service.ts
FN:9,(anonymous_2)
FN:14,(anonymous_3)
FN:19,(anonymous_4)
FN:26,(anonymous_5)
FN:50,(anonymous_6)
FN:72,(anonymous_7)
FN:87,(anonymous_8)
FN:90,(anonymous_9)
FN:103,(anonymous_10)
FN:108,(anonymous_11)
FN:139,(anonymous_12)
FN:157,(anonymous_13)
FN:167,(anonymous_14)
FN:218,(anonymous_15)
FNF:14
FNH:0
FNDA:0,(anonymous_2)
FNDA:0,(anonymous_3)
FNDA:0,(anonymous_4)
FNDA:0,(anonymous_5)
FNDA:0,(anonymous_6)
FNDA:0,(anonymous_7)
FNDA:0,(anonymous_8)
FNDA:0,(anonymous_9)
FNDA:0,(anonymous_10)
FNDA:0,(anonymous_11)
FNDA:0,(anonymous_12)
FNDA:0,(anonymous_13)
FNDA:0,(anonymous_14)
FNDA:0,(anonymous_15)
DA:1,0
DA:2,0
DA:3,0
DA:4,0
DA:8,0
DA:10,0
DA:11,0
DA:15,0
DA:19,0
DA:27,0
DA:30,0
DA:32,0
DA:41,0
DA:47,0
DA:51,0
DA:52,0
DA:54,0
DA:63,0
DA:69,0
DA:73,0
DA:74,0
DA:75,0
DA:77,0
DA:87,0
DA:91,0
DA:99,0
DA:100,0
DA:104,0
DA:105,0
DA:107,0
DA:108,0
DA:109,0
DA:110,0
DA:111,0
DA:112,0
DA:116,0
DA:120,0
DA:129,0
DA:136,0
DA:140,0
DA:141,0
DA:143,0
DA:154,0
DA:158,0
DA:159,0
DA:161,0
DA:163,0
DA:167,0
DA:169,0
DA:170,0
DA:171,0
DA:173,0
DA:174,0
DA:176,0
DA:177,0
DA:178,0
DA:179,0
DA:182,0
DA:183,0
DA:184,0
DA:185,0
DA:188,0
DA:189,0
DA:202,0
DA:203,0
DA:205,0
DA:209,0
DA:216,0
DA:219,0
DA:220,0
DA:221,0
DA:222,0
LF:72
LH:0
BRDA:17,0,0,0
BRDA:17,0,1,0
BRDA:17,0,2,0
BRDA:18,1,0,0
BRDA:18,1,1,0
BRDA:18,1,2,0
BRDA:19,2,0,0
BRDA:19,2,1,0
BRDA:21,3,0,0
BRDA:21,3,1,0
BRDA:30,4,0,0
BRDA:52,5,0,0
BRDA:74,6,0,0
BRDA:75,7,0,0
BRDA:99,8,0,0
BRDA:105,9,0,0
BRDA:141,10,0,0
BRDA:154,11,0,0
BRDA:154,11,1,0
BRDA:173,12,0,0
BRDA:174,13,0,0
BRDA:176,14,0,0
BRDA:176,14,1,0
BRDA:177,15,0,0
BRDA:183,16,0,0
BRDA:194,17,0,0
BRDA:194,17,1,0
BRDA:195,18,0,0
BRDA:195,18,1,0
BRDA:197,19,0,0
BRDA:197,19,1,0
BRDA:198,20,0,0
BRDA:198,20,1,0
BRDA:199,21,0,0
BRDA:199,21,1,0
BRDA:205,22,0,0
BRDA:205,22,1,0
BRF:37
BRH:0
end_of_record
TN:
SF:src/judges/judges.types.ts
FN:21,(anonymous_2)
FN:33,(anonymous_3)
FN:35,(anonymous_4)
FN:37,(anonymous_5)
FN:39,(anonymous_6)
FN:40,(anonymous_7)
FN:41,(anonymous_8)
FN:42,(anonymous_9)
FN:52,(anonymous_10)
FN:54,(anonymous_11)
FN:64,(anonymous_12)
FN:65,(anonymous_13)
FN:67,(anonymous_14)
FN:82,(anonymous_15)
FNF:14
FNH:0
FNDA:0,(anonymous_2)
FNDA:0,(anonymous_3)
FNDA:0,(anonymous_4)
FNDA:0,(anonymous_5)
FNDA:0,(anonymous_6)
FNDA:0,(anonymous_7)
FNDA:0,(anonymous_8)
FNDA:0,(anonymous_9)
FNDA:0,(anonymous_10)
FNDA:0,(anonymous_11)
FNDA:0,(anonymous_12)
FNDA:0,(anonymous_13)
FNDA:0,(anonymous_14)
FNDA:0,(anonymous_15)
DA:1,0
DA:2,0
DA:4,0
DA:5,0
DA:6,0
DA:9,0
DA:10,0
DA:11,0
DA:12,0
DA:13,0
DA:17,0
DA:18,0
DA:19,0
DA:20,0
DA:21,0
DA:25,0
DA:26,0
DA:27,0
DA:28,0
DA:29,0
DA:30,0
DA:31,0
DA:32,0
DA:33,0
DA:34,0
DA:35,0
DA:36,0
DA:37,0
DA:38,0
DA:39,0
DA:40,0
DA:41,0
DA:42,0
DA:46,0
DA:47,0
DA:48,0
DA:49,0
DA:50,0
DA:51,0
DA:52,0
DA:53,0
DA:54,0
DA:55,0
DA:59,0
DA:60,0
DA:61,0
DA:62,0
DA:63,0
DA:64,0
DA:65,0
DA:66,0
DA:67,0
DA:71,0
DA:72,0
DA:73,0
DA:74,0
DA:75,0
DA:79,0
DA:80,0
DA:81,0
DA:82,0
LF:61
LH:0
BRF:0
BRH:0
end_of_record
TN:
SF:src/notification/notification.controller.ts
FN:11,(anonymous_4)
FN:23,(anonymous_5)
FN:34,(anonymous_6)
FN:36,(anonymous_7)
FN:36,(anonymous_8)
FN:39,(anonymous_9)
FN:58,(anonymous_10)
FNF:7
FNH:0
FNDA:0,(anonymous_4)
FNDA:0,(anonymous_5)
FNDA:0,(anonymous_6)
FNDA:0,(anonymous_7)
FNDA:0,(anonymous_8)
FNDA:0,(anonymous_9)
FNDA:0,(anonymous_10)
DA:1,0
DA:2,0
DA:3,0
DA:4,0
DA:8,0
DA:11,0
DA:12,0
DA:13,0
DA:14,0
DA:16,0
DA:17,0
DA:19,0
DA:23,0
DA:24,0
DA:25,0
DA:26,0
DA:27,0
DA:28,0
DA:30,0
DA:31,0
DA:33,0
DA:34,0
DA:36,0
DA:40,0
DA:41,0
DA:42,0
DA:43,0
DA:44,0
DA:52,0
DA:54,0
DA:59,0
DA:60,0
DA:61,0
DA:62,0
DA:63,0
DA:71,0
DA:73,0
LF:37
LH:0
BRDA:13,0,0,0
BRDA:13,1,0,0
BRDA:13,1,1,0
BRDA:16,2,0,0
BRDA:16,3,0,0
BRDA:16,3,1,0
BRDA:17,4,0,0
BRDA:17,4,1,0
BRDA:27,5,0,0
BRDA:27,6,0,0
BRDA:27,6,1,0
BRDA:30,7,0,0
BRDA:30,8,0,0
BRDA:30,8,1,0
BRDA:31,9,0,0
BRDA:31,9,1,0
BRDA:41,10,0,0
BRDA:41,10,1,0
BRDA:45,11,0,0
BRDA:45,11,1,0
BRDA:45,11,2,0
BRDA:54,12,0,0
BRDA:54,12,1,0
BRDA:60,13,0,0
BRDA:61,14,0,0
BRDA:61,14,1,0
BRDA:73,15,0,0
BRDA:73,15,1,0
BRF:28
BRH:0
end_of_record
TN:
SF:src/notification/notification.module.ts
FNF:0
FNH:0
DA:1,0
DA:2,0
DA:4,0
LF:3
LH:0
BRF:0
BRH:0
end_of_record
TN:
SF:src/operations/operations.module.ts
FNF:0
FNH:0
DA:1,0
DA:2,0
DA:3,0
DA:9,0
LF:4
LH:0
BRF:0
BRH:0
end_of_record
TN:
SF:src/operations/operations.resolver.ts
FN:13,(anonymous_4)
FN:17,(anonymous_5)
FN:23,(anonymous_6)
FN:29,(anonymous_7)
FN:35,(anonymous_8)
FN:41,(anonymous_9)
FN:47,(anonymous_10)
FN:53,(anonymous_11)
FN:59,(anonymous_12)
FN:65,(anonymous_13)
FN:71,(anonymous_14)
FN:77,(anonymous_15)
FN:83,(anonymous_16)
FN:16,(anonymous_17)
FN:22,(anonymous_18)
FN:28,(anonymous_19)
FN:34,(anonymous_20)
FN:40,(anonymous_21)
FN:46,(anonymous_22)
FN:52,(anonymous_23)
FN:58,(anonymous_24)
FN:64,(anonymous_25)
FN:70,(anonymous_26)
FN:76,(anonymous_27)
FN:82,(anonymous_28)
FNF:25
FNH:0
FNDA:0,(anonymous_4)
FNDA:0,(anonymous_5)
FNDA:0,(anonymous_6)
FNDA:0,(anonymous_7)
FNDA:0,(anonymous_8)
FNDA:0,(anonymous_9)
FNDA:0,(anonymous_10)
FNDA:0,(anonymous_11)
FNDA:0,(anonymous_12)
FNDA:0,(anonymous_13)
FNDA:0,(anonymous_14)
FNDA:0,(anonymous_15)
FNDA:0,(anonymous_16)
FNDA:0,(anonymous_17)
FNDA:0,(anonymous_18)
FNDA:0,(anonymous_19)
FNDA:0,(anonymous_20)
FNDA:0,(anonymous_21)
FNDA:0,(anonymous_22)
FNDA:0,(anonymous_23)
FNDA:0,(anonymous_24)
FNDA:0,(anonymous_25)
FNDA:0,(anonymous_26)
FNDA:0,(anonymous_27)
FNDA:0,(anonymous_28)
DA:1,0
DA:2,0
DA:3,0
DA:8,0
DA:9,0
DA:12,0
DA:13,0
DA:16,0
DA:17,0
DA:18,0
DA:22,0
DA:23,0
DA:24,0
DA:28,0
DA:29,0
DA:30,0
DA:34,0
DA:35,0
DA:36,0
DA:40,0
DA:41,0
DA:42,0
DA:46,0
DA:47,0
DA:48,0
DA:52,0
DA:53,0
DA:54,0
DA:58,0
DA:59,0
DA:60,0
DA:64,0
DA:65,0
DA:66,0
DA:70,0
DA:71,0
DA:72,0
DA:76,0
DA:77,0
DA:78,0
DA:82,0
DA:83,0
DA:84,0
LF:43
LH:0
BRF:0
BRH:0
end_of_record
TN:
SF:src/operations/operations.service.ts
FN:12,(anonymous_2)
FN:17,(anonymous_3)
FN:30,(anonymous_4)
FN:36,(anonymous_5)
FN:50,(anonymous_6)
FN:58,(anonymous_7)
FN:113,(anonymous_8)
FN:128,(anonymous_9)
FN:139,(anonymous_10)
FN:146,(anonymous_11)
FN:215,(anonymous_12)
FN:219,(anonymous_13)
FN:222,(anonymous_14)
FN:228,(anonymous_15)
FN:239,(anonymous_16)
FN:260,(anonymous_17)
FN:266,(anonymous_18)
FN:273,(anonymous_19)
FN:284,(anonymous_20)
FN:294,(anonymous_21)
FN:301,(anonymous_22)
FN:318,(anonymous_23)
FN:344,(anonymous_24)
FN:355,(anonymous_25)
FN:360,(anonymous_26)
FN:368,(anonymous_27)
FN:379,(anonymous_28)
FN:396,(anonymous_29)
FN:453,(anonymous_30)
FN:544,(anonymous_31)
FN:547,(anonymous_32)
FN:550,(anonymous_33)
FN:550,(anonymous_34)
FN:563,(anonymous_35)
FN:567,(anonymous_36)
FN:576,(anonymous_37)
FN:579,(anonymous_38)
FNF:37
FNH:0
FNDA:0,(anonymous_2)
FNDA:0,(anonymous_3)
FNDA:0,(anonymous_4)
FNDA:0,(anonymous_5)
FNDA:0,(anonymous_6)
FNDA:0,(anonymous_7)
FNDA:0,(anonymous_8)
FNDA:0,(anonymous_9)
FNDA:0,(anonymous_10)
FNDA:0,(anonymous_11)
FNDA:0,(anonymous_12)
FNDA:0,(anonymous_13)
FNDA:0,(anonymous_14)
FNDA:0,(anonymous_15)
FNDA:0,(anonymous_16)
FNDA:0,(anonymous_17)
FNDA:0,(anonymous_18)
FNDA:0,(anonymous_19)
FNDA:0,(anonymous_20)
FNDA:0,(anonymous_21)
FNDA:0,(anonymous_22)
FNDA:0,(anonymous_23)
FNDA:0,(anonymous_24)
FNDA:0,(anonymous_25)
FNDA:0,(anonymous_26)
FNDA:0,(anonymous_27)
FNDA:0,(anonymous_28)
FNDA:0,(anonymous_29)
FNDA:0,(anonymous_30)
FNDA:0,(anonymous_31)
FNDA:0,(anonymous_32)
FNDA:0,(anonymous_33)
FNDA:0,(anonymous_34)
FNDA:0,(anonymous_35)
FNDA:0,(anonymous_36)
FNDA:0,(anonymous_37)
FNDA:0,(anonymous_38)
DA:1,0
DA:2,0
DA:3,0
DA:4,0
DA:11,0
DA:13,0
DA:14,0
DA:18,0
DA:26,0
DA:27,0
DA:31,0
DA:32,0
DA:37,0
DA:47,0
DA:51,0
DA:54,0
DA:59,0
DA:62,0
DA:63,0
DA:66,0
DA:80,0
DA:81,0
DA:84,0
DA:85,0
DA:87,0
DA:88,0
DA:89,0
DA:91,0
DA:92,0
DA:93,0
DA:96,0
DA:97,0
DA:99,0
DA:101,0
DA:102,0
DA:103,0
DA:109,0
DA:114,0
DA:118,0
DA:120,0
DA:121,0
DA:122,0
DA:123,0
DA:125,0
DA:129,0
DA:136,0
DA:140,0
DA:147,0
DA:148,0
DA:155,0
DA:156,0
DA:157,0
DA:161,0
DA:162,0
DA:170,0
DA:171,0
DA:177,0
DA:178,0
DA:179,0
DA:180,0
DA:181,0
DA:182,0
DA:183,0
DA:186,0
DA:192,0
DA:193,0
DA:194,0
DA:197,0
DA:198,0
DA:205,0
DA:211,0
DA:216,0
DA:217,0
DA:219,0
DA:220,0
DA:222,0
DA:223,0
DA:224,0
DA:227,0
DA:228,0
DA:229,0
DA:230,0
DA:232,0
DA:233,0
DA:235,0
DA:236,0
DA:237,0
DA:239,0
DA:240,0
DA:241,0
DA:242,0
DA:243,0
DA:245,0
DA:250,0
DA:256,0
DA:261,0
DA:262,0
DA:264,0
DA:265,0
DA:266,0
DA:267,0
DA:268,0
DA:270,0
DA:271,0
DA:273,0
DA:274,0
DA:275,0
DA:280,0
DA:285,0
DA:286,0
DA:288,0
DA:293,0
DA:294,0
DA:295,0
DA:297,0
DA:302,0
DA:303,0
DA:305,0
DA:306,0
DA:307,0
DA:308,0
DA:311,0
DA:313,0
DA:314,0
DA:319,0
DA:320,0
DA:322,0
DA:323,0
DA:324,0
DA:326,0
DA:328,0
DA:329,0
DA:330,0
DA:334,0
DA:339,0
DA:340,0
DA:345,0
DA:346,0
DA:348,0
DA:353,0
DA:355,0
DA:356,0
DA:361,0
DA:362,0
DA:363,0
DA:364,0
DA:366,0
DA:368,0
DA:369,0
DA:370,0
DA:371,0
DA:372,0
DA:375,0
DA:380,0
DA:381,0
DA:384,0
DA:385,0
DA:386,0
DA:388,0
DA:392,0
DA:396,0
DA:399,0
DA:402,0
DA:407,0
DA:408,0
DA:411,0
DA:412,0
DA:418,0
DA:419,0
DA:422,0
DA:423,0
DA:430,0
DA:438,0
DA:439,0
DA:440,0
DA:441,0
DA:444,0
DA:445,0
DA:446,0
DA:449,0
DA:454,0
DA:455,0
DA:457,0
DA:458,0
DA:459,0
DA:461,0
DA:465,0
DA:466,0
DA:476,0
DA:477,0
DA:480,0
DA:481,0
DA:491,0
DA:492,0
DA:496,0
DA:497,0
DA:498,0
DA:499,0
DA:502,0
DA:523,0
DA:531,0
DA:532,0
DA:533,0
DA:534,0
DA:536,0
DA:537,0
DA:538,0
DA:540,0
DA:545,0
DA:546,0
DA:547,0
DA:549,0
DA:550,0
DA:551,0
DA:552,0
DA:553,0
DA:554,0
DA:555,0
DA:556,0
DA:557,0
DA:558,0
DA:559,0
DA:560,0
DA:563,0
DA:568,0
DA:569,0
DA:571,0
DA:576,0
DA:577,0
DA:578,0
DA:579,0
DA:580,0
DA:581,0
LF:233
LH:0
BRDA:26,0,0,0
BRDA:31,1,0,0
BRDA:43,2,0,0
BRDA:43,2,1,0
BRDA:63,3,0,0
BRDA:72,4,0,0
BRDA:72,4,1,0
BRDA:81,5,0,0
BRDA:81,5,1,0
BRDA:84,6,0,0
BRDA:84,6,1,0
BRDA:85,7,0,0
BRDA:85,7,1,0
BRDA:89,8,0,0
BRDA:89,9,0,0
BRDA:89,9,1,0
BRDA:99,10,0,0
BRDA:99,10,1,0
BRDA:99,10,2,0
BRDA:99,10,3,0
BRDA:101,11,0,0
BRDA:101,12,0,0
BRDA:101,12,1,0
BRDA:101,12,2,0
BRDA:102,13,0,0
BRDA:102,13,1,0
BRDA:104,14,0,0
BRDA:104,14,1,0
BRDA:104,15,0,0
BRDA:104,15,1,0
BRDA:118,16,0,0
BRDA:133,17,0,0
BRDA:133,17,1,0
BRDA:155,18,0,0
BRDA:155,18,1,0
BRDA:156,19,0,0
BRDA:161,20,0,0
BRDA:170,21,0,0
BRDA:178,22,0,0
BRDA:178,23,0,0
BRDA:178,23,1,0
BRDA:179,24,0,0
BRDA:180,25,0,0
BRDA:181,26,0,0
BRDA:181,26,1,0
BRDA:183,27,0,0
BRDA:183,27,1,0
BRDA:188,28,0,0
BRDA:188,28,1,0
BRDA:192,29,0,0
BRDA:197,30,0,0
BRDA:220,31,0,0
BRDA:223,32,0,0
BRDA:223,33,0,0
BRDA:223,33,1,0
BRDA:227,34,0,0
BRDA:228,35,0,0
BRDA:229,36,0,0
BRDA:230,37,0,0
BRDA:233,38,0,0
BRDA:237,39,0,0
BRDA:242,40,0,0
BRDA:242,41,0,0
BRDA:242,41,1,0
BRDA:265,42,0,0
BRDA:265,43,0,0
BRDA:265,43,1,0
BRDA:266,44,0,0
BRDA:267,45,0,0
BRDA:268,46,0,0
BRDA:271,47,0,0
BRDA:286,48,0,0
BRDA:295,49,0,0
BRDA:306,50,0,0
BRDA:307,51,0,0
BRDA:323,52,0,0
BRDA:324,53,0,0
BRDA:324,53,1,0
BRDA:326,54,0,0
BRDA:329,55,0,0
BRDA:346,56,0,0
BRDA:366,57,0,0
BRDA:385,58,0,0
BRDA:386,59,0,0
BRDA:388,60,0,0
BRDA:411,61,0,0
BRDA:422,62,0,0
BRDA:440,63,0,0
BRDA:445,64,0,0
BRDA:458,65,0,0
BRDA:459,66,0,0
BRDA:461,67,0,0
BRDA:476,68,0,0
BRDA:491,69,0,0
BRDA:555,70,0,0
BRDA:556,71,0,0
BRDA:557,72,0,0
BRDA:558,73,0,0
BRDA:569,74,0,0
BRDA:578,75,0,0
BRDA:580,76,0,0
BRDA:580,77,0,0
BRDA:580,77,1,0
BRF:103
BRH:0
end_of_record
TN:
SF:src/operations/operations.types.ts
FN:7,(anonymous_2)
FN:15,(anonymous_3)
FN:16,(anonymous_4)
FN:20,(anonymous_5)
FN:29,(anonymous_6)
FN:30,(anonymous_7)
FN:32,(anonymous_8)
FNF:7
FNH:0
FNDA:0,(anonymous_2)
FNDA:0,(anonymous_3)
FNDA:0,(anonymous_4)
FNDA:0,(anonymous_5)
FNDA:0,(anonymous_6)
FNDA:0,(anonymous_7)
FNDA:0,(anonymous_8)
DA:1,0
DA:4,0
DA:5,0
DA:6,0
DA:7,0
DA:11,0
DA:12,0
DA:13,0
DA:14,0
DA:15,0
DA:16,0
DA:17,0
DA:18,0
DA:19,0
DA:20,0
DA:24,0
DA:25,0
DA:26,0
DA:27,0
DA:28,0
DA:29,0
DA:30,0
DA:31,0
DA:32,0
DA:36,0
DA:37,0
DA:38,0
DA:39,0
DA:43,0
DA:44,0
DA:45,0
DA:46,0
DA:47,0
DA:51,0
DA:52,0
DA:53,0
DA:54,0
DA:58,0
DA:59,0
DA:60,0
DA:61,0
DA:65,0
DA:66,0
DA:67,0
DA:68,0
DA:69,0
DA:73,0
DA:74,0
DA:75,0
DA:76,0
DA:80,0
DA:81,0
DA:82,0
DA:86,0
DA:87,0
DA:88,0
DA:89,0
DA:93,0
DA:94,0
DA:95,0
LF:60
LH:0
BRF:0
BRH:0
end_of_record
TN:
SF:src/prisma/prisma.module.ts
FNF:0
FNH:0
DA:1,0
DA:2,0
DA:6,0
LF:3
LH:0
BRF:0
BRH:0
end_of_record
TN:
SF:src/prisma/prisma.service.ts
FN:10,(anonymous_2)
FN:19,(anonymous_3)
FN:23,(anonymous_4)
FN:28,(anonymous_5)
FN:44,(anonymous_6)
FN:49,(anonymous_7)
FN:54,(anonymous_8)
FNF:7
FNH:4
FNDA:8,(anonymous_2)
FNDA:0,(anonymous_3)
FNDA:0,(anonymous_4)
FNDA:2,(anonymous_5)
FNDA:3,(anonymous_6)
FNDA:0,(anonymous_7)
FNDA:2,(anonymous_8)
DA:1,3
DA:2,3
DA:5,3
DA:6,8
DA:7,8
DA:8,8
DA:11,8
DA:19,8
DA:20,0
DA:23,8
DA:24,0
DA:29,2
DA:30,2
DA:31,5
DA:32,5
DA:33,1
DA:34,1
DA:36,4
DA:37,4
DA:40,4
DA:41,1
DA:42,1
DA:44,3
DA:50,0
DA:51,0
DA:55,2
DA:56,2
DA:57,1
DA:59,1
LF:29
LH:25
BRDA:40,0,0,1
BRF:1
BRH:1
end_of_record
TN:
SF:src/rankings/rankings.module.ts
FNF:0
FNH:0
DA:1,0
DA:2,0
DA:3,0
DA:9,0
LF:4
LH:0
BRF:0
BRH:0
end_of_record
TN:
SF:src/rankings/rankings.resolver.ts
FN:9,(anonymous_4)
FN:13,(anonymous_5)
FN:23,(anonymous_6)
FN:32,(anonymous_7)
FN:42,(anonymous_8)
FN:12,(anonymous_9)
FN:15,(anonymous_10)
FN:22,(anonymous_11)
FN:25,(anonymous_12)
FN:31,(anonymous_13)
FN:34,(anonymous_14)
FN:41,(anonymous_15)
FN:44,(anonymous_16)
FNF:13
FNH:0
FNDA:0,(anonymous_4)
FNDA:0,(anonymous_5)
FNDA:0,(anonymous_6)
FNDA:0,(anonymous_7)
FNDA:0,(anonymous_8)
FNDA:0,(anonymous_9)
FNDA:0,(anonymous_10)
FNDA:0,(anonymous_11)
FNDA:0,(anonymous_12)
FNDA:0,(anonymous_13)
FNDA:0,(anonymous_14)
FNDA:0,(anonymous_15)
FNDA:0,(anonymous_16)
DA:1,0
DA:2,0
DA:3,0
DA:4,0
DA:5,0
DA:8,0
DA:9,0
DA:12,0
DA:13,0
DA:15,0
DA:18,0
DA:22,0
DA:23,0
DA:25,0
DA:27,0
DA:31,0
DA:32,0
DA:34,0
DA:37,0
DA:41,0
DA:42,0
DA:44,0
DA:47,0
LF:23
LH:0
BRF:0
BRH:0
end_of_record
TN:
SF:src/rankings/rankings.service.ts
FN:11,(anonymous_2)
FN:19,(anonymous_3)
FN:43,(anonymous_4)
FN:75,(anonymous_5)
FN:134,(anonymous_6)
FN:141,(anonymous_7)
FN:153,(anonymous_8)
FN:171,(anonymous_9)
FN:176,(anonymous_10)
FN:177,(anonymous_11)
FN:246,(anonymous_12)
FN:265,(anonymous_13)
FN:295,(anonymous_14)
FN:312,(anonymous_15)
FN:313,(anonymous_16)
FN:315,(anonymous_17)
FN:316,(anonymous_18)
FN:317,(anonymous_19)
FN:318,(anonymous_20)
FN:337,(anonymous_21)
FN:356,(anonymous_22)
FN:391,(anonymous_23)
FNF:22
FNH:11
FNDA:10,(anonymous_2)
FNDA:8,(anonymous_3)
FNDA:10,(anonymous_4)
FNDA:12,(anonymous_5)
FNDA:27,(anonymous_6)
FNDA:17,(anonymous_7)
FNDA:15,(anonymous_8)
FNDA:4,(anonymous_9)
FNDA:1,(anonymous_10)
FNDA:1,(anonymous_11)
FNDA:11,(anonymous_12)
FNDA:0,(anonymous_13)
FNDA:0,(anonymous_14)
FNDA:0,(anonymous_15)
FNDA:0,(anonymous_16)
FNDA:0,(anonymous_17)
FNDA:0,(anonymous_18)
FNDA:0,(anonymous_19)
FNDA:0,(anonymous_20)
FNDA:0,(anonymous_21)
FNDA:0,(anonymous_22)
FNDA:0,(anonymous_23)
DA:1,1
DA:2,1
DA:3,1
DA:4,1
DA:8,1
DA:9,10
DA:12,10
DA:13,10
DA:20,8
DA:24,8
DA:25,8
DA:26,0
DA:27,0
DA:28,0
DA:30,8
DA:48,10
DA:51,10
DA:56,10
DA:57,1
DA:60,9
DA:63,9
DA:64,9
DA:65,9
DA:70,9
DA:71,1
DA:75,12
DA:76,8
DA:90,8
DA:93,8
DA:94,8
DA:95,13
DA:96,13
DA:97,13
DA:101,8
DA:117,8
DA:119,8
DA:120,12
DA:121,12
DA:122,1
DA:123,1
DA:126,11
DA:127,11
DA:129,11
DA:131,15
DA:132,15
DA:133,17
DA:134,27
DA:136,17
DA:140,15
DA:141,17
DA:144,15
DA:152,11
DA:153,15
DA:157,11
DA:171,8
DA:172,4
DA:173,3
DA:176,1
DA:177,1
DA:178,1
DA:180,1
DA:184,8
DA:185,8
DA:186,0
DA:188,8
DA:190,8
DA:193,8
DA:194,8
DA:195,8
DA:196,11
DA:198,11
DA:201,10
DA:204,11
DA:216,8
DA:217,8
DA:221,8
DA:234,8
DA:238,8
DA:246,11
DA:269,0
DA:270,0
DA:271,0
DA:273,0
DA:276,0
DA:282,0
DA:284,0
DA:289,0
DA:293,0
DA:295,0
DA:298,0
DA:300,0
DA:310,0
DA:311,0
DA:312,0
DA:313,0
DA:314,0
DA:315,0
DA:316,0
DA:317,0
DA:318,0
DA:319,0
DA:326,0
DA:329,0
DA:337,0
DA:361,0
DA:362,0
DA:363,0
DA:365,0
DA:368,0
DA:377,0
DA:379,0
DA:388,0
DA:396,0
DA:397,0
DA:398,0
DA:400,0
DA:403,0
DA:411,0
DA:413,0
DA:422,0
LF:120
LH:75
BRDA:26,0,0,0
BRDA:26,0,1,0
BRDA:27,1,0,0
BRDA:48,2,0,10
BRDA:48,2,1,10
BRDA:56,3,0,1
BRDA:56,4,0,10
BRDA:56,4,1,9
BRDA:64,5,0,0
BRDA:70,6,0,1
BRDA:95,7,0,13
BRDA:95,7,1,11
BRDA:120,8,0,12
BRDA:120,8,1,1
BRDA:121,9,0,1
BRDA:136,10,0,17
BRDA:136,11,0,17
BRDA:136,11,1,17
BRDA:140,12,0,15
BRDA:140,12,1,0
BRDA:161,13,0,11
BRDA:161,13,1,11
BRDA:162,14,0,11
BRDA:162,14,1,11
BRDA:165,15,0,11
BRDA:165,15,1,11
BRDA:172,16,0,3
BRDA:178,17,0,0
BRDA:185,18,0,0
BRDA:185,18,1,8
BRDA:198,19,0,1
BRDA:198,19,1,10
BRDA:198,20,0,11
BRDA:198,20,1,3
BRDA:206,21,0,11
BRDA:206,21,1,11
BRDA:216,22,0,8
BRDA:226,23,0,8
BRDA:226,23,1,8
BRDA:230,24,0,0
BRDA:230,24,1,8
BRDA:234,25,0,0
BRDA:234,25,1,8
BRDA:240,26,0,8
BRDA:240,26,1,8
BRDA:241,27,0,8
BRDA:241,27,1,8
BRDA:250,28,0,11
BRDA:250,28,1,11
BRDA:251,29,0,11
BRDA:251,29,1,11
BRDA:252,30,0,11
BRDA:252,30,1,0
BRDA:258,31,0,1
BRDA:258,31,1,10
BRDA:258,32,0,11
BRDA:258,32,1,3
BRDA:270,33,0,0
BRDA:270,33,1,0
BRDA:282,34,0,0
BRDA:284,35,0,0
BRDA:284,35,1,0
BRDA:293,36,0,0
BRDA:293,36,1,0
BRDA:316,37,0,0
BRDA:316,37,1,0
BRDA:318,38,0,0
BRDA:318,38,1,0
BRDA:332,39,0,0
BRDA:332,39,1,0
BRDA:333,40,0,0
BRDA:333,40,1,0
BRDA:341,41,0,0
BRDA:341,41,1,0
BRDA:342,42,0,0
BRDA:342,42,1,0
BRDA:346,43,0,0
BRDA:346,43,1,0
BRDA:347,44,0,0
BRDA:347,44,1,0
BRDA:349,45,0,0
BRDA:349,45,1,0
BRDA:349,46,0,0
BRDA:349,46,1,0
BRDA:362,47,0,0
BRDA:362,47,1,0
BRDA:384,48,0,0
BRDA:384,48,1,0
BRDA:388,49,0,0
BRDA:388,49,1,0
BRDA:397,50,0,0
BRDA:397,50,1,0
BRDA:418,51,0,0
BRDA:418,51,1,0
BRDA:422,52,0,0
BRDA:422,52,1,0
BRF:96
BRH:47
end_of_record
TN:
SF:src/rankings/rankings.types.ts
FN:10,(anonymous_2)
FN:11,(anonymous_3)
FN:21,(anonymous_4)
FN:22,(anonymous_5)
FN:23,(anonymous_6)
FN:24,(anonymous_7)
FN:34,(anonymous_8)
FN:35,(anonymous_9)
FN:36,(anonymous_10)
FN:37,(anonymous_11)
FNF:10
FNH:0
FNDA:0,(anonymous_2)
FNDA:0,(anonymous_3)
FNDA:0,(anonymous_4)
FNDA:0,(anonymous_5)
FNDA:0,(anonymous_6)
FNDA:0,(anonymous_7)
FNDA:0,(anonymous_8)
FNDA:0,(anonymous_9)
FNDA:0,(anonymous_10)
FNDA:0,(anonymous_11)
DA:1,0
DA:2,0
DA:4,0
DA:7,0
DA:8,0
DA:9,0
DA:10,0
DA:11,0
DA:15,0
DA:16,0
DA:17,0
DA:18,0
DA:19,0
DA:20,0
DA:21,0
DA:22,0
DA:23,0
DA:24,0
DA:25,0
DA:26,0
DA:30,0
DA:31,0
DA:32,0
DA:33,0
DA:34,0
DA:35,0
DA:36,0
DA:37,0
DA:38,0
LF:29
LH:0
BRF:0
BRH:0
end_of_record
TN:
SF:src/rooms/rooms.module.ts
FNF:0
FNH:0
DA:1,0
DA:2,0
DA:3,0
DA:4,0
DA:10,0
LF:5
LH:0
BRF:0
BRH:0
end_of_record
TN:
SF:src/rooms/rooms.resolver.ts
FN:11,(anonymous_4)
FN:19,(anonymous_5)
FN:25,(anonymous_6)
FN:31,(anonymous_7)
FN:36,(anonymous_8)
FN:41,(anonymous_9)
FN:47,(anonymous_10)
FN:53,(anonymous_11)
FN:67,(anonymous_12)
FN:18,(anonymous_13)
FN:24,(anonymous_14)
FN:30,(anonymous_15)
FN:35,(anonymous_16)
FN:40,(anonymous_17)
FN:46,(anonymous_18)
FN:52,(anonymous_19)
FN:66,(anonymous_20)
FNF:17
FNH:0
FNDA:0,(anonymous_4)
FNDA:0,(anonymous_5)
FNDA:0,(anonymous_6)
FNDA:0,(anonymous_7)
FNDA:0,(anonymous_8)
FNDA:0,(anonymous_9)
FNDA:0,(anonymous_10)
FNDA:0,(anonymous_11)
FNDA:0,(anonymous_12)
FNDA:0,(anonymous_13)
FNDA:0,(anonymous_14)
FNDA:0,(anonymous_15)
FNDA:0,(anonymous_16)
FNDA:0,(anonymous_17)
FNDA:0,(anonymous_18)
FNDA:0,(anonymous_19)
FNDA:0,(anonymous_20)
DA:1,0
DA:2,0
DA:3,0
DA:4,0
DA:5,0
DA:6,0
DA:7,0
DA:10,0
DA:12,0
DA:13,0
DA:14,0
DA:18,0
DA:19,0
DA:20,0
DA:24,0
DA:25,0
DA:26,0
DA:30,0
DA:31,0
DA:32,0
DA:35,0
DA:36,0
DA:37,0
DA:40,0
DA:41,0
DA:42,0
DA:46,0
DA:47,0
DA:48,0
DA:52,0
DA:53,0
DA:58,0
DA:59,0
DA:60,0
DA:63,0
DA:66,0
DA:67,0
DA:71,0
DA:72,0
LF:39
LH:0
BRDA:71,0,0,0
BRF:1
BRH:0
end_of_record
TN:
SF:src/rooms/rooms.service.ts
FN:9,(anonymous_2)
FN:14,(anonymous_3)
FN:31,(anonymous_4)
FN:46,(anonymous_5)
FN:53,(anonymous_6)
FN:59,(anonymous_7)
FNF:6
FNH:0
FNDA:0,(anonymous_2)
FNDA:0,(anonymous_3)
FNDA:0,(anonymous_4)
FNDA:0,(anonymous_5)
FNDA:0,(anonymous_6)
FNDA:0,(anonymous_7)
DA:1,0
DA:2,0
DA:3,0
DA:4,0
DA:8,0
DA:10,0
DA:11,0
DA:15,0
DA:18,0
DA:20,0
DA:22,0
DA:28,0
DA:32,0
DA:33,0
DA:35,0
DA:37,0
DA:43,0
DA:47,0
DA:54,0
DA:55,0
DA:56,0
DA:60,0
DA:61,0
DA:62,0
DA:63,0
LF:25
LH:0
BRDA:18,0,0,0
BRDA:33,1,0,0
BRDA:55,2,0,0
BRF:3
BRH:0
end_of_record
TN:
SF:src/rooms/rooms.types.ts
FN:12,(anonymous_2)
FN:15,(anonymous_3)
FN:23,(anonymous_4)
FN:31,(anonymous_5)
FN:34,(anonymous_6)
FN:44,(anonymous_7)
FN:54,(anonymous_8)
FN:55,(anonymous_9)
FNF:8
FNH:0
FNDA:0,(anonymous_2)
FNDA:0,(anonymous_3)
FNDA:0,(anonymous_4)
FNDA:0,(anonymous_5)
FNDA:0,(anonymous_6)
FNDA:0,(anonymous_7)
FNDA:0,(anonymous_8)
FNDA:0,(anonymous_9)
DA:1,0
DA:2,0
DA:4,0
DA:5,0
DA:8,0
DA:9,0
DA:10,0
DA:11,0
DA:12,0
DA:13,0
DA:14,0
DA:15,0
DA:16,0
DA:20,0
DA:21,0
DA:22,0
DA:23,0
DA:24,0
DA:25,0
DA:29,0
DA:30,0
DA:31,0
DA:32,0
DA:33,0
DA:34,0
DA:38,0
DA:39,0
DA:40,0
DA:41,0
DA:42,0
DA:43,0
DA:44,0
DA:45,0
DA:49,0
DA:50,0
DA:51,0
DA:52,0
DA:53,0
DA:54,0
DA:55,0
DA:56,0
DA:57,0
LF:42
LH:0
BRF:0
BRH:0
end_of_record
TN:
SF:src/rooms/time-slots.service.ts
FN:9,(anonymous_2)
FN:18,(anonymous_3)
FN:25,(anonymous_4)
FN:42,(anonymous_5)
FN:57,(anonymous_6)
FN:139,(anonymous_7)
FN:146,(anonymous_8)
FNF:7
FNH:0
FNDA:0,(anonymous_2)
FNDA:0,(anonymous_3)
FNDA:0,(anonymous_4)
FNDA:0,(anonymous_5)
FNDA:0,(anonymous_6)
FNDA:0,(anonymous_7)
FNDA:0,(anonymous_8)
DA:1,0
DA:2,0
DA:3,0
DA:4,0
DA:8,0
DA:10,0
DA:11,0
DA:19,0
DA:20,0
DA:24,0
DA:25,0
DA:26,0
DA:28,0
DA:29,0
DA:30,0
DA:31,0
DA:32,0
DA:33,0
DA:39,0
DA:43,0
DA:46,0
DA:47,0
DA:50,0
DA:53,0
DA:54,0
DA:57,0
DA:58,0
DA:62,0
DA:64,0
DA:65,0
DA:66,0
DA:67,0
DA:69,0
DA:70,0
DA:71,0
DA:75,0
DA:79,0
DA:80,0
DA:82,0
DA:83,0
DA:86,0
DA:87,0
DA:88,0
DA:95,0
DA:96,0
DA:99,0
DA:102,0
DA:110,0
DA:111,0
DA:112,0
DA:118,0
DA:120,0
DA:124,0
DA:126,0
DA:133,0
DA:140,0
DA:147,0
LF:57
LH:0
BRDA:26,0,0,0
BRDA:29,1,0,0
BRDA:30,2,0,0
BRDA:30,2,1,0
BRDA:32,3,0,0
BRDA:32,3,1,0
BRDA:47,4,0,0
BRDA:47,4,1,0
BRDA:66,5,0,0
BRDA:66,5,1,0
BRDA:67,6,0,0
BRDA:67,6,1,0
BRDA:69,7,0,0
BRDA:70,8,0,0
BRDA:70,9,0,0
BRDA:70,9,1,0
BRDA:70,9,2,0
BRDA:86,10,0,0
BRDA:86,11,0,0
BRDA:86,11,1,0
BRDA:86,11,2,0
BRDA:86,11,3,0
BRDA:87,12,0,0
BRDA:99,13,0,0
BRDA:111,14,0,0
BRDA:111,14,1,0
BRDA:111,15,0,0
BRDA:111,15,1,0
BRF:28
BRH:0
end_of_record
TN:
SF:src/scheduling/scheduling.module.ts
FNF:0
FNH:0
DA:1,0
DA:2,0
DA:3,0
DA:9,0
LF:4
LH:0
BRF:0
BRH:0
end_of_record
TN:
SF:src/scheduling/scheduling.resolver.ts
FN:12,(anonymous_4)
FN:20,(anonymous_5)
FN:34,(anonymous_6)
FN:19,(anonymous_7)
FN:33,(anonymous_8)
FNF:5
FNH:0
FNDA:0,(anonymous_4)
FNDA:0,(anonymous_5)
FNDA:0,(anonymous_6)
FNDA:0,(anonymous_7)
FNDA:0,(anonymous_8)
DA:1,0
DA:2,0
DA:3,0
DA:4,0
DA:5,0
DA:6,0
DA:7,0
DA:8,0
DA:11,0
DA:13,0
DA:14,0
DA:15,0
DA:19,0
DA:20,0
DA:24,0
DA:33,0
DA:34,0
DA:38,0
DA:39,0
DA:40,0
DA:41,0
DA:44,0
DA:45,0
DA:46,0
DA:47,0
DA:48,0
DA:50,0
DA:56,0
LF:28
LH:0
BRDA:39,0,0,0
BRDA:40,1,0,0
BRDA:40,2,0,0
BRDA:40,2,1,0
BRF:4
BRH:0
end_of_record
TN:
SF:src/scheduling/scheduling.service.ts
FN:11,(anonymous_2)
FN:19,(anonymous_3)
FN:42,(anonymous_4)
FN:44,(anonymous_5)
FN:45,(anonymous_6)
FN:51,(anonymous_7)
FN:53,(anonymous_8)
FN:62,(anonymous_9)
FN:68,(anonymous_10)
FN:70,(anonymous_11)
FN:76,(anonymous_12)
FN:110,(anonymous_13)
FNF:12
FNH:0
FNDA:0,(anonymous_2)
FNDA:0,(anonymous_3)
FNDA:0,(anonymous_4)
FNDA:0,(anonymous_5)
FNDA:0,(anonymous_6)
FNDA:0,(anonymous_7)
FNDA:0,(anonymous_8)
FNDA:0,(anonymous_9)
FNDA:0,(anonymous_10)
FNDA:0,(anonymous_11)
FNDA:0,(anonymous_12)
FNDA:0,(anonymous_13)
DA:1,0
DA:2,0
DA:3,0
DA:4,0
DA:5,0
DA:8,0
DA:12,0
DA:13,0
DA:14,0
DA:16,0
DA:21,0
DA:42,0
DA:43,0
DA:45,0
DA:46,0
DA:47,0
DA:48,0
DA:51,0
DA:53,0
DA:55,0
DA:62,0
DA:66,0
DA:68,0
DA:70,0
DA:76,0
DA:82,0
DA:83,0
DA:89,0
DA:90,0
DA:91,0
DA:94,0
DA:96,0
DA:108,0
DA:110,0
DA:128,0
DA:129,0
LF:36
LH:0
BRDA:48,0,0,0
BRDA:48,0,1,0
BRDA:48,0,2,0
BRDA:89,1,0,0
BRDA:101,2,0,0
BRDA:101,2,1,0
BRDA:102,3,0,0
BRDA:102,3,1,0
BRDA:110,4,0,0
BRDA:110,4,1,0
BRDA:122,5,0,0
BRDA:122,5,1,0
BRDA:123,6,0,0
BRDA:123,6,1,0
BRDA:124,7,0,0
BRDA:124,7,1,0
BRDA:125,8,0,0
BRDA:125,8,1,0
BRDA:128,9,0,0
BRF:19
BRH:0
end_of_record
TN:
SF:src/scheduling/scheduling.types.ts
FN:13,(anonymous_2)
FN:14,(anonymous_3)
FN:20,(anonymous_4)
FN:21,(anonymous_5)
FN:22,(anonymous_6)
FN:23,(anonymous_7)
FN:24,(anonymous_8)
FN:30,(anonymous_9)
FN:31,(anonymous_10)
FNF:9
FNH:0
FNDA:0,(anonymous_2)
FNDA:0,(anonymous_3)
FNDA:0,(anonymous_4)
FNDA:0,(anonymous_5)
FNDA:0,(anonymous_6)
FNDA:0,(anonymous_7)
FNDA:0,(anonymous_8)
FNDA:0,(anonymous_9)
FNDA:0,(anonymous_10)
DA:1,0
DA:4,0
DA:5,0
DA:6,0
DA:7,0
DA:8,0
DA:9,0
DA:10,0
DA:11,0
DA:12,0
DA:13,0
DA:14,0
DA:18,0
DA:19,0
DA:20,0
DA:21,0
DA:22,0
DA:23,0
DA:24,0
DA:28,0
DA:29,0
DA:30,0
DA:31,0
LF:23
LH:0
BRF:0
BRH:0
end_of_record
TN:
SF:src/scorecards/scorecards.module.ts
FNF:0
FNH:0
DA:1,0
DA:2,0
DA:3,0
DA:9,0
LF:4
LH:0
BRF:0
BRH:0
end_of_record
TN:
SF:src/scorecards/scorecards.resolver.ts
FN:9,(anonymous_4)
FN:12,(anonymous_5)
FN:20,(anonymous_6)
FN:25,(anonymous_7)
FN:30,(anonymous_8)
FN:35,(anonymous_9)
FN:43,(anonymous_10)
FN:52,(anonymous_11)
FN:62,(anonymous_12)
FN:11,(anonymous_13)
FN:19,(anonymous_14)
FN:24,(anonymous_15)
FN:29,(anonymous_16)
FN:34,(anonymous_17)
FN:42,(anonymous_18)
FN:51,(anonymous_19)
FN:61,(anonymous_20)
FN:7,(anonymous_21)
FNF:18
FNH:0
FNDA:0,(anonymous_4)
FNDA:0,(anonymous_5)
FNDA:0,(anonymous_6)
FNDA:0,(anonymous_7)
FNDA:0,(anonymous_8)
FNDA:0,(anonymous_9)
FNDA:0,(anonymous_10)
FNDA:0,(anonymous_11)
FNDA:0,(anonymous_12)
FNDA:0,(anonymous_13)
FNDA:0,(anonymous_14)
FNDA:0,(anonymous_15)
FNDA:0,(anonymous_16)
FNDA:0,(anonymous_17)
FNDA:0,(anonymous_18)
FNDA:0,(anonymous_19)
FNDA:0,(anonymous_20)
FNDA:0,(anonymous_21)
DA:1,0
DA:2,0
DA:3,0
DA:4,0
DA:5,0
DA:7,0
DA:8,0
DA:9,0
DA:11,0
DA:12,0
DA:16,0
DA:19,0
DA:20,0
DA:21,0
DA:24,0
DA:25,0
DA:26,0
DA:29,0
DA:30,0
DA:31,0
DA:34,0
DA:35,0
DA:39,0
DA:42,0
DA:43,0
DA:47,0
DA:51,0
DA:52,0
DA:57,0
DA:61,0
DA:62,0
DA:66,0
LF:32
LH:0
BRF:0
BRH:0
end_of_record
TN:
SF:src/scorecards/scorecards.service.ts
FN:9,(anonymous_2)
FN:14,(anonymous_3)
FN:20,(anonymous_4)
FN:34,(anonymous_5)
FN:52,(anonymous_6)
FN:62,(anonymous_7)
FN:65,(anonymous_8)
FN:73,(anonymous_9)
FN:76,(anonymous_10)
FN:88,(anonymous_11)
FN:97,(anonymous_12)
FN:101,(anonymous_13)
FN:112,(anonymous_14)
FN:129,(anonymous_15)
FN:143,(anonymous_16)
FN:170,(anonymous_17)
FN:191,(anonymous_18)
FN:221,(anonymous_19)
FN:242,(anonymous_20)
FN:267,(anonymous_21)
FNF:20
FNH:0
FNDA:0,(anonymous_2)
FNDA:0,(anonymous_3)
FNDA:0,(anonymous_4)
FNDA:0,(anonymous_5)
FNDA:0,(anonymous_6)
FNDA:0,(anonymous_7)
FNDA:0,(anonymous_8)
FNDA:0,(anonymous_9)
FNDA:0,(anonymous_10)
FNDA:0,(anonymous_11)
FNDA:0,(anonymous_12)
FNDA:0,(anonymous_13)
FNDA:0,(anonymous_14)
FNDA:0,(anonymous_15)
FNDA:0,(anonymous_16)
FNDA:0,(anonymous_17)
FNDA:0,(anonymous_18)
FNDA:0,(anonymous_19)
FNDA:0,(anonymous_20)
FNDA:0,(anonymous_21)
DA:1,0
DA:2,0
DA:3,0
DA:4,0
DA:8,0
DA:10,0
DA:11,0
DA:15,0
DA:20,0
DA:36,0
DA:37,0
DA:38,0
DA:39,0
DA:43,0
DA:44,0
DA:46,0
DA:47,0
DA:48,0
DA:53,0
DA:62,0
DA:66,0
DA:73,0
DA:77,0
DA:84,0
DA:85,0
DA:89,0
DA:97,0
DA:102,0
DA:112,0
DA:113,0
DA:114,0
DA:115,0
DA:118,0
DA:130,0
DA:134,0
DA:135,0
DA:144,0
DA:148,0
DA:151,0
DA:153,0
DA:154,0
DA:157,0
DA:160,0
DA:162,0
DA:163,0
DA:170,0
DA:171,0
DA:173,0
DA:188,0
DA:192,0
DA:196,0
DA:199,0
DA:201,0
DA:202,0
DA:205,0
DA:206,0
DA:207,0
DA:209,0
DA:210,0
DA:212,0
DA:213,0
DA:217,0
DA:218,0
DA:221,0
DA:222,0
DA:224,0
DA:233,0
DA:239,0
DA:243,0
DA:244,0
DA:245,0
DA:246,0
DA:249,0
DA:258,0
DA:264,0
DA:268,0
DA:276,0
LF:77
LH:0
BRDA:17,0,0,0
BRDA:17,0,1,0
BRDA:18,1,0,0
BRDA:18,1,1,0
BRDA:19,2,0,0
BRDA:19,2,1,0
BRDA:20,3,0,0
BRDA:20,3,1,0
BRDA:23,4,0,0
BRDA:23,4,1,0
BRDA:24,5,0,0
BRDA:24,5,1,0
BRDA:25,6,0,0
BRDA:25,6,1,0
BRDA:26,7,0,0
BRDA:26,7,1,0
BRDA:37,8,0,0
BRDA:38,9,0,0
BRDA:38,10,0,0
BRDA:38,10,1,0
BRDA:44,11,0,0
BRDA:47,12,0,0
BRDA:84,13,0,0
BRDA:115,14,0,0
BRDA:115,14,1,0
BRDA:115,15,0,0
BRDA:115,15,1,0
BRDA:120,16,0,0
BRDA:120,16,1,0
BRDA:121,17,0,0
BRDA:121,17,1,0
BRDA:148,18,0,0
BRDA:153,19,0,0
BRDA:160,20,0,0
BRDA:171,21,0,0
BRDA:171,21,1,0
BRDA:171,22,0,0
BRDA:171,22,1,0
BRDA:196,23,0,0
BRDA:201,24,0,0
BRDA:206,25,0,0
BRDA:206,26,0,0
BRDA:206,26,1,0
BRDA:209,27,0,0
BRDA:212,28,0,0
BRDA:212,29,0,0
BRDA:212,29,1,0
BRDA:217,30,0,0
BRDA:221,31,0,0
BRDA:221,31,1,0
BRDA:222,32,0,0
BRDA:222,32,1,0
BRDA:244,33,0,0
BRDA:245,34,0,0
BRF:54
BRH:0
end_of_record
TN:
SF:src/scorecards/scorecards.types.ts
FN:11,(anonymous_2)
FN:14,(anonymous_3)
FN:27,(anonymous_4)
FN:28,(anonymous_5)
FN:35,(anonymous_6)
FN:41,(anonymous_7)
FN:48,(anonymous_8)
FNF:7
FNH:0
FNDA:0,(anonymous_2)
FNDA:0,(anonymous_3)
FNDA:0,(anonymous_4)
FNDA:0,(anonymous_5)
FNDA:0,(anonymous_6)
FNDA:0,(anonymous_7)
FNDA:0,(anonymous_8)
DA:1,0
DA:2,0
DA:4,0
DA:7,0
DA:8,0
DA:9,0
DA:10,0
DA:11,0
DA:12,0
DA:13,0
DA:14,0
DA:15,0
DA:19,0
DA:20,0
DA:21,0
DA:22,0
DA:23,0
DA:24,0
DA:25,0
DA:26,0
DA:27,0
DA:28,0
DA:29,0
DA:30,0
DA:31,0
DA:32,0
DA:33,0
DA:34,0
DA:35,0
DA:39,0
DA:40,0
DA:41,0
DA:42,0
DA:46,0
DA:47,0
DA:48,0
DA:49,0
DA:50,0
DA:51,0
DA:55,0
DA:56,0
DA:57,0
LF:42
LH:0
BRF:0
BRH:0
end_of_record
TN:
SF:src/scoring-templates/scoring-templates.module.ts
FNF:0
FNH:0
DA:1,0
DA:2,0
DA:3,0
DA:9,0
LF:4
LH:0
BRF:0
BRH:0
end_of_record
TN:
SF:src/scoring-templates/scoring-templates.resolver.ts
FN:13,(anonymous_4)
FN:17,(anonymous_5)
FN:26,(anonymous_6)
FN:35,(anonymous_7)
FN:40,(anonymous_8)
FN:46,(anonymous_9)
FN:55,(anonymous_10)
FN:65,(anonymous_11)
FN:74,(anonymous_12)
FN:16,(anonymous_13)
FN:25,(anonymous_14)
FN:34,(anonymous_15)
FN:39,(anonymous_16)
FN:45,(anonymous_17)
FN:54,(anonymous_18)
FN:64,(anonymous_19)
FN:73,(anonymous_20)
FN:75,(anonymous_21)
FN:11,(anonymous_22)
FNF:19
FNH:0
FNDA:0,(anonymous_4)
FNDA:0,(anonymous_5)
FNDA:0,(anonymous_6)
FNDA:0,(anonymous_7)
FNDA:0,(anonymous_8)
FNDA:0,(anonymous_9)
FNDA:0,(anonymous_10)
FNDA:0,(anonymous_11)
FNDA:0,(anonymous_12)
FNDA:0,(anonymous_13)
FNDA:0,(anonymous_14)
FNDA:0,(anonymous_15)
FNDA:0,(anonymous_16)
FNDA:0,(anonymous_17)
FNDA:0,(anonymous_18)
FNDA:0,(anonymous_19)
FNDA:0,(anonymous_20)
FNDA:0,(anonymous_21)
FNDA:0,(anonymous_22)
DA:1,0
DA:2,0
DA:3,0
DA:8,0
DA:9,0
DA:11,0
DA:12,0
DA:13,0
DA:16,0
DA:17,0
DA:21,0
DA:25,0
DA:26,0
DA:31,0
DA:34,0
DA:35,0
DA:36,0
DA:39,0
DA:40,0
DA:41,0
DA:45,0
DA:46,0
DA:50,0
DA:54,0
DA:55,0
DA:60,0
DA:64,0
DA:65,0
DA:69,0
DA:73,0
DA:74,0
DA:75,0
DA:77,0
LF:33
LH:0
BRF:0
BRH:0
end_of_record
TN:
SF:src/scoring-templates/scoring-templates.service.ts
FN:9,(anonymous_2)
FN:14,(anonymous_3)
FN:15,(anonymous_4)
FN:19,(anonymous_5)
FN:27,(anonymous_6)
FN:42,(anonymous_7)
FN:60,(anonymous_8)
FN:69,(anonymous_9)
FN:75,(anonymous_10)
FN:78,(anonymous_11)
FN:85,(anonymous_12)
FN:92,(anonymous_13)
FN:122,(anonymous_14)
FN:131,(anonymous_15)
FN:132,(anonymous_16)
FN:151,(anonymous_17)
FN:169,(anonymous_18)
FNF:17
FNH:0
FNDA:0,(anonymous_2)
FNDA:0,(anonymous_3)
FNDA:0,(anonymous_4)
FNDA:0,(anonymous_5)
FNDA:0,(anonymous_6)
FNDA:0,(anonymous_7)
FNDA:0,(anonymous_8)
FNDA:0,(anonymous_9)
FNDA:0,(anonymous_10)
FNDA:0,(anonymous_11)
FNDA:0,(anonymous_12)
FNDA:0,(anonymous_13)
FNDA:0,(anonymous_14)
FNDA:0,(anonymous_15)
FNDA:0,(anonymous_16)
FNDA:0,(anonymous_17)
FNDA:0,(anonymous_18)
DA:1,0
DA:2,0
DA:3,0
DA:4,0
DA:8,0
DA:10,0
DA:11,0
DA:15,0
DA:16,0
DA:19,0
DA:28,0
DA:33,0
DA:39,0
DA:43,0
DA:44,0
DA:46,0
DA:51,0
DA:57,0
DA:61,0
DA:65,0
DA:66,0
DA:70,0
DA:75,0
DA:79,0
DA:83,0
DA:85,0
DA:86,0
DA:87,0
DA:92,0
DA:94,0
DA:109,0
DA:115,0
DA:123,0
DA:127,0
DA:129,0
DA:130,0
DA:131,0
DA:132,0
DA:133,0
DA:134,0
DA:140,0
DA:144,0
DA:152,0
DA:156,0
DA:158,0
DA:160,0
DA:166,0
DA:170,0
DA:171,0
DA:176,0
LF:50
LH:0
BRDA:15,0,0,0
BRDA:15,0,1,0
BRDA:19,1,0,0
BRDA:19,1,1,0
BRDA:44,2,0,0
BRDA:65,3,0,0
BRDA:83,4,0,0
BRDA:86,5,0,0
BRDA:103,6,0,0
BRDA:103,6,1,0
BRDA:127,7,0,0
BRDA:129,8,0,0
BRDA:133,9,0,0
BRDA:156,10,0,0
BRF:14
BRH:0
end_of_record
TN:
SF:src/scoring-templates/scoring-templates.types.ts
FN:13,(anonymous_2)
FN:14,(anonymous_3)
FN:15,(anonymous_4)
FN:17,(anonymous_5)
FN:19,(anonymous_6)
FN:28,(anonymous_7)
FN:29,(anonymous_8)
FN:31,(anonymous_9)
FN:32,(anonymous_10)
FN:46,(anonymous_11)
FN:54,(anonymous_12)
FN:55,(anonymous_13)
FN:57,(anonymous_14)
FN:59,(anonymous_15)
FN:66,(anonymous_16)
FN:67,(anonymous_17)
FN:69,(anonymous_18)
FN:71,(anonymous_19)
FN:77,(anonymous_20)
FNF:19
FNH:0
FNDA:0,(anonymous_2)
FNDA:0,(anonymous_3)
FNDA:0,(anonymous_4)
FNDA:0,(anonymous_5)
FNDA:0,(anonymous_6)
FNDA:0,(anonymous_7)
FNDA:0,(anonymous_8)
FNDA:0,(anonymous_9)
FNDA:0,(anonymous_10)
FNDA:0,(anonymous_11)
FNDA:0,(anonymous_12)
FNDA:0,(anonymous_13)
FNDA:0,(anonymous_14)
FNDA:0,(anonymous_15)
FNDA:0,(anonymous_16)
FNDA:0,(anonymous_17)
FNDA:0,(anonymous_18)
FNDA:0,(anonymous_19)
FNDA:0,(anonymous_20)
DA:1,0
DA:2,0
DA:3,0
DA:5,0
DA:8,0
DA:9,0
DA:10,0
DA:11,0
DA:12,0
DA:13,0
DA:14,0
DA:15,0
DA:16,0
DA:17,0
DA:18,0
DA:19,0
DA:23,0
DA:24,0
DA:25,0
DA:26,0
DA:27,0
DA:28,0
DA:29,0
DA:30,0
DA:31,0
DA:32,0
DA:36,0
DA:37,0
DA:38,0
DA:39,0
DA:43,0
DA:44,0
DA:45,0
DA:46,0
DA:50,0
DA:51,0
DA:52,0
DA:53,0
DA:54,0
DA:55,0
DA:56,0
DA:57,0
DA:58,0
DA:59,0
DA:63,0
DA:64,0
DA:65,0
DA:66,0
DA:67,0
DA:68,0
DA:69,0
DA:70,0
DA:71,0
DA:75,0
DA:76,0
DA:77,0
LF:56
LH:0
BRF:0
BRH:0
end_of_record
TN:
SF:src/sessions/sessions.module.ts
FNF:0
FNH:0
DA:1,0
DA:2,0
DA:3,0
DA:9,0
LF:4
LH:0
BRF:0
BRH:0
end_of_record
TN:
SF:src/sessions/sessions.resolver.ts
FN:9,(anonymous_4)
FN:13,(anonymous_5)
FN:21,(anonymous_6)
FN:26,(anonymous_7)
FN:12,(anonymous_8)
FN:14,(anonymous_9)
FN:20,(anonymous_10)
FN:25,(anonymous_11)
FN:7,(anonymous_12)
FNF:9
FNH:0
FNDA:0,(anonymous_4)
FNDA:0,(anonymous_5)
FNDA:0,(anonymous_6)
FNDA:0,(anonymous_7)
FNDA:0,(anonymous_8)
FNDA:0,(anonymous_9)
FNDA:0,(anonymous_10)
FNDA:0,(anonymous_11)
FNDA:0,(anonymous_12)
DA:1,0
DA:2,0
DA:3,0
DA:4,0
DA:5,0
DA:7,0
DA:8,0
DA:9,0
DA:12,0
DA:13,0
DA:14,0
DA:17,0
DA:20,0
DA:21,0
DA:22,0
DA:25,0
DA:26,0
DA:27,0
LF:18
LH:0
BRF:0
BRH:0
end_of_record
TN:
SF:src/sessions/sessions.service.ts
FN:9,(anonymous_2)
FN:14,(anonymous_3)
FN:21,(anonymous_4)
FN:27,(anonymous_5)
FN:34,(anonymous_6)
FN:48,(anonymous_7)
FN:84,(anonymous_8)
FN:95,(anonymous_9)
FN:98,(anonymous_10)
FNF:9
FNH:0
FNDA:0,(anonymous_2)
FNDA:0,(anonymous_3)
FNDA:0,(anonymous_4)
FNDA:0,(anonymous_5)
FNDA:0,(anonymous_6)
FNDA:0,(anonymous_7)
FNDA:0,(anonymous_8)
FNDA:0,(anonymous_9)
FNDA:0,(anonymous_10)
DA:1,0
DA:2,0
DA:3,0
DA:4,0
DA:8,0
DA:10,0
DA:11,0
DA:15,0
DA:21,0
DA:28,0
DA:35,0
DA:36,0
DA:37,0
DA:39,0
DA:48,0
DA:60,0
DA:61,0
DA:71,0
DA:74,0
DA:81,0
DA:85,0
DA:95,0
DA:99,0
DA:108,0
DA:109,0
LF:25
LH:0
BRDA:17,0,0,0
BRDA:17,0,1,0
BRDA:18,1,0,0
BRDA:18,1,1,0
BRDA:19,2,0,0
BRDA:19,2,1,0
BRDA:20,3,0,0
BRDA:20,3,1,0
BRDA:21,4,0,0
BRDA:21,4,1,0
BRDA:24,5,0,0
BRDA:24,5,1,0
BRDA:27,6,0,0
BRDA:27,6,1,0
BRDA:30,7,0,0
BRDA:30,7,1,0
BRDA:108,8,0,0
BRF:17
BRH:0
end_of_record
TN:
SF:src/sessions/sessions.types.ts
FN:25,(anonymous_2)
FN:30,(anonymous_3)
FN:33,(anonymous_4)
FN:34,(anonymous_5)
FN:35,(anonymous_6)
FN:44,(anonymous_7)
FNF:6
FNH:0
FNDA:0,(anonymous_2)
FNDA:0,(anonymous_3)
FNDA:0,(anonymous_4)
FNDA:0,(anonymous_5)
FNDA:0,(anonymous_6)
FNDA:0,(anonymous_7)
DA:1,0
DA:2,0
DA:4,0
DA:7,0
DA:8,0
DA:9,0
DA:10,0
DA:11,0
DA:15,0
DA:16,0
DA:17,0
DA:18,0
DA:19,0
DA:20,0
DA:21,0
DA:22,0
DA:23,0
DA:24,0
DA:25,0
DA:26,0
DA:27,0
DA:28,0
DA:29,0
DA:30,0
DA:31,0
DA:32,0
DA:33,0
DA:34,0
DA:35,0
DA:39,0
DA:40,0
DA:41,0
DA:42,0
DA:43,0
DA:44,0
LF:35
LH:0
BRF:0
BRH:0
end_of_record
TN:
SF:src/teams/teams-import.controller.ts
FN:9,(anonymous_4)
FN:14,(anonymous_5)
FNF:2
FNH:0
FNDA:0,(anonymous_4)
FNDA:0,(anonymous_5)
DA:1,0
DA:2,0
DA:3,0
DA:4,0
DA:5,0
DA:8,0
DA:9,0
DA:14,0
DA:19,0
DA:20,0
DA:21,0
DA:22,0
LF:12
LH:0
BRDA:21,0,0,0
BRDA:21,0,1,0
BRF:2
BRH:0
end_of_record
TN:
SF:src/teams/teams.module.ts
FNF:0
FNH:0
DA:1,0
DA:2,0
DA:3,0
DA:4,0
DA:5,0
DA:13,0
LF:6
LH:0
BRF:0
BRH:0
end_of_record
TN:
SF:src/teams/teams.resolver.ts
FN:9,(anonymous_4)
FN:13,(anonymous_5)
FN:19,(anonymous_6)
FN:25,(anonymous_7)
FN:30,(anonymous_8)
FN:39,(anonymous_9)
FN:12,(anonymous_10)
FN:18,(anonymous_11)
FN:24,(anonymous_12)
FN:29,(anonymous_13)
FN:38,(anonymous_14)
FN:7,(anonymous_15)
FNF:12
FNH:0
FNDA:0,(anonymous_4)
FNDA:0,(anonymous_5)
FNDA:0,(anonymous_6)
FNDA:0,(anonymous_7)
FNDA:0,(anonymous_8)
FNDA:0,(anonymous_9)
FNDA:0,(anonymous_10)
FNDA:0,(anonymous_11)
FNDA:0,(anonymous_12)
FNDA:0,(anonymous_13)
FNDA:0,(anonymous_14)
FNDA:0,(anonymous_15)
DA:1,0
DA:2,0
DA:3,0
DA:4,0
DA:5,0
DA:7,0
DA:8,0
DA:9,0
DA:12,0
DA:13,0
DA:14,0
DA:18,0
DA:19,0
DA:20,0
DA:24,0
DA:25,0
DA:26,0
DA:29,0
DA:30,0
DA:35,0
DA:38,0
DA:39,0
DA:40,0
LF:23
LH:0
BRF:0
BRH:0
end_of_record
TN:
SF:src/teams/teams.service.ts
FN:9,(anonymous_2)
FN:14,(anonymous_3)
FN:39,(anonymous_4)
FN:64,(anonymous_5)
FN:74,(anonymous_6)
FN:77,(anonymous_7)
FN:86,(anonymous_8)
FN:94,(anonymous_9)
FN:101,(anonymous_10)
FN:126,(anonymous_11)
FN:162,(anonymous_12)
FNF:11
FNH:0
FNDA:0,(anonymous_2)
FNDA:0,(anonymous_3)
FNDA:0,(anonymous_4)
FNDA:0,(anonymous_5)
FNDA:0,(anonymous_6)
FNDA:0,(anonymous_7)
FNDA:0,(anonymous_8)
FNDA:0,(anonymous_9)
FNDA:0,(anonymous_10)
FNDA:0,(anonymous_11)
FNDA:0,(anonymous_12)
DA:1,0
DA:2,0
DA:3,0
DA:4,0
DA:8,0
DA:10,0
DA:11,0
DA:15,0
DA:18,0
DA:20,0
DA:21,0
DA:22,0
DA:25,0
DA:30,0
DA:36,0
DA:40,0
DA:41,0
DA:43,0
DA:44,0
DA:47,0
DA:50,0
DA:55,0
DA:61,0
DA:65,0
DA:66,0
DA:67,0
DA:69,0
DA:74,0
DA:78,0
DA:82,0
DA:83,0
DA:87,0
DA:88,0
DA:91,0
DA:94,0
DA:97,0
DA:101,0
DA:103,0
DA:104,0
DA:105,0
DA:108,0
DA:109,0
DA:110,0
DA:112,0
DA:113,0
DA:116,0
DA:117,0
DA:118,0
DA:122,0
DA:123,0
DA:124,0
DA:125,0
DA:126,0
DA:127,0
DA:131,0
DA:132,0
DA:146,0
DA:147,0
DA:149,0
DA:153,0
DA:160,0
DA:163,0
DA:164,0
DA:165,0
DA:166,0
LF:65
LH:0
BRDA:18,0,0,0
BRDA:20,1,0,0
BRDA:22,2,0,0
BRDA:36,3,0,0
BRDA:36,3,1,0
BRDA:41,4,0,0
BRDA:43,5,0,0
BRDA:47,6,0,0
BRDA:47,7,0,0
BRDA:47,7,1,0
BRDA:61,8,0,0
BRDA:61,8,1,0
BRDA:66,9,0,0
BRDA:67,10,0,0
BRDA:74,11,0,0
BRDA:74,11,1,0
BRDA:82,12,0,0
BRDA:83,13,0,0
BRDA:83,13,1,0
BRDA:108,14,0,0
BRDA:109,15,0,0
BRDA:110,16,0,0
BRDA:116,17,0,0
BRDA:123,18,0,0
BRDA:124,19,0,0
BRDA:124,19,1,0
BRDA:125,20,0,0
BRDA:138,21,0,0
BRDA:138,21,1,0
BRDA:139,22,0,0
BRDA:139,22,1,0
BRDA:141,23,0,0
BRDA:141,23,1,0
BRDA:142,24,0,0
BRDA:142,24,1,0
BRDA:143,25,0,0
BRDA:143,25,1,0
BRDA:149,26,0,0
BRDA:149,26,1,0
BRF:39
BRH:0
end_of_record
TN:
SF:src/teams/teams.types.ts
FN:34,(anonymous_2)
FN:35,(anonymous_3)
FN:38,(anonymous_4)
FN:58,(anonymous_5)
FN:77,(anonymous_6)
FN:78,(anonymous_7)
FNF:6
FNH:0
FNDA:0,(anonymous_2)
FNDA:0,(anonymous_3)
FNDA:0,(anonymous_4)
FNDA:0,(anonymous_5)
FNDA:0,(anonymous_6)
FNDA:0,(anonymous_7)
DA:1,0
DA:2,0
DA:4,0
DA:5,0
DA:8,0
DA:9,0
DA:10,0
DA:11,0
DA:12,0
DA:16,0
DA:17,0
DA:18,0
DA:19,0
DA:20,0
DA:21,0
DA:22,0
DA:23,0
DA:24,0
DA:25,0
DA:26,0
DA:27,0
DA:28,0
DA:29,0
DA:30,0
DA:31,0
DA:32,0
DA:33,0
DA:34,0
DA:35,0
DA:36,0
DA:37,0
DA:38,0
DA:42,0
DA:43,0
DA:44,0
DA:45,0
DA:46,0
DA:47,0
DA:48,0
DA:49,0
DA:50,0
DA:51,0
DA:52,0
DA:53,0
DA:54,0
DA:55,0
DA:56,0
DA:57,0
DA:58,0
DA:62,0
DA:63,0
DA:64,0
DA:65,0
DA:66,0
DA:67,0
DA:68,0
DA:69,0
DA:70,0
DA:71,0
DA:72,0
DA:73,0
DA:74,0
DA:75,0
DA:76,0
DA:77,0
DA:78,0
DA:79,0
LF:67
LH:0
BRF:0
BRH:0
end_of_record
TN:
SF:src/tracks/tracks.module.ts
FNF:0
FNH:0
DA:1,0
DA:2,0
DA:3,0
DA:9,0
LF:4
LH:0
BRF:0
BRH:0
end_of_record
TN:
SF:src/tracks/tracks.resolver.ts
FN:9,(anonymous_4)
FN:13,(anonymous_5)
FN:22,(anonymous_6)
FN:32,(anonymous_7)
FN:40,(anonymous_8)
FN:45,(anonymous_9)
FN:51,(anonymous_10)
FN:12,(anonymous_11)
FN:21,(anonymous_12)
FN:31,(anonymous_13)
FN:33,(anonymous_14)
FN:39,(anonymous_15)
FN:44,(anonymous_16)
FN:50,(anonymous_17)
FN:7,(anonymous_18)
FNF:15
FNH:0
FNDA:0,(anonymous_4)
FNDA:0,(anonymous_5)
FNDA:0,(anonymous_6)
FNDA:0,(anonymous_7)
FNDA:0,(anonymous_8)
FNDA:0,(anonymous_9)
FNDA:0,(anonymous_10)
FNDA:0,(anonymous_11)
FNDA:0,(anonymous_12)
FNDA:0,(anonymous_13)
FNDA:0,(anonymous_14)
FNDA:0,(anonymous_15)
FNDA:0,(anonymous_16)
FNDA:0,(anonymous_17)
FNDA:0,(anonymous_18)
DA:1,0
DA:2,0
DA:3,0
DA:4,0
DA:5,0
DA:7,0
DA:8,0
DA:9,0
DA:12,0
DA:13,0
DA:17,0
DA:21,0
DA:22,0
DA:27,0
DA:31,0
DA:32,0
DA:33,0
DA:36,0
DA:39,0
DA:40,0
DA:41,0
DA:44,0
DA:45,0
DA:46,0
DA:50,0
DA:51,0
DA:52,0
LF:27
LH:0
BRF:0
BRH:0
end_of_record
TN:
SF:src/tracks/tracks.service.ts
FN:9,(anonymous_2)
FN:14,(anonymous_3)
FN:41,(anonymous_4)
FN:66,(anonymous_5)
FN:75,(anonymous_6)
FN:78,(anonymous_7)
FN:84,(anonymous_8)
FN:87,(anonymous_9)
FN:96,(anonymous_10)
FNF:9
FNH:0
FNDA:0,(anonymous_2)
FNDA:0,(anonymous_3)
FNDA:0,(anonymous_4)
FNDA:0,(anonymous_5)
FNDA:0,(anonymous_6)
FNDA:0,(anonymous_7)
FNDA:0,(anonymous_8)
FNDA:0,(anonymous_9)
FNDA:0,(anonymous_10)
DA:1,0
DA:2,0
DA:3,0
DA:4,0
DA:8,0
DA:10,0
DA:11,0
DA:15,0
DA:18,0
DA:20,0
DA:25,0
DA:32,0
DA:38,0
DA:42,0
DA:43,0
DA:45,0
DA:46,0
DA:49,0
DA:50,0
DA:54,0
DA:56,0
DA:62,0
DA:63,0
DA:67,0
DA:68,0
DA:69,0
DA:73,0
DA:75,0
DA:79,0
DA:84,0
DA:88,0
DA:92,0
DA:93,0
DA:97,0
DA:98,0
DA:99,0
DA:100,0
LF:37
LH:0
BRDA:18,0,0,0
BRDA:28,1,0,0
BRDA:28,1,1,0
BRDA:43,2,0,0
BRDA:45,3,0,0
BRDA:49,4,0,0
BRDA:49,5,0,0
BRDA:49,5,1,0
BRDA:92,6,0,0
BRF:9
BRH:0
end_of_record
TN:
SF:src/tracks/tracks.types.ts
FN:12,(anonymous_2)
FN:13,(anonymous_3)
FN:16,(anonymous_4)
FN:30,(anonymous_5)
FN:36,(anonymous_6)
FNF:5
FNH:0
FNDA:0,(anonymous_2)
FNDA:0,(anonymous_3)
FNDA:0,(anonymous_4)
FNDA:0,(anonymous_5)
FNDA:0,(anonymous_6)
DA:1,0
DA:2,0
DA:4,0
DA:7,0
DA:8,0
DA:9,0
DA:10,0
DA:11,0
DA:12,0
DA:13,0
DA:14,0
DA:15,0
DA:16,0
DA:20,0
DA:21,0
DA:22,0
DA:23,0
DA:27,0
DA:28,0
DA:29,0
DA:30,0
DA:34,0
DA:35,0
DA:36,0
LF:24
LH:0
BRF:0
BRH:0
end_of_record
